[config] spreadsheet_id='1nNAXy6rvBnGR8ACnqKKzKNA4-UwZtZp47i806EPmR_8'
2026-07-17 22:44:27 [INFO] 目標試算表 ID 來源：主控試算表系統設定
2026-07-17 22:44:27 [INFO] === 客服排程系統 run_id=cf7ba41a step=1 台北時間=2026-07-18 06:44:24 ===
2026-07-17 22:44:27 [INFO] file_cache is only supported with oauth2client<4.0.0
2026-07-17 22:44:36 [INFO] --- Step1_更新排班統計表 ---
2026-07-17 22:44:37 [INFO] file_cache is only supported with oauth2client<4.0.0
2026-07-17 22:44:37 [INFO] Drive 資料夾找到 100 個檔案
2026-07-17 22:44:37 [INFO]   找到檔案：排班統計表20260818-台中.xlsx_temp_1784324369 (application/vnd.google-apps.spreadsheet)
2026-07-17 22:44:37 [INFO]   找到檔案：排班統計表20260718-台中.xlsx_temp_1784324359 (application/vnd.google-apps.spreadsheet)
2026-07-17 22:44:37 [INFO]   找到檔案：排班統計表20260818-台北.xlsx_temp_1784324352 (application/vnd.google-apps.spreadsheet)
2026-07-17 22:44:37 [INFO]   找到檔案：排班統計表20260718-台北.xlsx_temp_1784324340 (application/vnd.google-apps.spreadsheet)
2026-07-17 22:44:37 [INFO]   找到檔案：排班統計表20260818-台中.xlsx (application/vnd.openxmlformats-officedocument.spreadsheetml.sheet)
2026-07-17 22:44:37 [INFO]   找到檔案：排班統計表20260718-台中.xlsx (application/vnd.openxmlformats-officedocument.spreadsheetml.sheet)
2026-07-17 22:44:37 [INFO]   找到檔案：排班統計表20260818-台北.xlsx (application/vnd.openxmlformats-officedocument.spreadsheetml.sheet)
2026-07-17 22:44:37 [INFO]   找到檔案：排班統計表20260718-台北.xlsx (application/vnd.openxmlformats-officedocument.spreadsheetml.sheet)
2026-07-17 22:44:37 [INFO]   找到檔案：排班統計表20260817-台中 (application/vnd.google-apps.spreadsheet)
2026-07-17 22:44:37 [INFO]   找到檔案：排班統計表20260717-台中 (application/vnd.google-apps.spreadsheet)
2026-07-17 22:44:37 [INFO]   找到檔案：排班統計表20260817-台北 (application/vnd.google-apps.spreadsheet)
2026-07-17 22:44:37 [INFO]   找到檔案：排班統計表20260717-台北 (application/vnd.google-apps.spreadsheet)
2026-07-17 22:44:37 [INFO]   找到檔案：排班統計表20260817-台中.xlsx_temp_1784238772 (application/vnd.google-apps.spreadsheet)
2026-07-17 22:44:37 [INFO]   找到檔案：排班統計表20260717-台中.xlsx_temp_1784238752 (application/vnd.google-apps.spreadsheet)
2026-07-17 22:44:37 [INFO]   找到檔案：排班統計表20260817-台北.xlsx_temp_1784238742 (application/vnd.google-apps.spreadsheet)
2026-07-17 22:44:37 [INFO]   找到檔案：排班統計表20260717-台北.xlsx_temp_1784238730 (application/vnd.google-apps.spreadsheet)
2026-07-17 22:44:37 [INFO]   找到檔案：排班統計表20260817-台中.xlsx (application/vnd.openxmlformats-officedocument.spreadsheetml.sheet)
2026-07-17 22:44:37 [INFO]   找到檔案：排班統計表20260717-台中.xlsx (application/vnd.openxmlformats-officedocument.spreadsheetml.sheet)
2026-07-17 22:44:37 [INFO]   找到檔案：排班統計表20260817-台北.xlsx (application/vnd.openxmlformats-officedocument.spreadsheetml.sheet)
2026-07-17 22:44:37 [INFO]   找到檔案：排班統計表20260717-台北.xlsx (application/vnd.openxmlformats-officedocument.spreadsheetml.sheet)
2026-07-17 22:44:37 [INFO]   找到檔案：排班統計表20260816-台中 (application/vnd.google-apps.spreadsheet)
2026-07-17 22:44:37 [INFO]   找到檔案：排班統計表20260716-台中 (application/vnd.google-apps.spreadsheet)
2026-07-17 22:44:37 [INFO]   找到檔案：排班統計表20260816-台北 (application/vnd.google-apps.spreadsheet)
2026-07-17 22:44:37 [INFO]   找到檔案：排班統計表20260716-台北 (application/vnd.google-apps.spreadsheet)
2026-07-17 22:44:37 [INFO]   找到檔案：排班統計表20260816-台中.xlsx_temp_1784151919 (application/vnd.google-apps.spreadsheet)
2026-07-17 22:44:37 [INFO]   找到檔案：排班統計表20260716-台中.xlsx_temp_1784151900 (application/vnd.google-apps.spreadsheet)
2026-07-17 22:44:37 [INFO]   找到檔案：排班統計表20260816-台北.xlsx_temp_1784151892 (application/vnd.google-apps.spreadsheet)
2026-07-17 22:44:37 [INFO]   找到檔案：排班統計表20260716-台北.xlsx_temp_1784151881 (application/vnd.google-apps.spreadsheet)
2026-07-17 22:44:37 [INFO]   找到檔案：排班統計表20260816-台中.xlsx (application/vnd.openxmlformats-officedocument.spreadsheetml.sheet)
2026-07-17 22:44:37 [INFO]   找到檔案：排班統計表20260716-台中.xlsx (application/vnd.openxmlformats-officedocument.spreadsheetml.sheet)
2026-07-17 22:44:37 [INFO]   找到檔案：排班統計表20260816-台北.xlsx (application/vnd.openxmlformats-officedocument.spreadsheetml.sheet)
2026-07-17 22:44:37 [INFO]   找到檔案：排班統計表20260716-台北.xlsx (application/vnd.openxmlformats-officedocument.spreadsheetml.sheet)
2026-07-17 22:44:37 [INFO]   找到檔案：排班統計表20260815-台中 (application/vnd.google-apps.spreadsheet)
2026-07-17 22:44:37 [INFO]   找到檔案：排班統計表20260715-台中 (application/vnd.google-apps.spreadsheet)
2026-07-17 22:44:37 [INFO]   找到檔案：排班統計表20260815-台北 (application/vnd.google-apps.spreadsheet)
2026-07-17 22:44:37 [INFO]   找到檔案：排班統計表20260715-台北 (application/vnd.google-apps.spreadsheet)
2026-07-17 22:44:37 [INFO]   找到檔案：排班統計表20260815-台中.xlsx_temp_1784065462 (application/vnd.google-apps.spreadsheet)
2026-07-17 22:44:37 [INFO]   找到檔案：排班統計表20260715-台中.xlsx_temp_1784065444 (application/vnd.google-apps.spreadsheet)
2026-07-17 22:44:37 [INFO]   找到檔案：排班統計表20260815-台北.xlsx_temp_1784065435 (application/vnd.google-apps.spreadsheet)
2026-07-17 22:44:37 [INFO]   找到檔案：排班統計表20260715-台北.xlsx_temp_1784065423 (application/vnd.google-apps.spreadsheet)
2026-07-17 22:44:37 [INFO]   找到檔案：排班統計表20260815-台中.xlsx (application/vnd.openxmlformats-officedocument.spreadsheetml.sheet)
2026-07-17 22:44:37 [INFO]   找到檔案：排班統計表20260715-台中.xlsx (application/vnd.openxmlformats-officedocument.spreadsheetml.sheet)
2026-07-17 22:44:37 [INFO]   找到檔案：排班統計表20260815-台北.xlsx (application/vnd.openxmlformats-officedocument.spreadsheetml.sheet)
2026-07-17 22:44:37 [INFO]   找到檔案：排班統計表20260715-台北.xlsx (application/vnd.openxmlformats-officedocument.spreadsheetml.sheet)
2026-07-17 22:44:37 [INFO]   找到檔案：排班統計表20260814-台中 (application/vnd.google-apps.spreadsheet)
2026-07-17 22:44:37 [INFO]   找到檔案：排班統計表20260714-台中 (application/vnd.google-apps.spreadsheet)
2026-07-17 22:44:37 [INFO]   找到檔案：排班統計表20260814-台北 (application/vnd.google-apps.spreadsheet)
2026-07-17 22:44:37 [INFO]   找到檔案：排班統計表20260714-台北 (application/vnd.google-apps.spreadsheet)
2026-07-17 22:44:37 [INFO]   找到檔案：排班統計表20260814-台中.xlsx_temp_1783978900 (application/vnd.google-apps.spreadsheet)
2026-07-17 22:44:37 [INFO]   找到檔案：排班統計表20260714-台中.xlsx_temp_1783978893 (application/vnd.google-apps.spreadsheet)
2026-07-17 22:44:37 [INFO]   找到檔案：排班統計表20260814-台北.xlsx_temp_1783978885 (application/vnd.google-apps.spreadsheet)
2026-07-17 22:44:37 [INFO]   找到檔案：排班統計表20260714-台北.xlsx_temp_1783978874 (application/vnd.google-apps.spreadsheet)
2026-07-17 22:44:37 [INFO]   找到檔案：排班統計表20260814-台中.xlsx (application/vnd.openxmlformats-officedocument.spreadsheetml.sheet)
2026-07-17 22:44:37 [INFO]   找到檔案：排班統計表20260714-台中.xlsx (application/vnd.openxmlformats-officedocument.spreadsheetml.sheet)
2026-07-17 22:44:37 [INFO]   找到檔案：排班統計表20260814-台北.xlsx (application/vnd.openxmlformats-officedocument.spreadsheetml.sheet)
2026-07-17 22:44:37 [INFO]   找到檔案：排班統計表20260714-台北.xlsx (application/vnd.openxmlformats-officedocument.spreadsheetml.sheet)
2026-07-17 22:44:37 [INFO]   找到檔案：排班統計表20260813-台中 (application/vnd.google-apps.spreadsheet)
2026-07-17 22:44:37 [INFO]   找到檔案：排班統計表20260713-台中 (application/vnd.google-apps.spreadsheet)
2026-07-17 22:44:37 [INFO]   找到檔案：排班統計表20260813-台北 (application/vnd.google-apps.spreadsheet)
2026-07-17 22:44:37 [INFO]   找到檔案：排班統計表20260713-台北 (application/vnd.google-apps.spreadsheet)
2026-07-17 22:44:37 [INFO]   找到檔案：排班統計表20260813-台中.xlsx_temp_1783892241 (application/vnd.google-apps.spreadsheet)
2026-07-17 22:44:37 [INFO]   找到檔案：排班統計表20260713-台中.xlsx_temp_1783892231 (application/vnd.google-apps.spreadsheet)
2026-07-17 22:44:37 [INFO]   找到檔案：排班統計表20260813-台北.xlsx_temp_1783892221 (application/vnd.google-apps.spreadsheet)
2026-07-17 22:44:37 [INFO]   找到檔案：排班統計表20260713-台北.xlsx_temp_1783892210 (application/vnd.google-apps.spreadsheet)
2026-07-17 22:44:37 [INFO]   找到檔案：排班統計表20260813-台中.xlsx (application/vnd.openxmlformats-officedocument.spreadsheetml.sheet)
2026-07-17 22:44:37 [INFO]   找到檔案：排班統計表20260713-台中.xlsx (application/vnd.openxmlformats-officedocument.spreadsheetml.sheet)
2026-07-17 22:44:37 [INFO]   找到檔案：排班統計表20260813-台北.xlsx (application/vnd.openxmlformats-officedocument.spreadsheetml.sheet)
2026-07-17 22:44:37 [INFO]   找到檔案：排班統計表20260713-台北.xlsx (application/vnd.openxmlformats-officedocument.spreadsheetml.sheet)
2026-07-17 22:44:37 [INFO]   找到檔案：排班統計表20260712-台北 (application/vnd.google-apps.spreadsheet)
2026-07-17 22:44:37 [INFO]   找到檔案：排班統計表20260812-台中.xlsx_temp_1783805889 (application/vnd.google-apps.spreadsheet)
2026-07-17 22:44:37 [INFO]   找到檔案：排班統計表20260712-台中.xlsx_temp_1783805881 (application/vnd.google-apps.spreadsheet)
2026-07-17 22:44:37 [INFO]   找到檔案：排班統計表20260812-台北.xlsx_temp_1783805872 (application/vnd.google-apps.spreadsheet)
2026-07-17 22:44:37 [INFO]   找到檔案：排班統計表20260712-台北.xlsx_temp_1783805863 (application/vnd.google-apps.spreadsheet)
2026-07-17 22:44:37 [INFO]   找到檔案：排班統計表20260812-台中.xlsx (application/vnd.openxmlformats-officedocument.spreadsheetml.sheet)
2026-07-17 22:44:37 [INFO]   找到檔案：排班統計表20260712-台中.xlsx (application/vnd.openxmlformats-officedocument.spreadsheetml.sheet)
2026-07-17 22:44:37 [INFO]   找到檔案：排班統計表20260812-台北.xlsx (application/vnd.openxmlformats-officedocument.spreadsheetml.sheet)
2026-07-17 22:44:37 [INFO]   找到檔案：排班統計表20260712-台北.xlsx (application/vnd.openxmlformats-officedocument.spreadsheetml.sheet)
2026-07-17 22:44:37 [INFO]   找到檔案：排班統計表20260811-台中 (application/vnd.google-apps.spreadsheet)
2026-07-17 22:44:37 [INFO]   找到檔案：排班統計表20260711-台中 (application/vnd.google-apps.spreadsheet)
2026-07-17 22:44:37 [INFO]   找到檔案：排班統計表20260811-台北 (application/vnd.google-apps.spreadsheet)
2026-07-17 22:44:37 [INFO]   找到檔案：排班統計表20260711-台北 (application/vnd.google-apps.spreadsheet)
2026-07-17 22:44:37 [INFO]   找到檔案：排班統計表20260811-台中.xlsx_temp_1783720068 (application/vnd.google-apps.spreadsheet)
2026-07-17 22:44:37 [INFO]   找到檔案：排班統計表20260711-台中.xlsx_temp_1783720058 (application/vnd.google-apps.spreadsheet)
2026-07-17 22:44:37 [INFO]   找到檔案：排班統計表20260811-台北.xlsx_temp_1783720048 (application/vnd.google-apps.spreadsheet)
2026-07-17 22:44:37 [INFO]   找到檔案：排班統計表20260711-台北.xlsx_temp_1783720036 (application/vnd.google-apps.spreadsheet)
2026-07-17 22:44:37 [INFO]   找到檔案：排班統計表20260811-台中.xlsx (application/vnd.openxmlformats-officedocument.spreadsheetml.sheet)
2026-07-17 22:44:37 [INFO]   找到檔案：排班統計表20260711-台中.xlsx (application/vnd.openxmlformats-officedocument.spreadsheetml.sheet)
2026-07-17 22:44:37 [INFO]   找到檔案：排班統計表20260811-台北.xlsx (application/vnd.openxmlformats-officedocument.spreadsheetml.sheet)
2026-07-17 22:44:37 [INFO]   找到檔案：排班統計表20260711-台北.xlsx (application/vnd.openxmlformats-officedocument.spreadsheetml.sheet)
2026-07-17 22:44:37 [INFO]   找到檔案：排班統計表20260810-台中 (application/vnd.google-apps.spreadsheet)
2026-07-17 22:44:37 [INFO]   找到檔案：排班統計表20260710-台中 (application/vnd.google-apps.spreadsheet)
2026-07-17 22:44:37 [INFO]   找到檔案：排班統計表20260810-台北 (application/vnd.google-apps.spreadsheet)
2026-07-17 22:44:37 [INFO]   找到檔案：排班統計表20260710-台北 (application/vnd.google-apps.spreadsheet)
2026-07-17 22:44:37 [INFO]   找到檔案：排班統計表20260810-台中.xlsx_temp_1783635058 (application/vnd.google-apps.spreadsheet)
2026-07-17 22:44:37 [INFO]   找到檔案：排班統計表20260710-台中.xlsx_temp_1783635050 (application/vnd.google-apps.spreadsheet)
2026-07-17 22:44:37 [INFO]   找到檔案：排班統計表20260810-台北.xlsx_temp_1783635042 (application/vnd.google-apps.spreadsheet)
2026-07-17 22:44:37 [INFO]   找到檔案：排班統計表20260710-台北.xlsx_temp_1783635021 (application/vnd.google-apps.spreadsheet)
2026-07-17 22:44:37 [INFO]   找到檔案：排班統計表20260810-台中.xlsx (application/vnd.openxmlformats-officedocument.spreadsheetml.sheet)
2026-07-17 22:44:37 [INFO]   找到檔案：排班統計表20260710-台中.xlsx (application/vnd.openxmlformats-officedocument.spreadsheetml.sheet)
2026-07-17 22:44:37 [INFO]   找到檔案：排班統計表20260810-台北.xlsx (application/vnd.openxmlformats-officedocument.spreadsheetml.sheet)
2026-07-17 22:44:37 [INFO] 排班檔確認 OK：{'taipei_current': '排班統計表20260718-台北.xlsx', 'taipei_next': '排班統計表20260818-台北.xlsx', 'taichung_current': '排班統計表20260718-台中.xlsx', 'taichung_next': '排班統計表20260818-台中.xlsx'}
2026-07-17 22:44:38 [INFO]   匯入：排班統計表20260718-台北.xlsx
2026-07-17 22:44:38 [INFO]   xlsx → Google Sheets：排班統計表20260718-台北
2026-07-17 22:44:38 [INFO] file_cache is only supported with oauth2client<4.0.0
2026-07-17 22:44:42 [INFO]   轉換完成，新 Google Sheets ID：1y3Mzsd1OtHIiRIq7bZGdrvKUYAcF76CwHsh1XfbzKbM
2026-07-17 22:44:44 [INFO]   → 寫入 92 列（起始 R3C7）
2026-07-17 22:44:44 [INFO]   匯入：排班統計表20260818-台北.xlsx
2026-07-17 22:44:44 [INFO]   xlsx → Google Sheets：排班統計表20260818-台北
2026-07-17 22:44:44 [INFO] file_cache is only supported with oauth2client<4.0.0
2026-07-17 22:44:49 [INFO]   轉換完成，新 Google Sheets ID：12V0dY7649HN524DM8zdPTsediqYbhtp_XjmA5BNmEDg
2026-07-17 22:44:50 [INFO]   → 寫入 57 列（起始 R3C22）
2026-07-17 22:44:50 [INFO]   匯入：排班統計表20260718-台中.xlsx
2026-07-17 22:44:50 [INFO]   xlsx → Google Sheets：排班統計表20260718-台中
2026-07-17 22:44:50 [INFO] file_cache is only supported with oauth2client<4.0.0
2026-07-17 22:44:55 [INFO]   轉換完成，新 Google Sheets ID：17c_am6g-zrr6LV7e7k-ZAC4HJ8MMmRvZGC-qM6l0JHk
2026-07-17 22:44:56 [INFO]   → 寫入 19 列（起始 R3C82）
2026-07-17 22:44:56 [INFO]   匯入：排班統計表20260818-台中.xlsx
2026-07-17 22:44:56 [INFO]   xlsx → Google Sheets：排班統計表20260818-台中
2026-07-17 22:44:57 [INFO] file_cache is only supported with oauth2client<4.0.0
2026-07-17 22:45:02 [INFO]   轉換完成，新 Google Sheets ID：10JRo9mFlSNRCoi5pC6psdHJjRbpfQsv7x3NoNILwlHY
2026-07-17 22:45:03 [INFO]   → 寫入 8 列（起始 R3C97）
2026-07-17 22:45:04 [INFO] Step 1 完成（27.7s）
2026-07-17 22:45:05 [INFO] === 全部完成 run_id=cf7ba41a（28.5s）===
