[config] spreadsheet_id='1nNAXy6rvBnGR8ACnqKKzKNA4-UwZtZp47i806EPmR_8'
2026-07-21 22:53:00 [INFO] 目標試算表 ID 來源：主控試算表系統設定
2026-07-21 22:53:00 [INFO] === 客服排程系統 run_id=1e05a6f1 step=3 台北時間=2026-07-22 06:53:00 ===
2026-07-21 22:53:00 [INFO] file_cache is only supported with oauth2client<4.0.0
2026-07-21 22:53:08 [INFO] --- Step3_更新前一天營業分數及營業額 ---
2026-07-21 22:53:11 [INFO]   [mail] Gmail 登入帳號：jenny@lemonclean.com.tw
2026-07-21 22:53:12 [INFO]   [mail] 使用信箱：[Gmail]/&UWiQ6JD1TvY-
2026-07-21 22:53:12 [INFO]   [mail] X-GM-RAW：subject:"近三日營業額-台北" after:2026/07/21 before:2026/07/22
2026-07-21 22:53:12 [WARNING]   [mail] X-GM-RAW 搜尋失敗，改用日期搜尋：UID command error: BAD [b'Could not parse command']
2026-07-21 22:53:12 [INFO]   [mail] 日期搜尋 21-Jul-2026 找到 UID：58
2026-07-21 22:53:23 [INFO]   [mail] text/plain 為空，fallback 到 text/html（3280 字元）
2026-07-21 22:53:23 [INFO]   [mail] 候選：UID=159403 / 2026-07-21 17:25:04 / exact / 與17:25差4秒 / '近三日營業額-台北'
2026-07-21 22:53:25 [INFO]   近三日營業額-台北 → 選中 17:25:04（exact，與17:25差4秒，UID=159403）
2026-07-21 22:53:25 [INFO]   [debug] 行59 repr='2026-07-19：17分'
2026-07-21 22:53:25 [INFO]   [debug] 行60 repr='2026-07-20：25分'
2026-07-21 22:53:25 [INFO]   [debug] 行61 repr='2026-07-21：72分'
2026-07-21 22:53:25 [INFO]   [debug] 行62 repr='【家電清潔】日營業額'
2026-07-21 22:53:25 [INFO]   [debug] 行63 repr='2026-07-19：0分'
2026-07-21 22:53:25 [INFO]   [debug] 行64 repr='2026-07-20：0分'
2026-07-21 22:53:25 [INFO]   [debug] 行65 repr='2026-07-21：0分'
2026-07-21 22:53:25 [INFO]   [debug] 行66 repr='【儲值金】日營業額'
2026-07-21 22:53:26 [INFO]   [mail] Gmail 登入帳號：jenny@lemonclean.com.tw
2026-07-21 22:53:27 [INFO]   [mail] 使用信箱：[Gmail]/&UWiQ6JD1TvY-
2026-07-21 22:53:27 [INFO]   [mail] X-GM-RAW：subject:"近三日營業額-台中" after:2026/07/21 before:2026/07/22
2026-07-21 22:53:27 [WARNING]   [mail] X-GM-RAW 搜尋失敗，改用日期搜尋：UID command error: BAD [b'Could not parse command']
2026-07-21 22:53:27 [INFO]   [mail] 日期搜尋 21-Jul-2026 找到 UID：58
2026-07-21 22:53:41 [INFO]   [mail] text/plain 為空，fallback 到 text/html（940 字元）
2026-07-21 22:53:41 [INFO]   [mail] 候選：UID=159405 / 2026-07-21 17:25:08 / exact / 與17:25差8秒 / '近三日營業額-台中'
2026-07-21 22:53:43 [INFO]   近三日營業額-台中 → 選中 17:25:08（exact，與17:25差8秒，UID=159405）
2026-07-21 22:53:44 [INFO]   [debug] 行22 repr='2026-07-19：0分'
2026-07-21 22:53:44 [INFO]   [debug] 行23 repr='2026-07-20：0分'
2026-07-21 22:53:44 [INFO]   [debug] 行24 repr='2026-07-21：10分'
2026-07-21 22:53:44 [INFO]   [debug] 行25 repr='【家電清潔】日營業額'
2026-07-21 22:53:44 [INFO]   [debug] 行26 repr='2026-07-19：0分'
2026-07-21 22:53:44 [INFO]   [debug] 行27 repr='2026-07-20：0分'
2026-07-21 22:53:44 [INFO]   [debug] 行28 repr='2026-07-21：0分'
2026-07-21 22:53:44 [INFO]   [debug] 行29 repr='【儲值金】日營業額'
2026-07-21 22:53:44 [INFO]   台北：{'daily_value': 72, 'total_count': 1247, 'total_amount': 2493850}
2026-07-21 22:53:44 [INFO]   台中：{'daily_value': 10, 'total_count': 84, 'total_amount': 168700}
2026-07-21 22:53:45 [INFO] Step 3 完成，row=2348（36.0s）
2026-07-21 22:53:46 [INFO] === 全部完成 run_id=1e05a6f1（37.0s）===
