[2026-06-26 20:09:06] 🔥 開始業績報表
[2026-06-26 20:09:06] ===== 台北 =====
[2026-06-26 20:09:09] ✅ 登入成功：jenny@lemonclean.com.tw
[2026-06-26 20:09:09] 抓取：city=台北 month=本月 status=1 kw= url=https://backend.lemonclean.com.tw/purchase?keyword=&name=&phone=&orderNo=&date_s=&date_e=&clean_date_s=2026-06-01&clean_date_e=2026-06-30&paid_at_s=&paid_at_e=&refundDateS=&refundDateE=&buy=&area_id=&isCharge=&isRefund=&p_board=on&payway=&purchase_status=1&progress_status=&invoiceStatus=&otherFee=&orderBy=
[2026-06-26 20:09:10] ✅ parse_html rows = 22
[2026-06-26 20:09:10] 抓取：city=台北 month=本月 status=0 kw= url=https://backend.lemonclean.com.tw/purchase?keyword=&name=&phone=&orderNo=&date_s=&date_e=&clean_date_s=2026-06-01&clean_date_e=2026-06-30&paid_at_s=&paid_at_e=&refundDateS=&refundDateE=&buy=&area_id=&isCharge=&isRefund=&p_board=on&payway=&purchase_status=0&progress_status=&invoiceStatus=&otherFee=&orderBy=
[2026-06-26 20:09:10] ✅ parse_html rows = 22
[2026-06-26 20:09:10] 抓取：city=台北 month=下月 status=1 kw= url=https://backend.lemonclean.com.tw/purchase?keyword=&name=&phone=&orderNo=&date_s=&date_e=&clean_date_s=2026-07-01&clean_date_e=2026-07-31&paid_at_s=&paid_at_e=&refundDateS=&refundDateE=&buy=&area_id=&isCharge=&isRefund=&p_board=on&payway=&purchase_status=1&progress_status=&invoiceStatus=&otherFee=&orderBy=
[2026-06-26 20:09:11] ✅ parse_html rows = 22
[2026-06-26 20:09:11] 抓取：city=台北 month=下月 status=0 kw= url=https://backend.lemonclean.com.tw/purchase?keyword=&name=&phone=&orderNo=&date_s=&date_e=&clean_date_s=2026-07-01&clean_date_e=2026-07-31&paid_at_s=&paid_at_e=&refundDateS=&refundDateE=&buy=&area_id=&isCharge=&isRefund=&p_board=on&payway=&purchase_status=0&progress_status=&invoiceStatus=&otherFee=&orderBy=
[2026-06-26 20:09:11] ✅ parse_html rows = 22
[2026-06-26 20:09:11] ===== 台中 =====
[2026-06-26 20:09:13] ✅ 登入成功：jenny.tc@lemonclean.com.tw
[2026-06-26 20:09:13] 抓取：city=台中 month=本月 status=1 kw= url=https://backend.lemonclean.com.tw/purchase?keyword=&name=&phone=&orderNo=&date_s=&date_e=&clean_date_s=2026-06-01&clean_date_e=2026-06-30&paid_at_s=&paid_at_e=&refundDateS=&refundDateE=&buy=&area_id=&isCharge=&isRefund=&p_board=on&payway=&purchase_status=1&progress_status=&invoiceStatus=&otherFee=&orderBy=
[2026-06-26 20:09:13] ✅ parse_html rows = 22
[2026-06-26 20:09:13] 抓取：city=台中 month=本月 status=0 kw= url=https://backend.lemonclean.com.tw/purchase?keyword=&name=&phone=&orderNo=&date_s=&date_e=&clean_date_s=2026-06-01&clean_date_e=2026-06-30&paid_at_s=&paid_at_e=&refundDateS=&refundDateE=&buy=&area_id=&isCharge=&isRefund=&p_board=on&payway=&purchase_status=0&progress_status=&invoiceStatus=&otherFee=&orderBy=
[2026-06-26 20:09:13] ✅ parse_html rows = 22
[2026-06-26 20:09:13] 抓取：city=台中 month=下月 status=1 kw= url=https://backend.lemonclean.com.tw/purchase?keyword=&name=&phone=&orderNo=&date_s=&date_e=&clean_date_s=2026-07-01&clean_date_e=2026-07-31&paid_at_s=&paid_at_e=&refundDateS=&refundDateE=&buy=&area_id=&isCharge=&isRefund=&p_board=on&payway=&purchase_status=1&progress_status=&invoiceStatus=&otherFee=&orderBy=
[2026-06-26 20:09:14] ✅ parse_html rows = 22
[2026-06-26 20:09:14] 抓取：city=台中 month=下月 status=0 kw= url=https://backend.lemonclean.com.tw/purchase?keyword=&name=&phone=&orderNo=&date_s=&date_e=&clean_date_s=2026-07-01&clean_date_e=2026-07-31&paid_at_s=&paid_at_e=&refundDateS=&refundDateE=&buy=&area_id=&isCharge=&isRefund=&p_board=on&payway=&purchase_status=0&progress_status=&invoiceStatus=&otherFee=&orderBy=
[2026-06-26 20:09:14] ✅ parse_html rows = 22
[2026-06-26 20:09:14] ===== 桃園 =====
[2026-06-26 20:09:16] ✅ 登入成功：jenny.tyc@lemonclean.com.tw
[2026-06-26 20:09:16] 抓取：city=桃園 month=本月 status=1 kw= url=https://backend.lemonclean.com.tw/purchase?keyword=&name=&phone=&orderNo=&date_s=&date_e=&clean_date_s=2026-06-01&clean_date_e=2026-06-30&paid_at_s=&paid_at_e=&refundDateS=&refundDateE=&buy=&area_id=&isCharge=&isRefund=&p_board=on&payway=&purchase_status=1&progress_status=&invoiceStatus=&otherFee=&orderBy=
[2026-06-26 20:09:17] ✅ parse_html rows = 22
[2026-06-26 20:09:17] 抓取：city=桃園 month=本月 status=0 kw= url=https://backend.lemonclean.com.tw/purchase?keyword=&name=&phone=&orderNo=&date_s=&date_e=&clean_date_s=2026-06-01&clean_date_e=2026-06-30&paid_at_s=&paid_at_e=&refundDateS=&refundDateE=&buy=&area_id=&isCharge=&isRefund=&p_board=on&payway=&purchase_status=0&progress_status=&invoiceStatus=&otherFee=&orderBy=
[2026-06-26 20:09:17] ✅ parse_html rows = 22
[2026-06-26 20:09:17] 抓取：city=桃園 month=下月 status=1 kw= url=https://backend.lemonclean.com.tw/purchase?keyword=&name=&phone=&orderNo=&date_s=&date_e=&clean_date_s=2026-07-01&clean_date_e=2026-07-31&paid_at_s=&paid_at_e=&refundDateS=&refundDateE=&buy=&area_id=&isCharge=&isRefund=&p_board=on&payway=&purchase_status=1&progress_status=&invoiceStatus=&otherFee=&orderBy=
[2026-06-26 20:09:17] ✅ parse_html rows = 22
[2026-06-26 20:09:17] 抓取：city=桃園 month=下月 status=0 kw= url=https://backend.lemonclean.com.tw/purchase?keyword=&name=&phone=&orderNo=&date_s=&date_e=&clean_date_s=2026-07-01&clean_date_e=2026-07-31&paid_at_s=&paid_at_e=&refundDateS=&refundDateE=&buy=&area_id=&isCharge=&isRefund=&p_board=on&payway=&purchase_status=0&progress_status=&invoiceStatus=&otherFee=&orderBy=
[2026-06-26 20:09:18] ✅ parse_html rows = 22
[2026-06-26 20:09:18] ===== 新竹 =====
[2026-06-26 20:09:19] ✅ 登入成功：jenny.hc@lemonclean.com.tw
[2026-06-26 20:09:19] 抓取：city=新竹 month=本月 status=1 kw=新竹 url=https://backend.lemonclean.com.tw/purchase?keyword=%E6%96%B0%E7%AB%B9&name=&phone=&orderNo=&date_s=&date_e=&clean_date_s=2026-06-01&clean_date_e=2026-06-30&paid_at_s=&paid_at_e=&refundDateS=&refundDateE=&buy=&area_id=&isCharge=&isRefund=&p_board=on&payway=&purchase_status=1&progress_status=&invoiceStatus=&otherFee=&orderBy=
[2026-06-26 20:09:19] ✅ parse_html rows = 22
[2026-06-26 20:09:19] 抓取：city=新竹 month=本月 status=0 kw=新竹 url=https://backend.lemonclean.com.tw/purchase?keyword=%E6%96%B0%E7%AB%B9&name=&phone=&orderNo=&date_s=&date_e=&clean_date_s=2026-06-01&clean_date_e=2026-06-30&paid_at_s=&paid_at_e=&refundDateS=&refundDateE=&buy=&area_id=&isCharge=&isRefund=&p_board=on&payway=&purchase_status=0&progress_status=&invoiceStatus=&otherFee=&orderBy=
[2026-06-26 20:09:19] ✅ parse_html rows = 22
[2026-06-26 20:09:19] 抓取：city=新竹 month=下月 status=1 kw=新竹 url=https://backend.lemonclean.com.tw/purchase?keyword=%E6%96%B0%E7%AB%B9&name=&phone=&orderNo=&date_s=&date_e=&clean_date_s=2026-07-01&clean_date_e=2026-07-31&paid_at_s=&paid_at_e=&refundDateS=&refundDateE=&buy=&area_id=&isCharge=&isRefund=&p_board=on&payway=&purchase_status=1&progress_status=&invoiceStatus=&otherFee=&orderBy=
[2026-06-26 20:09:20] ✅ parse_html rows = 22
[2026-06-26 20:09:20] 抓取：city=新竹 month=下月 status=0 kw=新竹 url=https://backend.lemonclean.com.tw/purchase?keyword=%E6%96%B0%E7%AB%B9&name=&phone=&orderNo=&date_s=&date_e=&clean_date_s=2026-07-01&clean_date_e=2026-07-31&paid_at_s=&paid_at_e=&refundDateS=&refundDateE=&buy=&area_id=&isCharge=&isRefund=&p_board=on&payway=&purchase_status=0&progress_status=&invoiceStatus=&otherFee=&orderBy=
[2026-06-26 20:09:20] ✅ parse_html rows = 22
[2026-06-26 20:09:20] ===== 高雄 =====
[2026-06-26 20:09:21] ✅ 登入成功：jenny.hc@lemonclean.com.tw
[2026-06-26 20:09:21] 抓取：city=高雄 month=本月 status=1 kw=高雄 url=https://backend.lemonclean.com.tw/purchase?keyword=%E9%AB%98%E9%9B%84&name=&phone=&orderNo=&date_s=&date_e=&clean_date_s=2026-06-01&clean_date_e=2026-06-30&paid_at_s=&paid_at_e=&refundDateS=&refundDateE=&buy=&area_id=&isCharge=&isRefund=&p_board=on&payway=&purchase_status=1&progress_status=&invoiceStatus=&otherFee=&orderBy=
[2026-06-26 20:09:22] ✅ parse_html rows = 22
[2026-06-26 20:09:22] 抓取：city=高雄 month=本月 status=1 kw=台南 url=https://backend.lemonclean.com.tw/purchase?keyword=%E5%8F%B0%E5%8D%97&name=&phone=&orderNo=&date_s=&date_e=&clean_date_s=2026-06-01&clean_date_e=2026-06-30&paid_at_s=&paid_at_e=&refundDateS=&refundDateE=&buy=&area_id=&isCharge=&isRefund=&p_board=on&payway=&purchase_status=1&progress_status=&invoiceStatus=&otherFee=&orderBy=
[2026-06-26 20:09:22] ✅ parse_html rows = 22
[2026-06-26 20:09:22] 抓取：city=高雄 month=本月 status=0 kw=高雄 url=https://backend.lemonclean.com.tw/purchase?keyword=%E9%AB%98%E9%9B%84&name=&phone=&orderNo=&date_s=&date_e=&clean_date_s=2026-06-01&clean_date_e=2026-06-30&paid_at_s=&paid_at_e=&refundDateS=&refundDateE=&buy=&area_id=&isCharge=&isRefund=&p_board=on&payway=&purchase_status=0&progress_status=&invoiceStatus=&otherFee=&orderBy=
[2026-06-26 20:09:22] ✅ parse_html rows = 22
[2026-06-26 20:09:22] 抓取：city=高雄 month=本月 status=0 kw=台南 url=https://backend.lemonclean.com.tw/purchase?keyword=%E5%8F%B0%E5%8D%97&name=&phone=&orderNo=&date_s=&date_e=&clean_date_s=2026-06-01&clean_date_e=2026-06-30&paid_at_s=&paid_at_e=&refundDateS=&refundDateE=&buy=&area_id=&isCharge=&isRefund=&p_board=on&payway=&purchase_status=0&progress_status=&invoiceStatus=&otherFee=&orderBy=
[2026-06-26 20:09:22] ✅ parse_html rows = 22
[2026-06-26 20:09:22] 抓取：city=高雄 month=下月 status=1 kw=高雄 url=https://backend.lemonclean.com.tw/purchase?keyword=%E9%AB%98%E9%9B%84&name=&phone=&orderNo=&date_s=&date_e=&clean_date_s=2026-07-01&clean_date_e=2026-07-31&paid_at_s=&paid_at_e=&refundDateS=&refundDateE=&buy=&area_id=&isCharge=&isRefund=&p_board=on&payway=&purchase_status=1&progress_status=&invoiceStatus=&otherFee=&orderBy=
[2026-06-26 20:09:22] ✅ parse_html rows = 22
[2026-06-26 20:09:22] 抓取：city=高雄 month=下月 status=1 kw=台南 url=https://backend.lemonclean.com.tw/purchase?keyword=%E5%8F%B0%E5%8D%97&name=&phone=&orderNo=&date_s=&date_e=&clean_date_s=2026-07-01&clean_date_e=2026-07-31&paid_at_s=&paid_at_e=&refundDateS=&refundDateE=&buy=&area_id=&isCharge=&isRefund=&p_board=on&payway=&purchase_status=1&progress_status=&invoiceStatus=&otherFee=&orderBy=
[2026-06-26 20:09:23] ✅ parse_html rows = 22
[2026-06-26 20:09:23] 抓取：city=高雄 month=下月 status=0 kw=高雄 url=https://backend.lemonclean.com.tw/purchase?keyword=%E9%AB%98%E9%9B%84&name=&phone=&orderNo=&date_s=&date_e=&clean_date_s=2026-07-01&clean_date_e=2026-07-31&paid_at_s=&paid_at_e=&refundDateS=&refundDateE=&buy=&area_id=&isCharge=&isRefund=&p_board=on&payway=&purchase_status=0&progress_status=&invoiceStatus=&otherFee=&orderBy=
[2026-06-26 20:09:23] ✅ parse_html rows = 22
[2026-06-26 20:09:23] 抓取：city=高雄 month=下月 status=0 kw=台南 url=https://backend.lemonclean.com.tw/purchase?keyword=%E5%8F%B0%E5%8D%97&name=&phone=&orderNo=&date_s=&date_e=&clean_date_s=2026-07-01&clean_date_e=2026-07-31&paid_at_s=&paid_at_e=&refundDateS=&refundDateE=&buy=&area_id=&isCharge=&isRefund=&p_board=on&payway=&purchase_status=0&progress_status=&invoiceStatus=&otherFee=&orderBy=
[2026-06-26 20:09:23] ✅ parse_html rows = 22
[2026-06-26 20:09:23] ✅ 本月統計報表完成，筆數 = 151
[2026-06-26 20:09:23] ✅ 次月統計報表完成，筆數 = 151
[2026-06-26 20:09:23] raw_df columns = ['城市', '月份', '日期', '收入類型', '資料來源', '服務', '子項目', '已付款', '待付款']
[2026-06-26 20:09:23] raw_df 前5筆 = [{'城市': '台北', '月份': '本月', '日期': None, '收入類型': '現金收入', '資料來源': '主表', '服務': '居家清潔', '子項目': '', '已付款': 1587500, '待付款': 0}, {'城市': '台北', '月份': '本月', '日期': None, '收入類型': '現金收入', '資料來源': '主表', '服務': '辦公室清潔', '子項目': '', '已付款': 75600, '待付款': 0}, {'城市': '台北', '月份': '本月', '日期': None, '收入類型': '現金收入', '資料來源': '主表', '服務': '裝修細清', '子項目': '', '已付款': 51600, '待付款': 0}, {'城市': '台北', '月份': '本月', '日期': None, '收入類型': '現金收入', '資料來源': '主表', '服務': '搬入清潔', '子項目': '', '已付款': 61000, '待付款': 0}, {'城市': '台北', '月份': '本月', '日期': None, '收入類型': '現金收入', '資料來源': '主表', '服務': '搬出清潔', '子項目': '', '已付款': 123200, '待付款': 0}]
[2026-06-26 20:09:23] df1 rows = 90
[2026-06-26 20:09:23] df2 rows = 60
[2026-06-26 20:09:23] df3 rows = 85
[2026-06-26 20:09:23] df4 rows = 6
[2026-06-26 20:09:23] daily_df rows = 151
[2026-06-26 20:09:23] next_month_daily_df rows = 151
[2026-06-26 20:09:23] month_end_df rows = 0
[2026-06-26 20:09:23] ===== 寫入 dashboard 檔案 =====
[2026-06-26 20:09:23] LATEST_DIR = ./dashboard_data/latest
[2026-06-26 20:09:23] latest_df4 = ./dashboard_data/latest/df4.csv
[2026-06-26 20:09:23] latest_daily = ./dashboard_data/latest/daily_df.csv
[2026-06-26 20:09:23] latest_next_daily = ./dashboard_data/latest/next_month_daily_df.csv
[2026-06-26 20:09:23] latest_month_end = ./dashboard_data/latest/month_end_summary.csv
[2026-06-26 20:09:23] latest_html = ./dashboard_data/latest/email_preview.html
[2026-06-26 20:09:23] latest_meta = ./dashboard_data/latest/meta.json
[2026-06-26 20:09:23] df4 rows = 6
[2026-06-26 20:09:23] daily_df rows = 151
[2026-06-26 20:09:23] next_month_daily_df rows = 151
[2026-06-26 20:09:23] month_end_df rows = 0
[2026-06-26 20:09:25] ✅ 已寄出：jenny@hers.com.tw

