[config] spreadsheet_id='1nNAXy6rvBnGR8ACnqKKzKNA4-UwZtZp47i806EPmR_8'
2026-06-25 23:15:20 [INFO] 目標試算表 ID 來源：主控試算表系統設定
2026-06-25 23:15:20 [INFO] === 客服排程系統 run_id=e47a5aae step=3 台北時間=2026-06-26 07:15:20 ===
2026-06-25 23:15:21 [INFO] file_cache is only supported with oauth2client<4.0.0
2026-06-25 23:15:21 [WARNING] [主控表打卡失敗（非致命）] <HttpError 429 when requesting https://sheets.googleapis.com/v4/spreadsheets/1nNAXy6rvBnGR8ACnqKKzKNA4-UwZtZp47i806EPmR_8/values/%E5%A4%96%E5%A0%B4%E6%8E%92%E7%A8%8B%E5%9F%B7%E8%A1%8CLog%21A1%3AZ1?alt=json returned "Quota exceeded for quota metric 'Read requests' and limit 'Read requests per minute per user' of service 'sheets.googleapis.com' for consumer 'project_number:1042663213860'.". Details: "[{'@type': 'type.googleapis.com/google.rpc.ErrorInfo', 'reason': 'RATE_LIMIT_EXCEEDED', 'domain': 'googleapis.com', 'metadata': {'quota_metric': 'sheets.googleapis.com/read_requests', 'service': 'sheets.googleapis.com', 'quota_unit': '1/min/{project}/{user}', 'consumer': 'projects/1042663213860', 'quota_location': 'global', 'quota_limit': 'ReadRequestsPerMinutePerUser', 'quota_limit_value': '60'}}, {'@type': 'type.googleapis.com/google.rpc.Help', 'links': [{'description': 'Request a higher quota limit.', 'url': 'https://cloud.google.com/docs/quotas/help/request_increase'}]}]">
2026-06-25 23:15:22 [INFO] --- Step3_更新前一天營業分數及營業額 ---
2026-06-25 23:15:45 [INFO]   [mail] text/plain 為空，fallback 到 text/html（3594 字元）
2026-06-25 23:15:48 [INFO]   近三日營業額-台北 → 選中 17:25:04（與17:25差4s）
2026-06-25 23:15:48 [INFO]   [debug] 行64 repr='2026-06-23：43分'
2026-06-25 23:15:48 [INFO]   [debug] 行65 repr='2026-06-24：37分'
2026-06-25 23:15:48 [INFO]   [debug] 行66 repr='2026-06-25：30分'
2026-06-25 23:15:48 [INFO]   [debug] 行67 repr='【家電清潔】日營業額'
2026-06-25 23:15:48 [INFO]   [debug] 行68 repr='2026-06-23：0分'
2026-06-25 23:15:48 [INFO]   [debug] 行69 repr='2026-06-24：0分'
2026-06-25 23:15:48 [INFO]   [debug] 行70 repr='2026-06-25：0分'
2026-06-25 23:15:48 [INFO]   [debug] 行71 repr='【儲值金】日營業額'
2026-06-25 23:16:00 [INFO]   [mail] text/plain 為空，fallback 到 text/html（1264 字元）
2026-06-25 23:16:01 [INFO]   近三日營業額-台中 → 選中 17:25:08（與17:25差8s）
2026-06-25 23:16:01 [INFO]   [debug] 行27 repr='2026-06-23：6分'
2026-06-25 23:16:01 [INFO]   [debug] 行28 repr='2026-06-24：5分'
2026-06-25 23:16:01 [INFO]   [debug] 行29 repr='2026-06-25：2分'
2026-06-25 23:16:01 [INFO]   [debug] 行30 repr='【家電清潔】日營業額'
2026-06-25 23:16:01 [INFO]   [debug] 行31 repr='2026-06-23：0分'
2026-06-25 23:16:01 [INFO]   [debug] 行32 repr='2026-06-24：0分'
2026-06-25 23:16:01 [INFO]   [debug] 行33 repr='2026-06-25：0分'
2026-06-25 23:16:01 [INFO]   [debug] 行34 repr='【儲值金】日營業額'
2026-06-25 23:16:01 [INFO]   台北：{'daily_value': 30, 'total_count': 1559, 'total_amount': 3118320}
2026-06-25 23:16:01 [INFO]   台中：{'daily_value': 2, 'total_count': 165, 'total_amount': 329800}
2026-06-25 23:16:02 [WARNING] [執行檔打卡失敗（非致命）] APIError: [429]: Quota exceeded for quota metric 'Read requests' and limit 'Read requests per minute per user' of service 'sheets.googleapis.com' for consumer 'project_number:1042663213860'.
2026-06-25 23:16:02 [INFO] Step 3 完成，row=2322（39.9s）
2026-06-25 23:16:03 [INFO] === 全部完成 run_id=e47a5aae（40.6s）===
