[config] spreadsheet_id='1nNAXy6rvBnGR8ACnqKKzKNA4-UwZtZp47i806EPmR_8'
2026-07-11 22:43:05 [INFO] 目標試算表 ID 來源：主控試算表系統設定
2026-07-11 22:43:05 [INFO] === 客服排程系統 run_id=f3f5e712 step=1 台北時間=2026-07-12 06:43:03 ===
2026-07-11 22:43:05 [INFO] file_cache is only supported with oauth2client<4.0.0
2026-07-11 22:43:13 [INFO] --- Step1_更新排班統計表 ---
2026-07-11 22:43:16 [INFO] file_cache is only supported with oauth2client<4.0.0
2026-07-11 22:43:16 [INFO] Drive 資料夾找到 100 個檔案
2026-07-11 22:43:16 [INFO]   找到檔案：排班統計表20260812-台中.xlsx_temp_1783805889 (application/vnd.google-apps.spreadsheet)
2026-07-11 22:43:16 [INFO]   找到檔案：排班統計表20260712-台中.xlsx_temp_1783805881 (application/vnd.google-apps.spreadsheet)
2026-07-11 22:43:16 [INFO]   找到檔案：排班統計表20260812-台北.xlsx_temp_1783805872 (application/vnd.google-apps.spreadsheet)
2026-07-11 22:43:16 [INFO]   找到檔案：排班統計表20260712-台北.xlsx_temp_1783805863 (application/vnd.google-apps.spreadsheet)
2026-07-11 22:43:16 [INFO]   找到檔案：排班統計表20260812-台中.xlsx (application/vnd.openxmlformats-officedocument.spreadsheetml.sheet)
2026-07-11 22:43:16 [INFO]   找到檔案：排班統計表20260712-台中.xlsx (application/vnd.openxmlformats-officedocument.spreadsheetml.sheet)
2026-07-11 22:43:16 [INFO]   找到檔案：排班統計表20260812-台北.xlsx (application/vnd.openxmlformats-officedocument.spreadsheetml.sheet)
2026-07-11 22:43:16 [INFO]   找到檔案：排班統計表20260712-台北.xlsx (application/vnd.openxmlformats-officedocument.spreadsheetml.sheet)
2026-07-11 22:43:16 [INFO]   找到檔案：排班統計表20260811-台中 (application/vnd.google-apps.spreadsheet)
2026-07-11 22:43:16 [INFO]   找到檔案：排班統計表20260711-台中 (application/vnd.google-apps.spreadsheet)
2026-07-11 22:43:16 [INFO]   找到檔案：排班統計表20260811-台北 (application/vnd.google-apps.spreadsheet)
2026-07-11 22:43:16 [INFO]   找到檔案：排班統計表20260711-台北 (application/vnd.google-apps.spreadsheet)
2026-07-11 22:43:16 [INFO]   找到檔案：排班統計表20260811-台中.xlsx_temp_1783720068 (application/vnd.google-apps.spreadsheet)
2026-07-11 22:43:16 [INFO]   找到檔案：排班統計表20260711-台中.xlsx_temp_1783720058 (application/vnd.google-apps.spreadsheet)
2026-07-11 22:43:16 [INFO]   找到檔案：排班統計表20260811-台北.xlsx_temp_1783720048 (application/vnd.google-apps.spreadsheet)
2026-07-11 22:43:16 [INFO]   找到檔案：排班統計表20260711-台北.xlsx_temp_1783720036 (application/vnd.google-apps.spreadsheet)
2026-07-11 22:43:16 [INFO]   找到檔案：排班統計表20260811-台中.xlsx (application/vnd.openxmlformats-officedocument.spreadsheetml.sheet)
2026-07-11 22:43:16 [INFO]   找到檔案：排班統計表20260711-台中.xlsx (application/vnd.openxmlformats-officedocument.spreadsheetml.sheet)
2026-07-11 22:43:16 [INFO]   找到檔案：排班統計表20260811-台北.xlsx (application/vnd.openxmlformats-officedocument.spreadsheetml.sheet)
2026-07-11 22:43:16 [INFO]   找到檔案：排班統計表20260711-台北.xlsx (application/vnd.openxmlformats-officedocument.spreadsheetml.sheet)
2026-07-11 22:43:16 [INFO]   找到檔案：排班統計表20260810-台中 (application/vnd.google-apps.spreadsheet)
2026-07-11 22:43:16 [INFO]   找到檔案：排班統計表20260710-台中 (application/vnd.google-apps.spreadsheet)
2026-07-11 22:43:16 [INFO]   找到檔案：排班統計表20260810-台北 (application/vnd.google-apps.spreadsheet)
2026-07-11 22:43:16 [INFO]   找到檔案：排班統計表20260710-台北 (application/vnd.google-apps.spreadsheet)
2026-07-11 22:43:16 [INFO]   找到檔案：排班統計表20260810-台中.xlsx_temp_1783635058 (application/vnd.google-apps.spreadsheet)
2026-07-11 22:43:16 [INFO]   找到檔案：排班統計表20260710-台中.xlsx_temp_1783635050 (application/vnd.google-apps.spreadsheet)
2026-07-11 22:43:16 [INFO]   找到檔案：排班統計表20260810-台北.xlsx_temp_1783635042 (application/vnd.google-apps.spreadsheet)
2026-07-11 22:43:16 [INFO]   找到檔案：排班統計表20260710-台北.xlsx_temp_1783635021 (application/vnd.google-apps.spreadsheet)
2026-07-11 22:43:16 [INFO]   找到檔案：排班統計表20260810-台中.xlsx (application/vnd.openxmlformats-officedocument.spreadsheetml.sheet)
2026-07-11 22:43:16 [INFO]   找到檔案：排班統計表20260710-台中.xlsx (application/vnd.openxmlformats-officedocument.spreadsheetml.sheet)
2026-07-11 22:43:16 [INFO]   找到檔案：排班統計表20260810-台北.xlsx (application/vnd.openxmlformats-officedocument.spreadsheetml.sheet)
2026-07-11 22:43:16 [INFO]   找到檔案：排班統計表20260710-台北.xlsx (application/vnd.openxmlformats-officedocument.spreadsheetml.sheet)
2026-07-11 22:43:16 [INFO]   找到檔案：排班統計表20260809-台中 (application/vnd.google-apps.spreadsheet)
2026-07-11 22:43:16 [INFO]   找到檔案：排班統計表20260709-台中 (application/vnd.google-apps.spreadsheet)
2026-07-11 22:43:16 [INFO]   找到檔案：排班統計表20260809-台北 (application/vnd.google-apps.spreadsheet)
2026-07-11 22:43:16 [INFO]   找到檔案：排班統計表20260709-台北 (application/vnd.google-apps.spreadsheet)
2026-07-11 22:43:16 [INFO]   找到檔案：排班統計表20260809-台中.xlsx_temp_1783547764 (application/vnd.google-apps.spreadsheet)
2026-07-11 22:43:16 [INFO]   找到檔案：排班統計表20260709-台中.xlsx_temp_1783547755 (application/vnd.google-apps.spreadsheet)
2026-07-11 22:43:16 [INFO]   找到檔案：排班統計表20260809-台北.xlsx_temp_1783547747 (application/vnd.google-apps.spreadsheet)
2026-07-11 22:43:16 [INFO]   找到檔案：排班統計表20260709-台北.xlsx_temp_1783547727 (application/vnd.google-apps.spreadsheet)
2026-07-11 22:43:16 [INFO]   找到檔案：排班統計表20260809-台中.xlsx (application/vnd.openxmlformats-officedocument.spreadsheetml.sheet)
2026-07-11 22:43:16 [INFO]   找到檔案：排班統計表20260709-台中.xlsx (application/vnd.openxmlformats-officedocument.spreadsheetml.sheet)
2026-07-11 22:43:16 [INFO]   找到檔案：排班統計表20260809-台北.xlsx (application/vnd.openxmlformats-officedocument.spreadsheetml.sheet)
2026-07-11 22:43:16 [INFO]   找到檔案：排班統計表20260709-台北.xlsx (application/vnd.openxmlformats-officedocument.spreadsheetml.sheet)
2026-07-11 22:43:16 [INFO]   找到檔案：排班統計表20260808-台中 (application/vnd.google-apps.spreadsheet)
2026-07-11 22:43:16 [INFO]   找到檔案：排班統計表20260708-台中 (application/vnd.google-apps.spreadsheet)
2026-07-11 22:43:16 [INFO]   找到檔案：排班統計表20260808-台北 (application/vnd.google-apps.spreadsheet)
2026-07-11 22:43:16 [INFO]   找到檔案：排班統計表20260708-台北 (application/vnd.google-apps.spreadsheet)
2026-07-11 22:43:16 [INFO]   找到檔案：排班統計表20260808-台中.xlsx_temp_1783461796 (application/vnd.google-apps.spreadsheet)
2026-07-11 22:43:16 [INFO]   找到檔案：排班統計表20260708-台中.xlsx_temp_1783461788 (application/vnd.google-apps.spreadsheet)
2026-07-11 22:43:16 [INFO]   找到檔案：排班統計表20260808-台北.xlsx_temp_1783461780 (application/vnd.google-apps.spreadsheet)
2026-07-11 22:43:16 [INFO]   找到檔案：排班統計表20260708-台北.xlsx_temp_1783461761 (application/vnd.google-apps.spreadsheet)
2026-07-11 22:43:16 [INFO]   找到檔案：排班統計表20260808-台中.xlsx (application/vnd.openxmlformats-officedocument.spreadsheetml.sheet)
2026-07-11 22:43:16 [INFO]   找到檔案：排班統計表20260708-台中.xlsx (application/vnd.openxmlformats-officedocument.spreadsheetml.sheet)
2026-07-11 22:43:16 [INFO]   找到檔案：排班統計表20260808-台北.xlsx (application/vnd.openxmlformats-officedocument.spreadsheetml.sheet)
2026-07-11 22:43:16 [INFO]   找到檔案：排班統計表20260708-台北.xlsx (application/vnd.openxmlformats-officedocument.spreadsheetml.sheet)
2026-07-11 22:43:16 [INFO]   找到檔案：排班統計表20260807-台中 (application/vnd.google-apps.spreadsheet)
2026-07-11 22:43:16 [INFO]   找到檔案：排班統計表20260707-台中 (application/vnd.google-apps.spreadsheet)
2026-07-11 22:43:16 [INFO]   找到檔案：排班統計表20260807-台北 (application/vnd.google-apps.spreadsheet)
2026-07-11 22:43:16 [INFO]   找到檔案：排班統計表20260707-台北 (application/vnd.google-apps.spreadsheet)
2026-07-11 22:43:16 [INFO]   找到檔案：排班統計表20260807-台中.xlsx_temp_1783375508 (application/vnd.google-apps.spreadsheet)
2026-07-11 22:43:16 [INFO]   找到檔案：排班統計表20260707-台中.xlsx_temp_1783375499 (application/vnd.google-apps.spreadsheet)
2026-07-11 22:43:16 [INFO]   找到檔案：排班統計表20260807-台北.xlsx_temp_1783375490 (application/vnd.google-apps.spreadsheet)
2026-07-11 22:43:16 [INFO]   找到檔案：排班統計表20260707-台北.xlsx_temp_1783375480 (application/vnd.google-apps.spreadsheet)
2026-07-11 22:43:16 [INFO]   找到檔案：排班統計表20260807-台中.xlsx (application/vnd.openxmlformats-officedocument.spreadsheetml.sheet)
2026-07-11 22:43:16 [INFO]   找到檔案：排班統計表20260707-台中.xlsx (application/vnd.openxmlformats-officedocument.spreadsheetml.sheet)
2026-07-11 22:43:16 [INFO]   找到檔案：排班統計表20260807-台北.xlsx (application/vnd.openxmlformats-officedocument.spreadsheetml.sheet)
2026-07-11 22:43:16 [INFO]   找到檔案：排班統計表20260707-台北.xlsx (application/vnd.openxmlformats-officedocument.spreadsheetml.sheet)
2026-07-11 22:43:16 [INFO]   找到檔案：排班統計表20260806-台中 (application/vnd.google-apps.spreadsheet)
2026-07-11 22:43:16 [INFO]   找到檔案：排班統計表20260706-台中 (application/vnd.google-apps.spreadsheet)
2026-07-11 22:43:16 [INFO]   找到檔案：排班統計表20260806-台北 (application/vnd.google-apps.spreadsheet)
2026-07-11 22:43:16 [INFO]   找到檔案：排班統計表20260706-台北 (application/vnd.google-apps.spreadsheet)
2026-07-11 22:43:16 [INFO]   找到檔案：排班統計表20260806-台中.xlsx_temp_1783288007 (application/vnd.google-apps.spreadsheet)
2026-07-11 22:43:16 [INFO]   找到檔案：排班統計表20260706-台中.xlsx_temp_1783287999 (application/vnd.google-apps.spreadsheet)
2026-07-11 22:43:16 [INFO]   找到檔案：排班統計表20260806-台北.xlsx_temp_1783287991 (application/vnd.google-apps.spreadsheet)
2026-07-11 22:43:16 [INFO]   找到檔案：排班統計表20260706-台北.xlsx_temp_1783287972 (application/vnd.google-apps.spreadsheet)
2026-07-11 22:43:16 [INFO]   找到檔案：排班統計表20260806-台中.xlsx (application/vnd.openxmlformats-officedocument.spreadsheetml.sheet)
2026-07-11 22:43:16 [INFO]   找到檔案：排班統計表20260706-台中.xlsx (application/vnd.openxmlformats-officedocument.spreadsheetml.sheet)
2026-07-11 22:43:16 [INFO]   找到檔案：排班統計表20260806-台北.xlsx (application/vnd.openxmlformats-officedocument.spreadsheetml.sheet)
2026-07-11 22:43:16 [INFO]   找到檔案：排班統計表20260706-台北.xlsx (application/vnd.openxmlformats-officedocument.spreadsheetml.sheet)
2026-07-11 22:43:16 [INFO]   找到檔案：排班統計表20260805-台中 (application/vnd.google-apps.spreadsheet)
2026-07-11 22:43:16 [INFO]   找到檔案：排班統計表20260705-台中 (application/vnd.google-apps.spreadsheet)
2026-07-11 22:43:16 [INFO]   找到檔案：排班統計表20260805-台北 (application/vnd.google-apps.spreadsheet)
2026-07-11 22:43:16 [INFO]   找到檔案：排班統計表20260705-台北 (application/vnd.google-apps.spreadsheet)
2026-07-11 22:43:16 [INFO]   找到檔案：排班統計表20260805-台中.xlsx_temp_1783201482 (application/vnd.google-apps.spreadsheet)
2026-07-11 22:43:16 [INFO]   找到檔案：排班統計表20260705-台中.xlsx_temp_1783201464 (application/vnd.google-apps.spreadsheet)
2026-07-11 22:43:16 [INFO]   找到檔案：排班統計表20260805-台北.xlsx_temp_1783201456 (application/vnd.google-apps.spreadsheet)
2026-07-11 22:43:16 [INFO]   找到檔案：排班統計表20260705-台北.xlsx_temp_1783201446 (application/vnd.google-apps.spreadsheet)
2026-07-11 22:43:16 [INFO]   找到檔案：排班統計表20260805-台中.xlsx (application/vnd.openxmlformats-officedocument.spreadsheetml.sheet)
2026-07-11 22:43:16 [INFO]   找到檔案：排班統計表20260705-台中.xlsx (application/vnd.openxmlformats-officedocument.spreadsheetml.sheet)
2026-07-11 22:43:16 [INFO]   找到檔案：排班統計表20260805-台北.xlsx (application/vnd.openxmlformats-officedocument.spreadsheetml.sheet)
2026-07-11 22:43:16 [INFO]   找到檔案：排班統計表20260705-台北.xlsx (application/vnd.openxmlformats-officedocument.spreadsheetml.sheet)
2026-07-11 22:43:16 [INFO]   找到檔案：排班統計表20260804-台中 (application/vnd.google-apps.spreadsheet)
2026-07-11 22:43:16 [INFO]   找到檔案：排班統計表20260704-台中 (application/vnd.google-apps.spreadsheet)
2026-07-11 22:43:16 [INFO]   找到檔案：排班統計表20260804-台北 (application/vnd.google-apps.spreadsheet)
2026-07-11 22:43:16 [INFO]   找到檔案：排班統計表20260704-台北 (application/vnd.google-apps.spreadsheet)
2026-07-11 22:43:16 [INFO]   找到檔案：排班統計表20260804-台中.xlsx_temp_1783115594 (application/vnd.google-apps.spreadsheet)
2026-07-11 22:43:16 [INFO]   找到檔案：排班統計表20260704-台中.xlsx_temp_1783115587 (application/vnd.google-apps.spreadsheet)
2026-07-11 22:43:16 [INFO]   找到檔案：排班統計表20260804-台北.xlsx_temp_1783115582 (application/vnd.google-apps.spreadsheet)
2026-07-11 22:43:16 [INFO]   找到檔案：排班統計表20260704-台北.xlsx_temp_1783115564 (application/vnd.google-apps.spreadsheet)
2026-07-11 22:43:16 [INFO] 排班檔確認 OK：{'taipei_current': '排班統計表20260712-台北.xlsx', 'taipei_next': '排班統計表20260812-台北.xlsx', 'taichung_current': '排班統計表20260712-台中.xlsx', 'taichung_next': '排班統計表20260812-台中.xlsx'}
2026-07-11 22:43:17 [INFO]   匯入：排班統計表20260712-台北.xlsx
2026-07-11 22:43:17 [INFO]   xlsx → Google Sheets：排班統計表20260712-台北
2026-07-11 22:43:17 [INFO] file_cache is only supported with oauth2client<4.0.0
2026-07-11 22:43:21 [INFO]   轉換完成，新 Google Sheets ID：1iRLRoXOIPJz1VM6RQ2kpXwNIfVs9dUS9GmSyftxiBmU
2026-07-11 22:43:23 [INFO]   → 寫入 90 列（起始 R3C7）
2026-07-11 22:43:23 [INFO]   匯入：排班統計表20260812-台北.xlsx
2026-07-11 22:43:23 [INFO]   xlsx → Google Sheets：排班統計表20260812-台北
2026-07-11 22:43:23 [INFO] file_cache is only supported with oauth2client<4.0.0
2026-07-11 22:43:24 [WARNING] Encountered 403 Forbidden with reason "userRateLimitExceeded"
2026-07-11 22:43:25 [ERROR] Step 1 失敗：<HttpError 403 when requesting https://www.googleapis.com/drive/v2/files/15EYJx4FIMPyQi6s4abasXz9nhfrBxkkz/copy?supportsAllDrives=true&alt=json returned "User rate limit exceeded". Details: "[{'message': 'User rate limit exceeded', 'domain': 'usageLimits', 'reason': 'userRateLimitExceeded', 'location': 'user', 'locationType': 'other'}]">
2026-07-11 22:43:26 [ERROR] 執行結束（有失敗）：['Step 1: <HttpError 403 when requesting https://www.googleapis.com/drive/v2/files/15EYJx4FIMPyQi6s4abasXz9nhfrBxkkz/copy?supportsAllDrives=true&alt=json returned "User rate limit exceeded". Details: "[{\'message\': \'User rate limit exceeded\', \'domain\': \'usageLimits\', \'reason\': \'userRateLimitExceeded\', \'location\': \'user\', \'locationType\': \'other\'}]">']
