[config] spreadsheet_id='1nNAXy6rvBnGR8ACnqKKzKNA4-UwZtZp47i806EPmR_8'
2026-07-08 23:02:15 [INFO] 目標試算表 ID 來源：主控試算表系統設定
2026-07-08 23:02:15 [INFO] === 客服排程系統 run_id=0b180b7e step=1 台北時間=2026-07-09 07:02:14 ===
2026-07-08 23:02:15 [INFO] file_cache is only supported with oauth2client<4.0.0
2026-07-08 23:02:24 [INFO] --- Step1_更新排班統計表 ---
2026-07-08 23:02:24 [INFO] file_cache is only supported with oauth2client<4.0.0
2026-07-08 23:02:25 [INFO] Drive 資料夾找到 100 個檔案
2026-07-08 23:02:25 [INFO]   找到檔案：排班統計表20260809-台中.xlsx_temp_1783547764 (application/vnd.google-apps.spreadsheet)
2026-07-08 23:02:25 [INFO]   找到檔案：排班統計表20260709-台中.xlsx_temp_1783547755 (application/vnd.google-apps.spreadsheet)
2026-07-08 23:02:25 [INFO]   找到檔案：排班統計表20260809-台北.xlsx_temp_1783547747 (application/vnd.google-apps.spreadsheet)
2026-07-08 23:02:25 [INFO]   找到檔案：排班統計表20260709-台北.xlsx_temp_1783547727 (application/vnd.google-apps.spreadsheet)
2026-07-08 23:02:25 [INFO]   找到檔案：排班統計表20260809-台中.xlsx (application/vnd.openxmlformats-officedocument.spreadsheetml.sheet)
2026-07-08 23:02:25 [INFO]   找到檔案：排班統計表20260709-台中.xlsx (application/vnd.openxmlformats-officedocument.spreadsheetml.sheet)
2026-07-08 23:02:25 [INFO]   找到檔案：排班統計表20260809-台北.xlsx (application/vnd.openxmlformats-officedocument.spreadsheetml.sheet)
2026-07-08 23:02:25 [INFO]   找到檔案：排班統計表20260709-台北.xlsx (application/vnd.openxmlformats-officedocument.spreadsheetml.sheet)
2026-07-08 23:02:25 [INFO]   找到檔案：排班統計表20260808-台中 (application/vnd.google-apps.spreadsheet)
2026-07-08 23:02:25 [INFO]   找到檔案：排班統計表20260708-台中 (application/vnd.google-apps.spreadsheet)
2026-07-08 23:02:25 [INFO]   找到檔案：排班統計表20260808-台北 (application/vnd.google-apps.spreadsheet)
2026-07-08 23:02:25 [INFO]   找到檔案：排班統計表20260708-台北 (application/vnd.google-apps.spreadsheet)
2026-07-08 23:02:25 [INFO]   找到檔案：排班統計表20260808-台中.xlsx_temp_1783461796 (application/vnd.google-apps.spreadsheet)
2026-07-08 23:02:25 [INFO]   找到檔案：排班統計表20260708-台中.xlsx_temp_1783461788 (application/vnd.google-apps.spreadsheet)
2026-07-08 23:02:25 [INFO]   找到檔案：排班統計表20260808-台北.xlsx_temp_1783461780 (application/vnd.google-apps.spreadsheet)
2026-07-08 23:02:25 [INFO]   找到檔案：排班統計表20260708-台北.xlsx_temp_1783461761 (application/vnd.google-apps.spreadsheet)
2026-07-08 23:02:25 [INFO]   找到檔案：排班統計表20260808-台中.xlsx (application/vnd.openxmlformats-officedocument.spreadsheetml.sheet)
2026-07-08 23:02:25 [INFO]   找到檔案：排班統計表20260708-台中.xlsx (application/vnd.openxmlformats-officedocument.spreadsheetml.sheet)
2026-07-08 23:02:25 [INFO]   找到檔案：排班統計表20260808-台北.xlsx (application/vnd.openxmlformats-officedocument.spreadsheetml.sheet)
2026-07-08 23:02:25 [INFO]   找到檔案：排班統計表20260708-台北.xlsx (application/vnd.openxmlformats-officedocument.spreadsheetml.sheet)
2026-07-08 23:02:25 [INFO]   找到檔案：排班統計表20260807-台中 (application/vnd.google-apps.spreadsheet)
2026-07-08 23:02:25 [INFO]   找到檔案：排班統計表20260707-台中 (application/vnd.google-apps.spreadsheet)
2026-07-08 23:02:25 [INFO]   找到檔案：排班統計表20260807-台北 (application/vnd.google-apps.spreadsheet)
2026-07-08 23:02:25 [INFO]   找到檔案：排班統計表20260707-台北 (application/vnd.google-apps.spreadsheet)
2026-07-08 23:02:25 [INFO]   找到檔案：排班統計表20260807-台中.xlsx_temp_1783375508 (application/vnd.google-apps.spreadsheet)
2026-07-08 23:02:25 [INFO]   找到檔案：排班統計表20260707-台中.xlsx_temp_1783375499 (application/vnd.google-apps.spreadsheet)
2026-07-08 23:02:25 [INFO]   找到檔案：排班統計表20260807-台北.xlsx_temp_1783375490 (application/vnd.google-apps.spreadsheet)
2026-07-08 23:02:25 [INFO]   找到檔案：排班統計表20260707-台北.xlsx_temp_1783375480 (application/vnd.google-apps.spreadsheet)
2026-07-08 23:02:25 [INFO]   找到檔案：排班統計表20260807-台中.xlsx (application/vnd.openxmlformats-officedocument.spreadsheetml.sheet)
2026-07-08 23:02:25 [INFO]   找到檔案：排班統計表20260707-台中.xlsx (application/vnd.openxmlformats-officedocument.spreadsheetml.sheet)
2026-07-08 23:02:25 [INFO]   找到檔案：排班統計表20260807-台北.xlsx (application/vnd.openxmlformats-officedocument.spreadsheetml.sheet)
2026-07-08 23:02:25 [INFO]   找到檔案：排班統計表20260707-台北.xlsx (application/vnd.openxmlformats-officedocument.spreadsheetml.sheet)
2026-07-08 23:02:25 [INFO]   找到檔案：排班統計表20260806-台中 (application/vnd.google-apps.spreadsheet)
2026-07-08 23:02:25 [INFO]   找到檔案：排班統計表20260706-台中 (application/vnd.google-apps.spreadsheet)
2026-07-08 23:02:25 [INFO]   找到檔案：排班統計表20260806-台北 (application/vnd.google-apps.spreadsheet)
2026-07-08 23:02:25 [INFO]   找到檔案：排班統計表20260706-台北 (application/vnd.google-apps.spreadsheet)
2026-07-08 23:02:25 [INFO]   找到檔案：排班統計表20260806-台中.xlsx_temp_1783288007 (application/vnd.google-apps.spreadsheet)
2026-07-08 23:02:25 [INFO]   找到檔案：排班統計表20260706-台中.xlsx_temp_1783287999 (application/vnd.google-apps.spreadsheet)
2026-07-08 23:02:25 [INFO]   找到檔案：排班統計表20260806-台北.xlsx_temp_1783287991 (application/vnd.google-apps.spreadsheet)
2026-07-08 23:02:25 [INFO]   找到檔案：排班統計表20260706-台北.xlsx_temp_1783287972 (application/vnd.google-apps.spreadsheet)
2026-07-08 23:02:25 [INFO]   找到檔案：排班統計表20260806-台中.xlsx (application/vnd.openxmlformats-officedocument.spreadsheetml.sheet)
2026-07-08 23:02:25 [INFO]   找到檔案：排班統計表20260706-台中.xlsx (application/vnd.openxmlformats-officedocument.spreadsheetml.sheet)
2026-07-08 23:02:25 [INFO]   找到檔案：排班統計表20260806-台北.xlsx (application/vnd.openxmlformats-officedocument.spreadsheetml.sheet)
2026-07-08 23:02:25 [INFO]   找到檔案：排班統計表20260706-台北.xlsx (application/vnd.openxmlformats-officedocument.spreadsheetml.sheet)
2026-07-08 23:02:25 [INFO]   找到檔案：排班統計表20260805-台中 (application/vnd.google-apps.spreadsheet)
2026-07-08 23:02:25 [INFO]   找到檔案：排班統計表20260705-台中 (application/vnd.google-apps.spreadsheet)
2026-07-08 23:02:25 [INFO]   找到檔案：排班統計表20260805-台北 (application/vnd.google-apps.spreadsheet)
2026-07-08 23:02:25 [INFO]   找到檔案：排班統計表20260705-台北 (application/vnd.google-apps.spreadsheet)
2026-07-08 23:02:25 [INFO]   找到檔案：排班統計表20260805-台中.xlsx_temp_1783201482 (application/vnd.google-apps.spreadsheet)
2026-07-08 23:02:25 [INFO]   找到檔案：排班統計表20260705-台中.xlsx_temp_1783201464 (application/vnd.google-apps.spreadsheet)
2026-07-08 23:02:25 [INFO]   找到檔案：排班統計表20260805-台北.xlsx_temp_1783201456 (application/vnd.google-apps.spreadsheet)
2026-07-08 23:02:25 [INFO]   找到檔案：排班統計表20260705-台北.xlsx_temp_1783201446 (application/vnd.google-apps.spreadsheet)
2026-07-08 23:02:25 [INFO]   找到檔案：排班統計表20260805-台中.xlsx (application/vnd.openxmlformats-officedocument.spreadsheetml.sheet)
2026-07-08 23:02:25 [INFO]   找到檔案：排班統計表20260705-台中.xlsx (application/vnd.openxmlformats-officedocument.spreadsheetml.sheet)
2026-07-08 23:02:25 [INFO]   找到檔案：排班統計表20260805-台北.xlsx (application/vnd.openxmlformats-officedocument.spreadsheetml.sheet)
2026-07-08 23:02:25 [INFO]   找到檔案：排班統計表20260705-台北.xlsx (application/vnd.openxmlformats-officedocument.spreadsheetml.sheet)
2026-07-08 23:02:25 [INFO]   找到檔案：排班統計表20260804-台中 (application/vnd.google-apps.spreadsheet)
2026-07-08 23:02:25 [INFO]   找到檔案：排班統計表20260704-台中 (application/vnd.google-apps.spreadsheet)
2026-07-08 23:02:25 [INFO]   找到檔案：排班統計表20260804-台北 (application/vnd.google-apps.spreadsheet)
2026-07-08 23:02:25 [INFO]   找到檔案：排班統計表20260704-台北 (application/vnd.google-apps.spreadsheet)
2026-07-08 23:02:25 [INFO]   找到檔案：排班統計表20260804-台中.xlsx_temp_1783115594 (application/vnd.google-apps.spreadsheet)
2026-07-08 23:02:25 [INFO]   找到檔案：排班統計表20260704-台中.xlsx_temp_1783115587 (application/vnd.google-apps.spreadsheet)
2026-07-08 23:02:25 [INFO]   找到檔案：排班統計表20260804-台北.xlsx_temp_1783115582 (application/vnd.google-apps.spreadsheet)
2026-07-08 23:02:25 [INFO]   找到檔案：排班統計表20260704-台北.xlsx_temp_1783115564 (application/vnd.google-apps.spreadsheet)
2026-07-08 23:02:25 [INFO]   找到檔案：排班統計表20260804-台中.xlsx (application/vnd.openxmlformats-officedocument.spreadsheetml.sheet)
2026-07-08 23:02:25 [INFO]   找到檔案：排班統計表20260704-台中.xlsx (application/vnd.openxmlformats-officedocument.spreadsheetml.sheet)
2026-07-08 23:02:25 [INFO]   找到檔案：排班統計表20260804-台北.xlsx (application/vnd.openxmlformats-officedocument.spreadsheetml.sheet)
2026-07-08 23:02:25 [INFO]   找到檔案：排班統計表20260704-台北.xlsx (application/vnd.openxmlformats-officedocument.spreadsheetml.sheet)
2026-07-08 23:02:25 [INFO]   找到檔案：排班統計表20260803-台中 (application/vnd.google-apps.spreadsheet)
2026-07-08 23:02:25 [INFO]   找到檔案：排班統計表20260703-台中 (application/vnd.google-apps.spreadsheet)
2026-07-08 23:02:25 [INFO]   找到檔案：排班統計表20260803-台北 (application/vnd.google-apps.spreadsheet)
2026-07-08 23:02:25 [INFO]   找到檔案：排班統計表20260703-台北 (application/vnd.google-apps.spreadsheet)
2026-07-08 23:02:25 [INFO]   找到檔案：排班統計表20260803-台中.xlsx_temp_1783029371 (application/vnd.google-apps.spreadsheet)
2026-07-08 23:02:25 [INFO]   找到檔案：排班統計表20260703-台中.xlsx_temp_1783029362 (application/vnd.google-apps.spreadsheet)
2026-07-08 23:02:25 [INFO]   找到檔案：排班統計表20260803-台北.xlsx_temp_1783029355 (application/vnd.google-apps.spreadsheet)
2026-07-08 23:02:25 [INFO]   找到檔案：排班統計表20260703-台北.xlsx_temp_1783029337 (application/vnd.google-apps.spreadsheet)
2026-07-08 23:02:25 [INFO]   找到檔案：排班統計表20260803-台中.xlsx (application/vnd.openxmlformats-officedocument.spreadsheetml.sheet)
2026-07-08 23:02:25 [INFO]   找到檔案：排班統計表20260703-台中.xlsx (application/vnd.openxmlformats-officedocument.spreadsheetml.sheet)
2026-07-08 23:02:25 [INFO]   找到檔案：排班統計表20260803-台北.xlsx (application/vnd.openxmlformats-officedocument.spreadsheetml.sheet)
2026-07-08 23:02:25 [INFO]   找到檔案：排班統計表20260703-台北.xlsx (application/vnd.openxmlformats-officedocument.spreadsheetml.sheet)
2026-07-08 23:02:25 [INFO]   找到檔案：排班統計表20260802-台中.xlsx (application/vnd.openxmlformats-officedocument.spreadsheetml.sheet)
2026-07-08 23:02:25 [INFO]   找到檔案：排班統計表20260702-台中.xlsx (application/vnd.openxmlformats-officedocument.spreadsheetml.sheet)
2026-07-08 23:02:25 [INFO]   找到檔案：排班統計表20260802-台北.xlsx (application/vnd.openxmlformats-officedocument.spreadsheetml.sheet)
2026-07-08 23:02:25 [INFO]   找到檔案：排班統計表20260702-台北.xlsx (application/vnd.openxmlformats-officedocument.spreadsheetml.sheet)
2026-07-08 23:02:25 [INFO]   找到檔案：排班統計表20260802-台中 (application/vnd.google-apps.spreadsheet)
2026-07-08 23:02:25 [INFO]   找到檔案：排班統計表20260702-台中 (application/vnd.google-apps.spreadsheet)
2026-07-08 23:02:25 [INFO]   找到檔案：排班統計表20260802-台北 (application/vnd.google-apps.spreadsheet)
2026-07-08 23:02:25 [INFO]   找到檔案：排班統計表20260702-台北 (application/vnd.google-apps.spreadsheet)
2026-07-08 23:02:25 [INFO]   找到檔案：排班統計表20260802-台中.xlsx_temp_1782943857 (application/vnd.google-apps.spreadsheet)
2026-07-08 23:02:25 [INFO]   找到檔案：排班統計表20260702-台中.xlsx_temp_1782943849 (application/vnd.google-apps.spreadsheet)
2026-07-08 23:02:25 [INFO]   找到檔案：排班統計表20260802-台北.xlsx_temp_1782943842 (application/vnd.google-apps.spreadsheet)
2026-07-08 23:02:25 [INFO]   找到檔案：排班統計表20260702-台北.xlsx_temp_1782943823 (application/vnd.google-apps.spreadsheet)
2026-07-08 23:02:25 [INFO]   找到檔案：排班統計表20260801-台中.xlsx_temp_1782857199 (application/vnd.google-apps.spreadsheet)
2026-07-08 23:02:25 [INFO]   找到檔案：排班統計表20260701-台中.xlsx_temp_1782857192 (application/vnd.google-apps.spreadsheet)
2026-07-08 23:02:25 [INFO]   找到檔案：排班統計表20260801-台北.xlsx_temp_1782857183 (application/vnd.google-apps.spreadsheet)
2026-07-08 23:02:25 [INFO]   找到檔案：排班統計表20260701-台北.xlsx_temp_1782857164 (application/vnd.google-apps.spreadsheet)
2026-07-08 23:02:25 [INFO]   找到檔案：排班統計表20260801-台中.xlsx (application/vnd.openxmlformats-officedocument.spreadsheetml.sheet)
2026-07-08 23:02:25 [INFO]   找到檔案：排班統計表20260701-台中.xlsx (application/vnd.openxmlformats-officedocument.spreadsheetml.sheet)
2026-07-08 23:02:25 [INFO]   找到檔案：排班統計表20260801-台北.xlsx (application/vnd.openxmlformats-officedocument.spreadsheetml.sheet)
2026-07-08 23:02:25 [INFO]   找到檔案：排班統計表20260701-台北.xlsx (application/vnd.openxmlformats-officedocument.spreadsheetml.sheet)
2026-07-08 23:02:25 [INFO] 排班檔確認 OK：{'taipei_current': '排班統計表20260709-台北.xlsx', 'taipei_next': '排班統計表20260809-台北.xlsx', 'taichung_current': '排班統計表20260709-台中.xlsx', 'taichung_next': '排班統計表20260809-台中.xlsx'}
2026-07-08 23:02:25 [INFO]   匯入：排班統計表20260709-台北.xlsx
2026-07-08 23:02:25 [INFO]   xlsx → Google Sheets：排班統計表20260709-台北
2026-07-08 23:02:26 [INFO] file_cache is only supported with oauth2client<4.0.0
2026-07-08 23:02:31 [INFO]   轉換完成，新 Google Sheets ID：1-9jT2eHFZkrcqn3upr6n2pJUrNLL1T1-bYKD0eJuRt8
2026-07-08 23:02:32 [INFO]   → 寫入 88 列（起始 R3C7）
2026-07-08 23:02:32 [INFO]   匯入：排班統計表20260809-台北.xlsx
2026-07-08 23:02:32 [INFO]   xlsx → Google Sheets：排班統計表20260809-台北
2026-07-08 23:02:33 [INFO] file_cache is only supported with oauth2client<4.0.0
2026-07-08 23:02:38 [INFO]   轉換完成，新 Google Sheets ID：1AzXcel5_a_I18VeZ750MphDQTVfIg4z_kyFfZ36RFrc
2026-07-08 23:02:39 [INFO]   → 寫入 54 列（起始 R3C22）
2026-07-08 23:02:39 [INFO]   匯入：排班統計表20260709-台中.xlsx
2026-07-08 23:02:39 [INFO]   xlsx → Google Sheets：排班統計表20260709-台中
2026-07-08 23:02:39 [INFO] file_cache is only supported with oauth2client<4.0.0
2026-07-08 23:02:44 [INFO]   轉換完成，新 Google Sheets ID：1vQpNd1sBcHbKrI2uluxRnKksetajVa9INe7AgFGVI6Y
2026-07-08 23:02:45 [INFO]   → 寫入 18 列（起始 R3C82）
2026-07-08 23:02:45 [INFO]   匯入：排班統計表20260809-台中.xlsx
2026-07-08 23:02:45 [INFO]   xlsx → Google Sheets：排班統計表20260809-台中
2026-07-08 23:02:45 [INFO] file_cache is only supported with oauth2client<4.0.0
2026-07-08 23:02:51 [INFO]   轉換完成，新 Google Sheets ID：1BzdgrgqudkqHs9UKhlevNb0pxNUjdpsBelnjyA-WbiI
2026-07-08 23:02:52 [INFO]   → 寫入 8 列（起始 R3C97）
2026-07-08 23:02:53 [INFO] Step 1 完成（28.4s）
2026-07-08 23:02:53 [INFO] === 全部完成 run_id=0b180b7e（29.2s）===
