[config] spreadsheet_id='1nNAXy6rvBnGR8ACnqKKzKNA4-UwZtZp47i806EPmR_8'
2026-07-01 23:11:14 [INFO] 目標試算表 ID 來源：主控試算表系統設定
2026-07-01 23:11:14 [INFO] === 客服排程系統 run_id=1298fceb step=3 台北時間=2026-07-02 07:11:13 ===
2026-07-01 23:11:14 [INFO] file_cache is only supported with oauth2client<4.0.0
2026-07-01 23:11:14 [WARNING] [主控表打卡失敗（非致命）] <HttpError 429 when requesting https://sheets.googleapis.com/v4/spreadsheets/1nNAXy6rvBnGR8ACnqKKzKNA4-UwZtZp47i806EPmR_8/values/%E5%A4%96%E5%A0%B4%E6%8E%92%E7%A8%8B%E5%9F%B7%E8%A1%8CLog%21A1%3AZ1?alt=json returned "Quota exceeded for quota metric 'Read requests' and limit 'Read requests per minute per user' of service 'sheets.googleapis.com' for consumer 'project_number:1042663213860'.". Details: "[{'@type': 'type.googleapis.com/google.rpc.ErrorInfo', 'reason': 'RATE_LIMIT_EXCEEDED', 'domain': 'googleapis.com', 'metadata': {'service': 'sheets.googleapis.com', 'quota_limit': 'ReadRequestsPerMinutePerUser', 'quota_location': 'global', 'quota_metric': 'sheets.googleapis.com/read_requests', 'quota_limit_value': '60', 'consumer': 'projects/1042663213860', 'quota_unit': '1/min/{project}/{user}'}}, {'@type': 'type.googleapis.com/google.rpc.Help', 'links': [{'description': 'Request a higher quota limit.', 'url': 'https://cloud.google.com/docs/quotas/help/request_increase'}]}]">
2026-07-01 23:11:15 [INFO] --- Step3_更新前一天營業分數及營業額 ---
2026-07-01 23:11:41 [INFO]   [mail] text/plain 為空，fallback 到 text/html（4158 字元）
2026-07-01 23:11:46 [INFO]   近三日營業額-台北 → 選中 17:25:04（與17:25差4s）
2026-07-01 23:11:46 [INFO]   [debug] 行73 repr='2026-06-29：20分'
2026-07-01 23:11:46 [INFO]   [debug] 行74 repr='2026-06-30：69分'
2026-07-01 23:11:46 [INFO]   [debug] 行75 repr='2026-07-01：34分'
2026-07-01 23:11:46 [INFO]   [debug] 行76 repr='【家電清潔】日營業額'
2026-07-01 23:11:46 [INFO]   [debug] 行77 repr='2026-06-29：0分'
2026-07-01 23:11:46 [INFO]   [debug] 行78 repr='2026-06-30：0分'
2026-07-01 23:11:46 [INFO]   [debug] 行79 repr='2026-07-01：0分'
2026-07-01 23:11:46 [INFO]   [debug] 行80 repr='【儲值金】日營業額'
2026-07-01 23:11:59 [INFO]   [mail] text/plain 為空，fallback 到 text/html（1319 字元）
2026-07-01 23:12:00 [INFO]   近三日營業額-台中 → 選中 17:25:07（與17:25差7s）
2026-07-01 23:12:00 [INFO]   [debug] 行28 repr='2026-06-29：3分'
2026-07-01 23:12:00 [INFO]   [debug] 行29 repr='2026-06-30：14分'
2026-07-01 23:12:00 [INFO]   [debug] 行30 repr='2026-07-01：3分'
2026-07-01 23:12:00 [INFO]   [debug] 行31 repr='【家電清潔】日營業額'
2026-07-01 23:12:00 [INFO]   [debug] 行32 repr='2026-06-29：0分'
2026-07-01 23:12:00 [INFO]   [debug] 行33 repr='2026-06-30：0分'
2026-07-01 23:12:00 [INFO]   [debug] 行34 repr='2026-07-01：0分'
2026-07-01 23:12:00 [INFO]   [debug] 行35 repr='【儲值金】日營業額'
2026-07-01 23:12:00 [INFO]   台北：{'daily_value': 34, 'total_count': 34, 'total_amount': 68400}
2026-07-01 23:12:00 [INFO]   台中：{'daily_value': 3, 'total_count': 3, 'total_amount': 5400}
2026-07-01 23:12:01 [WARNING] [執行檔打卡失敗（非致命）] APIError: [429]: Quota exceeded for quota metric 'Read requests' and limit 'Read requests per minute per user' of service 'sheets.googleapis.com' for consumer 'project_number:1042663213860'.
2026-07-01 23:12:01 [INFO] Step 3 完成，row=2328（46.0s）
2026-07-01 23:12:02 [INFO] === 全部完成 run_id=1298fceb（46.6s）===
