[2026-06-04 03:53:25] 🔥 開始業績報表
[2026-06-04 03:53:25] ===== 台北 =====
[2026-06-04 03:53:28] ✅ 登入成功：jenny@lemonclean.com.tw
[2026-06-04 03:53:28] 抓取：city=台北 month=本月 status=1 kw= url=https://backend.lemonclean.com.tw/purchase?keyword=&name=&phone=&orderNo=&date_s=&date_e=&clean_date_s=2026-06-01&clean_date_e=2026-06-30&paid_at_s=&paid_at_e=&refundDateS=&refundDateE=&buy=&area_id=&isCharge=&isRefund=&p_board=on&payway=&purchase_status=1&progress_status=&invoiceStatus=&otherFee=&orderBy=
[2026-06-04 03:53:32] ✅ parse_html rows = 22
[2026-06-04 03:53:32] 抓取：city=台北 month=本月 status=0 kw= url=https://backend.lemonclean.com.tw/purchase?keyword=&name=&phone=&orderNo=&date_s=&date_e=&clean_date_s=2026-06-01&clean_date_e=2026-06-30&paid_at_s=&paid_at_e=&refundDateS=&refundDateE=&buy=&area_id=&isCharge=&isRefund=&p_board=on&payway=&purchase_status=0&progress_status=&invoiceStatus=&otherFee=&orderBy=
[2026-06-04 03:53:33] ✅ parse_html rows = 22
[2026-06-04 03:53:33] 抓取：city=台北 month=下月 status=1 kw= url=https://backend.lemonclean.com.tw/purchase?keyword=&name=&phone=&orderNo=&date_s=&date_e=&clean_date_s=2026-07-01&clean_date_e=2026-07-31&paid_at_s=&paid_at_e=&refundDateS=&refundDateE=&buy=&area_id=&isCharge=&isRefund=&p_board=on&payway=&purchase_status=1&progress_status=&invoiceStatus=&otherFee=&orderBy=
[2026-06-04 03:53:33] ✅ parse_html rows = 22
[2026-06-04 03:53:33] 抓取：city=台北 month=下月 status=0 kw= url=https://backend.lemonclean.com.tw/purchase?keyword=&name=&phone=&orderNo=&date_s=&date_e=&clean_date_s=2026-07-01&clean_date_e=2026-07-31&paid_at_s=&paid_at_e=&refundDateS=&refundDateE=&buy=&area_id=&isCharge=&isRefund=&p_board=on&payway=&purchase_status=0&progress_status=&invoiceStatus=&otherFee=&orderBy=
[2026-06-04 03:53:33] ✅ parse_html rows = 22
[2026-06-04 03:53:33] ===== 台中 =====
[2026-06-04 03:53:34] ✅ 登入成功：jenny.tc@lemonclean.com.tw
[2026-06-04 03:53:34] 抓取：city=台中 month=本月 status=1 kw= url=https://backend.lemonclean.com.tw/purchase?keyword=&name=&phone=&orderNo=&date_s=&date_e=&clean_date_s=2026-06-01&clean_date_e=2026-06-30&paid_at_s=&paid_at_e=&refundDateS=&refundDateE=&buy=&area_id=&isCharge=&isRefund=&p_board=on&payway=&purchase_status=1&progress_status=&invoiceStatus=&otherFee=&orderBy=
[2026-06-04 03:53:35] ✅ parse_html rows = 22
[2026-06-04 03:53:35] 抓取：city=台中 month=本月 status=0 kw= url=https://backend.lemonclean.com.tw/purchase?keyword=&name=&phone=&orderNo=&date_s=&date_e=&clean_date_s=2026-06-01&clean_date_e=2026-06-30&paid_at_s=&paid_at_e=&refundDateS=&refundDateE=&buy=&area_id=&isCharge=&isRefund=&p_board=on&payway=&purchase_status=0&progress_status=&invoiceStatus=&otherFee=&orderBy=
[2026-06-04 03:53:36] ✅ parse_html rows = 22
[2026-06-04 03:53:36] 抓取：city=台中 month=下月 status=1 kw= url=https://backend.lemonclean.com.tw/purchase?keyword=&name=&phone=&orderNo=&date_s=&date_e=&clean_date_s=2026-07-01&clean_date_e=2026-07-31&paid_at_s=&paid_at_e=&refundDateS=&refundDateE=&buy=&area_id=&isCharge=&isRefund=&p_board=on&payway=&purchase_status=1&progress_status=&invoiceStatus=&otherFee=&orderBy=
[2026-06-04 03:53:36] ✅ parse_html rows = 22
[2026-06-04 03:53:36] 抓取：city=台中 month=下月 status=0 kw= url=https://backend.lemonclean.com.tw/purchase?keyword=&name=&phone=&orderNo=&date_s=&date_e=&clean_date_s=2026-07-01&clean_date_e=2026-07-31&paid_at_s=&paid_at_e=&refundDateS=&refundDateE=&buy=&area_id=&isCharge=&isRefund=&p_board=on&payway=&purchase_status=0&progress_status=&invoiceStatus=&otherFee=&orderBy=
[2026-06-04 03:53:36] ✅ parse_html rows = 22
[2026-06-04 03:53:36] ===== 桃園 =====
[2026-06-04 03:53:38] ✅ 登入成功：jenny.tyc@lemonclean.com.tw
[2026-06-04 03:53:38] 抓取：city=桃園 month=本月 status=1 kw= url=https://backend.lemonclean.com.tw/purchase?keyword=&name=&phone=&orderNo=&date_s=&date_e=&clean_date_s=2026-06-01&clean_date_e=2026-06-30&paid_at_s=&paid_at_e=&refundDateS=&refundDateE=&buy=&area_id=&isCharge=&isRefund=&p_board=on&payway=&purchase_status=1&progress_status=&invoiceStatus=&otherFee=&orderBy=
[2026-06-04 03:53:40] ✅ parse_html rows = 22
[2026-06-04 03:53:40] 抓取：city=桃園 month=本月 status=0 kw= url=https://backend.lemonclean.com.tw/purchase?keyword=&name=&phone=&orderNo=&date_s=&date_e=&clean_date_s=2026-06-01&clean_date_e=2026-06-30&paid_at_s=&paid_at_e=&refundDateS=&refundDateE=&buy=&area_id=&isCharge=&isRefund=&p_board=on&payway=&purchase_status=0&progress_status=&invoiceStatus=&otherFee=&orderBy=
[2026-06-04 03:53:40] ✅ parse_html rows = 22
[2026-06-04 03:53:40] 抓取：city=桃園 month=下月 status=1 kw= url=https://backend.lemonclean.com.tw/purchase?keyword=&name=&phone=&orderNo=&date_s=&date_e=&clean_date_s=2026-07-01&clean_date_e=2026-07-31&paid_at_s=&paid_at_e=&refundDateS=&refundDateE=&buy=&area_id=&isCharge=&isRefund=&p_board=on&payway=&purchase_status=1&progress_status=&invoiceStatus=&otherFee=&orderBy=
[2026-06-04 03:53:40] ✅ parse_html rows = 22
[2026-06-04 03:53:40] 抓取：city=桃園 month=下月 status=0 kw= url=https://backend.lemonclean.com.tw/purchase?keyword=&name=&phone=&orderNo=&date_s=&date_e=&clean_date_s=2026-07-01&clean_date_e=2026-07-31&paid_at_s=&paid_at_e=&refundDateS=&refundDateE=&buy=&area_id=&isCharge=&isRefund=&p_board=on&payway=&purchase_status=0&progress_status=&invoiceStatus=&otherFee=&orderBy=
[2026-06-04 03:53:41] ✅ parse_html rows = 22
[2026-06-04 03:53:41] ===== 新竹 =====
[2026-06-04 03:53:42] ✅ 登入成功：jenny.hc@lemonclean.com.tw
[2026-06-04 03:53:42] 抓取：city=新竹 month=本月 status=1 kw=新竹 url=https://backend.lemonclean.com.tw/purchase?keyword=%E6%96%B0%E7%AB%B9&name=&phone=&orderNo=&date_s=&date_e=&clean_date_s=2026-06-01&clean_date_e=2026-06-30&paid_at_s=&paid_at_e=&refundDateS=&refundDateE=&buy=&area_id=&isCharge=&isRefund=&p_board=on&payway=&purchase_status=1&progress_status=&invoiceStatus=&otherFee=&orderBy=
[2026-06-04 03:53:43] ✅ parse_html rows = 22
[2026-06-04 03:53:43] 抓取：city=新竹 month=本月 status=0 kw=新竹 url=https://backend.lemonclean.com.tw/purchase?keyword=%E6%96%B0%E7%AB%B9&name=&phone=&orderNo=&date_s=&date_e=&clean_date_s=2026-06-01&clean_date_e=2026-06-30&paid_at_s=&paid_at_e=&refundDateS=&refundDateE=&buy=&area_id=&isCharge=&isRefund=&p_board=on&payway=&purchase_status=0&progress_status=&invoiceStatus=&otherFee=&orderBy=
[2026-06-04 03:53:43] ✅ parse_html rows = 22
[2026-06-04 03:53:43] 抓取：city=新竹 month=下月 status=1 kw=新竹 url=https://backend.lemonclean.com.tw/purchase?keyword=%E6%96%B0%E7%AB%B9&name=&phone=&orderNo=&date_s=&date_e=&clean_date_s=2026-07-01&clean_date_e=2026-07-31&paid_at_s=&paid_at_e=&refundDateS=&refundDateE=&buy=&area_id=&isCharge=&isRefund=&p_board=on&payway=&purchase_status=1&progress_status=&invoiceStatus=&otherFee=&orderBy=
[2026-06-04 03:53:44] ✅ parse_html rows = 22
[2026-06-04 03:53:44] 抓取：city=新竹 month=下月 status=0 kw=新竹 url=https://backend.lemonclean.com.tw/purchase?keyword=%E6%96%B0%E7%AB%B9&name=&phone=&orderNo=&date_s=&date_e=&clean_date_s=2026-07-01&clean_date_e=2026-07-31&paid_at_s=&paid_at_e=&refundDateS=&refundDateE=&buy=&area_id=&isCharge=&isRefund=&p_board=on&payway=&purchase_status=0&progress_status=&invoiceStatus=&otherFee=&orderBy=
[2026-06-04 03:53:44] ✅ parse_html rows = 22
[2026-06-04 03:53:44] ===== 高雄 =====
[2026-06-04 03:53:45] ✅ 登入成功：jenny.hc@lemonclean.com.tw
[2026-06-04 03:53:45] 抓取：city=高雄 month=本月 status=1 kw=高雄 url=https://backend.lemonclean.com.tw/purchase?keyword=%E9%AB%98%E9%9B%84&name=&phone=&orderNo=&date_s=&date_e=&clean_date_s=2026-06-01&clean_date_e=2026-06-30&paid_at_s=&paid_at_e=&refundDateS=&refundDateE=&buy=&area_id=&isCharge=&isRefund=&p_board=on&payway=&purchase_status=1&progress_status=&invoiceStatus=&otherFee=&orderBy=
[2026-06-04 03:53:45] ✅ parse_html rows = 22
[2026-06-04 03:53:45] 抓取：city=高雄 month=本月 status=1 kw=台南 url=https://backend.lemonclean.com.tw/purchase?keyword=%E5%8F%B0%E5%8D%97&name=&phone=&orderNo=&date_s=&date_e=&clean_date_s=2026-06-01&clean_date_e=2026-06-30&paid_at_s=&paid_at_e=&refundDateS=&refundDateE=&buy=&area_id=&isCharge=&isRefund=&p_board=on&payway=&purchase_status=1&progress_status=&invoiceStatus=&otherFee=&orderBy=
[2026-06-04 03:53:45] ✅ parse_html rows = 22
[2026-06-04 03:53:45] 抓取：city=高雄 month=本月 status=0 kw=高雄 url=https://backend.lemonclean.com.tw/purchase?keyword=%E9%AB%98%E9%9B%84&name=&phone=&orderNo=&date_s=&date_e=&clean_date_s=2026-06-01&clean_date_e=2026-06-30&paid_at_s=&paid_at_e=&refundDateS=&refundDateE=&buy=&area_id=&isCharge=&isRefund=&p_board=on&payway=&purchase_status=0&progress_status=&invoiceStatus=&otherFee=&orderBy=
[2026-06-04 03:53:46] ✅ parse_html rows = 22
[2026-06-04 03:53:46] 抓取：city=高雄 month=本月 status=0 kw=台南 url=https://backend.lemonclean.com.tw/purchase?keyword=%E5%8F%B0%E5%8D%97&name=&phone=&orderNo=&date_s=&date_e=&clean_date_s=2026-06-01&clean_date_e=2026-06-30&paid_at_s=&paid_at_e=&refundDateS=&refundDateE=&buy=&area_id=&isCharge=&isRefund=&p_board=on&payway=&purchase_status=0&progress_status=&invoiceStatus=&otherFee=&orderBy=
[2026-06-04 03:53:46] ✅ parse_html rows = 22
[2026-06-04 03:53:46] 抓取：city=高雄 month=下月 status=1 kw=高雄 url=https://backend.lemonclean.com.tw/purchase?keyword=%E9%AB%98%E9%9B%84&name=&phone=&orderNo=&date_s=&date_e=&clean_date_s=2026-07-01&clean_date_e=2026-07-31&paid_at_s=&paid_at_e=&refundDateS=&refundDateE=&buy=&area_id=&isCharge=&isRefund=&p_board=on&payway=&purchase_status=1&progress_status=&invoiceStatus=&otherFee=&orderBy=
[2026-06-04 03:53:46] ✅ parse_html rows = 22
[2026-06-04 03:53:46] 抓取：city=高雄 month=下月 status=1 kw=台南 url=https://backend.lemonclean.com.tw/purchase?keyword=%E5%8F%B0%E5%8D%97&name=&phone=&orderNo=&date_s=&date_e=&clean_date_s=2026-07-01&clean_date_e=2026-07-31&paid_at_s=&paid_at_e=&refundDateS=&refundDateE=&buy=&area_id=&isCharge=&isRefund=&p_board=on&payway=&purchase_status=1&progress_status=&invoiceStatus=&otherFee=&orderBy=
[2026-06-04 03:53:46] ✅ parse_html rows = 22
[2026-06-04 03:53:46] 抓取：city=高雄 month=下月 status=0 kw=高雄 url=https://backend.lemonclean.com.tw/purchase?keyword=%E9%AB%98%E9%9B%84&name=&phone=&orderNo=&date_s=&date_e=&clean_date_s=2026-07-01&clean_date_e=2026-07-31&paid_at_s=&paid_at_e=&refundDateS=&refundDateE=&buy=&area_id=&isCharge=&isRefund=&p_board=on&payway=&purchase_status=0&progress_status=&invoiceStatus=&otherFee=&orderBy=
[2026-06-04 03:53:46] ✅ parse_html rows = 22
[2026-06-04 03:53:46] 抓取：city=高雄 month=下月 status=0 kw=台南 url=https://backend.lemonclean.com.tw/purchase?keyword=%E5%8F%B0%E5%8D%97&name=&phone=&orderNo=&date_s=&date_e=&clean_date_s=2026-07-01&clean_date_e=2026-07-31&paid_at_s=&paid_at_e=&refundDateS=&refundDateE=&buy=&area_id=&isCharge=&isRefund=&p_board=on&payway=&purchase_status=0&progress_status=&invoiceStatus=&otherFee=&orderBy=
[2026-06-04 03:53:47] ✅ parse_html rows = 22
[2026-06-04 03:53:47] ✅ 本月統計報表完成，筆數 = 60
[2026-06-04 03:53:47] ✅ 次月統計報表完成，筆數 = 60
[2026-06-04 03:53:47] raw_df columns = ['城市', '月份', '日期', '收入類型', '資料來源', '服務', '子項目', '已付款', '待付款']
[2026-06-04 03:53:47] raw_df 前5筆 = [{'城市': '台北', '月份': '本月', '日期': None, '收入類型': '現金收入', '資料來源': '主表', '服務': '居家清潔', '子項目': '', '已付款': 871900, '待付款': 69200}, {'城市': '台北', '月份': '本月', '日期': None, '收入類型': '現金收入', '資料來源': '主表', '服務': '辦公室清潔', '子項目': '', '已付款': 42000, '待付款': 4800}, {'城市': '台北', '月份': '本月', '日期': None, '收入類型': '現金收入', '資料來源': '主表', '服務': '裝修細清', '子項目': '', '已付款': 14400, '待付款': 0}, {'城市': '台北', '月份': '本月', '日期': None, '收入類型': '現金收入', '資料來源': '主表', '服務': '搬入清潔', '子項目': '', '已付款': 27600, '待付款': 4200}, {'城市': '台北', '月份': '本月', '日期': None, '收入類型': '現金收入', '資料來源': '主表', '服務': '搬出清潔', '子項目': '', '已付款': 25800, '待付款': 0}]
[2026-06-04 03:53:47] df1 rows = 90
[2026-06-04 03:53:47] df2 rows = 60
[2026-06-04 03:53:47] df3 rows = 85
[2026-06-04 03:53:47] df4 rows = 6
[2026-06-04 03:53:47] daily_df rows = 60
[2026-06-04 03:53:47] next_month_daily_df rows = 60
[2026-06-04 03:53:47] month_end_df rows = 0
[2026-06-04 03:53:47] ===== 寫入 dashboard 檔案 =====
[2026-06-04 03:53:47] LATEST_DIR = ./dashboard_data/latest
[2026-06-04 03:53:47] latest_df4 = ./dashboard_data/latest/df4.csv
[2026-06-04 03:53:47] latest_daily = ./dashboard_data/latest/daily_df.csv
[2026-06-04 03:53:47] latest_next_daily = ./dashboard_data/latest/next_month_daily_df.csv
[2026-06-04 03:53:47] latest_month_end = ./dashboard_data/latest/month_end_summary.csv
[2026-06-04 03:53:47] latest_html = ./dashboard_data/latest/email_preview.html
[2026-06-04 03:53:47] latest_meta = ./dashboard_data/latest/meta.json
[2026-06-04 03:53:47] df4 rows = 6
[2026-06-04 03:53:47] daily_df rows = 60
[2026-06-04 03:53:47] next_month_daily_df rows = 60
[2026-06-04 03:53:47] month_end_df rows = 0
[2026-06-04 03:53:49] ✅ 已寄出：jenny@hers.com.tw

