[config] spreadsheet_id='1nNAXy6rvBnGR8ACnqKKzKNA4-UwZtZp47i806EPmR_8'
2026-07-18 22:44:54 [INFO] 目標試算表 ID 來源：主控試算表系統設定
2026-07-18 22:44:54 [INFO] === 客服排程系統 run_id=25a4fd3a step=3 台北時間=2026-07-19 06:44:53 ===
2026-07-18 22:44:54 [INFO] file_cache is only supported with oauth2client<4.0.0
2026-07-18 22:44:54 [WARNING] [主控表打卡失敗（非致命）] <HttpError 429 when requesting https://sheets.googleapis.com/v4/spreadsheets/1nNAXy6rvBnGR8ACnqKKzKNA4-UwZtZp47i806EPmR_8?fields=sheets%28properties%28sheetId%2Ctitle%29%29&alt=json returned "Quota exceeded for quota metric 'Read requests' and limit 'Read requests per minute per user' of service 'sheets.googleapis.com' for consumer 'project_number:1042663213860'.". Details: "[{'@type': 'type.googleapis.com/google.rpc.ErrorInfo', 'reason': 'RATE_LIMIT_EXCEEDED', 'domain': 'googleapis.com', 'metadata': {'service': 'sheets.googleapis.com', 'consumer': 'projects/1042663213860', 'quota_limit': 'ReadRequestsPerMinutePerUser', 'quota_metric': 'sheets.googleapis.com/read_requests', 'quota_unit': '1/min/{project}/{user}', 'quota_location': 'global', 'quota_limit_value': '60'}}, {'@type': 'type.googleapis.com/google.rpc.Help', 'links': [{'description': 'Request a higher quota limit.', 'url': 'https://cloud.google.com/docs/quotas/help/request_increase'}]}]">
2026-07-18 22:44:55 [INFO] --- Step3_更新前一天營業分數及營業額 ---
2026-07-18 22:44:58 [INFO]   [mail] Gmail 登入帳號：jenny@lemonclean.com.tw
2026-07-18 22:44:59 [INFO]   [mail] 使用信箱：[Gmail]/&UWiQ6JD1TvY-
2026-07-18 22:44:59 [INFO]   [mail] X-GM-RAW：subject:"近三日營業額-台北" after:2026/07/18 before:2026/07/19
2026-07-18 22:44:59 [WARNING]   [mail] X-GM-RAW 搜尋失敗，改用日期搜尋：UID command error: BAD [b'Could not parse command']
2026-07-18 22:44:59 [INFO]   [mail] 日期搜尋 18-Jul-2026 找到 UID：42
2026-07-18 22:45:11 [INFO]   [mail] text/plain 為空，fallback 到 text/html（4531 字元）
2026-07-18 22:45:11 [INFO]   [mail] 候選：UID=159260 / 2026-07-18 17:25:05 / exact / 與17:25差5秒 / '近三日營業額-台北'
2026-07-18 22:45:15 [INFO]   近三日營業額-台北 → 選中 17:25:05（exact，與17:25差5秒，UID=159260）
2026-07-18 22:45:15 [INFO]   [debug] 行79 repr='2026-07-16：71分'
2026-07-18 22:45:15 [INFO]   [debug] 行80 repr='2026-07-17：59分'
2026-07-18 22:45:15 [INFO]   [debug] 行81 repr='2026-07-18：13分'
2026-07-18 22:45:15 [INFO]   [debug] 行82 repr='【家電清潔】日營業額'
2026-07-18 22:45:15 [INFO]   [debug] 行83 repr='2026-07-16：0分'
2026-07-18 22:45:15 [INFO]   [debug] 行84 repr='2026-07-17：0分'
2026-07-18 22:45:15 [INFO]   [debug] 行85 repr='2026-07-18：0分'
2026-07-18 22:45:15 [INFO]   [debug] 行86 repr='【儲值金】日營業額'
2026-07-18 22:45:16 [INFO]   [mail] Gmail 登入帳號：jenny@lemonclean.com.tw
2026-07-18 22:45:17 [INFO]   [mail] 使用信箱：[Gmail]/&UWiQ6JD1TvY-
2026-07-18 22:45:17 [INFO]   [mail] X-GM-RAW：subject:"近三日營業額-台中" after:2026/07/18 before:2026/07/19
2026-07-18 22:45:17 [WARNING]   [mail] X-GM-RAW 搜尋失敗，改用日期搜尋：UID command error: BAD [b'Could not parse command']
2026-07-18 22:45:17 [INFO]   [mail] 日期搜尋 18-Jul-2026 找到 UID：42
2026-07-18 22:45:26 [INFO]   [mail] text/plain 為空，fallback 到 text/html（1065 字元）
2026-07-18 22:45:26 [INFO]   [mail] 候選：UID=159263 / 2026-07-18 17:25:08 / exact / 與17:25差8秒 / '近三日營業額-台中'
2026-07-18 22:45:28 [INFO]   近三日營業額-台中 → 選中 17:25:08（exact，與17:25差8秒，UID=159263）
2026-07-18 22:45:28 [INFO]   [debug] 行24 repr='2026-07-16：8分'
2026-07-18 22:45:28 [INFO]   [debug] 行25 repr='2026-07-17：0分'
2026-07-18 22:45:28 [INFO]   [debug] 行26 repr='2026-07-18：0分'
2026-07-18 22:45:28 [INFO]   [debug] 行27 repr='【家電清潔】日營業額'
2026-07-18 22:45:28 [INFO]   [debug] 行28 repr='2026-07-16：0分'
2026-07-18 22:45:28 [INFO]   [debug] 行29 repr='2026-07-17：0分'
2026-07-18 22:45:28 [INFO]   [debug] 行30 repr='2026-07-18：0分'
2026-07-18 22:45:28 [INFO]   [debug] 行31 repr='【儲值金】日營業額'
2026-07-18 22:45:28 [INFO]   台北：{'daily_value': 13, 'total_count': 1126, 'total_amount': 2251650}
2026-07-18 22:45:28 [INFO]   台中：{'daily_value': 0, 'total_count': 74, 'total_amount': 148700}
2026-07-18 22:45:30 [INFO] Step 3 完成，row=2345（33.9s）
2026-07-18 22:45:31 [INFO] === 全部完成 run_id=25a4fd3a（34.8s）===
