[config] spreadsheet_id='1nNAXy6rvBnGR8ACnqKKzKNA4-UwZtZp47i806EPmR_8'
2026-07-04 22:55:29 [INFO] 目標試算表 ID 來源：主控試算表系統設定
2026-07-04 22:55:29 [INFO] === 客服排程系統 run_id=3a19031e step=1 台北時間=2026-07-05 06:55:26 ===
2026-07-04 22:55:29 [INFO] file_cache is only supported with oauth2client<4.0.0
2026-07-04 22:55:37 [INFO] --- Step1_更新排班統計表 ---
2026-07-04 22:55:38 [INFO] file_cache is only supported with oauth2client<4.0.0
2026-07-04 22:55:39 [INFO] Drive 資料夾找到 52 個檔案
2026-07-04 22:55:39 [INFO]   找到檔案：排班統計表20260805-台中.xlsx_temp_1783201482 (application/vnd.google-apps.spreadsheet)
2026-07-04 22:55:39 [INFO]   找到檔案：排班統計表20260705-台中.xlsx_temp_1783201464 (application/vnd.google-apps.spreadsheet)
2026-07-04 22:55:39 [INFO]   找到檔案：排班統計表20260805-台北.xlsx_temp_1783201456 (application/vnd.google-apps.spreadsheet)
2026-07-04 22:55:39 [INFO]   找到檔案：排班統計表20260705-台北.xlsx_temp_1783201446 (application/vnd.google-apps.spreadsheet)
2026-07-04 22:55:39 [INFO]   找到檔案：排班統計表20260805-台中.xlsx (application/vnd.openxmlformats-officedocument.spreadsheetml.sheet)
2026-07-04 22:55:39 [INFO]   找到檔案：排班統計表20260705-台中.xlsx (application/vnd.openxmlformats-officedocument.spreadsheetml.sheet)
2026-07-04 22:55:39 [INFO]   找到檔案：排班統計表20260805-台北.xlsx (application/vnd.openxmlformats-officedocument.spreadsheetml.sheet)
2026-07-04 22:55:39 [INFO]   找到檔案：排班統計表20260705-台北.xlsx (application/vnd.openxmlformats-officedocument.spreadsheetml.sheet)
2026-07-04 22:55:39 [INFO]   找到檔案：排班統計表20260804-台中 (application/vnd.google-apps.spreadsheet)
2026-07-04 22:55:39 [INFO]   找到檔案：排班統計表20260704-台中 (application/vnd.google-apps.spreadsheet)
2026-07-04 22:55:39 [INFO]   找到檔案：排班統計表20260804-台北 (application/vnd.google-apps.spreadsheet)
2026-07-04 22:55:39 [INFO]   找到檔案：排班統計表20260704-台北 (application/vnd.google-apps.spreadsheet)
2026-07-04 22:55:39 [INFO]   找到檔案：排班統計表20260804-台中.xlsx_temp_1783115594 (application/vnd.google-apps.spreadsheet)
2026-07-04 22:55:39 [INFO]   找到檔案：排班統計表20260704-台中.xlsx_temp_1783115587 (application/vnd.google-apps.spreadsheet)
2026-07-04 22:55:39 [INFO]   找到檔案：排班統計表20260804-台北.xlsx_temp_1783115582 (application/vnd.google-apps.spreadsheet)
2026-07-04 22:55:39 [INFO]   找到檔案：排班統計表20260704-台北.xlsx_temp_1783115564 (application/vnd.google-apps.spreadsheet)
2026-07-04 22:55:39 [INFO]   找到檔案：排班統計表20260804-台中.xlsx (application/vnd.openxmlformats-officedocument.spreadsheetml.sheet)
2026-07-04 22:55:39 [INFO]   找到檔案：排班統計表20260704-台中.xlsx (application/vnd.openxmlformats-officedocument.spreadsheetml.sheet)
2026-07-04 22:55:39 [INFO]   找到檔案：排班統計表20260804-台北.xlsx (application/vnd.openxmlformats-officedocument.spreadsheetml.sheet)
2026-07-04 22:55:39 [INFO]   找到檔案：排班統計表20260704-台北.xlsx (application/vnd.openxmlformats-officedocument.spreadsheetml.sheet)
2026-07-04 22:55:39 [INFO]   找到檔案：排班統計表20260803-台中 (application/vnd.google-apps.spreadsheet)
2026-07-04 22:55:39 [INFO]   找到檔案：排班統計表20260703-台中 (application/vnd.google-apps.spreadsheet)
2026-07-04 22:55:39 [INFO]   找到檔案：排班統計表20260803-台北 (application/vnd.google-apps.spreadsheet)
2026-07-04 22:55:39 [INFO]   找到檔案：排班統計表20260703-台北 (application/vnd.google-apps.spreadsheet)
2026-07-04 22:55:39 [INFO]   找到檔案：排班統計表20260803-台中.xlsx_temp_1783029371 (application/vnd.google-apps.spreadsheet)
2026-07-04 22:55:39 [INFO]   找到檔案：排班統計表20260703-台中.xlsx_temp_1783029362 (application/vnd.google-apps.spreadsheet)
2026-07-04 22:55:39 [INFO]   找到檔案：排班統計表20260803-台北.xlsx_temp_1783029355 (application/vnd.google-apps.spreadsheet)
2026-07-04 22:55:39 [INFO]   找到檔案：排班統計表20260703-台北.xlsx_temp_1783029337 (application/vnd.google-apps.spreadsheet)
2026-07-04 22:55:39 [INFO]   找到檔案：排班統計表20260803-台中.xlsx (application/vnd.openxmlformats-officedocument.spreadsheetml.sheet)
2026-07-04 22:55:39 [INFO]   找到檔案：排班統計表20260703-台中.xlsx (application/vnd.openxmlformats-officedocument.spreadsheetml.sheet)
2026-07-04 22:55:39 [INFO]   找到檔案：排班統計表20260803-台北.xlsx (application/vnd.openxmlformats-officedocument.spreadsheetml.sheet)
2026-07-04 22:55:39 [INFO]   找到檔案：排班統計表20260703-台北.xlsx (application/vnd.openxmlformats-officedocument.spreadsheetml.sheet)
2026-07-04 22:55:39 [INFO]   找到檔案：排班統計表20260802-台中.xlsx (application/vnd.openxmlformats-officedocument.spreadsheetml.sheet)
2026-07-04 22:55:39 [INFO]   找到檔案：排班統計表20260702-台中.xlsx (application/vnd.openxmlformats-officedocument.spreadsheetml.sheet)
2026-07-04 22:55:39 [INFO]   找到檔案：排班統計表20260802-台北.xlsx (application/vnd.openxmlformats-officedocument.spreadsheetml.sheet)
2026-07-04 22:55:39 [INFO]   找到檔案：排班統計表20260702-台北.xlsx (application/vnd.openxmlformats-officedocument.spreadsheetml.sheet)
2026-07-04 22:55:39 [INFO]   找到檔案：排班統計表20260802-台中 (application/vnd.google-apps.spreadsheet)
2026-07-04 22:55:39 [INFO]   找到檔案：排班統計表20260702-台中 (application/vnd.google-apps.spreadsheet)
2026-07-04 22:55:39 [INFO]   找到檔案：排班統計表20260802-台北 (application/vnd.google-apps.spreadsheet)
2026-07-04 22:55:39 [INFO]   找到檔案：排班統計表20260702-台北 (application/vnd.google-apps.spreadsheet)
2026-07-04 22:55:39 [INFO]   找到檔案：排班統計表20260802-台中.xlsx_temp_1782943857 (application/vnd.google-apps.spreadsheet)
2026-07-04 22:55:39 [INFO]   找到檔案：排班統計表20260702-台中.xlsx_temp_1782943849 (application/vnd.google-apps.spreadsheet)
2026-07-04 22:55:39 [INFO]   找到檔案：排班統計表20260802-台北.xlsx_temp_1782943842 (application/vnd.google-apps.spreadsheet)
2026-07-04 22:55:39 [INFO]   找到檔案：排班統計表20260702-台北.xlsx_temp_1782943823 (application/vnd.google-apps.spreadsheet)
2026-07-04 22:55:39 [INFO]   找到檔案：排班統計表20260801-台中.xlsx_temp_1782857199 (application/vnd.google-apps.spreadsheet)
2026-07-04 22:55:39 [INFO]   找到檔案：排班統計表20260701-台中.xlsx_temp_1782857192 (application/vnd.google-apps.spreadsheet)
2026-07-04 22:55:39 [INFO]   找到檔案：排班統計表20260801-台北.xlsx_temp_1782857183 (application/vnd.google-apps.spreadsheet)
2026-07-04 22:55:39 [INFO]   找到檔案：排班統計表20260701-台北.xlsx_temp_1782857164 (application/vnd.google-apps.spreadsheet)
2026-07-04 22:55:39 [INFO]   找到檔案：排班統計表20260801-台中.xlsx (application/vnd.openxmlformats-officedocument.spreadsheetml.sheet)
2026-07-04 22:55:39 [INFO]   找到檔案：排班統計表20260701-台中.xlsx (application/vnd.openxmlformats-officedocument.spreadsheetml.sheet)
2026-07-04 22:55:39 [INFO]   找到檔案：排班統計表20260801-台北.xlsx (application/vnd.openxmlformats-officedocument.spreadsheetml.sheet)
2026-07-04 22:55:39 [INFO]   找到檔案：排班統計表20260701-台北.xlsx (application/vnd.openxmlformats-officedocument.spreadsheetml.sheet)
2026-07-04 22:55:39 [INFO] 排班檔確認 OK：{'taipei_current': '排班統計表20260705-台北.xlsx', 'taipei_next': '排班統計表20260805-台北.xlsx', 'taichung_current': '排班統計表20260705-台中.xlsx', 'taichung_next': '排班統計表20260805-台中.xlsx'}
2026-07-04 22:55:39 [INFO]   匯入：排班統計表20260705-台北.xlsx
2026-07-04 22:55:39 [INFO]   xlsx → Google Sheets：排班統計表20260705-台北
2026-07-04 22:55:40 [INFO] file_cache is only supported with oauth2client<4.0.0
2026-07-04 22:55:44 [INFO]   轉換完成，新 Google Sheets ID：1T_C1U3VJrn8FLPiTEI-eQ1ObmblDBE47x-ad9yTUljA
2026-07-04 22:55:45 [INFO]   → 寫入 85 列（起始 R3C7）
2026-07-04 22:55:45 [INFO]   匯入：排班統計表20260805-台北.xlsx
2026-07-04 22:55:45 [INFO]   xlsx → Google Sheets：排班統計表20260805-台北
2026-07-04 22:55:45 [INFO] file_cache is only supported with oauth2client<4.0.0
2026-07-04 22:55:49 [INFO]   轉換完成，新 Google Sheets ID：1V1OQgRFxId0L3oME9P14f03Zy0BLsLUNMtsNyJaGPpA
2026-07-04 22:55:50 [INFO]   → 寫入 38 列（起始 R3C22）
2026-07-04 22:55:50 [INFO]   匯入：排班統計表20260705-台中.xlsx
2026-07-04 22:55:50 [INFO]   xlsx → Google Sheets：排班統計表20260705-台中
2026-07-04 22:55:51 [INFO] file_cache is only supported with oauth2client<4.0.0
2026-07-04 22:55:55 [INFO]   轉換完成，新 Google Sheets ID：1B6si6G5F4dBNWDmg6OlTGWJfXw0wGAs0d2hVkMZsQTo
2026-07-04 22:55:56 [INFO]   → 寫入 16 列（起始 R3C82）
2026-07-04 22:55:56 [INFO]   匯入：排班統計表20260805-台中.xlsx
2026-07-04 22:55:56 [INFO]   xlsx → Google Sheets：排班統計表20260805-台中
2026-07-04 22:55:56 [INFO] file_cache is only supported with oauth2client<4.0.0
2026-07-04 22:56:00 [INFO]   轉換完成，新 Google Sheets ID：1x7F-K8Kw2eYnhhyUvOqLQ3uuM5rf_MmQAsmMDZPOF_8
2026-07-04 22:56:01 [INFO]   → 寫入 7 列（起始 R3C97）
2026-07-04 22:56:02 [INFO] Step 1 完成（23.6s）
2026-07-04 22:56:02 [INFO] === 全部完成 run_id=3a19031e（24.5s）===
