[config] spreadsheet_id='1nNAXy6rvBnGR8ACnqKKzKNA4-UwZtZp47i806EPmR_8'
2026-06-22 23:17:30 [INFO] 目標試算表 ID 來源：主控試算表系統設定
2026-06-22 23:17:30 [INFO] === 客服排程系統 run_id=b851d6c9 step=3 台北時間=2026-06-23 07:17:29 ===
2026-06-22 23:17:30 [INFO] file_cache is only supported with oauth2client<4.0.0
2026-06-22 23:17:30 [WARNING] [主控表打卡失敗（非致命）] <HttpError 429 when requesting https://sheets.googleapis.com/v4/spreadsheets/1nNAXy6rvBnGR8ACnqKKzKNA4-UwZtZp47i806EPmR_8/values/%E5%A4%96%E5%A0%B4%E6%8E%92%E7%A8%8B%E5%9F%B7%E8%A1%8CLog%21A1%3AZ1?alt=json returned "Quota exceeded for quota metric 'Read requests' and limit 'Read requests per minute per user' of service 'sheets.googleapis.com' for consumer 'project_number:1042663213860'.". Details: "[{'@type': 'type.googleapis.com/google.rpc.ErrorInfo', 'reason': 'RATE_LIMIT_EXCEEDED', 'domain': 'googleapis.com', 'metadata': {'quota_location': 'global', 'service': 'sheets.googleapis.com', 'quota_limit_value': '60', 'consumer': 'projects/1042663213860', 'quota_unit': '1/min/{project}/{user}', 'quota_metric': 'sheets.googleapis.com/read_requests', 'quota_limit': 'ReadRequestsPerMinutePerUser'}}, {'@type': 'type.googleapis.com/google.rpc.Help', 'links': [{'description': 'Request a higher quota limit.', 'url': 'https://cloud.google.com/docs/quotas/help/request_increase'}]}]">
2026-06-22 23:17:31 [INFO] --- Step3_更新前一天營業分數及營業額 ---
2026-06-22 23:17:49 [INFO]   [mail] text/plain 為空，fallback 到 text/html（2593 字元）
2026-06-22 23:17:57 [INFO]   近三日營業額-台北 → 選中 17:25:04（與17:25差4s）
2026-06-22 23:17:57 [INFO]   [debug] 行48 repr='2026-06-20：19分'
2026-06-22 23:17:57 [INFO]   [debug] 行49 repr='2026-06-21：18分'
2026-06-22 23:17:57 [INFO]   [debug] 行50 repr='2026-06-22：21分'
2026-06-22 23:17:57 [INFO]   [debug] 行51 repr='【家電清潔】日營業額'
2026-06-22 23:17:57 [INFO]   [debug] 行52 repr='2026-06-20：0分'
2026-06-22 23:17:57 [INFO]   [debug] 行53 repr='2026-06-21：0分'
2026-06-22 23:17:57 [INFO]   [debug] 行54 repr='2026-06-22：0分'
2026-06-22 23:17:57 [INFO]   [debug] 行55 repr='【儲值金】日營業額'
2026-06-22 23:18:08 [INFO]   [mail] text/plain 為空，fallback 到 text/html（1010 字元）
2026-06-22 23:18:12 [INFO]   近三日營業額-台中 → 選中 17:25:07（與17:25差7s）
2026-06-22 23:18:12 [INFO]   [debug] 行23 repr='2026-06-20：2分'
2026-06-22 23:18:12 [INFO]   [debug] 行24 repr='2026-06-21：0分'
2026-06-22 23:18:12 [INFO]   [debug] 行25 repr='2026-06-22：2分'
2026-06-22 23:18:12 [INFO]   [debug] 行26 repr='【家電清潔】日營業額'
2026-06-22 23:18:12 [INFO]   [debug] 行27 repr='2026-06-20：0分'
2026-06-22 23:18:12 [INFO]   [debug] 行28 repr='2026-06-21：0分'
2026-06-22 23:18:12 [INFO]   [debug] 行29 repr='2026-06-22：0分'
2026-06-22 23:18:12 [INFO]   [debug] 行30 repr='【儲值金】日營業額'
2026-06-22 23:18:12 [INFO]   台北：{'daily_value': 21, 'total_count': 1430, 'total_amount': 2859520}
2026-06-22 23:18:12 [INFO]   台中：{'daily_value': 2, 'total_count': 152, 'total_amount': 304000}
2026-06-22 23:18:13 [WARNING] [執行檔打卡失敗（非致命）] APIError: [429]: Quota exceeded for quota metric 'Read requests' and limit 'Read requests per minute per user' of service 'sheets.googleapis.com' for consumer 'project_number:1042663213860'.
2026-06-22 23:18:13 [INFO] Step 3 完成，row=2319（41.2s）
2026-06-22 23:18:14 [INFO] === 全部完成 run_id=b851d6c9（41.8s）===
