[config] spreadsheet_id='1nNAXy6rvBnGR8ACnqKKzKNA4-UwZtZp47i806EPmR_8'
2026-06-14 23:06:30 [INFO] 目標試算表 ID 來源：主控試算表系統設定
2026-06-14 23:06:30 [INFO] === 客服排程系統 run_id=4c424f52 step=3 台北時間=2026-06-15 07:06:29 ===
2026-06-14 23:06:30 [INFO] file_cache is only supported with oauth2client<4.0.0
2026-06-14 23:06:33 [WARNING] [主控表打卡失敗（非致命）] <HttpError 429 when requesting https://sheets.googleapis.com/v4/spreadsheets/1nNAXy6rvBnGR8ACnqKKzKNA4-UwZtZp47i806EPmR_8/values/%E9%80%9A%E7%9F%A5%E7%B4%80%E9%8C%84Log%21A1%3AZ1?alt=json returned "Quota exceeded for quota metric 'Read requests' and limit 'Read requests per minute per user' of service 'sheets.googleapis.com' for consumer 'project_number:1042663213860'.". Details: "[{'@type': 'type.googleapis.com/google.rpc.ErrorInfo', 'reason': 'RATE_LIMIT_EXCEEDED', 'domain': 'googleapis.com', 'metadata': {'quota_limit_value': '60', 'service': 'sheets.googleapis.com', 'quota_unit': '1/min/{project}/{user}', 'consumer': 'projects/1042663213860', 'quota_metric': 'sheets.googleapis.com/read_requests', 'quota_limit': 'ReadRequestsPerMinutePerUser', 'quota_location': 'global'}}, {'@type': 'type.googleapis.com/google.rpc.Help', 'links': [{'description': 'Request a higher quota limit.', 'url': 'https://cloud.google.com/docs/quotas/help/request_increase'}]}]">
2026-06-14 23:06:34 [INFO] --- Step3_更新前一天營業分數及營業額 ---
2026-06-14 23:06:44 [INFO]   [mail] text/plain 為空，fallback 到 text/html（2597 字元）
2026-06-14 23:06:48 [INFO]   近三日營業額-台北 → 選中 17:25:04（與17:25差4s）
2026-06-14 23:06:48 [INFO]   [debug] 行48 repr='2026-06-12：54分'
2026-06-14 23:06:48 [INFO]   [debug] 行49 repr='2026-06-13：14分'
2026-06-14 23:06:48 [INFO]   [debug] 行50 repr='2026-06-14：6分'
2026-06-14 23:06:48 [INFO]   [debug] 行51 repr='【家電清潔】日營業額'
2026-06-14 23:06:48 [INFO]   [debug] 行52 repr='2026-06-12：0分'
2026-06-14 23:06:48 [INFO]   [debug] 行53 repr='2026-06-13：0分'
2026-06-14 23:06:48 [INFO]   [debug] 行54 repr='2026-06-14：0分'
2026-06-14 23:06:48 [INFO]   [debug] 行55 repr='【儲值金】日營業額'
2026-06-14 23:06:55 [INFO]   [mail] text/plain 為空，fallback 到 text/html（1201 字元）
2026-06-14 23:06:57 [INFO]   近三日營業額-台中 → 選中 17:25:07（與17:25差7s）
2026-06-14 23:06:57 [INFO]   [debug] 行26 repr='2026-06-12：8分'
2026-06-14 23:06:57 [INFO]   [debug] 行27 repr='2026-06-13：2分'
2026-06-14 23:06:57 [INFO]   [debug] 行28 repr='2026-06-14：2分'
2026-06-14 23:06:57 [INFO]   [debug] 行29 repr='【家電清潔】日營業額'
2026-06-14 23:06:57 [INFO]   [debug] 行30 repr='2026-06-12：0分'
2026-06-14 23:06:57 [INFO]   [debug] 行31 repr='2026-06-13：0分'
2026-06-14 23:06:57 [INFO]   [debug] 行32 repr='2026-06-14：0分'
2026-06-14 23:06:57 [INFO]   [debug] 行33 repr='【儲值金】日營業額'
2026-06-14 23:06:57 [INFO]   台北：{'daily_value': 6, 'total_count': 1030, 'total_amount': 2059100}
2026-06-14 23:06:57 [INFO]   台中：{'daily_value': 2, 'total_count': 132, 'total_amount': 264400}
2026-06-14 23:06:57 [WARNING] [執行檔打卡失敗（非致命）] APIError: [429]: Quota exceeded for quota metric 'Read requests' and limit 'Read requests per minute per user' of service 'sheets.googleapis.com' for consumer 'project_number:1042663213860'.
2026-06-14 23:06:57 [INFO] Step 3 完成，row=2311（22.6s）
2026-06-14 23:06:58 [INFO] === 全部完成 run_id=4c424f52（23.2s）===
