[config] spreadsheet_id='1nNAXy6rvBnGR8ACnqKKzKNA4-UwZtZp47i806EPmR_8'
2026-06-16 23:21:45 [INFO] 目標試算表 ID 來源：主控試算表系統設定
2026-06-16 23:21:45 [INFO] === 客服排程系統 run_id=1691271d step=1 台北時間=2026-06-17 07:21:44 ===
2026-06-16 23:21:45 [INFO] file_cache is only supported with oauth2client<4.0.0
2026-06-16 23:21:51 [INFO] --- Step1_更新排班統計表 ---
2026-06-16 23:21:52 [INFO] file_cache is only supported with oauth2client<4.0.0
2026-06-16 23:21:53 [INFO] Drive 資料夾找到 100 個檔案
2026-06-16 23:21:53 [INFO]   找到檔案：排班統計表20260717-台中.xlsx_temp_1781650002 (application/vnd.google-apps.spreadsheet)
2026-06-16 23:21:53 [INFO]   找到檔案：排班統計表20260617-台中.xlsx_temp_1781649995 (application/vnd.google-apps.spreadsheet)
2026-06-16 23:21:53 [INFO]   找到檔案：排班統計表20260717-台北.xlsx_temp_1781649987 (application/vnd.google-apps.spreadsheet)
2026-06-16 23:21:53 [INFO]   找到檔案：排班統計表20260617-台北.xlsx_temp_1781649969 (application/vnd.google-apps.spreadsheet)
2026-06-16 23:21:53 [INFO]   找到檔案：排班統計表20260717-台中.xlsx (application/vnd.openxmlformats-officedocument.spreadsheetml.sheet)
2026-06-16 23:21:53 [INFO]   找到檔案：排班統計表20260617-台中.xlsx (application/vnd.openxmlformats-officedocument.spreadsheetml.sheet)
2026-06-16 23:21:53 [INFO]   找到檔案：排班統計表20260717-台北.xlsx (application/vnd.openxmlformats-officedocument.spreadsheetml.sheet)
2026-06-16 23:21:53 [INFO]   找到檔案：排班統計表20260617-台北.xlsx (application/vnd.openxmlformats-officedocument.spreadsheetml.sheet)
2026-06-16 23:21:53 [INFO]   找到檔案：排班統計表20260716-台中 (application/vnd.google-apps.spreadsheet)
2026-06-16 23:21:53 [INFO]   找到檔案：排班統計表20260616-台中 (application/vnd.google-apps.spreadsheet)
2026-06-16 23:21:53 [INFO]   找到檔案：排班統計表20260716-台北 (application/vnd.google-apps.spreadsheet)
2026-06-16 23:21:53 [INFO]   找到檔案：排班統計表20260616-台北 (application/vnd.google-apps.spreadsheet)
2026-06-16 23:21:53 [INFO]   找到檔案：排班統計表20260716-台中.xlsx_temp_1781564032 (application/vnd.google-apps.spreadsheet)
2026-06-16 23:21:53 [INFO]   找到檔案：排班統計表20260616-台中.xlsx_temp_1781564023 (application/vnd.google-apps.spreadsheet)
2026-06-16 23:21:53 [INFO]   找到檔案：排班統計表20260716-台北.xlsx_temp_1781564016 (application/vnd.google-apps.spreadsheet)
2026-06-16 23:21:53 [INFO]   找到檔案：排班統計表20260616-台北.xlsx_temp_1781563997 (application/vnd.google-apps.spreadsheet)
2026-06-16 23:21:53 [INFO]   找到檔案：排班統計表20260716-台中.xlsx (application/vnd.openxmlformats-officedocument.spreadsheetml.sheet)
2026-06-16 23:21:53 [INFO]   找到檔案：排班統計表20260616-台中.xlsx (application/vnd.openxmlformats-officedocument.spreadsheetml.sheet)
2026-06-16 23:21:53 [INFO]   找到檔案：排班統計表20260716-台北.xlsx (application/vnd.openxmlformats-officedocument.spreadsheetml.sheet)
2026-06-16 23:21:53 [INFO]   找到檔案：排班統計表20260616-台北.xlsx (application/vnd.openxmlformats-officedocument.spreadsheetml.sheet)
2026-06-16 23:21:53 [INFO]   找到檔案：排班統計表20260715-台中 (application/vnd.google-apps.spreadsheet)
2026-06-16 23:21:53 [INFO]   找到檔案：排班統計表20260615-台中 (application/vnd.google-apps.spreadsheet)
2026-06-16 23:21:53 [INFO]   找到檔案：排班統計表20260715-台北 (application/vnd.google-apps.spreadsheet)
2026-06-16 23:21:53 [INFO]   找到檔案：排班統計表20260615-台北 (application/vnd.google-apps.spreadsheet)
2026-06-16 23:21:53 [INFO]   找到檔案：排班統計表20260715-台中.xlsx_temp_1781474519 (application/vnd.google-apps.spreadsheet)
2026-06-16 23:21:53 [INFO]   找到檔案：排班統計表20260615-台中.xlsx_temp_1781474511 (application/vnd.google-apps.spreadsheet)
2026-06-16 23:21:53 [INFO]   找到檔案：排班統計表20260715-台北.xlsx_temp_1781474504 (application/vnd.google-apps.spreadsheet)
2026-06-16 23:21:53 [INFO]   找到檔案：排班統計表20260615-台北.xlsx_temp_1781474487 (application/vnd.google-apps.spreadsheet)
2026-06-16 23:21:53 [INFO]   找到檔案：排班統計表20260715-台中.xlsx (application/vnd.openxmlformats-officedocument.spreadsheetml.sheet)
2026-06-16 23:21:53 [INFO]   找到檔案：排班統計表20260615-台中.xlsx (application/vnd.openxmlformats-officedocument.spreadsheetml.sheet)
2026-06-16 23:21:53 [INFO]   找到檔案：排班統計表20260715-台北.xlsx (application/vnd.openxmlformats-officedocument.spreadsheetml.sheet)
2026-06-16 23:21:53 [INFO]   找到檔案：排班統計表20260615-台北.xlsx (application/vnd.openxmlformats-officedocument.spreadsheetml.sheet)
2026-06-16 23:21:53 [INFO]   找到檔案：排班統計表20260714-台中 (application/vnd.google-apps.spreadsheet)
2026-06-16 23:21:53 [INFO]   找到檔案：排班統計表20260614-台中 (application/vnd.google-apps.spreadsheet)
2026-06-16 23:21:53 [INFO]   找到檔案：排班統計表20260714-台北 (application/vnd.google-apps.spreadsheet)
2026-06-16 23:21:53 [INFO]   找到檔案：排班統計表20260614-台北 (application/vnd.google-apps.spreadsheet)
2026-06-16 23:21:53 [INFO]   找到檔案：排班統計表20260714-台中.xlsx_temp_1781387766 (application/vnd.google-apps.spreadsheet)
2026-06-16 23:21:53 [INFO]   找到檔案：排班統計表20260614-台中.xlsx_temp_1781387759 (application/vnd.google-apps.spreadsheet)
2026-06-16 23:21:53 [INFO]   找到檔案：排班統計表20260714-台北.xlsx_temp_1781387752 (application/vnd.google-apps.spreadsheet)
2026-06-16 23:21:53 [INFO]   找到檔案：排班統計表20260614-台北.xlsx_temp_1781387734 (application/vnd.google-apps.spreadsheet)
2026-06-16 23:21:53 [INFO]   找到檔案：排班統計表20260714-台中.xlsx (application/vnd.openxmlformats-officedocument.spreadsheetml.sheet)
2026-06-16 23:21:53 [INFO]   找到檔案：排班統計表20260614-台中.xlsx (application/vnd.openxmlformats-officedocument.spreadsheetml.sheet)
2026-06-16 23:21:53 [INFO]   找到檔案：排班統計表20260714-台北.xlsx (application/vnd.openxmlformats-officedocument.spreadsheetml.sheet)
2026-06-16 23:21:53 [INFO]   找到檔案：排班統計表20260614-台北.xlsx (application/vnd.openxmlformats-officedocument.spreadsheetml.sheet)
2026-06-16 23:21:53 [INFO]   找到檔案：排班統計表20260713-台中 (application/vnd.google-apps.spreadsheet)
2026-06-16 23:21:53 [INFO]   找到檔案：排班統計表20260613-台中 (application/vnd.google-apps.spreadsheet)
2026-06-16 23:21:53 [INFO]   找到檔案：排班統計表20260713-台北 (application/vnd.google-apps.spreadsheet)
2026-06-16 23:21:53 [INFO]   找到檔案：排班統計表20260613-台北 (application/vnd.google-apps.spreadsheet)
2026-06-16 23:21:53 [INFO]   找到檔案：排班統計表20260713-台中.xlsx_temp_1781302667 (application/vnd.google-apps.spreadsheet)
2026-06-16 23:21:53 [INFO]   找到檔案：排班統計表20260613-台中.xlsx_temp_1781302658 (application/vnd.google-apps.spreadsheet)
2026-06-16 23:21:53 [INFO]   找到檔案：排班統計表20260713-台北.xlsx_temp_1781302651 (application/vnd.google-apps.spreadsheet)
2026-06-16 23:21:53 [INFO]   找到檔案：排班統計表20260613-台北.xlsx_temp_1781302633 (application/vnd.google-apps.spreadsheet)
2026-06-16 23:21:53 [INFO]   找到檔案：排班統計表20260713-台中.xlsx (application/vnd.openxmlformats-officedocument.spreadsheetml.sheet)
2026-06-16 23:21:53 [INFO]   找到檔案：排班統計表20260613-台中.xlsx (application/vnd.openxmlformats-officedocument.spreadsheetml.sheet)
2026-06-16 23:21:53 [INFO]   找到檔案：排班統計表20260713-台北.xlsx (application/vnd.openxmlformats-officedocument.spreadsheetml.sheet)
2026-06-16 23:21:53 [INFO]   找到檔案：排班統計表20260613-台北.xlsx (application/vnd.openxmlformats-officedocument.spreadsheetml.sheet)
2026-06-16 23:21:53 [INFO]   找到檔案：排班統計表20260712-台中 (application/vnd.google-apps.spreadsheet)
2026-06-16 23:21:53 [INFO]   找到檔案：排班統計表20260612-台中 (application/vnd.google-apps.spreadsheet)
2026-06-16 23:21:53 [INFO]   找到檔案：排班統計表20260712-台北 (application/vnd.google-apps.spreadsheet)
2026-06-16 23:21:53 [INFO]   找到檔案：排班統計表20260612-台北 (application/vnd.google-apps.spreadsheet)
2026-06-16 23:21:53 [INFO]   找到檔案：排班統計表20260712-台中.xlsx_temp_1781217903 (application/vnd.google-apps.spreadsheet)
2026-06-16 23:21:53 [INFO]   找到檔案：排班統計表20260612-台中.xlsx_temp_1781217893 (application/vnd.google-apps.spreadsheet)
2026-06-16 23:21:53 [INFO]   找到檔案：排班統計表20260712-台北.xlsx_temp_1781217885 (application/vnd.google-apps.spreadsheet)
2026-06-16 23:21:53 [INFO]   找到檔案：排班統計表20260612-台北.xlsx_temp_1781217872 (application/vnd.google-apps.spreadsheet)
2026-06-16 23:21:53 [INFO]   找到檔案：排班統計表20260712-台中.xlsx (application/vnd.openxmlformats-officedocument.spreadsheetml.sheet)
2026-06-16 23:21:53 [INFO]   找到檔案：排班統計表20260612-台中.xlsx (application/vnd.openxmlformats-officedocument.spreadsheetml.sheet)
2026-06-16 23:21:53 [INFO]   找到檔案：排班統計表20260712-台北.xlsx (application/vnd.openxmlformats-officedocument.spreadsheetml.sheet)
2026-06-16 23:21:53 [INFO]   找到檔案：排班統計表20260612-台北.xlsx (application/vnd.openxmlformats-officedocument.spreadsheetml.sheet)
2026-06-16 23:21:53 [INFO]   找到檔案：排班統計表20260711-台中 (application/vnd.google-apps.spreadsheet)
2026-06-16 23:21:53 [INFO]   找到檔案：排班統計表20260611-台中 (application/vnd.google-apps.spreadsheet)
2026-06-16 23:21:53 [INFO]   找到檔案：排班統計表20260711-台北 (application/vnd.google-apps.spreadsheet)
2026-06-16 23:21:53 [INFO]   找到檔案：排班統計表20260611-台北 (application/vnd.google-apps.spreadsheet)
2026-06-16 23:21:53 [INFO]   找到檔案：排班統計表20260711-台中.xlsx_temp_1781131552 (application/vnd.google-apps.spreadsheet)
2026-06-16 23:21:53 [INFO]   找到檔案：排班統計表20260611-台中.xlsx_temp_1781131536 (application/vnd.google-apps.spreadsheet)
2026-06-16 23:21:53 [INFO]   找到檔案：排班統計表20260711-台北.xlsx_temp_1781131528 (application/vnd.google-apps.spreadsheet)
2026-06-16 23:21:53 [INFO]   找到檔案：排班統計表20260611-台北.xlsx_temp_1781131509 (application/vnd.google-apps.spreadsheet)
2026-06-16 23:21:53 [INFO]   找到檔案：排班統計表20260711-台中.xlsx (application/vnd.openxmlformats-officedocument.spreadsheetml.sheet)
2026-06-16 23:21:53 [INFO]   找到檔案：排班統計表20260611-台中.xlsx (application/vnd.openxmlformats-officedocument.spreadsheetml.sheet)
2026-06-16 23:21:53 [INFO]   找到檔案：排班統計表20260711-台北.xlsx (application/vnd.openxmlformats-officedocument.spreadsheetml.sheet)
2026-06-16 23:21:53 [INFO]   找到檔案：排班統計表20260611-台北.xlsx (application/vnd.openxmlformats-officedocument.spreadsheetml.sheet)
2026-06-16 23:21:53 [INFO]   找到檔案：排班統計表20260710-台中 (application/vnd.google-apps.spreadsheet)
2026-06-16 23:21:53 [INFO]   找到檔案：排班統計表20260610-台中 (application/vnd.google-apps.spreadsheet)
2026-06-16 23:21:53 [INFO]   找到檔案：排班統計表20260710-台北 (application/vnd.google-apps.spreadsheet)
2026-06-16 23:21:53 [INFO]   找到檔案：排班統計表20260610-台北 (application/vnd.google-apps.spreadsheet)
2026-06-16 23:21:53 [INFO]   找到檔案：排班統計表20260710-台中.xlsx_temp_1781043448 (application/vnd.google-apps.spreadsheet)
2026-06-16 23:21:53 [INFO]   找到檔案：排班統計表20260610-台中.xlsx_temp_1781043436 (application/vnd.google-apps.spreadsheet)
2026-06-16 23:21:53 [INFO]   找到檔案：排班統計表20260710-台北.xlsx_temp_1781043430 (application/vnd.google-apps.spreadsheet)
2026-06-16 23:21:53 [INFO]   找到檔案：排班統計表20260610-台北.xlsx_temp_1781043420 (application/vnd.google-apps.spreadsheet)
2026-06-16 23:21:53 [INFO]   找到檔案：排班統計表20260710-台中.xlsx (application/vnd.openxmlformats-officedocument.spreadsheetml.sheet)
2026-06-16 23:21:53 [INFO]   找到檔案：排班統計表20260610-台中.xlsx (application/vnd.openxmlformats-officedocument.spreadsheetml.sheet)
2026-06-16 23:21:53 [INFO]   找到檔案：排班統計表20260710-台北.xlsx (application/vnd.openxmlformats-officedocument.spreadsheetml.sheet)
2026-06-16 23:21:53 [INFO]   找到檔案：排班統計表20260610-台北.xlsx (application/vnd.openxmlformats-officedocument.spreadsheetml.sheet)
2026-06-16 23:21:53 [INFO]   找到檔案：排班統計表20260709-台中 (application/vnd.google-apps.spreadsheet)
2026-06-16 23:21:53 [INFO]   找到檔案：排班統計表20260609-台中 (application/vnd.google-apps.spreadsheet)
2026-06-16 23:21:53 [INFO]   找到檔案：排班統計表20260709-台北 (application/vnd.google-apps.spreadsheet)
2026-06-16 23:21:53 [INFO]   找到檔案：排班統計表20260609-台北 (application/vnd.google-apps.spreadsheet)
2026-06-16 23:21:53 [INFO]   找到檔案：排班統計表20260709-台中.xlsx_temp_1780957283 (application/vnd.google-apps.spreadsheet)
2026-06-16 23:21:53 [INFO]   找到檔案：排班統計表20260609-台中.xlsx_temp_1780957275 (application/vnd.google-apps.spreadsheet)
2026-06-16 23:21:53 [INFO]   找到檔案：排班統計表20260709-台北.xlsx_temp_1780957268 (application/vnd.google-apps.spreadsheet)
2026-06-16 23:21:53 [INFO]   找到檔案：排班統計表20260609-台北.xlsx_temp_1780957261 (application/vnd.google-apps.spreadsheet)
2026-06-16 23:21:53 [INFO] 排班檔確認 OK：{'taipei_current': '排班統計表20260617-台北.xlsx', 'taipei_next': '排班統計表20260717-台北.xlsx', 'taichung_current': '排班統計表20260617-台中.xlsx', 'taichung_next': '排班統計表20260717-台中.xlsx'}
2026-06-16 23:21:53 [INFO]   匯入：排班統計表20260617-台北.xlsx
2026-06-16 23:21:53 [INFO]   xlsx → Google Sheets：排班統計表20260617-台北
2026-06-16 23:21:54 [INFO] file_cache is only supported with oauth2client<4.0.0
2026-06-16 23:21:58 [INFO]   轉換完成，新 Google Sheets ID：1Jd3YJ3W6Ugr-6xdU83V6LavTp3R3XRU6tRHIlSHZOYM
2026-06-16 23:22:00 [INFO]   → 寫入 84 列（起始 R3C7）
2026-06-16 23:22:00 [INFO]   匯入：排班統計表20260717-台北.xlsx
2026-06-16 23:22:00 [INFO]   xlsx → Google Sheets：排班統計表20260717-台北
2026-06-16 23:22:00 [INFO] file_cache is only supported with oauth2client<4.0.0
2026-06-16 23:22:05 [INFO]   轉換完成，新 Google Sheets ID：11oY6Ku_s6kSY9DqE1yk5qOWshwLqc0Eb59vAcQyKMQ4
2026-06-16 23:22:06 [INFO]   → 寫入 63 列（起始 R3C22）
2026-06-16 23:22:06 [INFO]   匯入：排班統計表20260617-台中.xlsx
2026-06-16 23:22:06 [INFO]   xlsx → Google Sheets：排班統計表20260617-台中
2026-06-16 23:22:07 [INFO] file_cache is only supported with oauth2client<4.0.0
2026-06-16 23:22:10 [INFO]   轉換完成，新 Google Sheets ID：1mk1ljaRrEibptctVJRCciL826RG7veGgnnQzCjfzzo4
2026-06-16 23:22:11 [INFO]   → 寫入 19 列（起始 R3C82）
2026-06-16 23:22:11 [INFO]   匯入：排班統計表20260717-台中.xlsx
2026-06-16 23:22:11 [INFO]   xlsx → Google Sheets：排班統計表20260717-台中
2026-06-16 23:22:12 [INFO] file_cache is only supported with oauth2client<4.0.0
2026-06-16 23:22:16 [INFO]   轉換完成，新 Google Sheets ID：1veOL2ftgik7mh3WSsRY0GA8yFPstDZVm1JfWBI_ZSlw
2026-06-16 23:22:17 [INFO]   → 寫入 10 列（起始 R3C97）
2026-06-16 23:22:18 [INFO] Step 1 完成（25.5s）
2026-06-16 23:22:19 [INFO] === 全部完成 run_id=1691271d（26.3s）===
