[config] spreadsheet_id='1nNAXy6rvBnGR8ACnqKKzKNA4-UwZtZp47i806EPmR_8'
2026-06-30 23:07:36 [INFO] 目標試算表 ID 來源：主控試算表系統設定
2026-06-30 23:07:36 [INFO] === 客服排程系統 run_id=2bfda369 step=1 台北時間=2026-07-01 07:07:34 ===
2026-06-30 23:07:36 [INFO] file_cache is only supported with oauth2client<4.0.0
2026-06-30 23:07:44 [INFO] --- Step1_更新排班統計表 ---
2026-06-30 23:07:45 [INFO] file_cache is only supported with oauth2client<4.0.0
2026-06-30 23:07:46 [INFO] Drive 資料夾找到 100 個檔案
2026-06-30 23:07:46 [INFO]   找到檔案：排班統計表20260801-台中.xlsx_temp_1782857199 (application/vnd.google-apps.spreadsheet)
2026-06-30 23:07:46 [INFO]   找到檔案：排班統計表20260701-台中.xlsx_temp_1782857192 (application/vnd.google-apps.spreadsheet)
2026-06-30 23:07:46 [INFO]   找到檔案：排班統計表20260801-台北.xlsx_temp_1782857183 (application/vnd.google-apps.spreadsheet)
2026-06-30 23:07:46 [INFO]   找到檔案：排班統計表20260701-台北.xlsx_temp_1782857164 (application/vnd.google-apps.spreadsheet)
2026-06-30 23:07:46 [INFO]   找到檔案：排班統計表20260801-台中.xlsx (application/vnd.openxmlformats-officedocument.spreadsheetml.sheet)
2026-06-30 23:07:46 [INFO]   找到檔案：排班統計表20260701-台中.xlsx (application/vnd.openxmlformats-officedocument.spreadsheetml.sheet)
2026-06-30 23:07:46 [INFO]   找到檔案：排班統計表20260801-台北.xlsx (application/vnd.openxmlformats-officedocument.spreadsheetml.sheet)
2026-06-30 23:07:46 [INFO]   找到檔案：排班統計表20260701-台北.xlsx (application/vnd.openxmlformats-officedocument.spreadsheetml.sheet)
2026-06-30 23:07:46 [INFO]   找到檔案：排班統計表20260730-台中 (application/vnd.google-apps.spreadsheet)
2026-06-30 23:07:46 [INFO]   找到檔案：排班統計表20260630-台中 (application/vnd.google-apps.spreadsheet)
2026-06-30 23:07:46 [INFO]   找到檔案：排班統計表20260730-台北 (application/vnd.google-apps.spreadsheet)
2026-06-30 23:07:46 [INFO]   找到檔案：排班統計表20260630-台北 (application/vnd.google-apps.spreadsheet)
2026-06-30 23:07:46 [INFO]   找到檔案：排班統計表20260730-台中.xlsx_temp_1782770546 (application/vnd.google-apps.spreadsheet)
2026-06-30 23:07:46 [INFO]   找到檔案：排班統計表20260630-台中.xlsx_temp_1782770537 (application/vnd.google-apps.spreadsheet)
2026-06-30 23:07:46 [INFO]   找到檔案：排班統計表20260730-台北.xlsx_temp_1782770531 (application/vnd.google-apps.spreadsheet)
2026-06-30 23:07:46 [INFO]   找到檔案：排班統計表20260630-台北.xlsx_temp_1782770513 (application/vnd.google-apps.spreadsheet)
2026-06-30 23:07:46 [INFO]   找到檔案：排班統計表20260730-台中.xlsx (application/vnd.openxmlformats-officedocument.spreadsheetml.sheet)
2026-06-30 23:07:46 [INFO]   找到檔案：排班統計表20260630-台中.xlsx (application/vnd.openxmlformats-officedocument.spreadsheetml.sheet)
2026-06-30 23:07:46 [INFO]   找到檔案：排班統計表20260730-台北.xlsx (application/vnd.openxmlformats-officedocument.spreadsheetml.sheet)
2026-06-30 23:07:46 [INFO]   找到檔案：排班統計表20260630-台北.xlsx (application/vnd.openxmlformats-officedocument.spreadsheetml.sheet)
2026-06-30 23:07:46 [INFO]   找到檔案：排班統計表20260729-台中.xlsx (application/vnd.openxmlformats-officedocument.spreadsheetml.sheet)
2026-06-30 23:07:46 [INFO]   找到檔案：排班統計表20260629-台中.xlsx (application/vnd.openxmlformats-officedocument.spreadsheetml.sheet)
2026-06-30 23:07:46 [INFO]   找到檔案：排班統計表20260729-台北.xlsx (application/vnd.openxmlformats-officedocument.spreadsheetml.sheet)
2026-06-30 23:07:46 [INFO]   找到檔案：排班統計表20260629-台北.xlsx (application/vnd.openxmlformats-officedocument.spreadsheetml.sheet)
2026-06-30 23:07:46 [INFO]   找到檔案：排班統計表20260728-台中 (application/vnd.google-apps.spreadsheet)
2026-06-30 23:07:46 [INFO]   找到檔案：排班統計表20260628-台中 (application/vnd.google-apps.spreadsheet)
2026-06-30 23:07:46 [INFO]   找到檔案：排班統計表20260728-台北 (application/vnd.google-apps.spreadsheet)
2026-06-30 23:07:46 [INFO]   找到檔案：排班統計表20260628-台北 (application/vnd.google-apps.spreadsheet)
2026-06-30 23:07:46 [INFO]   找到檔案：排班統計表20260728-台中.xlsx_temp_1782597060 (application/vnd.google-apps.spreadsheet)
2026-06-30 23:07:46 [INFO]   找到檔案：排班統計表20260628-台中.xlsx_temp_1782597052 (application/vnd.google-apps.spreadsheet)
2026-06-30 23:07:46 [INFO]   找到檔案：排班統計表20260728-台北.xlsx_temp_1782597045 (application/vnd.google-apps.spreadsheet)
2026-06-30 23:07:46 [INFO]   找到檔案：排班統計表20260628-台北.xlsx_temp_1782597026 (application/vnd.google-apps.spreadsheet)
2026-06-30 23:07:46 [INFO]   找到檔案：排班統計表20260728-台中.xlsx (application/vnd.openxmlformats-officedocument.spreadsheetml.sheet)
2026-06-30 23:07:46 [INFO]   找到檔案：排班統計表20260628-台中.xlsx (application/vnd.openxmlformats-officedocument.spreadsheetml.sheet)
2026-06-30 23:07:46 [INFO]   找到檔案：排班統計表20260728-台北.xlsx (application/vnd.openxmlformats-officedocument.spreadsheetml.sheet)
2026-06-30 23:07:46 [INFO]   找到檔案：排班統計表20260628-台北.xlsx (application/vnd.openxmlformats-officedocument.spreadsheetml.sheet)
2026-06-30 23:07:46 [INFO]   找到檔案：排班統計表20260727-台中 (application/vnd.google-apps.spreadsheet)
2026-06-30 23:07:46 [INFO]   找到檔案：排班統計表20260627-台中 (application/vnd.google-apps.spreadsheet)
2026-06-30 23:07:46 [INFO]   找到檔案：排班統計表20260727-台北 (application/vnd.google-apps.spreadsheet)
2026-06-30 23:07:46 [INFO]   找到檔案：排班統計表20260627-台北 (application/vnd.google-apps.spreadsheet)
2026-06-30 23:07:46 [INFO]   找到檔案：排班統計表20260727-台中.xlsx_temp_1782511167 (application/vnd.google-apps.spreadsheet)
2026-06-30 23:07:46 [INFO]   找到檔案：排班統計表20260627-台中.xlsx_temp_1782511158 (application/vnd.google-apps.spreadsheet)
2026-06-30 23:07:46 [INFO]   找到檔案：排班統計表20260727-台北.xlsx_temp_1782511149 (application/vnd.google-apps.spreadsheet)
2026-06-30 23:07:46 [INFO]   找到檔案：排班統計表20260627-台北.xlsx_temp_1782511140 (application/vnd.google-apps.spreadsheet)
2026-06-30 23:07:46 [INFO]   找到檔案：排班統計表20260727-台中.xlsx (application/vnd.openxmlformats-officedocument.spreadsheetml.sheet)
2026-06-30 23:07:46 [INFO]   找到檔案：排班統計表20260627-台中.xlsx (application/vnd.openxmlformats-officedocument.spreadsheetml.sheet)
2026-06-30 23:07:46 [INFO]   找到檔案：排班統計表20260727-台北.xlsx (application/vnd.openxmlformats-officedocument.spreadsheetml.sheet)
2026-06-30 23:07:46 [INFO]   找到檔案：排班統計表20260627-台北.xlsx (application/vnd.openxmlformats-officedocument.spreadsheetml.sheet)
2026-06-30 23:07:46 [INFO]   找到檔案：排班統計表20260726-台中 (application/vnd.google-apps.spreadsheet)
2026-06-30 23:07:46 [INFO]   找到檔案：排班統計表20260626-台中 (application/vnd.google-apps.spreadsheet)
2026-06-30 23:07:46 [INFO]   找到檔案：排班統計表20260726-台北 (application/vnd.google-apps.spreadsheet)
2026-06-30 23:07:46 [INFO]   找到檔案：排班統計表20260626-台北 (application/vnd.google-apps.spreadsheet)
2026-06-30 23:07:46 [INFO]   找到檔案：排班統計表20260726-台中.xlsx_temp_1782425638 (application/vnd.google-apps.spreadsheet)
2026-06-30 23:07:46 [INFO]   找到檔案：排班統計表20260626-台中.xlsx_temp_1782425630 (application/vnd.google-apps.spreadsheet)
2026-06-30 23:07:46 [INFO]   找到檔案：排班統計表20260726-台北.xlsx_temp_1782425623 (application/vnd.google-apps.spreadsheet)
2026-06-30 23:07:46 [INFO]   找到檔案：排班統計表20260626-台北.xlsx_temp_1782425615 (application/vnd.google-apps.spreadsheet)
2026-06-30 23:07:46 [INFO]   找到檔案：排班統計表20260726-台中.xlsx (application/vnd.openxmlformats-officedocument.spreadsheetml.sheet)
2026-06-30 23:07:46 [INFO]   找到檔案：排班統計表20260626-台中.xlsx (application/vnd.openxmlformats-officedocument.spreadsheetml.sheet)
2026-06-30 23:07:46 [INFO]   找到檔案：排班統計表20260726-台北.xlsx (application/vnd.openxmlformats-officedocument.spreadsheetml.sheet)
2026-06-30 23:07:46 [INFO]   找到檔案：排班統計表20260626-台北.xlsx (application/vnd.openxmlformats-officedocument.spreadsheetml.sheet)
2026-06-30 23:07:46 [INFO]   找到檔案：排班統計表20260725-台中 (application/vnd.google-apps.spreadsheet)
2026-06-30 23:07:46 [INFO]   找到檔案：排班統計表20260625-台中 (application/vnd.google-apps.spreadsheet)
2026-06-30 23:07:46 [INFO]   找到檔案：排班統計表20260725-台北 (application/vnd.google-apps.spreadsheet)
2026-06-30 23:07:46 [INFO]   找到檔案：排班統計表20260625-台北 (application/vnd.google-apps.spreadsheet)
2026-06-30 23:07:46 [INFO]   找到檔案：排班統計表20260725-台中.xlsx_temp_1782338729 (application/vnd.google-apps.spreadsheet)
2026-06-30 23:07:46 [INFO]   找到檔案：排班統計表20260625-台中.xlsx_temp_1782338711 (application/vnd.google-apps.spreadsheet)
2026-06-30 23:07:46 [INFO]   找到檔案：排班統計表20260725-台北.xlsx_temp_1782338704 (application/vnd.google-apps.spreadsheet)
2026-06-30 23:07:46 [INFO]   找到檔案：排班統計表20260625-台北.xlsx_temp_1782338687 (application/vnd.google-apps.spreadsheet)
2026-06-30 23:07:46 [INFO]   找到檔案：排班統計表20260725-台中.xlsx (application/vnd.openxmlformats-officedocument.spreadsheetml.sheet)
2026-06-30 23:07:46 [INFO]   找到檔案：排班統計表20260625-台中.xlsx (application/vnd.openxmlformats-officedocument.spreadsheetml.sheet)
2026-06-30 23:07:46 [INFO]   找到檔案：排班統計表20260725-台北.xlsx (application/vnd.openxmlformats-officedocument.spreadsheetml.sheet)
2026-06-30 23:07:46 [INFO]   找到檔案：排班統計表20260625-台北.xlsx (application/vnd.openxmlformats-officedocument.spreadsheetml.sheet)
2026-06-30 23:07:46 [INFO]   找到檔案：排班統計表20260724-台中 (application/vnd.google-apps.spreadsheet)
2026-06-30 23:07:46 [INFO]   找到檔案：排班統計表20260624-台中 (application/vnd.google-apps.spreadsheet)
2026-06-30 23:07:46 [INFO]   找到檔案：排班統計表20260724-台北 (application/vnd.google-apps.spreadsheet)
2026-06-30 23:07:46 [INFO]   找到檔案：排班統計表20260624-台北 (application/vnd.google-apps.spreadsheet)
2026-06-30 23:07:46 [INFO]   找到檔案：排班統計表20260724-台中.xlsx_temp_1782252415 (application/vnd.google-apps.spreadsheet)
2026-06-30 23:07:46 [INFO]   找到檔案：排班統計表20260624-台中.xlsx_temp_1782252407 (application/vnd.google-apps.spreadsheet)
2026-06-30 23:07:46 [INFO]   找到檔案：排班統計表20260724-台北.xlsx_temp_1782252397 (application/vnd.google-apps.spreadsheet)
2026-06-30 23:07:46 [INFO]   找到檔案：排班統計表20260624-台北.xlsx_temp_1782252386 (application/vnd.google-apps.spreadsheet)
2026-06-30 23:07:46 [INFO]   找到檔案：排班統計表20260724-台中.xlsx (application/vnd.openxmlformats-officedocument.spreadsheetml.sheet)
2026-06-30 23:07:46 [INFO]   找到檔案：排班統計表20260624-台中.xlsx (application/vnd.openxmlformats-officedocument.spreadsheetml.sheet)
2026-06-30 23:07:46 [INFO]   找到檔案：排班統計表20260724-台北.xlsx (application/vnd.openxmlformats-officedocument.spreadsheetml.sheet)
2026-06-30 23:07:46 [INFO]   找到檔案：排班統計表20260624-台北.xlsx (application/vnd.openxmlformats-officedocument.spreadsheetml.sheet)
2026-06-30 23:07:46 [INFO]   找到檔案：排班統計表20260723-台中 (application/vnd.google-apps.spreadsheet)
2026-06-30 23:07:46 [INFO]   找到檔案：排班統計表20260623-台中 (application/vnd.google-apps.spreadsheet)
2026-06-30 23:07:46 [INFO]   找到檔案：排班統計表20260723-台北 (application/vnd.google-apps.spreadsheet)
2026-06-30 23:07:46 [INFO]   找到檔案：排班統計表20260623-台北 (application/vnd.google-apps.spreadsheet)
2026-06-30 23:07:46 [INFO]   找到檔案：排班統計表20260723-台中.xlsx_temp_1782167357 (application/vnd.google-apps.spreadsheet)
2026-06-30 23:07:46 [INFO]   找到檔案：排班統計表20260623-台中.xlsx_temp_1782167350 (application/vnd.google-apps.spreadsheet)
2026-06-30 23:07:46 [INFO]   找到檔案：排班統計表20260723-台北.xlsx_temp_1782167342 (application/vnd.google-apps.spreadsheet)
2026-06-30 23:07:46 [INFO]   找到檔案：排班統計表20260623-台北.xlsx_temp_1782167323 (application/vnd.google-apps.spreadsheet)
2026-06-30 23:07:46 [INFO]   找到檔案：排班統計表20260723-台中.xlsx (application/vnd.openxmlformats-officedocument.spreadsheetml.sheet)
2026-06-30 23:07:46 [INFO]   找到檔案：排班統計表20260623-台中.xlsx (application/vnd.openxmlformats-officedocument.spreadsheetml.sheet)
2026-06-30 23:07:46 [INFO]   找到檔案：排班統計表20260723-台北.xlsx (application/vnd.openxmlformats-officedocument.spreadsheetml.sheet)
2026-06-30 23:07:46 [INFO]   找到檔案：排班統計表20260623-台北.xlsx (application/vnd.openxmlformats-officedocument.spreadsheetml.sheet)
2026-06-30 23:07:46 [INFO]   找到檔案：排班統計表20260722-台中 (application/vnd.google-apps.spreadsheet)
2026-06-30 23:07:46 [INFO]   找到檔案：排班統計表20260622-台中 (application/vnd.google-apps.spreadsheet)
2026-06-30 23:07:46 [INFO]   找到檔案：排班統計表20260722-台北 (application/vnd.google-apps.spreadsheet)
2026-06-30 23:07:46 [INFO]   找到檔案：排班統計表20260622-台北 (application/vnd.google-apps.spreadsheet)
2026-06-30 23:07:46 [INFO] 排班檔確認 OK：{'taipei_current': '排班統計表20260701-台北.xlsx', 'taipei_next': '排班統計表20260801-台北.xlsx', 'taichung_current': '排班統計表20260701-台中.xlsx', 'taichung_next': '排班統計表20260801-台中.xlsx'}
2026-06-30 23:07:46 [INFO]   匯入：排班統計表20260701-台北.xlsx
2026-06-30 23:07:46 [INFO]   xlsx → Google Sheets：排班統計表20260701-台北
2026-06-30 23:07:47 [WARNING] Encountered 403 Forbidden with reason "appNotAuthorizedToFile"
2026-06-30 23:07:48 [ERROR] Step 1 失敗：<HttpError 403 when requesting https://www.googleapis.com/drive/v3/files/165qIJGQMZm7is0RztUHmIT-8EsKKvu2tdQlhX1Fhjo4?supportsAllDrives=true returned "The user has not granted the app 1042663213860 write access to the file 165qIJGQMZm7is0RztUHmIT-8EsKKvu2tdQlhX1Fhjo4.". Details: "[{'message': 'The user has not granted the app 1042663213860 write access to the file 165qIJGQMZm7is0RztUHmIT-8EsKKvu2tdQlhX1Fhjo4.', 'domain': 'global', 'reason': 'appNotAuthorizedToFile', 'location': 'Authorization', 'locationType': 'header'}]">
2026-06-30 23:07:49 [ERROR] 執行結束（有失敗）：['Step 1: <HttpError 403 when requesting https://www.googleapis.com/drive/v3/files/165qIJGQMZm7is0RztUHmIT-8EsKKvu2tdQlhX1Fhjo4?supportsAllDrives=true returned "The user has not granted the app 1042663213860 write access to the file 165qIJGQMZm7is0RztUHmIT-8EsKKvu2tdQlhX1Fhjo4.". Details: "[{\'message\': \'The user has not granted the app 1042663213860 write access to the file 165qIJGQMZm7is0RztUHmIT-8EsKKvu2tdQlhX1Fhjo4.\', \'domain\': \'global\', \'reason\': \'appNotAuthorizedToFile\', \'location\': \'Authorization\', \'locationType\': \'header\'}]">']
