[config] spreadsheet_id='1nNAXy6rvBnGR8ACnqKKzKNA4-UwZtZp47i806EPmR_8'
2026-06-06 22:59:58 [INFO] 目標試算表 ID 來源：主控試算表系統設定
2026-06-06 22:59:58 [INFO] === 客服排程系統 run_id=7c9deeef step=1 台北時間=2026-06-07 06:59:56 ===
2026-06-06 22:59:58 [INFO] file_cache is only supported with oauth2client<4.0.0
2026-06-06 23:00:06 [INFO] --- Step1_更新排班統計表 ---
2026-06-06 23:00:07 [INFO] file_cache is only supported with oauth2client<4.0.0
2026-06-06 23:00:07 [INFO] Drive 資料夾找到 73 個檔案
2026-06-06 23:00:07 [INFO]   找到檔案：排班統計表20260707-台中.xlsx_temp_1780782815 (application/vnd.google-apps.spreadsheet)
2026-06-06 23:00:07 [INFO]   找到檔案：排班統計表20260607-台中.xlsx_temp_1780782807 (application/vnd.google-apps.spreadsheet)
2026-06-06 23:00:07 [INFO]   找到檔案：排班統計表20260707-台北.xlsx_temp_1780782801 (application/vnd.google-apps.spreadsheet)
2026-06-06 23:00:07 [INFO]   找到檔案：排班統計表20260607-台北.xlsx_temp_1780782783 (application/vnd.google-apps.spreadsheet)
2026-06-06 23:00:07 [INFO]   找到檔案：排班統計表20260707-台中.xlsx (application/vnd.openxmlformats-officedocument.spreadsheetml.sheet)
2026-06-06 23:00:07 [INFO]   找到檔案：排班統計表20260607-台中.xlsx (application/vnd.openxmlformats-officedocument.spreadsheetml.sheet)
2026-06-06 23:00:07 [INFO]   找到檔案：排班統計表20260707-台北.xlsx (application/vnd.openxmlformats-officedocument.spreadsheetml.sheet)
2026-06-06 23:00:07 [INFO]   找到檔案：排班統計表20260607-台北.xlsx (application/vnd.openxmlformats-officedocument.spreadsheetml.sheet)
2026-06-06 23:00:07 [INFO]   找到檔案：排班統計表20260706-台中 (application/vnd.google-apps.spreadsheet)
2026-06-06 23:00:07 [INFO]   找到檔案：排班統計表20260606-台中 (application/vnd.google-apps.spreadsheet)
2026-06-06 23:00:07 [INFO]   找到檔案：排班統計表20260706-台北 (application/vnd.google-apps.spreadsheet)
2026-06-06 23:00:07 [INFO]   找到檔案：排班統計表20260606-台北 (application/vnd.google-apps.spreadsheet)
2026-06-06 23:00:07 [INFO]   找到檔案：排班統計表20260706-台中.xlsx_temp_1780697302 (application/vnd.google-apps.spreadsheet)
2026-06-06 23:00:07 [INFO]   找到檔案：排班統計表20260606-台中.xlsx_temp_1780697295 (application/vnd.google-apps.spreadsheet)
2026-06-06 23:00:07 [INFO]   找到檔案：排班統計表20260706-台北.xlsx_temp_1780697286 (application/vnd.google-apps.spreadsheet)
2026-06-06 23:00:07 [INFO]   找到檔案：排班統計表20260606-台北.xlsx_temp_1780697267 (application/vnd.google-apps.spreadsheet)
2026-06-06 23:00:07 [INFO]   找到檔案：排班統計表20260706-台中.xlsx (application/vnd.openxmlformats-officedocument.spreadsheetml.sheet)
2026-06-06 23:00:07 [INFO]   找到檔案：排班統計表20260606-台中.xlsx (application/vnd.openxmlformats-officedocument.spreadsheetml.sheet)
2026-06-06 23:00:07 [INFO]   找到檔案：排班統計表20260706-台北.xlsx (application/vnd.openxmlformats-officedocument.spreadsheetml.sheet)
2026-06-06 23:00:07 [INFO]   找到檔案：排班統計表20260606-台北.xlsx (application/vnd.openxmlformats-officedocument.spreadsheetml.sheet)
2026-06-06 23:00:07 [INFO]   找到檔案：排班統計表20260705-台中 (application/vnd.google-apps.spreadsheet)
2026-06-06 23:00:07 [INFO]   找到檔案：排班統計表20260605-台中 (application/vnd.google-apps.spreadsheet)
2026-06-06 23:00:07 [INFO]   找到檔案：排班統計表20260705-台北 (application/vnd.google-apps.spreadsheet)
2026-06-06 23:00:07 [INFO]   找到檔案：排班統計表20260605-台北 (application/vnd.google-apps.spreadsheet)
2026-06-06 23:00:07 [INFO]   找到檔案：排班統計表20260705-台中.xlsx_temp_1780611368 (application/vnd.google-apps.spreadsheet)
2026-06-06 23:00:07 [INFO]   找到檔案：排班統計表20260605-台中.xlsx_temp_1780611359 (application/vnd.google-apps.spreadsheet)
2026-06-06 23:00:07 [INFO]   找到檔案：排班統計表20260705-台北.xlsx_temp_1780611350 (application/vnd.google-apps.spreadsheet)
2026-06-06 23:00:07 [INFO]   找到檔案：排班統計表20260605-台北.xlsx_temp_1780611340 (application/vnd.google-apps.spreadsheet)
2026-06-06 23:00:07 [INFO]   找到檔案：排班統計表20260705-台中.xlsx (application/vnd.openxmlformats-officedocument.spreadsheetml.sheet)
2026-06-06 23:00:07 [INFO]   找到檔案：排班統計表20260605-台中.xlsx (application/vnd.openxmlformats-officedocument.spreadsheetml.sheet)
2026-06-06 23:00:07 [INFO]   找到檔案：排班統計表20260705-台北.xlsx (application/vnd.openxmlformats-officedocument.spreadsheetml.sheet)
2026-06-06 23:00:07 [INFO]   找到檔案：排班統計表20260605-台北.xlsx (application/vnd.openxmlformats-officedocument.spreadsheetml.sheet)
2026-06-06 23:00:07 [INFO]   找到檔案：排班統計表20260704-台中 (application/vnd.google-apps.spreadsheet)
2026-06-06 23:00:07 [INFO]   找到檔案：排班統計表20260604-台中 (application/vnd.google-apps.spreadsheet)
2026-06-06 23:00:07 [INFO]   找到檔案：排班統計表20260704-台北 (application/vnd.google-apps.spreadsheet)
2026-06-06 23:00:07 [INFO]   找到檔案：排班統計表20260604-台北 (application/vnd.google-apps.spreadsheet)
2026-06-06 23:00:07 [INFO]   找到檔案：排班統計表20260704-台中.xlsx (application/vnd.openxmlformats-officedocument.spreadsheetml.sheet)
2026-06-06 23:00:07 [INFO]   找到檔案：排班統計表20260604-台中.xlsx (application/vnd.openxmlformats-officedocument.spreadsheetml.sheet)
2026-06-06 23:00:07 [INFO]   找到檔案：排班統計表20260704-台北.xlsx (application/vnd.openxmlformats-officedocument.spreadsheetml.sheet)
2026-06-06 23:00:07 [INFO]   找到檔案：排班統計表20260604-台北.xlsx (application/vnd.openxmlformats-officedocument.spreadsheetml.sheet)
2026-06-06 23:00:07 [INFO]   找到檔案：排班統計表20260703-台中 (application/vnd.google-apps.spreadsheet)
2026-06-06 23:00:07 [INFO]   找到檔案：排班統計表20260703-台中 (application/vnd.google-apps.spreadsheet)
2026-06-06 23:00:07 [INFO]   找到檔案：排班統計表20260603-台中 (application/vnd.google-apps.spreadsheet)
2026-06-06 23:00:07 [INFO]   找到檔案：排班統計表20260603-台中 (application/vnd.google-apps.spreadsheet)
2026-06-06 23:00:07 [INFO]   找到檔案：排班統計表20260703-台北 (application/vnd.google-apps.spreadsheet)
2026-06-06 23:00:07 [INFO]   找到檔案：排班統計表20260703-台北 (application/vnd.google-apps.spreadsheet)
2026-06-06 23:00:07 [INFO]   找到檔案：排班統計表20260603-台北 (application/vnd.google-apps.spreadsheet)
2026-06-06 23:00:07 [INFO]   找到檔案：排班統計表20260703-台中.xlsx (application/vnd.openxmlformats-officedocument.spreadsheetml.sheet)
2026-06-06 23:00:07 [INFO]   找到檔案：排班統計表20260603-台中.xlsx (application/vnd.openxmlformats-officedocument.spreadsheetml.sheet)
2026-06-06 23:00:07 [INFO]   找到檔案：排班統計表20260703-台北.xlsx (application/vnd.openxmlformats-officedocument.spreadsheetml.sheet)
2026-06-06 23:00:07 [INFO]   找到檔案：排班統計表20260603-台北.xlsx (application/vnd.openxmlformats-officedocument.spreadsheetml.sheet)
2026-06-06 23:00:07 [INFO]   找到檔案：排班統計表20260703-台中.xlsx_temp_1780440836 (application/vnd.google-apps.spreadsheet)
2026-06-06 23:00:07 [INFO]   找到檔案：排班統計表20260603-台中.xlsx_temp_1780440827 (application/vnd.google-apps.spreadsheet)
2026-06-06 23:00:07 [INFO]   找到檔案：排班統計表20260703-台北.xlsx_temp_1780440820 (application/vnd.google-apps.spreadsheet)
2026-06-06 23:00:07 [INFO]   找到檔案：排班統計表20260603-台北.xlsx_temp_1780440801 (application/vnd.google-apps.spreadsheet)
2026-06-06 23:00:07 [INFO]   找到檔案：排班統計表20260702-台中.xlsx_temp_1780354512 (application/vnd.google-apps.spreadsheet)
2026-06-06 23:00:07 [INFO]   找到檔案：排班統計表20260602-台中.xlsx_temp_1780354504 (application/vnd.google-apps.spreadsheet)
2026-06-06 23:00:07 [INFO]   找到檔案：排班統計表20260702-台北.xlsx_temp_1780354496 (application/vnd.google-apps.spreadsheet)
2026-06-06 23:00:07 [INFO]   找到檔案：排班統計表20260602-台北.xlsx_temp_1780354477 (application/vnd.google-apps.spreadsheet)
2026-06-06 23:00:07 [INFO]   找到檔案：排班統計表20260702-台中.xlsx (application/vnd.openxmlformats-officedocument.spreadsheetml.sheet)
2026-06-06 23:00:07 [INFO]   找到檔案：排班統計表20260602-台中.xlsx (application/vnd.openxmlformats-officedocument.spreadsheetml.sheet)
2026-06-06 23:00:07 [INFO]   找到檔案：排班統計表20260702-台北.xlsx (application/vnd.openxmlformats-officedocument.spreadsheetml.sheet)
2026-06-06 23:00:07 [INFO]   找到檔案：排班統計表20260602-台北.xlsx (application/vnd.openxmlformats-officedocument.spreadsheetml.sheet)
2026-06-06 23:00:07 [INFO]   找到檔案：排班統計表20260701-台中 (application/vnd.google-apps.spreadsheet)
2026-06-06 23:00:07 [INFO]   找到檔案：排班統計表20260601-台中 (application/vnd.google-apps.spreadsheet)
2026-06-06 23:00:07 [INFO]   找到檔案：排班統計表20260601-台北 (application/vnd.google-apps.spreadsheet)
2026-06-06 23:00:07 [INFO]   找到檔案：排班統計表20260701-台北 (application/vnd.google-apps.spreadsheet)
2026-06-06 23:00:07 [INFO]   找到檔案：排班統計表20260631-台中.xlsx (application/vnd.openxmlformats-officedocument.spreadsheetml.sheet)
2026-06-06 23:00:07 [INFO]   找到檔案：排班統計表20260531-台中.xlsx (application/vnd.openxmlformats-officedocument.spreadsheetml.sheet)
2026-06-06 23:00:07 [INFO]   找到檔案：排班統計表20260631-台北.xlsx (application/vnd.openxmlformats-officedocument.spreadsheetml.sheet)
2026-06-06 23:00:07 [INFO]   找到檔案：排班統計表20260531-台北.xlsx (application/vnd.openxmlformats-officedocument.spreadsheetml.sheet)
2026-06-06 23:00:07 [INFO]   找到檔案：排班統計表20260602-台中.xlsx (application/vnd.openxmlformats-officedocument.spreadsheetml.sheet)
2026-06-06 23:00:07 [INFO]   找到檔案：排班統計表20260602-台北.xlsx (application/vnd.openxmlformats-officedocument.spreadsheetml.sheet)
2026-06-06 23:00:07 [INFO] 排班檔確認 OK：{'taipei_current': '排班統計表20260607-台北.xlsx', 'taipei_next': '排班統計表20260707-台北.xlsx', 'taichung_current': '排班統計表20260607-台中.xlsx', 'taichung_next': '排班統計表20260707-台中.xlsx'}
2026-06-06 23:00:08 [INFO]   匯入：排班統計表20260607-台北.xlsx
2026-06-06 23:00:08 [INFO]   xlsx → Google Sheets：排班統計表20260607-台北
2026-06-06 23:00:08 [INFO] file_cache is only supported with oauth2client<4.0.0
2026-06-06 23:00:14 [INFO]   轉換完成，新 Google Sheets ID：1Chn5Fs06khG7WtHYrj0-kx-ltmdq-QeGCYhcE5e-bpo
2026-06-06 23:00:15 [INFO]   → 寫入 79 列（起始 R3C7）
2026-06-06 23:00:15 [INFO]   匯入：排班統計表20260707-台北.xlsx
2026-06-06 23:00:15 [INFO]   xlsx → Google Sheets：排班統計表20260707-台北
2026-06-06 23:00:15 [INFO] file_cache is only supported with oauth2client<4.0.0
2026-06-06 23:00:20 [INFO]   轉換完成，新 Google Sheets ID：1bG9zi7uNFomKDieZFv5m5m6XFwQWaryf2X_3NIPdPYI
2026-06-06 23:00:21 [INFO]   → 寫入 56 列（起始 R3C22）
2026-06-06 23:00:21 [INFO]   匯入：排班統計表20260607-台中.xlsx
2026-06-06 23:00:21 [INFO]   xlsx → Google Sheets：排班統計表20260607-台中
2026-06-06 23:00:21 [INFO] file_cache is only supported with oauth2client<4.0.0
2026-06-06 23:00:25 [INFO]   轉換完成，新 Google Sheets ID：1gJS1cpr6oaVPxEn8m5GQvRfjbD8Jo0OUQsM4HlRFYOk
2026-06-06 23:00:26 [INFO]   → 寫入 17 列（起始 R3C82）
2026-06-06 23:00:26 [INFO]   匯入：排班統計表20260707-台中.xlsx
2026-06-06 23:00:26 [INFO]   xlsx → Google Sheets：排班統計表20260707-台中
2026-06-06 23:00:26 [INFO] file_cache is only supported with oauth2client<4.0.0
2026-06-06 23:00:31 [INFO]   轉換完成，新 Google Sheets ID：1InCyJijNPTNEMbCYxCXgjoTxOOMq7ppn0sawJYiGWjA
2026-06-06 23:00:33 [INFO]   → 寫入 8 列（起始 R3C97）
2026-06-06 23:00:34 [INFO] Step 1 完成（27.1s）
2026-06-06 23:00:35 [INFO] === 全部完成 run_id=7c9deeef（28.0s）===
