⚠️ 找不到 tools.common.log_to_sheet，略過打卡
開始執行：當月次月訂單
Command: /opt/hostedtoolcache/Python/3.11.15/x64/bin/python -u /home/runner/work/tool-system/tool-system/tools/scheduled_daily/orders_report.py --folder-id 0AK9RcXu_35GZUk9PVA
[2026-05-20 17:19:31] ====================================================
[2026-05-20 17:19:31] orders_report.py 開始執行
[2026-05-20 17:19:31] GITHUB_ACTIONS = true
[2026-05-20 17:19:31] PWD = /home/runner/work/tool-system/tool-system
[2026-05-20 17:19:31] LOCAL_OUTPUT_DIR = /Users/jenny/Library/CloudStorage/GoogleDrive-jenny@lemonclean.com.tw/我的雲端硬碟/lemon_Jenny/Jenny@lemon程式/訂單資料
[2026-05-20 17:19:31] LOCAL_OUTPUT_DIR exists = False
[2026-05-20 17:19:31] can_use_local_output_dir = False
[2026-05-20 17:19:31] root folder_id = 0AK9RcXu_35GZUk9PVA
[2026-05-20 17:19:31] ====================================================
[2026-05-20 17:19:31] Google Drive 初始化成功
[2026-05-20 17:19:31] 📁 使用既有資料夾：訂單資料
[2026-05-20 17:19:31] 服務日期：2026-05-01 ~ 2026-06-30
[2026-05-20 17:19:31] file_date = 20260520
[2026-05-20 17:19:31] 訂單資料 folder_id = 1QnOJzn-xmZ_oAMoiM6Qnfk3Y2CWuM1c4
[2026-05-20 17:19:31] 帳號數量 = 2
[2026-05-20 17:19:31] 
[2026-05-20 17:19:31] === 開始處理 台北 ===
[2026-05-20 17:19:31] 開始登入：jenny@lemonclean.com.tw
[2026-05-20 17:19:33] 登入成功：jenny@lemonclean.com.tw
[2026-05-20 17:19:33] 開始下載：city=台北 / export_url=https://backend.lemonclean.com.tw/purchase/export_order?clean_date_s=2026-05-01&clean_date_e=2026-06-30&purchase_status=1
[2026-05-20 17:19:46] ✅ 已下載到暫存：/tmp/tmpf_yjja5p/20260520訂單-台北.xls
[2026-05-20 17:19:46] 📦 檔案大小：1779712 bytes
[2026-05-20 17:19:46] 📂 暫存目錄存在：True
[2026-05-20 17:19:46] 📄 暫存檔案存在：True
[2026-05-20 17:19:46] 目前不是 Jenny 本機環境，略過本機存檔
[2026-05-20 17:19:46] Google Drive 初始化成功
[2026-05-20 17:19:46] 準備上傳到 Google Drive：20260520訂單-台北.xls
[2026-05-20 17:19:50] ♻️ 已覆蓋舊檔：20260520訂單-台北.xls (file_id=1JnRTDbje4f6sUN2PWSzHLt79MNTLckDC) https://docs.google.com/spreadsheets/d/1JnRTDbje4f6sUN2PWSzHLt79MNTLckDC/edit?usp=drivesdk&ouid=110593598144549238039&rtpof=true&sd=true
[2026-05-20 17:19:50] ✅ 完成處理：20260520訂單-台北.xls
[2026-05-20 17:19:50] ✅ 台北 完成
[2026-05-20 17:19:50] 
[2026-05-20 17:19:50] === 開始處理 台中 ===
[2026-05-20 17:19:50] 開始登入：jenny.tc@lemonclean.com.tw
[2026-05-20 17:19:50] 登入成功：jenny.tc@lemonclean.com.tw
[2026-05-20 17:19:50] 開始下載：city=台中 / export_url=https://backend.lemonclean.com.tw/purchase/export_order?clean_date_s=2026-05-01&clean_date_e=2026-06-30&purchase_status=1
[2026-05-20 17:19:52] ✅ 已下載到暫存：/tmp/tmpperbirc1/20260520訂單-台中.xls
[2026-05-20 17:19:52] 📦 檔案大小：163840 bytes
[2026-05-20 17:19:52] 📂 暫存目錄存在：True
[2026-05-20 17:19:52] 📄 暫存檔案存在：True
[2026-05-20 17:19:52] 目前不是 Jenny 本機環境，略過本機存檔
[2026-05-20 17:19:52] Google Drive 初始化成功
[2026-05-20 17:19:52] 準備上傳到 Google Drive：20260520訂單-台中.xls
[2026-05-20 17:19:55] ♻️ 已覆蓋舊檔：20260520訂單-台中.xls (file_id=1ADtVXaayzhqG2r68nwS-zhX-ktxkIZTH) https://docs.google.com/spreadsheets/d/1ADtVXaayzhqG2r68nwS-zhX-ktxkIZTH/edit?usp=drivesdk&ouid=110593598144549238039&rtpof=true&sd=true
[2026-05-20 17:19:55] ✅ 完成處理：20260520訂單-台中.xls
[2026-05-20 17:19:55] ✅ 台中 完成
[2026-05-20 17:19:55] 🎉 orders_report.py 全部完成

⚠️ 找不到 tools.common.log_to_sheet，略過打卡
完成執行：當月次月訂單
scheduled_daily scheduler 全部完成
