⚠️ 找不到 tools.common.log_to_sheet，略過打卡
開始執行：排班統計表
Command: /opt/hostedtoolcache/Python/3.11.15/x64/bin/python -u /home/runner/work/tool-system/tool-system/tools/scheduled_daily/schedule_report.py --folder-id 0AK9RcXu_35GZUk9PVA
[2026-05-20 17:18:49] ====================================================
[2026-05-20 17:18:49] schedule_report.py 開始執行
[2026-05-20 17:18:49] GITHUB_ACTIONS = true
[2026-05-20 17:18:49] PWD = /home/runner/work/tool-system/tool-system
[2026-05-20 17:18:49] LOCAL_OUTPUT_DIR = /Users/jenny/Library/CloudStorage/GoogleDrive-jenny@lemonclean.com.tw/.shortcut-targets-by-id/1zbu45AG1adMzz24HPdi_tLfh2Tncw_Br/排班統計表
[2026-05-20 17:18:49] LOCAL_OUTPUT_DIR exists = False
[2026-05-20 17:18:49] can_use_local_output_dir = False
[2026-05-20 17:18:49] root folder_id = 0AK9RcXu_35GZUk9PVA
[2026-05-20 17:18:49] ====================================================
[2026-05-20 17:18:49] Google Drive 初始化成功
[2026-05-20 17:18:49] 📁 使用既有資料夾：排班統計表
[2026-05-20 17:18:49] this_month = 2026-05
[2026-05-20 17:18:49] next_month = 2026-06
[2026-05-20 17:18:49] today_stamp = 20260520
[2026-05-20 17:18:49] next_month_stamp = 20260620
[2026-05-20 17:18:49] 排班統計表 folder_id = 1V0IjoJqHlnkGb3Oq70Cil63pQ9j8r2Xv
[2026-05-20 17:18:49] 帳號數量 = 2
[2026-05-20 17:18:49] 
[2026-05-20 17:18:49] === 開始處理 台北 ===
[2026-05-20 17:18:49] 開始登入：jenny@lemonclean.com.tw
[2026-05-20 17:18:52] 登入成功：jenny@lemonclean.com.tw
[2026-05-20 17:18:52] 開始下載：month=2026-05 / filename=排班統計表20260520-台北.xlsx
[2026-05-20 17:18:53] ✅ 已下載到暫存：/tmp/tmpmps7s2ky/排班統計表20260520-台北.xlsx
[2026-05-20 17:18:53] 📦 檔案大小：18432 bytes
[2026-05-20 17:18:53] 📂 暫存目錄存在：True
[2026-05-20 17:18:53] 📄 暫存檔案存在：True
[2026-05-20 17:18:53] 目前不是 Jenny 本機環境，略過本機存檔
[2026-05-20 17:18:53] Google Drive 初始化成功
[2026-05-20 17:18:53] 準備上傳到 Google Drive：排班統計表20260520-台北.xlsx
[2026-05-20 17:18:56] ♻️ 已覆蓋舊檔：排班統計表20260520-台北.xlsx (file_id=1Ht4uzhCg3wWJjeiBYnXJ48JhVAbkEv0h) https://docs.google.com/spreadsheets/d/1Ht4uzhCg3wWJjeiBYnXJ48JhVAbkEv0h/edit?usp=drivesdk&ouid=110593598144549238039&rtpof=true&sd=true
[2026-05-20 17:18:56] ✅ 完成處理：排班統計表20260520-台北.xlsx
[2026-05-20 17:18:56] 開始下載：month=2026-06 / filename=排班統計表20260620-台北.xlsx
[2026-05-20 17:18:57] ✅ 已下載到暫存：/tmp/tmpe2s__yxi/排班統計表20260620-台北.xlsx
[2026-05-20 17:18:57] 📦 檔案大小：14336 bytes
[2026-05-20 17:18:57] 📂 暫存目錄存在：True
[2026-05-20 17:18:57] 📄 暫存檔案存在：True
[2026-05-20 17:18:57] 目前不是 Jenny 本機環境，略過本機存檔
[2026-05-20 17:18:57] Google Drive 初始化成功
[2026-05-20 17:18:57] 準備上傳到 Google Drive：排班統計表20260620-台北.xlsx
[2026-05-20 17:18:59] ♻️ 已覆蓋舊檔：排班統計表20260620-台北.xlsx (file_id=1YMLc7dgbgEgkV3huCCmRrgAU06bCn7Hp) https://docs.google.com/spreadsheets/d/1YMLc7dgbgEgkV3huCCmRrgAU06bCn7Hp/edit?usp=drivesdk&ouid=110593598144549238039&rtpof=true&sd=true
[2026-05-20 17:18:59] ✅ 完成處理：排班統計表20260620-台北.xlsx
[2026-05-20 17:18:59] ✅ 台北 全部完成
[2026-05-20 17:18:59] 
[2026-05-20 17:18:59] === 開始處理 台中 ===
[2026-05-20 17:18:59] 開始登入：jenny.tc@lemonclean.com.tw
[2026-05-20 17:19:01] 登入成功：jenny.tc@lemonclean.com.tw
[2026-05-20 17:19:01] 開始下載：month=2026-05 / filename=排班統計表20260520-台中.xlsx
[2026-05-20 17:19:01] ✅ 已下載到暫存：/tmp/tmp3p802mza/排班統計表20260520-台中.xlsx
[2026-05-20 17:19:01] 📦 檔案大小：7168 bytes
[2026-05-20 17:19:01] 📂 暫存目錄存在：True
[2026-05-20 17:19:01] 📄 暫存檔案存在：True
[2026-05-20 17:19:01] 目前不是 Jenny 本機環境，略過本機存檔
[2026-05-20 17:19:01] Google Drive 初始化成功
[2026-05-20 17:19:01] 準備上傳到 Google Drive：排班統計表20260520-台中.xlsx
[2026-05-20 17:19:03] ♻️ 已覆蓋舊檔：排班統計表20260520-台中.xlsx (file_id=1FS64cbkqceGci11NH4PQsMMjfwsVZJtF) https://docs.google.com/spreadsheets/d/1FS64cbkqceGci11NH4PQsMMjfwsVZJtF/edit?usp=drivesdk&ouid=110593598144549238039&rtpof=true&sd=true
[2026-05-20 17:19:03] ✅ 完成處理：排班統計表20260520-台中.xlsx
[2026-05-20 17:19:03] 開始下載：month=2026-06 / filename=排班統計表20260620-台中.xlsx
[2026-05-20 17:19:04] ✅ 已下載到暫存：/tmp/tmp45irpi_l/排班統計表20260620-台中.xlsx
[2026-05-20 17:19:04] 📦 檔案大小：6144 bytes
[2026-05-20 17:19:04] 📂 暫存目錄存在：True
[2026-05-20 17:19:04] 📄 暫存檔案存在：True
[2026-05-20 17:19:04] 目前不是 Jenny 本機環境，略過本機存檔
[2026-05-20 17:19:04] Google Drive 初始化成功
[2026-05-20 17:19:04] 準備上傳到 Google Drive：排班統計表20260620-台中.xlsx
[2026-05-20 17:19:06] ♻️ 已覆蓋舊檔：排班統計表20260620-台中.xlsx (file_id=1ggMUDMgrYe3kIwsyu6ozKhcVyQRHknhW) https://docs.google.com/spreadsheets/d/1ggMUDMgrYe3kIwsyu6ozKhcVyQRHknhW/edit?usp=drivesdk&ouid=110593598144549238039&rtpof=true&sd=true
[2026-05-20 17:19:06] ✅ 完成處理：排班統計表20260620-台中.xlsx
[2026-05-20 17:19:06] ✅ 台中 全部完成
[2026-05-20 17:19:06] 🎉 schedule_report.py 全部完成

⚠️ 找不到 tools.common.log_to_sheet，略過打卡
完成執行：排班統計表
scheduled_daily scheduler 全部完成
