⚠️ 找不到 tools.common.log_to_sheet，略過打卡
開始執行：專員班表
Command: /opt/hostedtoolcache/Python/3.11.15/x64/bin/python -u /home/runner/work/tool-system/tool-system/tools/scheduled_daily/staff_schedule.py --folder-id 0AK9RcXu_35GZUk9PVA
[2026-05-20 17:19:07] ====================================================
[2026-05-20 17:19:07] staff_schedule.py 開始執行
[2026-05-20 17:19:07] GITHUB_ACTIONS = true
[2026-05-20 17:19:07] PWD = /home/runner/work/tool-system/tool-system
[2026-05-20 17:19:07] LOCAL_OUTPUT_DIR = /Users/jenny/Library/CloudStorage/GoogleDrive-jenny@lemonclean.com.tw/我的雲端硬碟/lemon_Jenny/Jenny@lemon程式/專員班表
[2026-05-20 17:19:07] LOCAL_OUTPUT_DIR exists = False
[2026-05-20 17:19:07] can_use_local_output_dir = False
[2026-05-20 17:19:07] root folder_id = 0AK9RcXu_35GZUk9PVA
[2026-05-20 17:19:07] ====================================================
[2026-05-20 17:19:07] Google Drive 初始化成功
[2026-05-20 17:19:07] 📁 使用既有資料夾：專員班表
[2026-05-20 17:19:07] this_month = 2026-05
[2026-05-20 17:19:07] next_month = 2026-06
[2026-05-20 17:19:07] this_date = 20260520
[2026-05-20 17:19:07] next_date = 20260620
[2026-05-20 17:19:07] 專員班表 folder_id = 10__ajnbpu2oabAVUG_u3RAHK2a2vcgj2
[2026-05-20 17:19:07] 帳號數量 = 2
[2026-05-20 17:19:07] 
[2026-05-20 17:19:07] === 開始處理 台北 ===
[2026-05-20 17:19:07] 開始登入：jenny@lemonclean.com.tw
[2026-05-20 17:19:08] 登入成功：jenny@lemonclean.com.tw
[2026-05-20 17:19:08] 開始下載：city=台北 / month=2026-05 / filename=20260520專員班表-台北.xls
[2026-05-20 17:19:13] ✅ 已下載到暫存：/tmp/tmpx6jzsg53/20260520專員班表-台北.xls
[2026-05-20 17:19:13] 📦 檔案大小：141312 bytes
[2026-05-20 17:19:13] 📂 暫存目錄存在：True
[2026-05-20 17:19:13] 📄 暫存檔案存在：True
[2026-05-20 17:19:13] 目前不是 Jenny 本機環境，略過本機存檔
[2026-05-20 17:19:13] Google Drive 初始化成功
[2026-05-20 17:19:13] 準備上傳到 Google Drive：20260520專員班表-台北.xls
[2026-05-20 17:19:15] ♻️ 已覆蓋舊檔：20260520專員班表-台北.xls (file_id=1i1cvGetwc4YftWx85M4CCboJjC7Ychq_) https://docs.google.com/spreadsheets/d/1i1cvGetwc4YftWx85M4CCboJjC7Ychq_/edit?usp=drivesdk&ouid=110593598144549238039&rtpof=true&sd=true
[2026-05-20 17:19:15] ✅ 完成處理：20260520專員班表-台北.xls
[2026-05-20 17:19:15] 開始下載：city=台北 / month=2026-06 / filename=20260620專員班表-台北.xls
[2026-05-20 17:19:19] ✅ 已下載到暫存：/tmp/tmpsl6xq1ry/20260620專員班表-台北.xls
[2026-05-20 17:19:19] 📦 檔案大小：94208 bytes
[2026-05-20 17:19:19] 📂 暫存目錄存在：True
[2026-05-20 17:19:19] 📄 暫存檔案存在：True
[2026-05-20 17:19:19] 目前不是 Jenny 本機環境，略過本機存檔
[2026-05-20 17:19:19] Google Drive 初始化成功
[2026-05-20 17:19:19] 準備上傳到 Google Drive：20260620專員班表-台北.xls
[2026-05-20 17:19:22] ♻️ 已覆蓋舊檔：20260620專員班表-台北.xls (file_id=1BOYhVDATDFSWNW5IcMYUmS_Wm14BJ_Pw) https://docs.google.com/spreadsheets/d/1BOYhVDATDFSWNW5IcMYUmS_Wm14BJ_Pw/edit?usp=drivesdk&ouid=110593598144549238039&rtpof=true&sd=true
[2026-05-20 17:19:22] ✅ 完成處理：20260620專員班表-台北.xls
[2026-05-20 17:19:22] ✅ 台北 全部完成
[2026-05-20 17:19:22] 
[2026-05-20 17:19:22] === 開始處理 台中 ===
[2026-05-20 17:19:22] 開始登入：jenny.tc@lemonclean.com.tw
[2026-05-20 17:19:23] 登入成功：jenny.tc@lemonclean.com.tw
[2026-05-20 17:19:23] 開始下載：city=台中 / month=2026-05 / filename=20260520專員班表-台中.xls
[2026-05-20 17:19:24] ✅ 已下載到暫存：/tmp/tmpprldf_2i/20260520專員班表-台中.xls
[2026-05-20 17:19:24] 📦 檔案大小：20480 bytes
[2026-05-20 17:19:24] 📂 暫存目錄存在：True
[2026-05-20 17:19:24] 📄 暫存檔案存在：True
[2026-05-20 17:19:24] 目前不是 Jenny 本機環境，略過本機存檔
[2026-05-20 17:19:24] Google Drive 初始化成功
[2026-05-20 17:19:24] 準備上傳到 Google Drive：20260520專員班表-台中.xls
[2026-05-20 17:19:27] ♻️ 已覆蓋舊檔：20260520專員班表-台中.xls (file_id=1NihURfkKzxrmpc-Ag0ZhYpN7c-SmMz_R) https://docs.google.com/spreadsheets/d/1NihURfkKzxrmpc-Ag0ZhYpN7c-SmMz_R/edit?usp=drivesdk&ouid=110593598144549238039&rtpof=true&sd=true
[2026-05-20 17:19:27] ✅ 完成處理：20260520專員班表-台中.xls
[2026-05-20 17:19:27] 開始下載：city=台中 / month=2026-06 / filename=20260620專員班表-台中.xls
[2026-05-20 17:19:28] ✅ 已下載到暫存：/tmp/tmpea1wpker/20260620專員班表-台中.xls
[2026-05-20 17:19:28] 📦 檔案大小：22528 bytes
[2026-05-20 17:19:28] 📂 暫存目錄存在：True
[2026-05-20 17:19:28] 📄 暫存檔案存在：True
[2026-05-20 17:19:28] 目前不是 Jenny 本機環境，略過本機存檔
[2026-05-20 17:19:28] Google Drive 初始化成功
[2026-05-20 17:19:28] 準備上傳到 Google Drive：20260620專員班表-台中.xls
[2026-05-20 17:19:30] ♻️ 已覆蓋舊檔：20260620專員班表-台中.xls (file_id=1leICCDLpVfMu0eB7Y3JpoPg1_mST-ID7) https://docs.google.com/spreadsheets/d/1leICCDLpVfMu0eB7Y3JpoPg1_mST-ID7/edit?usp=drivesdk&ouid=110593598144549238039&rtpof=true&sd=true
[2026-05-20 17:19:30] ✅ 完成處理：20260620專員班表-台中.xls
[2026-05-20 17:19:30] ✅ 台中 全部完成
[2026-05-20 17:19:30] 🎉 staff_schedule.py 全部完成

⚠️ 找不到 tools.common.log_to_sheet，略過打卡
完成執行：專員班表
scheduled_daily scheduler 全部完成
