[2026-05-21 06:26:38] 🔥 開始業績報表
[2026-05-21 06:26:38] ===== 台北 =====
[2026-05-21 06:26:40] ✅ 登入成功：jenny@lemonclean.com.tw
[2026-05-21 06:26:40] 抓取：city=台北 month=本月 status=1 kw= url=https://backend.lemonclean.com.tw/purchase?keyword=&name=&phone=&orderNo=&date_s=&date_e=&clean_date_s=2026-05-01&clean_date_e=2026-05-31&paid_at_s=&paid_at_e=&refundDateS=&refundDateE=&buy=&area_id=&isCharge=&isRefund=&p_board=on&payway=&purchase_status=1&progress_status=&invoiceStatus=&otherFee=&orderBy=
[2026-05-21 06:26:44] ✅ parse_html rows = 22
[2026-05-21 06:26:44] 抓取：city=台北 month=本月 status=0 kw= url=https://backend.lemonclean.com.tw/purchase?keyword=&name=&phone=&orderNo=&date_s=&date_e=&clean_date_s=2026-05-01&clean_date_e=2026-05-31&paid_at_s=&paid_at_e=&refundDateS=&refundDateE=&buy=&area_id=&isCharge=&isRefund=&p_board=on&payway=&purchase_status=0&progress_status=&invoiceStatus=&otherFee=&orderBy=
[2026-05-21 06:26:44] ✅ parse_html rows = 22
[2026-05-21 06:26:44] 抓取：city=台北 month=下月 status=1 kw= url=https://backend.lemonclean.com.tw/purchase?keyword=&name=&phone=&orderNo=&date_s=&date_e=&clean_date_s=2026-06-01&clean_date_e=2026-06-30&paid_at_s=&paid_at_e=&refundDateS=&refundDateE=&buy=&area_id=&isCharge=&isRefund=&p_board=on&payway=&purchase_status=1&progress_status=&invoiceStatus=&otherFee=&orderBy=
[2026-05-21 06:26:48] ✅ parse_html rows = 22
[2026-05-21 06:26:48] 抓取：city=台北 month=下月 status=0 kw= url=https://backend.lemonclean.com.tw/purchase?keyword=&name=&phone=&orderNo=&date_s=&date_e=&clean_date_s=2026-06-01&clean_date_e=2026-06-30&paid_at_s=&paid_at_e=&refundDateS=&refundDateE=&buy=&area_id=&isCharge=&isRefund=&p_board=on&payway=&purchase_status=0&progress_status=&invoiceStatus=&otherFee=&orderBy=
[2026-05-21 06:26:49] ✅ parse_html rows = 22
[2026-05-21 06:26:49] ===== 台中 =====
[2026-05-21 06:26:50] ✅ 登入成功：jenny.tc@lemonclean.com.tw
[2026-05-21 06:26:50] 抓取：city=台中 month=本月 status=1 kw= url=https://backend.lemonclean.com.tw/purchase?keyword=&name=&phone=&orderNo=&date_s=&date_e=&clean_date_s=2026-05-01&clean_date_e=2026-05-31&paid_at_s=&paid_at_e=&refundDateS=&refundDateE=&buy=&area_id=&isCharge=&isRefund=&p_board=on&payway=&purchase_status=1&progress_status=&invoiceStatus=&otherFee=&orderBy=
[2026-05-21 06:26:51] ✅ parse_html rows = 22
[2026-05-21 06:26:51] 抓取：city=台中 month=本月 status=0 kw= url=https://backend.lemonclean.com.tw/purchase?keyword=&name=&phone=&orderNo=&date_s=&date_e=&clean_date_s=2026-05-01&clean_date_e=2026-05-31&paid_at_s=&paid_at_e=&refundDateS=&refundDateE=&buy=&area_id=&isCharge=&isRefund=&p_board=on&payway=&purchase_status=0&progress_status=&invoiceStatus=&otherFee=&orderBy=
[2026-05-21 06:26:51] ✅ parse_html rows = 22
[2026-05-21 06:26:51] 抓取：city=台中 month=下月 status=1 kw= url=https://backend.lemonclean.com.tw/purchase?keyword=&name=&phone=&orderNo=&date_s=&date_e=&clean_date_s=2026-06-01&clean_date_e=2026-06-30&paid_at_s=&paid_at_e=&refundDateS=&refundDateE=&buy=&area_id=&isCharge=&isRefund=&p_board=on&payway=&purchase_status=1&progress_status=&invoiceStatus=&otherFee=&orderBy=
[2026-05-21 06:26:52] ✅ parse_html rows = 22
[2026-05-21 06:26:52] 抓取：city=台中 month=下月 status=0 kw= url=https://backend.lemonclean.com.tw/purchase?keyword=&name=&phone=&orderNo=&date_s=&date_e=&clean_date_s=2026-06-01&clean_date_e=2026-06-30&paid_at_s=&paid_at_e=&refundDateS=&refundDateE=&buy=&area_id=&isCharge=&isRefund=&p_board=on&payway=&purchase_status=0&progress_status=&invoiceStatus=&otherFee=&orderBy=
[2026-05-21 06:26:53] ✅ parse_html rows = 22
[2026-05-21 06:26:53] ===== 桃園 =====
[2026-05-21 06:26:55] ✅ 登入成功：jenny.tyc@lemonclean.com.tw
[2026-05-21 06:26:55] 抓取：city=桃園 month=本月 status=1 kw= url=https://backend.lemonclean.com.tw/purchase?keyword=&name=&phone=&orderNo=&date_s=&date_e=&clean_date_s=2026-05-01&clean_date_e=2026-05-31&paid_at_s=&paid_at_e=&refundDateS=&refundDateE=&buy=&area_id=&isCharge=&isRefund=&p_board=on&payway=&purchase_status=1&progress_status=&invoiceStatus=&otherFee=&orderBy=
[2026-05-21 06:26:57] ✅ parse_html rows = 22
[2026-05-21 06:26:57] 抓取：city=桃園 month=本月 status=0 kw= url=https://backend.lemonclean.com.tw/purchase?keyword=&name=&phone=&orderNo=&date_s=&date_e=&clean_date_s=2026-05-01&clean_date_e=2026-05-31&paid_at_s=&paid_at_e=&refundDateS=&refundDateE=&buy=&area_id=&isCharge=&isRefund=&p_board=on&payway=&purchase_status=0&progress_status=&invoiceStatus=&otherFee=&orderBy=
[2026-05-21 06:26:57] ✅ parse_html rows = 22
[2026-05-21 06:26:57] 抓取：city=桃園 month=下月 status=1 kw= url=https://backend.lemonclean.com.tw/purchase?keyword=&name=&phone=&orderNo=&date_s=&date_e=&clean_date_s=2026-06-01&clean_date_e=2026-06-30&paid_at_s=&paid_at_e=&refundDateS=&refundDateE=&buy=&area_id=&isCharge=&isRefund=&p_board=on&payway=&purchase_status=1&progress_status=&invoiceStatus=&otherFee=&orderBy=
[2026-05-21 06:26:59] ✅ parse_html rows = 22
[2026-05-21 06:26:59] 抓取：city=桃園 month=下月 status=0 kw= url=https://backend.lemonclean.com.tw/purchase?keyword=&name=&phone=&orderNo=&date_s=&date_e=&clean_date_s=2026-06-01&clean_date_e=2026-06-30&paid_at_s=&paid_at_e=&refundDateS=&refundDateE=&buy=&area_id=&isCharge=&isRefund=&p_board=on&payway=&purchase_status=0&progress_status=&invoiceStatus=&otherFee=&orderBy=
[2026-05-21 06:26:59] ✅ parse_html rows = 22
[2026-05-21 06:26:59] ===== 新竹 =====
[2026-05-21 06:27:01] ✅ 登入成功：jenny.hc@lemonclean.com.tw
[2026-05-21 06:27:01] 抓取：city=新竹 month=本月 status=1 kw=新竹 url=https://backend.lemonclean.com.tw/purchase?keyword=%E6%96%B0%E7%AB%B9&name=&phone=&orderNo=&date_s=&date_e=&clean_date_s=2026-05-01&clean_date_e=2026-05-31&paid_at_s=&paid_at_e=&refundDateS=&refundDateE=&buy=&area_id=&isCharge=&isRefund=&p_board=on&payway=&purchase_status=1&progress_status=&invoiceStatus=&otherFee=&orderBy=
[2026-05-21 06:27:02] ✅ parse_html rows = 22
[2026-05-21 06:27:02] 抓取：city=新竹 month=本月 status=0 kw=新竹 url=https://backend.lemonclean.com.tw/purchase?keyword=%E6%96%B0%E7%AB%B9&name=&phone=&orderNo=&date_s=&date_e=&clean_date_s=2026-05-01&clean_date_e=2026-05-31&paid_at_s=&paid_at_e=&refundDateS=&refundDateE=&buy=&area_id=&isCharge=&isRefund=&p_board=on&payway=&purchase_status=0&progress_status=&invoiceStatus=&otherFee=&orderBy=
[2026-05-21 06:27:02] ✅ parse_html rows = 22
[2026-05-21 06:27:02] 抓取：city=新竹 month=下月 status=1 kw=新竹 url=https://backend.lemonclean.com.tw/purchase?keyword=%E6%96%B0%E7%AB%B9&name=&phone=&orderNo=&date_s=&date_e=&clean_date_s=2026-06-01&clean_date_e=2026-06-30&paid_at_s=&paid_at_e=&refundDateS=&refundDateE=&buy=&area_id=&isCharge=&isRefund=&p_board=on&payway=&purchase_status=1&progress_status=&invoiceStatus=&otherFee=&orderBy=
[2026-05-21 06:27:03] ✅ parse_html rows = 22
[2026-05-21 06:27:03] 抓取：city=新竹 month=下月 status=0 kw=新竹 url=https://backend.lemonclean.com.tw/purchase?keyword=%E6%96%B0%E7%AB%B9&name=&phone=&orderNo=&date_s=&date_e=&clean_date_s=2026-06-01&clean_date_e=2026-06-30&paid_at_s=&paid_at_e=&refundDateS=&refundDateE=&buy=&area_id=&isCharge=&isRefund=&p_board=on&payway=&purchase_status=0&progress_status=&invoiceStatus=&otherFee=&orderBy=
[2026-05-21 06:27:03] ✅ parse_html rows = 22
[2026-05-21 06:27:03] ===== 高雄 =====
[2026-05-21 06:27:05] ✅ 登入成功：jenny.hc@lemonclean.com.tw
[2026-05-21 06:27:05] 抓取：city=高雄 month=本月 status=1 kw=高雄 url=https://backend.lemonclean.com.tw/purchase?keyword=%E9%AB%98%E9%9B%84&name=&phone=&orderNo=&date_s=&date_e=&clean_date_s=2026-05-01&clean_date_e=2026-05-31&paid_at_s=&paid_at_e=&refundDateS=&refundDateE=&buy=&area_id=&isCharge=&isRefund=&p_board=on&payway=&purchase_status=1&progress_status=&invoiceStatus=&otherFee=&orderBy=
[2026-05-21 06:27:05] ✅ parse_html rows = 22
[2026-05-21 06:27:05] 抓取：city=高雄 month=本月 status=1 kw=台南 url=https://backend.lemonclean.com.tw/purchase?keyword=%E5%8F%B0%E5%8D%97&name=&phone=&orderNo=&date_s=&date_e=&clean_date_s=2026-05-01&clean_date_e=2026-05-31&paid_at_s=&paid_at_e=&refundDateS=&refundDateE=&buy=&area_id=&isCharge=&isRefund=&p_board=on&payway=&purchase_status=1&progress_status=&invoiceStatus=&otherFee=&orderBy=
[2026-05-21 06:27:05] ✅ parse_html rows = 22
[2026-05-21 06:27:05] 抓取：city=高雄 month=本月 status=0 kw=高雄 url=https://backend.lemonclean.com.tw/purchase?keyword=%E9%AB%98%E9%9B%84&name=&phone=&orderNo=&date_s=&date_e=&clean_date_s=2026-05-01&clean_date_e=2026-05-31&paid_at_s=&paid_at_e=&refundDateS=&refundDateE=&buy=&area_id=&isCharge=&isRefund=&p_board=on&payway=&purchase_status=0&progress_status=&invoiceStatus=&otherFee=&orderBy=
[2026-05-21 06:27:05] ✅ parse_html rows = 22
[2026-05-21 06:27:05] 抓取：city=高雄 month=本月 status=0 kw=台南 url=https://backend.lemonclean.com.tw/purchase?keyword=%E5%8F%B0%E5%8D%97&name=&phone=&orderNo=&date_s=&date_e=&clean_date_s=2026-05-01&clean_date_e=2026-05-31&paid_at_s=&paid_at_e=&refundDateS=&refundDateE=&buy=&area_id=&isCharge=&isRefund=&p_board=on&payway=&purchase_status=0&progress_status=&invoiceStatus=&otherFee=&orderBy=
[2026-05-21 06:27:06] ✅ parse_html rows = 22
[2026-05-21 06:27:06] 抓取：city=高雄 month=下月 status=1 kw=高雄 url=https://backend.lemonclean.com.tw/purchase?keyword=%E9%AB%98%E9%9B%84&name=&phone=&orderNo=&date_s=&date_e=&clean_date_s=2026-06-01&clean_date_e=2026-06-30&paid_at_s=&paid_at_e=&refundDateS=&refundDateE=&buy=&area_id=&isCharge=&isRefund=&p_board=on&payway=&purchase_status=1&progress_status=&invoiceStatus=&otherFee=&orderBy=
[2026-05-21 06:27:06] ✅ parse_html rows = 22
[2026-05-21 06:27:06] 抓取：city=高雄 month=下月 status=1 kw=台南 url=https://backend.lemonclean.com.tw/purchase?keyword=%E5%8F%B0%E5%8D%97&name=&phone=&orderNo=&date_s=&date_e=&clean_date_s=2026-06-01&clean_date_e=2026-06-30&paid_at_s=&paid_at_e=&refundDateS=&refundDateE=&buy=&area_id=&isCharge=&isRefund=&p_board=on&payway=&purchase_status=1&progress_status=&invoiceStatus=&otherFee=&orderBy=
[2026-05-21 06:27:06] ✅ parse_html rows = 22
[2026-05-21 06:27:06] 抓取：city=高雄 month=下月 status=0 kw=高雄 url=https://backend.lemonclean.com.tw/purchase?keyword=%E9%AB%98%E9%9B%84&name=&phone=&orderNo=&date_s=&date_e=&clean_date_s=2026-06-01&clean_date_e=2026-06-30&paid_at_s=&paid_at_e=&refundDateS=&refundDateE=&buy=&area_id=&isCharge=&isRefund=&p_board=on&payway=&purchase_status=0&progress_status=&invoiceStatus=&otherFee=&orderBy=
[2026-05-21 06:27:06] ✅ parse_html rows = 22
[2026-05-21 06:27:06] 抓取：city=高雄 month=下月 status=0 kw=台南 url=https://backend.lemonclean.com.tw/purchase?keyword=%E5%8F%B0%E5%8D%97&name=&phone=&orderNo=&date_s=&date_e=&clean_date_s=2026-06-01&clean_date_e=2026-06-30&paid_at_s=&paid_at_e=&refundDateS=&refundDateE=&buy=&area_id=&isCharge=&isRefund=&p_board=on&payway=&purchase_status=0&progress_status=&invoiceStatus=&otherFee=&orderBy=
[2026-05-21 06:27:07] ✅ parse_html rows = 22
[2026-05-21 06:27:07] ✅ 本月統計報表完成，筆數 = 2
[2026-05-21 06:27:07] ✅ 次月統計報表完成，筆數 = 2
[2026-05-21 06:27:07] raw_df columns = ['城市', '月份', '日期', '收入類型', '資料來源', '服務', '子項目', '已付款', '待付款']
[2026-05-21 06:27:07] raw_df 前5筆 = [{'城市': '台北', '月份': '本月', '日期': None, '收入類型': '現金收入', '資料來源': '主表', '服務': '居家清潔', '子項目': '', '已付款': 1462600, '待付款': 20000}, {'城市': '台北', '月份': '本月', '日期': None, '收入類型': '現金收入', '資料來源': '主表', '服務': '辦公室清潔', '子項目': '', '已付款': 94350, '待付款': 0}, {'城市': '台北', '月份': '本月', '日期': None, '收入類型': '現金收入', '資料來源': '主表', '服務': '裝修細清', '子項目': '', '已付款': 91000, '待付款': 0}, {'城市': '台北', '月份': '本月', '日期': None, '收入類型': '現金收入', '資料來源': '主表', '服務': '搬入清潔', '子項目': '', '已付款': 103400, '待付款': 5800}, {'城市': '台北', '月份': '本月', '日期': None, '收入類型': '現金收入', '資料來源': '主表', '服務': '搬出清潔', '子項目': '', '已付款': 152400, '待付款': 0}]
[2026-05-21 06:27:07] df1 rows = 90
[2026-05-21 06:27:07] df2 rows = 60
[2026-05-21 06:27:07] df3 rows = 85
[2026-05-21 06:27:07] df4 rows = 6
[2026-05-21 06:27:07] daily_df rows = 2
[2026-05-21 06:27:07] next_month_daily_df rows = 2
[2026-05-21 06:27:07] month_end_df rows = 0
[2026-05-21 06:27:07] ===== 寫入 dashboard 檔案 =====
[2026-05-21 06:27:07] LATEST_DIR = ./dashboard_data/latest
[2026-05-21 06:27:07] latest_df4 = ./dashboard_data/latest/df4.csv
[2026-05-21 06:27:07] latest_daily = ./dashboard_data/latest/daily_df.csv
[2026-05-21 06:27:07] latest_next_daily = ./dashboard_data/latest/next_month_daily_df.csv
[2026-05-21 06:27:07] latest_month_end = ./dashboard_data/latest/month_end_summary.csv
[2026-05-21 06:27:07] latest_html = ./dashboard_data/latest/email_preview.html
[2026-05-21 06:27:07] latest_meta = ./dashboard_data/latest/meta.json
[2026-05-21 06:27:07] df4 rows = 6
[2026-05-21 06:27:07] daily_df rows = 2
[2026-05-21 06:27:07] next_month_daily_df rows = 2
[2026-05-21 06:27:07] month_end_df rows = 0

Traceback (most recent call last):
  File "/home/runner/work/tool-system/tool-system/tools/scheduled_daily/performance_report.py", line 1284, in <module>
    main()
  File "/home/runner/work/tool-system/tool-system/tools/scheduled_daily/performance_report.py", line 1272, in main
    result = generate_sales_report(
             ^^^^^^^^^^^^^^^^^^^^^^
  File "/home/runner/work/tool-system/tool-system/tools/scheduled_daily/performance_report.py", line 1226, in generate_sales_report
    send_region4_email(df4, required=True)
  File "/home/runner/work/tool-system/tool-system/tools/scheduled_daily/performance_report.py", line 880, in send_region4_email
    server.login(sender, password)
  File "/opt/hostedtoolcache/Python/3.11.15/x64/lib/python3.11/smtplib.py", line 750, in login
    raise last_exception
  File "/opt/hostedtoolcache/Python/3.11.15/x64/lib/python3.11/smtplib.py", line 739, in login
    (code, resp) = self.auth(
                   ^^^^^^^^^^
  File "/opt/hostedtoolcache/Python/3.11.15/x64/lib/python3.11/smtplib.py", line 662, in auth
    raise SMTPAuthenticationError(code, resp)
smtplib.SMTPAuthenticationError: (534, b'5.7.9 Application-specific password required. For more information, go to\n5.7.9  https://support.google.com/mail/?p=InvalidSecondFactor 6a1803df08f44-8ca3619e814sm134765236d6.39 - gsmtp')
