[2026-06-02 12:38:42] 🔥 開始業績報表
[2026-06-02 12:38:42] ===== 台北 =====
[2026-06-02 12:38:44] ✅ 登入成功：jenny@lemonclean.com.tw
[2026-06-02 12:38:44] 抓取：city=台北 month=本月 status=1 kw= url=https://backend.lemonclean.com.tw/purchase?keyword=&name=&phone=&orderNo=&date_s=&date_e=&clean_date_s=2026-06-01&clean_date_e=2026-06-30&paid_at_s=&paid_at_e=&refundDateS=&refundDateE=&buy=&area_id=&isCharge=&isRefund=&p_board=on&payway=&purchase_status=1&progress_status=&invoiceStatus=&otherFee=&orderBy=
[2026-06-02 12:38:45] ✅ parse_html rows = 22
[2026-06-02 12:38:45] 抓取：city=台北 month=本月 status=0 kw= url=https://backend.lemonclean.com.tw/purchase?keyword=&name=&phone=&orderNo=&date_s=&date_e=&clean_date_s=2026-06-01&clean_date_e=2026-06-30&paid_at_s=&paid_at_e=&refundDateS=&refundDateE=&buy=&area_id=&isCharge=&isRefund=&p_board=on&payway=&purchase_status=0&progress_status=&invoiceStatus=&otherFee=&orderBy=
[2026-06-02 12:38:45] ✅ parse_html rows = 22
[2026-06-02 12:38:45] 抓取：city=台北 month=下月 status=1 kw= url=https://backend.lemonclean.com.tw/purchase?keyword=&name=&phone=&orderNo=&date_s=&date_e=&clean_date_s=2026-07-01&clean_date_e=2026-07-31&paid_at_s=&paid_at_e=&refundDateS=&refundDateE=&buy=&area_id=&isCharge=&isRefund=&p_board=on&payway=&purchase_status=1&progress_status=&invoiceStatus=&otherFee=&orderBy=
[2026-06-02 12:38:45] ✅ parse_html rows = 22
[2026-06-02 12:38:45] 抓取：city=台北 month=下月 status=0 kw= url=https://backend.lemonclean.com.tw/purchase?keyword=&name=&phone=&orderNo=&date_s=&date_e=&clean_date_s=2026-07-01&clean_date_e=2026-07-31&paid_at_s=&paid_at_e=&refundDateS=&refundDateE=&buy=&area_id=&isCharge=&isRefund=&p_board=on&payway=&purchase_status=0&progress_status=&invoiceStatus=&otherFee=&orderBy=
[2026-06-02 12:38:45] ✅ parse_html rows = 22
[2026-06-02 12:38:45] ===== 台中 =====
[2026-06-02 12:38:47] ✅ 登入成功：jenny.tc@lemonclean.com.tw
[2026-06-02 12:38:47] 抓取：city=台中 month=本月 status=1 kw= url=https://backend.lemonclean.com.tw/purchase?keyword=&name=&phone=&orderNo=&date_s=&date_e=&clean_date_s=2026-06-01&clean_date_e=2026-06-30&paid_at_s=&paid_at_e=&refundDateS=&refundDateE=&buy=&area_id=&isCharge=&isRefund=&p_board=on&payway=&purchase_status=1&progress_status=&invoiceStatus=&otherFee=&orderBy=
[2026-06-02 12:38:47] ✅ parse_html rows = 22
[2026-06-02 12:38:47] 抓取：city=台中 month=本月 status=0 kw= url=https://backend.lemonclean.com.tw/purchase?keyword=&name=&phone=&orderNo=&date_s=&date_e=&clean_date_s=2026-06-01&clean_date_e=2026-06-30&paid_at_s=&paid_at_e=&refundDateS=&refundDateE=&buy=&area_id=&isCharge=&isRefund=&p_board=on&payway=&purchase_status=0&progress_status=&invoiceStatus=&otherFee=&orderBy=
[2026-06-02 12:38:47] ✅ parse_html rows = 22
[2026-06-02 12:38:47] 抓取：city=台中 month=下月 status=1 kw= url=https://backend.lemonclean.com.tw/purchase?keyword=&name=&phone=&orderNo=&date_s=&date_e=&clean_date_s=2026-07-01&clean_date_e=2026-07-31&paid_at_s=&paid_at_e=&refundDateS=&refundDateE=&buy=&area_id=&isCharge=&isRefund=&p_board=on&payway=&purchase_status=1&progress_status=&invoiceStatus=&otherFee=&orderBy=
[2026-06-02 12:38:48] ✅ parse_html rows = 22
[2026-06-02 12:38:48] 抓取：city=台中 month=下月 status=0 kw= url=https://backend.lemonclean.com.tw/purchase?keyword=&name=&phone=&orderNo=&date_s=&date_e=&clean_date_s=2026-07-01&clean_date_e=2026-07-31&paid_at_s=&paid_at_e=&refundDateS=&refundDateE=&buy=&area_id=&isCharge=&isRefund=&p_board=on&payway=&purchase_status=0&progress_status=&invoiceStatus=&otherFee=&orderBy=
[2026-06-02 12:38:48] ✅ parse_html rows = 22
[2026-06-02 12:38:48] ===== 桃園 =====
[2026-06-02 12:38:49] ✅ 登入成功：jenny.tyc@lemonclean.com.tw
[2026-06-02 12:38:49] 抓取：city=桃園 month=本月 status=1 kw= url=https://backend.lemonclean.com.tw/purchase?keyword=&name=&phone=&orderNo=&date_s=&date_e=&clean_date_s=2026-06-01&clean_date_e=2026-06-30&paid_at_s=&paid_at_e=&refundDateS=&refundDateE=&buy=&area_id=&isCharge=&isRefund=&p_board=on&payway=&purchase_status=1&progress_status=&invoiceStatus=&otherFee=&orderBy=
[2026-06-02 12:38:50] ✅ parse_html rows = 22
[2026-06-02 12:38:50] 抓取：city=桃園 month=本月 status=0 kw= url=https://backend.lemonclean.com.tw/purchase?keyword=&name=&phone=&orderNo=&date_s=&date_e=&clean_date_s=2026-06-01&clean_date_e=2026-06-30&paid_at_s=&paid_at_e=&refundDateS=&refundDateE=&buy=&area_id=&isCharge=&isRefund=&p_board=on&payway=&purchase_status=0&progress_status=&invoiceStatus=&otherFee=&orderBy=
[2026-06-02 12:38:50] ✅ parse_html rows = 22
[2026-06-02 12:38:50] 抓取：city=桃園 month=下月 status=1 kw= url=https://backend.lemonclean.com.tw/purchase?keyword=&name=&phone=&orderNo=&date_s=&date_e=&clean_date_s=2026-07-01&clean_date_e=2026-07-31&paid_at_s=&paid_at_e=&refundDateS=&refundDateE=&buy=&area_id=&isCharge=&isRefund=&p_board=on&payway=&purchase_status=1&progress_status=&invoiceStatus=&otherFee=&orderBy=
[2026-06-02 12:38:51] ✅ parse_html rows = 22
[2026-06-02 12:38:51] 抓取：city=桃園 month=下月 status=0 kw= url=https://backend.lemonclean.com.tw/purchase?keyword=&name=&phone=&orderNo=&date_s=&date_e=&clean_date_s=2026-07-01&clean_date_e=2026-07-31&paid_at_s=&paid_at_e=&refundDateS=&refundDateE=&buy=&area_id=&isCharge=&isRefund=&p_board=on&payway=&purchase_status=0&progress_status=&invoiceStatus=&otherFee=&orderBy=
[2026-06-02 12:38:51] ✅ parse_html rows = 22
[2026-06-02 12:38:51] ===== 新竹 =====
[2026-06-02 12:38:53] ✅ 登入成功：jenny.hc@lemonclean.com.tw
[2026-06-02 12:38:53] 抓取：city=新竹 month=本月 status=1 kw=新竹 url=https://backend.lemonclean.com.tw/purchase?keyword=%E6%96%B0%E7%AB%B9&name=&phone=&orderNo=&date_s=&date_e=&clean_date_s=2026-06-01&clean_date_e=2026-06-30&paid_at_s=&paid_at_e=&refundDateS=&refundDateE=&buy=&area_id=&isCharge=&isRefund=&p_board=on&payway=&purchase_status=1&progress_status=&invoiceStatus=&otherFee=&orderBy=
[2026-06-02 12:38:53] ✅ parse_html rows = 22
[2026-06-02 12:38:53] 抓取：city=新竹 month=本月 status=0 kw=新竹 url=https://backend.lemonclean.com.tw/purchase?keyword=%E6%96%B0%E7%AB%B9&name=&phone=&orderNo=&date_s=&date_e=&clean_date_s=2026-06-01&clean_date_e=2026-06-30&paid_at_s=&paid_at_e=&refundDateS=&refundDateE=&buy=&area_id=&isCharge=&isRefund=&p_board=on&payway=&purchase_status=0&progress_status=&invoiceStatus=&otherFee=&orderBy=
[2026-06-02 12:38:54] ✅ parse_html rows = 22
[2026-06-02 12:38:54] 抓取：city=新竹 month=下月 status=1 kw=新竹 url=https://backend.lemonclean.com.tw/purchase?keyword=%E6%96%B0%E7%AB%B9&name=&phone=&orderNo=&date_s=&date_e=&clean_date_s=2026-07-01&clean_date_e=2026-07-31&paid_at_s=&paid_at_e=&refundDateS=&refundDateE=&buy=&area_id=&isCharge=&isRefund=&p_board=on&payway=&purchase_status=1&progress_status=&invoiceStatus=&otherFee=&orderBy=
[2026-06-02 12:38:54] ✅ parse_html rows = 22
[2026-06-02 12:38:54] 抓取：city=新竹 month=下月 status=0 kw=新竹 url=https://backend.lemonclean.com.tw/purchase?keyword=%E6%96%B0%E7%AB%B9&name=&phone=&orderNo=&date_s=&date_e=&clean_date_s=2026-07-01&clean_date_e=2026-07-31&paid_at_s=&paid_at_e=&refundDateS=&refundDateE=&buy=&area_id=&isCharge=&isRefund=&p_board=on&payway=&purchase_status=0&progress_status=&invoiceStatus=&otherFee=&orderBy=
[2026-06-02 12:38:54] ✅ parse_html rows = 22
[2026-06-02 12:38:54] ===== 高雄 =====
[2026-06-02 12:38:56] ✅ 登入成功：jenny.hc@lemonclean.com.tw
[2026-06-02 12:38:56] 抓取：city=高雄 month=本月 status=1 kw=高雄 url=https://backend.lemonclean.com.tw/purchase?keyword=%E9%AB%98%E9%9B%84&name=&phone=&orderNo=&date_s=&date_e=&clean_date_s=2026-06-01&clean_date_e=2026-06-30&paid_at_s=&paid_at_e=&refundDateS=&refundDateE=&buy=&area_id=&isCharge=&isRefund=&p_board=on&payway=&purchase_status=1&progress_status=&invoiceStatus=&otherFee=&orderBy=
[2026-06-02 12:38:56] ✅ parse_html rows = 22
[2026-06-02 12:38:56] 抓取：city=高雄 month=本月 status=1 kw=台南 url=https://backend.lemonclean.com.tw/purchase?keyword=%E5%8F%B0%E5%8D%97&name=&phone=&orderNo=&date_s=&date_e=&clean_date_s=2026-06-01&clean_date_e=2026-06-30&paid_at_s=&paid_at_e=&refundDateS=&refundDateE=&buy=&area_id=&isCharge=&isRefund=&p_board=on&payway=&purchase_status=1&progress_status=&invoiceStatus=&otherFee=&orderBy=
[2026-06-02 12:38:56] ✅ parse_html rows = 22
[2026-06-02 12:38:56] 抓取：city=高雄 month=本月 status=0 kw=高雄 url=https://backend.lemonclean.com.tw/purchase?keyword=%E9%AB%98%E9%9B%84&name=&phone=&orderNo=&date_s=&date_e=&clean_date_s=2026-06-01&clean_date_e=2026-06-30&paid_at_s=&paid_at_e=&refundDateS=&refundDateE=&buy=&area_id=&isCharge=&isRefund=&p_board=on&payway=&purchase_status=0&progress_status=&invoiceStatus=&otherFee=&orderBy=
[2026-06-02 12:38:57] ✅ parse_html rows = 22
[2026-06-02 12:38:57] 抓取：city=高雄 month=本月 status=0 kw=台南 url=https://backend.lemonclean.com.tw/purchase?keyword=%E5%8F%B0%E5%8D%97&name=&phone=&orderNo=&date_s=&date_e=&clean_date_s=2026-06-01&clean_date_e=2026-06-30&paid_at_s=&paid_at_e=&refundDateS=&refundDateE=&buy=&area_id=&isCharge=&isRefund=&p_board=on&payway=&purchase_status=0&progress_status=&invoiceStatus=&otherFee=&orderBy=
[2026-06-02 12:38:57] ✅ parse_html rows = 22
[2026-06-02 12:38:57] 抓取：city=高雄 month=下月 status=1 kw=高雄 url=https://backend.lemonclean.com.tw/purchase?keyword=%E9%AB%98%E9%9B%84&name=&phone=&orderNo=&date_s=&date_e=&clean_date_s=2026-07-01&clean_date_e=2026-07-31&paid_at_s=&paid_at_e=&refundDateS=&refundDateE=&buy=&area_id=&isCharge=&isRefund=&p_board=on&payway=&purchase_status=1&progress_status=&invoiceStatus=&otherFee=&orderBy=
[2026-06-02 12:38:57] ✅ parse_html rows = 22
[2026-06-02 12:38:57] 抓取：city=高雄 month=下月 status=1 kw=台南 url=https://backend.lemonclean.com.tw/purchase?keyword=%E5%8F%B0%E5%8D%97&name=&phone=&orderNo=&date_s=&date_e=&clean_date_s=2026-07-01&clean_date_e=2026-07-31&paid_at_s=&paid_at_e=&refundDateS=&refundDateE=&buy=&area_id=&isCharge=&isRefund=&p_board=on&payway=&purchase_status=1&progress_status=&invoiceStatus=&otherFee=&orderBy=
[2026-06-02 12:38:57] ✅ parse_html rows = 22
[2026-06-02 12:38:57] 抓取：city=高雄 month=下月 status=0 kw=高雄 url=https://backend.lemonclean.com.tw/purchase?keyword=%E9%AB%98%E9%9B%84&name=&phone=&orderNo=&date_s=&date_e=&clean_date_s=2026-07-01&clean_date_e=2026-07-31&paid_at_s=&paid_at_e=&refundDateS=&refundDateE=&buy=&area_id=&isCharge=&isRefund=&p_board=on&payway=&purchase_status=0&progress_status=&invoiceStatus=&otherFee=&orderBy=
[2026-06-02 12:38:58] ✅ parse_html rows = 22
[2026-06-02 12:38:58] 抓取：city=高雄 month=下月 status=0 kw=台南 url=https://backend.lemonclean.com.tw/purchase?keyword=%E5%8F%B0%E5%8D%97&name=&phone=&orderNo=&date_s=&date_e=&clean_date_s=2026-07-01&clean_date_e=2026-07-31&paid_at_s=&paid_at_e=&refundDateS=&refundDateE=&buy=&area_id=&isCharge=&isRefund=&p_board=on&payway=&purchase_status=0&progress_status=&invoiceStatus=&otherFee=&orderBy=
[2026-06-02 12:38:58] ✅ parse_html rows = 22
[2026-06-02 12:38:58] ✅ 本月統計報表完成，筆數 = 53
[2026-06-02 12:38:58] ✅ 次月統計報表完成，筆數 = 53
[2026-06-02 12:38:58] raw_df columns = ['城市', '月份', '日期', '收入類型', '資料來源', '服務', '子項目', '已付款', '待付款']
[2026-06-02 12:38:58] raw_df 前5筆 = [{'城市': '台北', '月份': '本月', '日期': None, '收入類型': '現金收入', '資料來源': '主表', '服務': '居家清潔', '子項目': '', '已付款': 796000, '待付款': 14400}, {'城市': '台北', '月份': '本月', '日期': None, '收入類型': '現金收入', '資料來源': '主表', '服務': '辦公室清潔', '子項目': '', '已付款': 42000, '待付款': 0}, {'城市': '台北', '月份': '本月', '日期': None, '收入類型': '現金收入', '資料來源': '主表', '服務': '裝修細清', '子項目': '', '已付款': 14400, '待付款': 0}, {'城市': '台北', '月份': '本月', '日期': None, '收入類型': '現金收入', '資料來源': '主表', '服務': '搬入清潔', '子項目': '', '已付款': 27600, '待付款': 4200}, {'城市': '台北', '月份': '本月', '日期': None, '收入類型': '現金收入', '資料來源': '主表', '服務': '搬出清潔', '子項目': '', '已付款': 25800, '待付款': 0}]
[2026-06-02 12:38:58] df1 rows = 90
[2026-06-02 12:38:58] df2 rows = 60
[2026-06-02 12:38:58] df3 rows = 85
[2026-06-02 12:38:58] df4 rows = 6
[2026-06-02 12:38:58] daily_df rows = 53
[2026-06-02 12:38:58] next_month_daily_df rows = 53
[2026-06-02 12:38:58] month_end_df rows = 0
[2026-06-02 12:38:58] ===== 寫入 dashboard 檔案 =====
[2026-06-02 12:38:58] LATEST_DIR = ./dashboard_data/latest
[2026-06-02 12:38:58] latest_df4 = ./dashboard_data/latest/df4.csv
[2026-06-02 12:38:58] latest_daily = ./dashboard_data/latest/daily_df.csv
[2026-06-02 12:38:58] latest_next_daily = ./dashboard_data/latest/next_month_daily_df.csv
[2026-06-02 12:38:58] latest_month_end = ./dashboard_data/latest/month_end_summary.csv
[2026-06-02 12:38:58] latest_html = ./dashboard_data/latest/email_preview.html
[2026-06-02 12:38:58] latest_meta = ./dashboard_data/latest/meta.json
[2026-06-02 12:38:58] df4 rows = 6
[2026-06-02 12:38:58] daily_df rows = 53
[2026-06-02 12:38:58] next_month_daily_df rows = 53
[2026-06-02 12:38:58] month_end_df rows = 0
[2026-06-02 12:38:59] ✅ 已寄出：jenny@hers.com.tw

