⚠️ 找不到 tools.common.log_to_sheet，略過打卡
開始執行：當月次月訂單
Command: /opt/hostedtoolcache/Python/3.11.15/x64/bin/python -u /home/runner/work/tool-system/tool-system/tools/scheduled_daily/orders_report.py --folder-id 0AK9RcXu_35GZUk9PVA
[2026-05-30 16:44:36] ====================================================
[2026-05-30 16:44:36] orders_report.py 開始執行
[2026-05-30 16:44:36] GITHUB_ACTIONS = true
[2026-05-30 16:44:36] PWD = /home/runner/work/tool-system/tool-system
[2026-05-30 16:44:36] LOCAL_OUTPUT_DIR = /Users/jenny/Library/CloudStorage/GoogleDrive-jenny@lemonclean.com.tw/我的雲端硬碟/lemon_Jenny/Jenny@lemon程式/訂單資料
[2026-05-30 16:44:36] LOCAL_OUTPUT_DIR exists = False
[2026-05-30 16:44:36] can_use_local_output_dir = False
[2026-05-30 16:44:36] root folder_id = 0AK9RcXu_35GZUk9PVA
[2026-05-30 16:44:36] ====================================================
[2026-05-30 16:44:36] Google Drive 初始化成功
[2026-05-30 16:44:37] 📁 使用既有資料夾：訂單資料
[2026-05-30 16:44:37] 服務日期：2026-05-01 ~ 2026-06-30
[2026-05-30 16:44:37] file_date = 20260530
[2026-05-30 16:44:37] 訂單資料 folder_id = 1QnOJzn-xmZ_oAMoiM6Qnfk3Y2CWuM1c4
[2026-05-30 16:44:37] 帳號數量 = 2
[2026-05-30 16:44:37] 
[2026-05-30 16:44:37] === 開始處理 台北 ===
[2026-05-30 16:44:37] 開始登入：jenny@lemonclean.com.tw
[2026-05-30 16:44:39] 登入成功：jenny@lemonclean.com.tw
[2026-05-30 16:44:39] 開始下載：city=台北 / export_url=https://backend.lemonclean.com.tw/purchase/export_order?clean_date_s=2026-05-01&clean_date_e=2026-06-30&purchase_status=1
[2026-05-30 16:44:54] ✅ 已下載到暫存：/tmp/tmpq3a2tygv/20260530訂單-台北.xls
[2026-05-30 16:44:54] 📦 檔案大小：2017792 bytes
[2026-05-30 16:44:54] 📂 暫存目錄存在：True
[2026-05-30 16:44:54] 📄 暫存檔案存在：True
[2026-05-30 16:44:54] 目前不是 Jenny 本機環境，略過本機存檔
[2026-05-30 16:44:54] Google Drive 初始化成功
[2026-05-30 16:44:54] 準備上傳到 Google Drive：20260530訂單-台北.xls
[2026-05-30 16:44:57] ♻️ 已覆蓋舊檔：20260530訂單-台北.xls (file_id=1CpF1LmcUh4RE7I1omesmzU20EQU80I-Y) https://docs.google.com/spreadsheets/d/1CpF1LmcUh4RE7I1omesmzU20EQU80I-Y/edit?usp=drivesdk&ouid=110593598144549238039&rtpof=true&sd=true
[2026-05-30 16:44:57] ✅ 完成處理：20260530訂單-台北.xls
[2026-05-30 16:44:57] ✅ 台北 完成
[2026-05-30 16:44:57] 
[2026-05-30 16:44:57] === 開始處理 台中 ===
[2026-05-30 16:44:57] 開始登入：jenny.tc@lemonclean.com.tw
[2026-05-30 16:44:58] 登入成功：jenny.tc@lemonclean.com.tw
[2026-05-30 16:44:58] 開始下載：city=台中 / export_url=https://backend.lemonclean.com.tw/purchase/export_order?clean_date_s=2026-05-01&clean_date_e=2026-06-30&purchase_status=1
[2026-05-30 16:45:00] ✅ 已下載到暫存：/tmp/tmpiwjp7163/20260530訂單-台中.xls
[2026-05-30 16:45:00] 📦 檔案大小：183296 bytes
[2026-05-30 16:45:00] 📂 暫存目錄存在：True
[2026-05-30 16:45:00] 📄 暫存檔案存在：True
[2026-05-30 16:45:00] 目前不是 Jenny 本機環境，略過本機存檔
[2026-05-30 16:45:00] Google Drive 初始化成功
[2026-05-30 16:45:00] 準備上傳到 Google Drive：20260530訂單-台中.xls
[2026-05-30 16:45:02] ♻️ 已覆蓋舊檔：20260530訂單-台中.xls (file_id=1bTLAXliTSVpXLPX_eSwmQmbbiNktyiCJ) https://docs.google.com/spreadsheets/d/1bTLAXliTSVpXLPX_eSwmQmbbiNktyiCJ/edit?usp=drivesdk&ouid=110593598144549238039&rtpof=true&sd=true
[2026-05-30 16:45:02] ✅ 完成處理：20260530訂單-台中.xls
[2026-05-30 16:45:02] ✅ 台中 完成
[2026-05-30 16:45:02] 🎉 orders_report.py 全部完成

⚠️ 找不到 tools.common.log_to_sheet，略過打卡
完成執行：當月次月訂單
scheduled_daily scheduler 全部完成
