⚠️ 找不到 tools.common.log_to_sheet，略過打卡
開始執行：排班統計表
Command: /opt/hostedtoolcache/Python/3.11.15/x64/bin/python -u /home/runner/work/tool-system/tool-system/tools/scheduled_daily/schedule_report.py --folder-id 0AK9RcXu_35GZUk9PVA
[2026-05-30 16:43:56] ====================================================
[2026-05-30 16:43:56] schedule_report.py 開始執行
[2026-05-30 16:43:56] GITHUB_ACTIONS = true
[2026-05-30 16:43:56] PWD = /home/runner/work/tool-system/tool-system
[2026-05-30 16:43:56] LOCAL_OUTPUT_DIR = /Users/jenny/Library/CloudStorage/GoogleDrive-jenny@lemonclean.com.tw/.shortcut-targets-by-id/1zbu45AG1adMzz24HPdi_tLfh2Tncw_Br/排班統計表
[2026-05-30 16:43:56] LOCAL_OUTPUT_DIR exists = False
[2026-05-30 16:43:56] can_use_local_output_dir = False
[2026-05-30 16:43:56] root folder_id = 0AK9RcXu_35GZUk9PVA
[2026-05-30 16:43:56] ====================================================
[2026-05-30 16:43:56] Google Drive 初始化成功
[2026-05-30 16:43:57] 📁 使用既有資料夾：排班統計表
[2026-05-30 16:43:57] this_month = 2026-05
[2026-05-30 16:43:57] next_month = 2026-06
[2026-05-30 16:43:57] today_stamp = 20260530
[2026-05-30 16:43:57] next_month_stamp = 20260630
[2026-05-30 16:43:57] 排班統計表 folder_id = 1V0IjoJqHlnkGb3Oq70Cil63pQ9j8r2Xv
[2026-05-30 16:43:57] 帳號數量 = 2
[2026-05-30 16:43:57] 
[2026-05-30 16:43:57] === 開始處理 台北 ===
[2026-05-30 16:43:57] 開始登入：jenny@lemonclean.com.tw
[2026-05-30 16:43:58] 登入成功：jenny@lemonclean.com.tw
[2026-05-30 16:43:58] 開始下載：month=2026-05 / filename=排班統計表20260530-台北.xlsx
[2026-05-30 16:44:00] ✅ 已下載到暫存：/tmp/tmp0yciduet/排班統計表20260530-台北.xlsx
[2026-05-30 16:44:00] 📦 檔案大小：18944 bytes
[2026-05-30 16:44:00] 📂 暫存目錄存在：True
[2026-05-30 16:44:00] 📄 暫存檔案存在：True
[2026-05-30 16:44:00] 目前不是 Jenny 本機環境，略過本機存檔
[2026-05-30 16:44:00] Google Drive 初始化成功
[2026-05-30 16:44:00] 準備上傳到 Google Drive：排班統計表20260530-台北.xlsx
[2026-05-30 16:44:02] ♻️ 已覆蓋舊檔：排班統計表20260530-台北.xlsx (file_id=1-fmzhzLeqNEztZmoX3jagwFJwAkphHdL) https://docs.google.com/spreadsheets/d/1-fmzhzLeqNEztZmoX3jagwFJwAkphHdL/edit?usp=drivesdk&ouid=110593598144549238039&rtpof=true&sd=true
[2026-05-30 16:44:02] ✅ 完成處理：排班統計表20260530-台北.xlsx
[2026-05-30 16:44:02] 開始下載：month=2026-06 / filename=排班統計表20260630-台北.xlsx
[2026-05-30 16:44:03] ✅ 已下載到暫存：/tmp/tmpznh65mgx/排班統計表20260630-台北.xlsx
[2026-05-30 16:44:03] 📦 檔案大小：16384 bytes
[2026-05-30 16:44:03] 📂 暫存目錄存在：True
[2026-05-30 16:44:03] 📄 暫存檔案存在：True
[2026-05-30 16:44:03] 目前不是 Jenny 本機環境，略過本機存檔
[2026-05-30 16:44:03] Google Drive 初始化成功
[2026-05-30 16:44:03] 準備上傳到 Google Drive：排班統計表20260630-台北.xlsx
[2026-05-30 16:44:05] ♻️ 已覆蓋舊檔：排班統計表20260630-台北.xlsx (file_id=1nhnONr0jpibdzneyrxNzDSd98pHhkx3R) https://docs.google.com/spreadsheets/d/1nhnONr0jpibdzneyrxNzDSd98pHhkx3R/edit?usp=drivesdk&ouid=110593598144549238039&rtpof=true&sd=true
[2026-05-30 16:44:05] ✅ 完成處理：排班統計表20260630-台北.xlsx
[2026-05-30 16:44:05] ✅ 台北 全部完成
[2026-05-30 16:44:05] 
[2026-05-30 16:44:05] === 開始處理 台中 ===
[2026-05-30 16:44:05] 開始登入：jenny.tc@lemonclean.com.tw
[2026-05-30 16:44:07] 登入成功：jenny.tc@lemonclean.com.tw
[2026-05-30 16:44:07] 開始下載：month=2026-05 / filename=排班統計表20260530-台中.xlsx
[2026-05-30 16:44:07] ✅ 已下載到暫存：/tmp/tmp3dsnl973/排班統計表20260530-台中.xlsx
[2026-05-30 16:44:07] 📦 檔案大小：7680 bytes
[2026-05-30 16:44:07] 📂 暫存目錄存在：True
[2026-05-30 16:44:07] 📄 暫存檔案存在：True
[2026-05-30 16:44:07] 目前不是 Jenny 本機環境，略過本機存檔
[2026-05-30 16:44:07] Google Drive 初始化成功
[2026-05-30 16:44:07] 準備上傳到 Google Drive：排班統計表20260530-台中.xlsx
[2026-05-30 16:44:09] ♻️ 已覆蓋舊檔：排班統計表20260530-台中.xlsx (file_id=17edvJTn7hmg96jSzrGqAgAc14_vuMB49) https://docs.google.com/spreadsheets/d/17edvJTn7hmg96jSzrGqAgAc14_vuMB49/edit?usp=drivesdk&ouid=110593598144549238039&rtpof=true&sd=true
[2026-05-30 16:44:09] ✅ 完成處理：排班統計表20260530-台中.xlsx
[2026-05-30 16:44:09] 開始下載：month=2026-06 / filename=排班統計表20260630-台中.xlsx
[2026-05-30 16:44:10] ✅ 已下載到暫存：/tmp/tmp__67kr8m/排班統計表20260630-台中.xlsx
[2026-05-30 16:44:10] 📦 檔案大小：6656 bytes
[2026-05-30 16:44:10] 📂 暫存目錄存在：True
[2026-05-30 16:44:10] 📄 暫存檔案存在：True
[2026-05-30 16:44:10] 目前不是 Jenny 本機環境，略過本機存檔
[2026-05-30 16:44:10] Google Drive 初始化成功
[2026-05-30 16:44:10] 準備上傳到 Google Drive：排班統計表20260630-台中.xlsx
[2026-05-30 16:44:12] ♻️ 已覆蓋舊檔：排班統計表20260630-台中.xlsx (file_id=1ExQWXRtnNbMMENnPThHpkEryzvmSYDMh) https://docs.google.com/spreadsheets/d/1ExQWXRtnNbMMENnPThHpkEryzvmSYDMh/edit?usp=drivesdk&ouid=110593598144549238039&rtpof=true&sd=true
[2026-05-30 16:44:12] ✅ 完成處理：排班統計表20260630-台中.xlsx
[2026-05-30 16:44:12] ✅ 台中 全部完成
[2026-05-30 16:44:12] 🎉 schedule_report.py 全部完成

⚠️ 找不到 tools.common.log_to_sheet，略過打卡
完成執行：排班統計表
scheduled_daily scheduler 全部完成
