⚠️ 找不到 tools.common.log_to_sheet，略過打卡
開始執行：專員個資
Command: /opt/hostedtoolcache/Python/3.11.15/x64/bin/python -u /home/runner/work/tool-system/tool-system/tools/scheduled_daily/staff_info.py --folder-id 0AK9RcXu_35GZUk9PVA
[2026-05-30 16:45:03] ====================================================
[2026-05-30 16:45:03] staff_info.py 開始執行
[2026-05-30 16:45:03] GITHUB_ACTIONS = true
[2026-05-30 16:45:03] PWD = /home/runner/work/tool-system/tool-system
[2026-05-30 16:45:03] LOCAL_OUTPUT_DIR = /Users/jenny/Library/CloudStorage/GoogleDrive-jenny@lemonclean.com.tw/我的雲端硬碟/lemon_Jenny/Jenny@lemon程式/專員個資
[2026-05-30 16:45:03] LOCAL_OUTPUT_DIR exists = False
[2026-05-30 16:45:03] can_use_local_output_dir = False
[2026-05-30 16:45:03] root folder_id = 0AK9RcXu_35GZUk9PVA
[2026-05-30 16:45:03] ====================================================
[2026-05-30 16:45:03] Google Drive 初始化成功
[2026-05-30 16:45:03] 📁 使用既有資料夾：專員個資
[2026-05-30 16:45:03] today_stamp = 20260530
[2026-05-30 16:45:03] 專員個資 folder_id = 199wJef-ISEP5bsSWaSseCAHynoVRE26e
[2026-05-30 16:45:03] 帳號數量 = 2
[2026-05-30 16:45:03] 
[2026-05-30 16:45:03] === 開始處理 台北 ===
[2026-05-30 16:45:03] 開始登入：jenny@lemonclean.com.tw
[2026-05-30 16:45:05] 登入成功：jenny@lemonclean.com.tw
[2026-05-30 16:45:05] 開始下載：city=台北 / filename=20260530專員個資-台北.xlsx
[2026-05-30 16:45:08] ✅ 已下載到暫存：/tmp/tmp93bdwv4n/20260530專員個資-台北.xlsx
[2026-05-30 16:45:08] 📦 檔案大小：220672 bytes
[2026-05-30 16:45:08] 📂 暫存目錄存在：True
[2026-05-30 16:45:08] 📄 暫存檔案存在：True
[2026-05-30 16:45:08] 目前不是 Jenny 本機環境，略過本機存檔
[2026-05-30 16:45:09] Google Drive 初始化成功
[2026-05-30 16:45:09] 準備上傳到 Google Drive：20260530專員個資-台北.xlsx
[2026-05-30 16:45:11] ♻️ 已覆蓋舊檔：20260530專員個資-台北.xlsx (file_id=1uGqj27GWR7LKktBKYbxn4FPMR2t6brA_) https://docs.google.com/spreadsheets/d/1uGqj27GWR7LKktBKYbxn4FPMR2t6brA_/edit?usp=drivesdk&ouid=110593598144549238039&rtpof=true&sd=true
[2026-05-30 16:45:11] ✅ 完成處理：20260530專員個資-台北.xlsx
[2026-05-30 16:45:11] ✅ 台北 全部完成
[2026-05-30 16:45:11] 
[2026-05-30 16:45:11] === 開始處理 台中 ===
[2026-05-30 16:45:11] 開始登入：jenny.tc@lemonclean.com.tw
[2026-05-30 16:45:12] 登入成功：jenny.tc@lemonclean.com.tw
[2026-05-30 16:45:12] 開始下載：city=台中 / filename=20260530專員個資-台中.xlsx
[2026-05-30 16:45:13] ✅ 已下載到暫存：/tmp/tmpsycji1oe/20260530專員個資-台中.xlsx
[2026-05-30 16:45:13] 📦 檔案大小：59904 bytes
[2026-05-30 16:45:13] 📂 暫存目錄存在：True
[2026-05-30 16:45:13] 📄 暫存檔案存在：True
[2026-05-30 16:45:13] 目前不是 Jenny 本機環境，略過本機存檔
[2026-05-30 16:45:13] Google Drive 初始化成功
[2026-05-30 16:45:13] 準備上傳到 Google Drive：20260530專員個資-台中.xlsx
[2026-05-30 16:45:15] ♻️ 已覆蓋舊檔：20260530專員個資-台中.xlsx (file_id=1j8CAi0wKZmCTJ_qpYM-n9pTBRqsuXWEK) https://docs.google.com/spreadsheets/d/1j8CAi0wKZmCTJ_qpYM-n9pTBRqsuXWEK/edit?usp=drivesdk&ouid=110593598144549238039&rtpof=true&sd=true
[2026-05-30 16:45:15] ✅ 完成處理：20260530專員個資-台中.xlsx
[2026-05-30 16:45:15] ✅ 台中 全部完成
[2026-05-30 16:45:15] 🎉 staff_info.py 全部完成

⚠️ 找不到 tools.common.log_to_sheet，略過打卡
完成執行：專員個資
scheduled_daily scheduler 全部完成
