[config] spreadsheet_id='1nNAXy6rvBnGR8ACnqKKzKNA4-UwZtZp47i806EPmR_8'
2026-07-09 23:08:14 [INFO] 目標試算表 ID 來源：主控試算表系統設定
2026-07-09 23:08:14 [INFO] === 客服排程系統 run_id=edb73901 step=1 台北時間=2026-07-10 07:08:11 ===
2026-07-09 23:08:14 [INFO] file_cache is only supported with oauth2client<4.0.0
2026-07-09 23:08:21 [INFO] --- Step1_更新排班統計表 ---
2026-07-09 23:08:21 [INFO] file_cache is only supported with oauth2client<4.0.0
2026-07-09 23:08:22 [INFO] Drive 資料夾找到 100 個檔案
2026-07-09 23:08:22 [INFO]   找到檔案：排班統計表20260810-台中.xlsx_temp_1783635058 (application/vnd.google-apps.spreadsheet)
2026-07-09 23:08:22 [INFO]   找到檔案：排班統計表20260710-台中.xlsx_temp_1783635050 (application/vnd.google-apps.spreadsheet)
2026-07-09 23:08:22 [INFO]   找到檔案：排班統計表20260810-台北.xlsx_temp_1783635042 (application/vnd.google-apps.spreadsheet)
2026-07-09 23:08:22 [INFO]   找到檔案：排班統計表20260710-台北.xlsx_temp_1783635021 (application/vnd.google-apps.spreadsheet)
2026-07-09 23:08:22 [INFO]   找到檔案：排班統計表20260810-台中.xlsx (application/vnd.openxmlformats-officedocument.spreadsheetml.sheet)
2026-07-09 23:08:22 [INFO]   找到檔案：排班統計表20260710-台中.xlsx (application/vnd.openxmlformats-officedocument.spreadsheetml.sheet)
2026-07-09 23:08:22 [INFO]   找到檔案：排班統計表20260810-台北.xlsx (application/vnd.openxmlformats-officedocument.spreadsheetml.sheet)
2026-07-09 23:08:22 [INFO]   找到檔案：排班統計表20260710-台北.xlsx (application/vnd.openxmlformats-officedocument.spreadsheetml.sheet)
2026-07-09 23:08:22 [INFO]   找到檔案：排班統計表20260809-台中 (application/vnd.google-apps.spreadsheet)
2026-07-09 23:08:22 [INFO]   找到檔案：排班統計表20260709-台中 (application/vnd.google-apps.spreadsheet)
2026-07-09 23:08:22 [INFO]   找到檔案：排班統計表20260809-台北 (application/vnd.google-apps.spreadsheet)
2026-07-09 23:08:22 [INFO]   找到檔案：排班統計表20260709-台北 (application/vnd.google-apps.spreadsheet)
2026-07-09 23:08:22 [INFO]   找到檔案：排班統計表20260809-台中.xlsx_temp_1783547764 (application/vnd.google-apps.spreadsheet)
2026-07-09 23:08:22 [INFO]   找到檔案：排班統計表20260709-台中.xlsx_temp_1783547755 (application/vnd.google-apps.spreadsheet)
2026-07-09 23:08:22 [INFO]   找到檔案：排班統計表20260809-台北.xlsx_temp_1783547747 (application/vnd.google-apps.spreadsheet)
2026-07-09 23:08:22 [INFO]   找到檔案：排班統計表20260709-台北.xlsx_temp_1783547727 (application/vnd.google-apps.spreadsheet)
2026-07-09 23:08:22 [INFO]   找到檔案：排班統計表20260809-台中.xlsx (application/vnd.openxmlformats-officedocument.spreadsheetml.sheet)
2026-07-09 23:08:22 [INFO]   找到檔案：排班統計表20260709-台中.xlsx (application/vnd.openxmlformats-officedocument.spreadsheetml.sheet)
2026-07-09 23:08:22 [INFO]   找到檔案：排班統計表20260809-台北.xlsx (application/vnd.openxmlformats-officedocument.spreadsheetml.sheet)
2026-07-09 23:08:22 [INFO]   找到檔案：排班統計表20260709-台北.xlsx (application/vnd.openxmlformats-officedocument.spreadsheetml.sheet)
2026-07-09 23:08:22 [INFO]   找到檔案：排班統計表20260808-台中 (application/vnd.google-apps.spreadsheet)
2026-07-09 23:08:22 [INFO]   找到檔案：排班統計表20260708-台中 (application/vnd.google-apps.spreadsheet)
2026-07-09 23:08:22 [INFO]   找到檔案：排班統計表20260808-台北 (application/vnd.google-apps.spreadsheet)
2026-07-09 23:08:22 [INFO]   找到檔案：排班統計表20260708-台北 (application/vnd.google-apps.spreadsheet)
2026-07-09 23:08:22 [INFO]   找到檔案：排班統計表20260808-台中.xlsx_temp_1783461796 (application/vnd.google-apps.spreadsheet)
2026-07-09 23:08:22 [INFO]   找到檔案：排班統計表20260708-台中.xlsx_temp_1783461788 (application/vnd.google-apps.spreadsheet)
2026-07-09 23:08:22 [INFO]   找到檔案：排班統計表20260808-台北.xlsx_temp_1783461780 (application/vnd.google-apps.spreadsheet)
2026-07-09 23:08:22 [INFO]   找到檔案：排班統計表20260708-台北.xlsx_temp_1783461761 (application/vnd.google-apps.spreadsheet)
2026-07-09 23:08:22 [INFO]   找到檔案：排班統計表20260808-台中.xlsx (application/vnd.openxmlformats-officedocument.spreadsheetml.sheet)
2026-07-09 23:08:22 [INFO]   找到檔案：排班統計表20260708-台中.xlsx (application/vnd.openxmlformats-officedocument.spreadsheetml.sheet)
2026-07-09 23:08:22 [INFO]   找到檔案：排班統計表20260808-台北.xlsx (application/vnd.openxmlformats-officedocument.spreadsheetml.sheet)
2026-07-09 23:08:22 [INFO]   找到檔案：排班統計表20260708-台北.xlsx (application/vnd.openxmlformats-officedocument.spreadsheetml.sheet)
2026-07-09 23:08:22 [INFO]   找到檔案：排班統計表20260807-台中 (application/vnd.google-apps.spreadsheet)
2026-07-09 23:08:22 [INFO]   找到檔案：排班統計表20260707-台中 (application/vnd.google-apps.spreadsheet)
2026-07-09 23:08:22 [INFO]   找到檔案：排班統計表20260807-台北 (application/vnd.google-apps.spreadsheet)
2026-07-09 23:08:22 [INFO]   找到檔案：排班統計表20260707-台北 (application/vnd.google-apps.spreadsheet)
2026-07-09 23:08:22 [INFO]   找到檔案：排班統計表20260807-台中.xlsx_temp_1783375508 (application/vnd.google-apps.spreadsheet)
2026-07-09 23:08:22 [INFO]   找到檔案：排班統計表20260707-台中.xlsx_temp_1783375499 (application/vnd.google-apps.spreadsheet)
2026-07-09 23:08:22 [INFO]   找到檔案：排班統計表20260807-台北.xlsx_temp_1783375490 (application/vnd.google-apps.spreadsheet)
2026-07-09 23:08:22 [INFO]   找到檔案：排班統計表20260707-台北.xlsx_temp_1783375480 (application/vnd.google-apps.spreadsheet)
2026-07-09 23:08:22 [INFO]   找到檔案：排班統計表20260807-台中.xlsx (application/vnd.openxmlformats-officedocument.spreadsheetml.sheet)
2026-07-09 23:08:22 [INFO]   找到檔案：排班統計表20260707-台中.xlsx (application/vnd.openxmlformats-officedocument.spreadsheetml.sheet)
2026-07-09 23:08:22 [INFO]   找到檔案：排班統計表20260807-台北.xlsx (application/vnd.openxmlformats-officedocument.spreadsheetml.sheet)
2026-07-09 23:08:22 [INFO]   找到檔案：排班統計表20260707-台北.xlsx (application/vnd.openxmlformats-officedocument.spreadsheetml.sheet)
2026-07-09 23:08:22 [INFO]   找到檔案：排班統計表20260806-台中 (application/vnd.google-apps.spreadsheet)
2026-07-09 23:08:22 [INFO]   找到檔案：排班統計表20260706-台中 (application/vnd.google-apps.spreadsheet)
2026-07-09 23:08:22 [INFO]   找到檔案：排班統計表20260806-台北 (application/vnd.google-apps.spreadsheet)
2026-07-09 23:08:22 [INFO]   找到檔案：排班統計表20260706-台北 (application/vnd.google-apps.spreadsheet)
2026-07-09 23:08:22 [INFO]   找到檔案：排班統計表20260806-台中.xlsx_temp_1783288007 (application/vnd.google-apps.spreadsheet)
2026-07-09 23:08:22 [INFO]   找到檔案：排班統計表20260706-台中.xlsx_temp_1783287999 (application/vnd.google-apps.spreadsheet)
2026-07-09 23:08:22 [INFO]   找到檔案：排班統計表20260806-台北.xlsx_temp_1783287991 (application/vnd.google-apps.spreadsheet)
2026-07-09 23:08:22 [INFO]   找到檔案：排班統計表20260706-台北.xlsx_temp_1783287972 (application/vnd.google-apps.spreadsheet)
2026-07-09 23:08:22 [INFO]   找到檔案：排班統計表20260806-台中.xlsx (application/vnd.openxmlformats-officedocument.spreadsheetml.sheet)
2026-07-09 23:08:22 [INFO]   找到檔案：排班統計表20260706-台中.xlsx (application/vnd.openxmlformats-officedocument.spreadsheetml.sheet)
2026-07-09 23:08:22 [INFO]   找到檔案：排班統計表20260806-台北.xlsx (application/vnd.openxmlformats-officedocument.spreadsheetml.sheet)
2026-07-09 23:08:22 [INFO]   找到檔案：排班統計表20260706-台北.xlsx (application/vnd.openxmlformats-officedocument.spreadsheetml.sheet)
2026-07-09 23:08:22 [INFO]   找到檔案：排班統計表20260805-台中 (application/vnd.google-apps.spreadsheet)
2026-07-09 23:08:22 [INFO]   找到檔案：排班統計表20260705-台中 (application/vnd.google-apps.spreadsheet)
2026-07-09 23:08:22 [INFO]   找到檔案：排班統計表20260805-台北 (application/vnd.google-apps.spreadsheet)
2026-07-09 23:08:22 [INFO]   找到檔案：排班統計表20260705-台北 (application/vnd.google-apps.spreadsheet)
2026-07-09 23:08:22 [INFO]   找到檔案：排班統計表20260805-台中.xlsx_temp_1783201482 (application/vnd.google-apps.spreadsheet)
2026-07-09 23:08:22 [INFO]   找到檔案：排班統計表20260705-台中.xlsx_temp_1783201464 (application/vnd.google-apps.spreadsheet)
2026-07-09 23:08:22 [INFO]   找到檔案：排班統計表20260805-台北.xlsx_temp_1783201456 (application/vnd.google-apps.spreadsheet)
2026-07-09 23:08:22 [INFO]   找到檔案：排班統計表20260705-台北.xlsx_temp_1783201446 (application/vnd.google-apps.spreadsheet)
2026-07-09 23:08:22 [INFO]   找到檔案：排班統計表20260805-台中.xlsx (application/vnd.openxmlformats-officedocument.spreadsheetml.sheet)
2026-07-09 23:08:22 [INFO]   找到檔案：排班統計表20260705-台中.xlsx (application/vnd.openxmlformats-officedocument.spreadsheetml.sheet)
2026-07-09 23:08:22 [INFO]   找到檔案：排班統計表20260805-台北.xlsx (application/vnd.openxmlformats-officedocument.spreadsheetml.sheet)
2026-07-09 23:08:22 [INFO]   找到檔案：排班統計表20260705-台北.xlsx (application/vnd.openxmlformats-officedocument.spreadsheetml.sheet)
2026-07-09 23:08:22 [INFO]   找到檔案：排班統計表20260804-台中 (application/vnd.google-apps.spreadsheet)
2026-07-09 23:08:22 [INFO]   找到檔案：排班統計表20260704-台中 (application/vnd.google-apps.spreadsheet)
2026-07-09 23:08:22 [INFO]   找到檔案：排班統計表20260804-台北 (application/vnd.google-apps.spreadsheet)
2026-07-09 23:08:22 [INFO]   找到檔案：排班統計表20260704-台北 (application/vnd.google-apps.spreadsheet)
2026-07-09 23:08:22 [INFO]   找到檔案：排班統計表20260804-台中.xlsx_temp_1783115594 (application/vnd.google-apps.spreadsheet)
2026-07-09 23:08:22 [INFO]   找到檔案：排班統計表20260704-台中.xlsx_temp_1783115587 (application/vnd.google-apps.spreadsheet)
2026-07-09 23:08:22 [INFO]   找到檔案：排班統計表20260804-台北.xlsx_temp_1783115582 (application/vnd.google-apps.spreadsheet)
2026-07-09 23:08:22 [INFO]   找到檔案：排班統計表20260704-台北.xlsx_temp_1783115564 (application/vnd.google-apps.spreadsheet)
2026-07-09 23:08:22 [INFO]   找到檔案：排班統計表20260804-台中.xlsx (application/vnd.openxmlformats-officedocument.spreadsheetml.sheet)
2026-07-09 23:08:22 [INFO]   找到檔案：排班統計表20260704-台中.xlsx (application/vnd.openxmlformats-officedocument.spreadsheetml.sheet)
2026-07-09 23:08:22 [INFO]   找到檔案：排班統計表20260804-台北.xlsx (application/vnd.openxmlformats-officedocument.spreadsheetml.sheet)
2026-07-09 23:08:22 [INFO]   找到檔案：排班統計表20260704-台北.xlsx (application/vnd.openxmlformats-officedocument.spreadsheetml.sheet)
2026-07-09 23:08:22 [INFO]   找到檔案：排班統計表20260803-台中 (application/vnd.google-apps.spreadsheet)
2026-07-09 23:08:22 [INFO]   找到檔案：排班統計表20260703-台中 (application/vnd.google-apps.spreadsheet)
2026-07-09 23:08:22 [INFO]   找到檔案：排班統計表20260803-台北 (application/vnd.google-apps.spreadsheet)
2026-07-09 23:08:22 [INFO]   找到檔案：排班統計表20260703-台北 (application/vnd.google-apps.spreadsheet)
2026-07-09 23:08:22 [INFO]   找到檔案：排班統計表20260803-台中.xlsx_temp_1783029371 (application/vnd.google-apps.spreadsheet)
2026-07-09 23:08:22 [INFO]   找到檔案：排班統計表20260703-台中.xlsx_temp_1783029362 (application/vnd.google-apps.spreadsheet)
2026-07-09 23:08:22 [INFO]   找到檔案：排班統計表20260803-台北.xlsx_temp_1783029355 (application/vnd.google-apps.spreadsheet)
2026-07-09 23:08:22 [INFO]   找到檔案：排班統計表20260703-台北.xlsx_temp_1783029337 (application/vnd.google-apps.spreadsheet)
2026-07-09 23:08:22 [INFO]   找到檔案：排班統計表20260803-台中.xlsx (application/vnd.openxmlformats-officedocument.spreadsheetml.sheet)
2026-07-09 23:08:22 [INFO]   找到檔案：排班統計表20260703-台中.xlsx (application/vnd.openxmlformats-officedocument.spreadsheetml.sheet)
2026-07-09 23:08:22 [INFO]   找到檔案：排班統計表20260803-台北.xlsx (application/vnd.openxmlformats-officedocument.spreadsheetml.sheet)
2026-07-09 23:08:22 [INFO]   找到檔案：排班統計表20260703-台北.xlsx (application/vnd.openxmlformats-officedocument.spreadsheetml.sheet)
2026-07-09 23:08:22 [INFO]   找到檔案：排班統計表20260802-台中.xlsx (application/vnd.openxmlformats-officedocument.spreadsheetml.sheet)
2026-07-09 23:08:22 [INFO]   找到檔案：排班統計表20260702-台中.xlsx (application/vnd.openxmlformats-officedocument.spreadsheetml.sheet)
2026-07-09 23:08:22 [INFO]   找到檔案：排班統計表20260802-台北.xlsx (application/vnd.openxmlformats-officedocument.spreadsheetml.sheet)
2026-07-09 23:08:22 [INFO]   找到檔案：排班統計表20260702-台北.xlsx (application/vnd.openxmlformats-officedocument.spreadsheetml.sheet)
2026-07-09 23:08:22 [INFO]   找到檔案：排班統計表20260802-台中 (application/vnd.google-apps.spreadsheet)
2026-07-09 23:08:22 [INFO]   找到檔案：排班統計表20260702-台中 (application/vnd.google-apps.spreadsheet)
2026-07-09 23:08:22 [INFO]   找到檔案：排班統計表20260802-台北 (application/vnd.google-apps.spreadsheet)
2026-07-09 23:08:22 [INFO]   找到檔案：排班統計表20260702-台北 (application/vnd.google-apps.spreadsheet)
2026-07-09 23:08:22 [INFO] 排班檔確認 OK：{'taipei_current': '排班統計表20260710-台北.xlsx', 'taipei_next': '排班統計表20260810-台北.xlsx', 'taichung_current': '排班統計表20260710-台中.xlsx', 'taichung_next': '排班統計表20260810-台中.xlsx'}
2026-07-09 23:08:23 [INFO]   匯入：排班統計表20260710-台北.xlsx
2026-07-09 23:08:23 [INFO]   xlsx → Google Sheets：排班統計表20260710-台北
2026-07-09 23:08:23 [INFO] file_cache is only supported with oauth2client<4.0.0
2026-07-09 23:08:28 [INFO]   轉換完成，新 Google Sheets ID：1CRHtGOg7RGttU2nsxFI615K7v5E5-uhlfzkS4oTC-pE
2026-07-09 23:08:30 [INFO]   → 寫入 89 列（起始 R3C7）
2026-07-09 23:08:30 [INFO]   匯入：排班統計表20260810-台北.xlsx
2026-07-09 23:08:30 [INFO]   xlsx → Google Sheets：排班統計表20260810-台北
2026-07-09 23:08:30 [INFO] file_cache is only supported with oauth2client<4.0.0
2026-07-09 23:08:35 [INFO]   轉換完成，新 Google Sheets ID：1nawvv4Ix48qKoIQ5legdw70QR3e7Nu3NIWnHezEkPDc
2026-07-09 23:08:36 [INFO]   → 寫入 55 列（起始 R3C22）
2026-07-09 23:08:36 [INFO]   匯入：排班統計表20260710-台中.xlsx
2026-07-09 23:08:36 [INFO]   xlsx → Google Sheets：排班統計表20260710-台中
2026-07-09 23:08:36 [INFO] file_cache is only supported with oauth2client<4.0.0
2026-07-09 23:08:41 [INFO]   轉換完成，新 Google Sheets ID：1HUc8cMG3t9a8REpMdDKr6HM7Zw3Os1zdnk0nr8_tXyA
2026-07-09 23:08:42 [INFO]   → 寫入 18 列（起始 R3C82）
2026-07-09 23:08:42 [INFO]   匯入：排班統計表20260810-台中.xlsx
2026-07-09 23:08:42 [INFO]   xlsx → Google Sheets：排班統計表20260810-台中
2026-07-09 23:08:42 [INFO] file_cache is only supported with oauth2client<4.0.0
2026-07-09 23:08:46 [INFO]   轉換完成，新 Google Sheets ID：1rbRh4CKf1GxrhsTyVCWQhfDRnger4lJxFme8hLCkYVk
2026-07-09 23:08:48 [INFO]   → 寫入 8 列（起始 R3C97）
2026-07-09 23:08:48 [INFO] Step 1 完成（26.9s）
2026-07-09 23:08:49 [INFO] === 全部完成 run_id=edb73901（27.8s）===
