[2026-06-12 02:28:45] 連線 Gmail：jenny@lemonclean.com.tw
[2026-06-12 02:28:46] 找到 75 封待處理信件
[2026-06-12 02:28:46] ⚠️ 無法判斷地區：友萌03-04營業人銷售額與稅額申報書清單(401).pdf
[2026-06-12 02:28:47] ℹ️ 用信件年份 2020：泳檬03-04營業人銷售額與稅額申報書清單(401).pdf
[2026-06-12 02:28:47] ❌ 失敗：泳檬03-04營業人銷售額與稅額申報書清單(401).pdf｜<HttpError 404 when requesting https://www.googleapis.com/drive/v3/files?fields=id&supportsAllDrives=true&alt=json returned "File not found: 1_aHD37m4D9NNJv6XixIcr_sdVtcZuJBv.". Details: "[{'message': 'File not found: 1_aHD37m4D9NNJv6XixIcr_sdVtcZuJBv.', 'domain': 'global', 'reason': 'notFound', 'location': 'fileId', 'locationType': 'parameter'}]">
[2026-06-12 02:28:49] ℹ️ 用信件年份 2021：泳檬10911-12申報前401.pdf
[2026-06-12 02:28:49] ❌ 失敗：泳檬10911-12申報前401.pdf｜<HttpError 404 when requesting https://www.googleapis.com/drive/v3/files?fields=id&supportsAllDrives=true&alt=json returned "File not found: 1_aHD37m4D9NNJv6XixIcr_sdVtcZuJBv.". Details: "[{'message': 'File not found: 1_aHD37m4D9NNJv6XixIcr_sdVtcZuJBv.', 'domain': 'global', 'reason': 'notFound', 'location': 'fileId', 'locationType': 'parameter'}]">
[2026-06-12 02:28:51] ⚠️ 無法判斷地區：16033檸檬清潔營業人銷售額與稅額申報書清單(401).pdf
[2026-06-12 02:28:51] ℹ️ 用信件年份 2021：19406泳檬營業人銷售額與稅額申報書清單(401).pdf
[2026-06-12 02:28:51] ❌ 失敗：19406泳檬營業人銷售額與稅額申報書清單(401).pdf｜<HttpError 404 when requesting https://www.googleapis.com/drive/v3/files?fields=id&supportsAllDrives=true&alt=json returned "File not found: 1_aHD37m4D9NNJv6XixIcr_sdVtcZuJBv.". Details: "[{'message': 'File not found: 1_aHD37m4D9NNJv6XixIcr_sdVtcZuJBv.', 'domain': 'global', 'reason': 'notFound', 'location': 'fileId', 'locationType': 'parameter'}]">
[2026-06-12 02:28:51] ℹ️ 用信件年份 2021：19406泳檬營業稅繳款書(401).pdf
[2026-06-12 02:28:52] ❌ 失敗：19406泳檬營業稅繳款書(401).pdf｜<HttpError 404 when requesting https://www.googleapis.com/drive/v3/files?fields=id&supportsAllDrives=true&alt=json returned "File not found: 1_aHD37m4D9NNJv6XixIcr_sdVtcZuJBv.". Details: "[{'message': 'File not found: 1_aHD37m4D9NNJv6XixIcr_sdVtcZuJBv.', 'domain': 'global', 'reason': 'notFound', 'location': 'fileId', 'locationType': 'parameter'}]">
[2026-06-12 02:28:52] ⚠️ 無法判斷地區：16033檸檬清潔營業稅繳款書(401).pdf
[2026-06-12 02:28:53] ⚠️ 無法判斷地區：16034檸盟401-05-06-110.pdf
[2026-06-12 02:28:53] ⚠️ 無法判斷地區：16034檸盟營業稅繳款書(401)-05-06.pdf
[2026-06-12 02:28:53] ℹ️ 用信件年份 2021：19005竹盟營業人銷售額與稅額申報書清單(401).pdf
[2026-06-12 02:28:53] ❌ 失敗：19005竹盟營業人銷售額與稅額申報書清單(401).pdf｜<HttpError 404 when requesting https://www.googleapis.com/drive/v3/files?fields=id&supportsAllDrives=true&alt=json returned "File not found: 1adKOf8jtl_1xigKg6NSTsZEe7sckJXIP.". Details: "[{'message': 'File not found: 1adKOf8jtl_1xigKg6NSTsZEe7sckJXIP.', 'domain': 'global', 'reason': 'notFound', 'location': 'fileId', 'locationType': 'parameter'}]">
[2026-06-12 02:28:53] ℹ️ 用信件年份 2021：19005竹盟營業稅繳款書(401).pdf
[2026-06-12 02:28:54] ❌ 失敗：19005竹盟營業稅繳款書(401).pdf｜<HttpError 404 when requesting https://www.googleapis.com/drive/v3/files?fields=id&supportsAllDrives=true&alt=json returned "File not found: 1adKOf8jtl_1xigKg6NSTsZEe7sckJXIP.". Details: "[{'message': 'File not found: 1adKOf8jtl_1xigKg6NSTsZEe7sckJXIP.', 'domain': 'global', 'reason': 'notFound', 'location': 'fileId', 'locationType': 'parameter'}]">
[2026-06-12 02:29:01] ⚠️ 無法判斷地區：檸檬-營業稅繳款書(401)110年05-06月繳費收據.pdf
[2026-06-12 02:29:01] ℹ️ 用信件年份 2021：泳檬-營業稅繳款書(401)110年05-06月繳費收據.pdf
[2026-06-12 02:29:01] ❌ 失敗：泳檬-營業稅繳款書(401)110年05-06月繳費收據.pdf｜<HttpError 404 when requesting https://www.googleapis.com/drive/v3/files?fields=id&supportsAllDrives=true&alt=json returned "File not found: 1_aHD37m4D9NNJv6XixIcr_sdVtcZuJBv.". Details: "[{'message': 'File not found: 1_aHD37m4D9NNJv6XixIcr_sdVtcZuJBv.', 'domain': 'global', 'reason': 'notFound', 'location': 'fileId', 'locationType': 'parameter'}]">
[2026-06-12 02:29:05] ℹ️ 用信件年份 2021：竹盟7-8月營業人銷售額與稅額申報書清單(401).pdf
[2026-06-12 02:29:05] ❌ 失敗：竹盟7-8月營業人銷售額與稅額申報書清單(401).pdf｜<HttpError 404 when requesting https://www.googleapis.com/drive/v3/files?fields=id&supportsAllDrives=true&alt=json returned "File not found: 1adKOf8jtl_1xigKg6NSTsZEe7sckJXIP.". Details: "[{'message': 'File not found: 1adKOf8jtl_1xigKg6NSTsZEe7sckJXIP.', 'domain': 'global', 'reason': 'notFound', 'location': 'fileId', 'locationType': 'parameter'}]">
[2026-06-12 02:29:05] ℹ️ 用信件年份 2021：竹盟7-8月營業稅繳款書(401).pdf
[2026-06-12 02:29:05] ❌ 失敗：竹盟7-8月營業稅繳款書(401).pdf｜<HttpError 404 when requesting https://www.googleapis.com/drive/v3/files?fields=id&supportsAllDrives=true&alt=json returned "File not found: 1adKOf8jtl_1xigKg6NSTsZEe7sckJXIP.". Details: "[{'message': 'File not found: 1adKOf8jtl_1xigKg6NSTsZEe7sckJXIP.', 'domain': 'global', 'reason': 'notFound', 'location': 'fileId', 'locationType': 'parameter'}]">
[2026-06-12 02:29:05] ⚠️ 無法判斷地區：檸盟7-8月營業人銷售額與稅額申報書清單(401).pdf
[2026-06-12 02:29:06] ℹ️ 用信件年份 2021：泳檬7-8月營業人銷售額與稅額申報書清單(401).pdf
[2026-06-12 02:29:06] ❌ 失敗：泳檬7-8月營業人銷售額與稅額申報書清單(401).pdf｜<HttpError 404 when requesting https://www.googleapis.com/drive/v3/files?fields=id&supportsAllDrives=true&alt=json returned "File not found: 1_aHD37m4D9NNJv6XixIcr_sdVtcZuJBv.". Details: "[{'message': 'File not found: 1_aHD37m4D9NNJv6XixIcr_sdVtcZuJBv.', 'domain': 'global', 'reason': 'notFound', 'location': 'fileId', 'locationType': 'parameter'}]">
[2026-06-12 02:29:06] ⚠️ 無法判斷地區：檸檬清潔7-8月營業人銷售額與稅額申報書清單(401).pdf
[2026-06-12 02:29:07] ℹ️ 用信件年份 2021：竹盟營業人銷售額與稅額申報書清單(401).pdf
[2026-06-12 02:29:08] ❌ 失敗：竹盟營業人銷售額與稅額申報書清單(401).pdf｜<HttpError 404 when requesting https://www.googleapis.com/drive/v3/files?fields=id&supportsAllDrives=true&alt=json returned "File not found: 1adKOf8jtl_1xigKg6NSTsZEe7sckJXIP.". Details: "[{'message': 'File not found: 1adKOf8jtl_1xigKg6NSTsZEe7sckJXIP.', 'domain': 'global', 'reason': 'notFound', 'location': 'fileId', 'locationType': 'parameter'}]">
[2026-06-12 02:29:08] ℹ️ 用信件年份 2021：竹盟營業稅繳款書(401).pdf
[2026-06-12 02:29:08] ❌ 失敗：竹盟營業稅繳款書(401).pdf｜<HttpError 404 when requesting https://www.googleapis.com/drive/v3/files?fields=id&supportsAllDrives=true&alt=json returned "File not found: 1adKOf8jtl_1xigKg6NSTsZEe7sckJXIP.". Details: "[{'message': 'File not found: 1adKOf8jtl_1xigKg6NSTsZEe7sckJXIP.', 'domain': 'global', 'reason': 'notFound', 'location': 'fileId', 'locationType': 'parameter'}]">
[2026-06-12 02:29:09] ⚠️ 無法判斷地區：檸盟營業人銷售額與稅額申報書清單(401).pdf
[2026-06-12 02:29:09] ⚠️ 無法判斷地區：檸盟營業稅繳款書(401).pdf
[2026-06-12 02:29:10] ⚠️ 無法判斷地區：檸檬營業人銷售額與稅額申報書清單(401).pdf
[2026-06-12 02:29:10] ⚠️ 無法判斷地區：檸檬營業稅繳款書(401).pdf
[2026-06-12 02:29:10] ℹ️ 用信件年份 2022：泳檬營業人銷售額與稅額申報書清單(401).pdf
[2026-06-12 02:29:11] ❌ 失敗：泳檬營業人銷售額與稅額申報書清單(401).pdf｜<HttpError 404 when requesting https://www.googleapis.com/drive/v3/files?fields=id&supportsAllDrives=true&alt=json returned "File not found: 1_aHD37m4D9NNJv6XixIcr_sdVtcZuJBv.". Details: "[{'message': 'File not found: 1_aHD37m4D9NNJv6XixIcr_sdVtcZuJBv.', 'domain': 'global', 'reason': 'notFound', 'location': 'fileId', 'locationType': 'parameter'}]">
[2026-06-12 02:29:11] ℹ️ 用信件年份 2022：泳檬營業稅繳款書(401).pdf
[2026-06-12 02:29:11] ❌ 失敗：泳檬營業稅繳款書(401).pdf｜<HttpError 404 when requesting https://www.googleapis.com/drive/v3/files?fields=id&supportsAllDrives=true&alt=json returned "File not found: 1_aHD37m4D9NNJv6XixIcr_sdVtcZuJBv.". Details: "[{'message': 'File not found: 1_aHD37m4D9NNJv6XixIcr_sdVtcZuJBv.', 'domain': 'global', 'reason': 'notFound', 'location': 'fileId', 'locationType': 'parameter'}]">
[2026-06-12 02:29:12] ℹ️ 用信件年份 2022：竹盟營業人銷售額與稅額申報書清單(401).pdf
[2026-06-12 02:29:12] ❌ 失敗：竹盟營業人銷售額與稅額申報書清單(401).pdf｜<HttpError 404 when requesting https://www.googleapis.com/drive/v3/files?fields=id&supportsAllDrives=true&alt=json returned "File not found: 1adKOf8jtl_1xigKg6NSTsZEe7sckJXIP.". Details: "[{'message': 'File not found: 1adKOf8jtl_1xigKg6NSTsZEe7sckJXIP.', 'domain': 'global', 'reason': 'notFound', 'location': 'fileId', 'locationType': 'parameter'}]">
[2026-06-12 02:29:12] ℹ️ 用信件年份 2022：竹盟營業稅繳款書(401).pdf
[2026-06-12 02:29:13] ❌ 失敗：竹盟營業稅繳款書(401).pdf｜<HttpError 404 when requesting https://www.googleapis.com/drive/v3/files?fields=id&supportsAllDrives=true&alt=json returned "File not found: 1adKOf8jtl_1xigKg6NSTsZEe7sckJXIP.". Details: "[{'message': 'File not found: 1adKOf8jtl_1xigKg6NSTsZEe7sckJXIP.', 'domain': 'global', 'reason': 'notFound', 'location': 'fileId', 'locationType': 'parameter'}]">
[2026-06-12 02:29:14] ⚠️ 無法判斷地區：檸盟營業人銷售額與稅額申報書清單(401).pdf
[2026-06-12 02:29:14] ⚠️ 無法判斷地區：檸盟營業稅繳款書(401).pdf
[2026-06-12 02:29:14] ℹ️ 用信件年份 2022：泳檬-1.2月(401).pdf
[2026-06-12 02:29:15] ❌ 失敗：泳檬-1.2月(401).pdf｜<HttpError 404 when requesting https://www.googleapis.com/drive/v3/files?fields=id&supportsAllDrives=true&alt=json returned "File not found: 1_aHD37m4D9NNJv6XixIcr_sdVtcZuJBv.". Details: "[{'message': 'File not found: 1_aHD37m4D9NNJv6XixIcr_sdVtcZuJBv.', 'domain': 'global', 'reason': 'notFound', 'location': 'fileId', 'locationType': 'parameter'}]">
[2026-06-12 02:29:15] ⚠️ 無法判斷地區：檸檬01-02(401).pdf
[2026-06-12 02:29:15] ⚠️ 無法判斷地區：檸檬01-02營業稅繳款書(401).pdf
[2026-06-12 02:29:17] ⚠️ 無法判斷地區：檸盟1-2月401.pdf
[2026-06-12 02:29:17] ❌ 失敗：竹盟-111.01-02-401.pdf｜<HttpError 404 when requesting https://www.googleapis.com/drive/v3/files?fields=id&supportsAllDrives=true&alt=json returned "File not found: 1adKOf8jtl_1xigKg6NSTsZEe7sckJXIP.". Details: "[{'message': 'File not found: 1adKOf8jtl_1xigKg6NSTsZEe7sckJXIP.', 'domain': 'global', 'reason': 'notFound', 'location': 'fileId', 'locationType': 'parameter'}]">
[2026-06-12 02:29:19] ⚠️ 無法判斷地區：檸盟1-2月401.pdf
[2026-06-12 02:29:20] ❌ 失敗：竹盟-111.01-02-401(更正後).pdf｜<HttpError 404 when requesting https://www.googleapis.com/drive/v3/files?fields=id&supportsAllDrives=true&alt=json returned "File not found: 1adKOf8jtl_1xigKg6NSTsZEe7sckJXIP.". Details: "[{'message': 'File not found: 1adKOf8jtl_1xigKg6NSTsZEe7sckJXIP.', 'domain': 'global', 'reason': 'notFound', 'location': 'fileId', 'locationType': 'parameter'}]">
[2026-06-12 02:29:25] ❌ 失敗：竹盟-111.05-06-401.pdf｜<HttpError 404 when requesting https://www.googleapis.com/drive/v3/files?fields=id&supportsAllDrives=true&alt=json returned "File not found: 1adKOf8jtl_1xigKg6NSTsZEe7sckJXIP.". Details: "[{'message': 'File not found: 1adKOf8jtl_1xigKg6NSTsZEe7sckJXIP.', 'domain': 'global', 'reason': 'notFound', 'location': 'fileId', 'locationType': 'parameter'}]">
[2026-06-12 02:29:25] ⚠️ 無法判斷地區：檸盟5-6月401.pdf
[2026-06-12 02:29:25] ⚠️ 無法判斷地區：檸檬05-06營業稅繳款書(401).pdf
[2026-06-12 02:29:25] ⚠️ 無法判斷地區：檸檬05-06(401).pdf
[2026-06-12 02:29:25] ℹ️ 用信件年份 2022：泳檬-5.6月(401).pdf
[2026-06-12 02:29:25] ❌ 失敗：泳檬-5.6月(401).pdf｜<HttpError 404 when requesting https://www.googleapis.com/drive/v3/files?fields=id&supportsAllDrives=true&alt=json returned "File not found: 1_aHD37m4D9NNJv6XixIcr_sdVtcZuJBv.". Details: "[{'message': 'File not found: 1_aHD37m4D9NNJv6XixIcr_sdVtcZuJBv.', 'domain': 'global', 'reason': 'notFound', 'location': 'fileId', 'locationType': 'parameter'}]">
[2026-06-12 02:29:25] ⚠️ 無法判斷地區：檸盟-營業稅繳款書(401).pdf
[2026-06-12 02:29:25] ⚠️ 無法判斷地區：5-6營業人銷售額與稅額申報書清單(401).pdf
[2026-06-12 02:29:29] ⚠️ 無法判斷地區：檸檬07-08(401).pdf
[2026-06-12 02:29:29] ⚠️ 無法判斷地區：檸檬07-08營業稅繳款書(401).pdf
[2026-06-12 02:29:29] ⚠️ 無法判斷地區：檸盟7-8月401.pdf
[2026-06-12 02:29:30] ❌ 失敗：竹盟-111.07-08-401表.pdf｜<HttpError 404 when requesting https://www.googleapis.com/drive/v3/files?fields=id&supportsAllDrives=true&alt=json returned "File not found: 1adKOf8jtl_1xigKg6NSTsZEe7sckJXIP.". Details: "[{'message': 'File not found: 1adKOf8jtl_1xigKg6NSTsZEe7sckJXIP.', 'domain': 'global', 'reason': 'notFound', 'location': 'fileId', 'locationType': 'parameter'}]">
[2026-06-12 02:29:30] ℹ️ 用信件年份 2022：泳檬-7.8月(401).pdf
[2026-06-12 02:29:30] ❌ 失敗：泳檬-7.8月(401).pdf｜<HttpError 404 when requesting https://www.googleapis.com/drive/v3/files?fields=id&supportsAllDrives=true&alt=json returned "File not found: 1_aHD37m4D9NNJv6XixIcr_sdVtcZuJBv.". Details: "[{'message': 'File not found: 1_aHD37m4D9NNJv6XixIcr_sdVtcZuJBv.', 'domain': 'global', 'reason': 'notFound', 'location': 'fileId', 'locationType': 'parameter'}]">
[2026-06-12 02:29:33] ❌ 失敗：竹盟-111.09-10-401表.pdf｜<HttpError 404 when requesting https://www.googleapis.com/drive/v3/files?fields=id&supportsAllDrives=true&alt=json returned "File not found: 1adKOf8jtl_1xigKg6NSTsZEe7sckJXIP.". Details: "[{'message': 'File not found: 1adKOf8jtl_1xigKg6NSTsZEe7sckJXIP.', 'domain': 'global', 'reason': 'notFound', 'location': 'fileId', 'locationType': 'parameter'}]">
[2026-06-12 02:29:33] ⚠️ 無法判斷地區：檸盟-111.09-10-401表.pdf
[2026-06-12 02:29:33] ⚠️ 無法判斷地區：檸檬09-10(401).pdf
[2026-06-12 02:29:33] ⚠️ 無法判斷地區：檸檬09-10營業稅繳款書(401).pdf
[2026-06-12 02:29:33] ℹ️ 用信件年份 2022：泳檬-9.10月(401).pdf
[2026-06-12 02:29:33] ❌ 失敗：泳檬-9.10月(401).pdf｜<HttpError 404 when requesting https://www.googleapis.com/drive/v3/files?fields=id&supportsAllDrives=true&alt=json returned "File not found: 1_aHD37m4D9NNJv6XixIcr_sdVtcZuJBv.". Details: "[{'message': 'File not found: 1_aHD37m4D9NNJv6XixIcr_sdVtcZuJBv.', 'domain': 'global', 'reason': 'notFound', 'location': 'fileId', 'locationType': 'parameter'}]">
[2026-06-12 02:29:34] ℹ️ 用信件年份 2023：泳檬-11.12月(401).pdf
[2026-06-12 02:29:34] ❌ 失敗：泳檬-11.12月(401).pdf｜<HttpError 404 when requesting https://www.googleapis.com/drive/v3/files?fields=id&supportsAllDrives=true&alt=json returned "File not found: 1_aHD37m4D9NNJv6XixIcr_sdVtcZuJBv.". Details: "[{'message': 'File not found: 1_aHD37m4D9NNJv6XixIcr_sdVtcZuJBv.', 'domain': 'global', 'reason': 'notFound', 'location': 'fileId', 'locationType': 'parameter'}]">
[2026-06-12 02:29:35] ⚠️ 無法判斷地區：檸盟11-12月401.pdf
[2026-06-12 02:29:35] ⚠️ 無法判斷地區：檸盟營業稅繳款書(401).pdf
[2026-06-12 02:29:38] ❌ 失敗：竹盟-111.11-12-401表.pdf｜<HttpError 404 when requesting https://www.googleapis.com/drive/v3/files?fields=id&supportsAllDrives=true&alt=json returned "File not found: 1adKOf8jtl_1xigKg6NSTsZEe7sckJXIP.". Details: "[{'message': 'File not found: 1adKOf8jtl_1xigKg6NSTsZEe7sckJXIP.', 'domain': 'global', 'reason': 'notFound', 'location': 'fileId', 'locationType': 'parameter'}]">
[2026-06-12 02:29:39] ⚠️ 無法判斷地區：檸檬11-12(401).pdf
[2026-06-12 02:29:39] ⚠️ 無法判斷地區：檸檬11-12營業稅繳款書(401).pdf
[2026-06-12 02:29:42] ❌ 失敗：竹盟-112.01-02-401表.pdf｜<HttpError 404 when requesting https://www.googleapis.com/drive/v3/files?fields=id&supportsAllDrives=true&alt=json returned "File not found: 1adKOf8jtl_1xigKg6NSTsZEe7sckJXIP.". Details: "[{'message': 'File not found: 1adKOf8jtl_1xigKg6NSTsZEe7sckJXIP.', 'domain': 'global', 'reason': 'notFound', 'location': 'fileId', 'locationType': 'parameter'}]">
[2026-06-12 02:29:43] ⚠️ 無法判斷地區：檸檬01-02(401).pdf
[2026-06-12 02:29:43] ⚠️ 無法判斷地區：檸檬01-02營業稅繳款書(401).pdf
[2026-06-12 02:29:44] ℹ️ 用信件年份 2023：泳檬-1.2月(401).pdf
[2026-06-12 02:29:44] ❌ 失敗：泳檬-1.2月(401).pdf｜<HttpError 404 when requesting https://www.googleapis.com/drive/v3/files?fields=id&supportsAllDrives=true&alt=json returned "File not found: 1_aHD37m4D9NNJv6XixIcr_sdVtcZuJBv.". Details: "[{'message': 'File not found: 1_aHD37m4D9NNJv6XixIcr_sdVtcZuJBv.', 'domain': 'global', 'reason': 'notFound', 'location': 'fileId', 'locationType': 'parameter'}]">
[2026-06-12 02:29:44] ⚠️ 無法判斷地區：檸盟 01-02 營業稅繳款書(401).pdf
[2026-06-12 02:29:44] ⚠️ 無法判斷地區：檸盟 01-02 401.pdf
[2026-06-12 02:29:46] ℹ️ 用信件年份 2023：泳檬-3.4月(401).pdf
[2026-06-12 02:29:46] ❌ 失敗：泳檬-3.4月(401).pdf｜<HttpError 404 when requesting https://www.googleapis.com/drive/v3/files?fields=id&supportsAllDrives=true&alt=json returned "File not found: 1_aHD37m4D9NNJv6XixIcr_sdVtcZuJBv.". Details: "[{'message': 'File not found: 1_aHD37m4D9NNJv6XixIcr_sdVtcZuJBv.', 'domain': 'global', 'reason': 'notFound', 'location': 'fileId', 'locationType': 'parameter'}]">
[2026-06-12 02:29:50] ❌ 失敗：竹盟-112.03-04-401表.pdf｜<HttpError 404 when requesting https://www.googleapis.com/drive/v3/files?fields=id&supportsAllDrives=true&alt=json returned "File not found: 1adKOf8jtl_1xigKg6NSTsZEe7sckJXIP.". Details: "[{'message': 'File not found: 1adKOf8jtl_1xigKg6NSTsZEe7sckJXIP.', 'domain': 'global', 'reason': 'notFound', 'location': 'fileId', 'locationType': 'parameter'}]">
[2026-06-12 02:30:16] ⚠️ 無法判斷地區：檸盟 03-04 401.pdf
[2026-06-12 02:30:16] ⚠️ 無法判斷地區：檸盟 03-04 營業稅繳款書(401).pdf
[2026-06-12 02:30:17] ⚠️ 無法判斷地區：112.03-04 401.pdf
[2026-06-12 02:30:17] ⚠️ 無法判斷地區：檸檬03-04營業稅繳款書(401).pdf
[2026-06-12 02:30:17] ⚠️ 無法判斷地區：檸檬03-04(401).pdf
[2026-06-12 02:30:19] ℹ️ 用信件年份 2023：泳檬-5.6月(401)(新.pdf
[2026-06-12 02:30:19] ❌ 失敗：泳檬-5.6月(401)(新.pdf｜<HttpError 404 when requesting https://www.googleapis.com/drive/v3/files?fields=id&supportsAllDrives=true&alt=json returned "File not found: 1_aHD37m4D9NNJv6XixIcr_sdVtcZuJBv.". Details: "[{'message': 'File not found: 1_aHD37m4D9NNJv6XixIcr_sdVtcZuJBv.', 'domain': 'global', 'reason': 'notFound', 'location': 'fileId', 'locationType': 'parameter'}]">
[2026-06-12 02:30:20] ⚠️ 無法判斷地區：檸檬7-8月營業人銷售額與稅額申報書清單(401)-v.20.pdf
[2026-06-12 02:30:21] ❌ 失敗：竹盟-113.05-06-401表.pdf｜<HttpError 404 when requesting https://www.googleapis.com/drive/v3/files?fields=id&supportsAllDrives=true&alt=json returned "File not found: 1adKOf8jtl_1xigKg6NSTsZEe7sckJXIP.". Details: "[{'message': 'File not found: 1adKOf8jtl_1xigKg6NSTsZEe7sckJXIP.', 'domain': 'global', 'reason': 'notFound', 'location': 'fileId', 'locationType': 'parameter'}]">
[2026-06-12 02:30:22] ⚠️ 無法判斷地區：檸檬5-6月營業人銷售額與稅額申報書清單(401).pdf
[2026-06-12 02:30:22] ⚠️ 無法判斷地區：檸檬5-6月營業稅繳款書(401).pdf
[2026-06-12 02:30:25] ❌ 失敗：泳檬113.05-06 401 申報書.pdf｜<HttpError 404 when requesting https://www.googleapis.com/drive/v3/files?fields=id&supportsAllDrives=true&alt=json returned "File not found: 1_aHD37m4D9NNJv6XixIcr_sdVtcZuJBv.". Details: "[{'message': 'File not found: 1_aHD37m4D9NNJv6XixIcr_sdVtcZuJBv.', 'domain': 'global', 'reason': 'notFound', 'location': 'fileId', 'locationType': 'parameter'}]">
[2026-06-12 02:30:29] ❌ 失敗：竹盟-114.01-02-401表.pdf｜<HttpError 404 when requesting https://www.googleapis.com/drive/v3/files?fields=id&supportsAllDrives=true&alt=json returned "File not found: 1adKOf8jtl_1xigKg6NSTsZEe7sckJXIP.". Details: "[{'message': 'File not found: 1adKOf8jtl_1xigKg6NSTsZEe7sckJXIP.', 'domain': 'global', 'reason': 'notFound', 'location': 'fileId', 'locationType': 'parameter'}]">
[2026-06-12 02:30:29] ⚠️ 無法判斷地區：1-2月營業人銷售額與稅額申報書清單(401)-檸檬.pdf
[2026-06-12 02:30:29] ⚠️ 無法判斷地區：1-2月營業稅繳款書(401)-檸檬.pdf
[2026-06-12 02:30:29] ❌ 失敗：泳檬114.01-02 401.pdf｜<HttpError 404 when requesting https://www.googleapis.com/drive/v3/files?fields=id&supportsAllDrives=true&alt=json returned "File not found: 1_aHD37m4D9NNJv6XixIcr_sdVtcZuJBv.". Details: "[{'message': 'File not found: 1_aHD37m4D9NNJv6XixIcr_sdVtcZuJBv.', 'domain': 'global', 'reason': 'notFound', 'location': 'fileId', 'locationType': 'parameter'}]">
[2026-06-12 02:30:33] ⚠️ 無法判斷地區：檸檬1-2月401收據.pdf
[2026-06-12 02:30:36] ℹ️ 用信件年份 2025：竹盟1-2月401繳款收據.pdf
[2026-06-12 02:30:36] ❌ 失敗：竹盟1-2月401繳款收據.pdf｜<HttpError 404 when requesting https://www.googleapis.com/drive/v3/files?fields=id&supportsAllDrives=true&alt=json returned "File not found: 1adKOf8jtl_1xigKg6NSTsZEe7sckJXIP.". Details: "[{'message': 'File not found: 1adKOf8jtl_1xigKg6NSTsZEe7sckJXIP.', 'domain': 'global', 'reason': 'notFound', 'location': 'fileId', 'locationType': 'parameter'}]">
[2026-06-12 02:30:39] ❌ 失敗：泳檬114.03-04 401.pdf｜<HttpError 404 when requesting https://www.googleapis.com/drive/v3/files?fields=id&supportsAllDrives=true&alt=json returned "File not found: 1_aHD37m4D9NNJv6XixIcr_sdVtcZuJBv.". Details: "[{'message': 'File not found: 1_aHD37m4D9NNJv6XixIcr_sdVtcZuJBv.', 'domain': 'global', 'reason': 'notFound', 'location': 'fileId', 'locationType': 'parameter'}]">
[2026-06-12 02:30:42] ❌ 失敗：檸檬專業114.03-04 401.pdf｜<HttpError 404 when requesting https://www.googleapis.com/drive/v3/files?fields=id&supportsAllDrives=true&alt=json returned "File not found: 1SZWR2d8XlpsF2_QkpYLmAY8Pur_cJLR0.". Details: "[{'message': 'File not found: 1SZWR2d8XlpsF2_QkpYLmAY8Pur_cJLR0.', 'domain': 'global', 'reason': 'notFound', 'location': 'fileId', 'locationType': 'parameter'}]">
[2026-06-12 02:30:45] ❌ 失敗：泳檬114.05-06 401.pdf｜<HttpError 404 when requesting https://www.googleapis.com/drive/v3/files?fields=id&supportsAllDrives=true&alt=json returned "File not found: 1_aHD37m4D9NNJv6XixIcr_sdVtcZuJBv.". Details: "[{'message': 'File not found: 1_aHD37m4D9NNJv6XixIcr_sdVtcZuJBv.', 'domain': 'global', 'reason': 'notFound', 'location': 'fileId', 'locationType': 'parameter'}]">
[2026-06-12 02:30:53] ❌ 失敗：檸檬專業114.05-06 401.pdf｜<HttpError 404 when requesting https://www.googleapis.com/drive/v3/files?fields=id&supportsAllDrives=true&alt=json returned "File not found: 1SZWR2d8XlpsF2_QkpYLmAY8Pur_cJLR0.". Details: "[{'message': 'File not found: 1SZWR2d8XlpsF2_QkpYLmAY8Pur_cJLR0.', 'domain': 'global', 'reason': 'notFound', 'location': 'fileId', 'locationType': 'parameter'}]">
[2026-06-12 02:31:02] ℹ️ 用信件年份 2025：泳檬-112.7-8月(401).pdf
[2026-06-12 02:31:02] ❌ 失敗：泳檬-112.7-8月(401).pdf｜<HttpError 404 when requesting https://www.googleapis.com/drive/v3/files?fields=id&supportsAllDrives=true&alt=json returned "File not found: 1_aHD37m4D9NNJv6XixIcr_sdVtcZuJBv.". Details: "[{'message': 'File not found: 1_aHD37m4D9NNJv6XixIcr_sdVtcZuJBv.', 'domain': 'global', 'reason': 'notFound', 'location': 'fileId', 'locationType': 'parameter'}]">
[2026-06-12 02:31:02] ℹ️ 用信件年份 2025：泳檬-112.5-6月(401).pdf
[2026-06-12 02:31:02] ❌ 失敗：泳檬-112.5-6月(401).pdf｜<HttpError 404 when requesting https://www.googleapis.com/drive/v3/files?fields=id&supportsAllDrives=true&alt=json returned "File not found: 1_aHD37m4D9NNJv6XixIcr_sdVtcZuJBv.". Details: "[{'message': 'File not found: 1_aHD37m4D9NNJv6XixIcr_sdVtcZuJBv.', 'domain': 'global', 'reason': 'notFound', 'location': 'fileId', 'locationType': 'parameter'}]">
[2026-06-12 02:31:02] ℹ️ 用信件年份 2025：泳檬-112.9-10月(401).pdf
[2026-06-12 02:31:03] ❌ 失敗：泳檬-112.9-10月(401).pdf｜<HttpError 404 when requesting https://www.googleapis.com/drive/v3/files?fields=id&supportsAllDrives=true&alt=json returned "File not found: 1_aHD37m4D9NNJv6XixIcr_sdVtcZuJBv.". Details: "[{'message': 'File not found: 1_aHD37m4D9NNJv6XixIcr_sdVtcZuJBv.', 'domain': 'global', 'reason': 'notFound', 'location': 'fileId', 'locationType': 'parameter'}]">
[2026-06-12 02:31:03] ℹ️ 用信件年份 2025：泳檬-112.1-2月(401).pdf
[2026-06-12 02:31:03] ❌ 失敗：泳檬-112.1-2月(401).pdf｜<HttpError 404 when requesting https://www.googleapis.com/drive/v3/files?fields=id&supportsAllDrives=true&alt=json returned "File not found: 1_aHD37m4D9NNJv6XixIcr_sdVtcZuJBv.". Details: "[{'message': 'File not found: 1_aHD37m4D9NNJv6XixIcr_sdVtcZuJBv.', 'domain': 'global', 'reason': 'notFound', 'location': 'fileId', 'locationType': 'parameter'}]">
[2026-06-12 02:31:04] ❌ 失敗：泳檬-112.11-12月(401).pdf｜<HttpError 404 when requesting https://www.googleapis.com/drive/v3/files?fields=id&supportsAllDrives=true&alt=json returned "File not found: 1_aHD37m4D9NNJv6XixIcr_sdVtcZuJBv.". Details: "[{'message': 'File not found: 1_aHD37m4D9NNJv6XixIcr_sdVtcZuJBv.', 'domain': 'global', 'reason': 'notFound', 'location': 'fileId', 'locationType': 'parameter'}]">
[2026-06-12 02:31:04] ℹ️ 用信件年份 2025：泳檬-112.3-4月(401).pdf
[2026-06-12 02:31:04] ❌ 失敗：泳檬-112.3-4月(401).pdf｜<HttpError 404 when requesting https://www.googleapis.com/drive/v3/files?fields=id&supportsAllDrives=true&alt=json returned "File not found: 1_aHD37m4D9NNJv6XixIcr_sdVtcZuJBv.". Details: "[{'message': 'File not found: 1_aHD37m4D9NNJv6XixIcr_sdVtcZuJBv.', 'domain': 'global', 'reason': 'notFound', 'location': 'fileId', 'locationType': 'parameter'}]">
[2026-06-12 02:31:06] ❌ 失敗：檸檬專業112.01-02(401).pdf｜<HttpError 404 when requesting https://www.googleapis.com/drive/v3/files?fields=id&supportsAllDrives=true&alt=json returned "File not found: 1SZWR2d8XlpsF2_QkpYLmAY8Pur_cJLR0.". Details: "[{'message': 'File not found: 1SZWR2d8XlpsF2_QkpYLmAY8Pur_cJLR0.', 'domain': 'global', 'reason': 'notFound', 'location': 'fileId', 'locationType': 'parameter'}]">
[2026-06-12 02:31:07] ❌ 失敗：檸檬專業112.09-10(401).pdf｜<HttpError 404 when requesting https://www.googleapis.com/drive/v3/files?fields=id&supportsAllDrives=true&alt=json returned "File not found: 1SZWR2d8XlpsF2_QkpYLmAY8Pur_cJLR0.". Details: "[{'message': 'File not found: 1SZWR2d8XlpsF2_QkpYLmAY8Pur_cJLR0.', 'domain': 'global', 'reason': 'notFound', 'location': 'fileId', 'locationType': 'parameter'}]">
[2026-06-12 02:31:07] ❌ 失敗：檸檬專業112.05-06(401).pdf｜<HttpError 404 when requesting https://www.googleapis.com/drive/v3/files?fields=id&supportsAllDrives=true&alt=json returned "File not found: 1SZWR2d8XlpsF2_QkpYLmAY8Pur_cJLR0.". Details: "[{'message': 'File not found: 1SZWR2d8XlpsF2_QkpYLmAY8Pur_cJLR0.', 'domain': 'global', 'reason': 'notFound', 'location': 'fileId', 'locationType': 'parameter'}]">
[2026-06-12 02:31:07] ❌ 失敗：檸檬專業112.07-08(401).pdf｜<HttpError 404 when requesting https://www.googleapis.com/drive/v3/files?fields=id&supportsAllDrives=true&alt=json returned "File not found: 1SZWR2d8XlpsF2_QkpYLmAY8Pur_cJLR0.". Details: "[{'message': 'File not found: 1SZWR2d8XlpsF2_QkpYLmAY8Pur_cJLR0.', 'domain': 'global', 'reason': 'notFound', 'location': 'fileId', 'locationType': 'parameter'}]">
[2026-06-12 02:31:08] ❌ 失敗：檸檬專業112.03-04(401).pdf｜<HttpError 404 when requesting https://www.googleapis.com/drive/v3/files?fields=id&supportsAllDrives=true&alt=json returned "File not found: 1SZWR2d8XlpsF2_QkpYLmAY8Pur_cJLR0.". Details: "[{'message': 'File not found: 1SZWR2d8XlpsF2_QkpYLmAY8Pur_cJLR0.', 'domain': 'global', 'reason': 'notFound', 'location': 'fileId', 'locationType': 'parameter'}]">
[2026-06-12 02:31:08] ❌ 失敗：檸檬專業112.11-12(401).pdf｜<HttpError 404 when requesting https://www.googleapis.com/drive/v3/files?fields=id&supportsAllDrives=true&alt=json returned "File not found: 1SZWR2d8XlpsF2_QkpYLmAY8Pur_cJLR0.". Details: "[{'message': 'File not found: 1SZWR2d8XlpsF2_QkpYLmAY8Pur_cJLR0.', 'domain': 'global', 'reason': 'notFound', 'location': 'fileId', 'locationType': 'parameter'}]">
[2026-06-12 02:31:14] ❌ 失敗：竹盟-112.01-02-401表.pdf｜<HttpError 404 when requesting https://www.googleapis.com/drive/v3/files?fields=id&supportsAllDrives=true&alt=json returned "File not found: 1adKOf8jtl_1xigKg6NSTsZEe7sckJXIP.". Details: "[{'message': 'File not found: 1adKOf8jtl_1xigKg6NSTsZEe7sckJXIP.', 'domain': 'global', 'reason': 'notFound', 'location': 'fileId', 'locationType': 'parameter'}]">
[2026-06-12 02:31:14] ❌ 失敗：竹盟-112.03-04-401表.pdf｜<HttpError 404 when requesting https://www.googleapis.com/drive/v3/files?fields=id&supportsAllDrives=true&alt=json returned "File not found: 1adKOf8jtl_1xigKg6NSTsZEe7sckJXIP.". Details: "[{'message': 'File not found: 1adKOf8jtl_1xigKg6NSTsZEe7sckJXIP.', 'domain': 'global', 'reason': 'notFound', 'location': 'fileId', 'locationType': 'parameter'}]">
[2026-06-12 02:31:15] ❌ 失敗：竹盟-112.05-06-401表.pdf｜<HttpError 404 when requesting https://www.googleapis.com/drive/v3/files?fields=id&supportsAllDrives=true&alt=json returned "File not found: 1adKOf8jtl_1xigKg6NSTsZEe7sckJXIP.". Details: "[{'message': 'File not found: 1adKOf8jtl_1xigKg6NSTsZEe7sckJXIP.', 'domain': 'global', 'reason': 'notFound', 'location': 'fileId', 'locationType': 'parameter'}]">
[2026-06-12 02:31:15] ❌ 失敗：竹盟-112.07-08-401表.pdf｜<HttpError 404 when requesting https://www.googleapis.com/drive/v3/files?fields=id&supportsAllDrives=true&alt=json returned "File not found: 1adKOf8jtl_1xigKg6NSTsZEe7sckJXIP.". Details: "[{'message': 'File not found: 1adKOf8jtl_1xigKg6NSTsZEe7sckJXIP.', 'domain': 'global', 'reason': 'notFound', 'location': 'fileId', 'locationType': 'parameter'}]">
[2026-06-12 02:31:15] ❌ 失敗：竹盟-112.09-10-401表.pdf｜<HttpError 404 when requesting https://www.googleapis.com/drive/v3/files?fields=id&supportsAllDrives=true&alt=json returned "File not found: 1adKOf8jtl_1xigKg6NSTsZEe7sckJXIP.". Details: "[{'message': 'File not found: 1adKOf8jtl_1xigKg6NSTsZEe7sckJXIP.', 'domain': 'global', 'reason': 'notFound', 'location': 'fileId', 'locationType': 'parameter'}]">
[2026-06-12 02:31:16] ❌ 失敗：竹盟-112.11-12-401表.pdf｜<HttpError 404 when requesting https://www.googleapis.com/drive/v3/files?fields=id&supportsAllDrives=true&alt=json returned "File not found: 1adKOf8jtl_1xigKg6NSTsZEe7sckJXIP.". Details: "[{'message': 'File not found: 1adKOf8jtl_1xigKg6NSTsZEe7sckJXIP.', 'domain': 'global', 'reason': 'notFound', 'location': 'fileId', 'locationType': 'parameter'}]">
[2026-06-12 02:31:23] ❌ 失敗：泳檬113.09-10 401 申報書.pdf｜<HttpError 404 when requesting https://www.googleapis.com/drive/v3/files?fields=id&supportsAllDrives=true&alt=json returned "File not found: 1_aHD37m4D9NNJv6XixIcr_sdVtcZuJBv.". Details: "[{'message': 'File not found: 1_aHD37m4D9NNJv6XixIcr_sdVtcZuJBv.', 'domain': 'global', 'reason': 'notFound', 'location': 'fileId', 'locationType': 'parameter'}]">
[2026-06-12 02:31:24] ❌ 失敗：泳檬113.03-04 401 申報書.pdf｜<HttpError 404 when requesting https://www.googleapis.com/drive/v3/files?fields=id&supportsAllDrives=true&alt=json returned "File not found: 1_aHD37m4D9NNJv6XixIcr_sdVtcZuJBv.". Details: "[{'message': 'File not found: 1_aHD37m4D9NNJv6XixIcr_sdVtcZuJBv.', 'domain': 'global', 'reason': 'notFound', 'location': 'fileId', 'locationType': 'parameter'}]">
[2026-06-12 02:31:24] ❌ 失敗：泳檬113.07-08 401 申報書.pdf｜<HttpError 404 when requesting https://www.googleapis.com/drive/v3/files?fields=id&supportsAllDrives=true&alt=json returned "File not found: 1_aHD37m4D9NNJv6XixIcr_sdVtcZuJBv.". Details: "[{'message': 'File not found: 1_aHD37m4D9NNJv6XixIcr_sdVtcZuJBv.', 'domain': 'global', 'reason': 'notFound', 'location': 'fileId', 'locationType': 'parameter'}]">
[2026-06-12 02:31:24] ❌ 失敗：泳檬113.01-02 401 申報書.pdf｜<HttpError 404 when requesting https://www.googleapis.com/drive/v3/files?fields=id&supportsAllDrives=true&alt=json returned "File not found: 1_aHD37m4D9NNJv6XixIcr_sdVtcZuJBv.". Details: "[{'message': 'File not found: 1_aHD37m4D9NNJv6XixIcr_sdVtcZuJBv.', 'domain': 'global', 'reason': 'notFound', 'location': 'fileId', 'locationType': 'parameter'}]">
[2026-06-12 02:31:25] ❌ 失敗：泳檬113.05-06 401 申報書.pdf｜<HttpError 404 when requesting https://www.googleapis.com/drive/v3/files?fields=id&supportsAllDrives=true&alt=json returned "File not found: 1_aHD37m4D9NNJv6XixIcr_sdVtcZuJBv.". Details: "[{'message': 'File not found: 1_aHD37m4D9NNJv6XixIcr_sdVtcZuJBv.', 'domain': 'global', 'reason': 'notFound', 'location': 'fileId', 'locationType': 'parameter'}]">
[2026-06-12 02:31:25] ❌ 失敗：泳檬113.11-12 401 申報書.pdf｜<HttpError 404 when requesting https://www.googleapis.com/drive/v3/files?fields=id&supportsAllDrives=true&alt=json returned "File not found: 1_aHD37m4D9NNJv6XixIcr_sdVtcZuJBv.". Details: "[{'message': 'File not found: 1_aHD37m4D9NNJv6XixIcr_sdVtcZuJBv.', 'domain': 'global', 'reason': 'notFound', 'location': 'fileId', 'locationType': 'parameter'}]">
[2026-06-12 02:31:38] ❌ 失敗：檸檬專業113.01-02(401).pdf｜<HttpError 404 when requesting https://www.googleapis.com/drive/v3/files?fields=id&supportsAllDrives=true&alt=json returned "File not found: 1SZWR2d8XlpsF2_QkpYLmAY8Pur_cJLR0.". Details: "[{'message': 'File not found: 1SZWR2d8XlpsF2_QkpYLmAY8Pur_cJLR0.', 'domain': 'global', 'reason': 'notFound', 'location': 'fileId', 'locationType': 'parameter'}]">
[2026-06-12 02:31:38] ❌ 失敗：檸檬專業113.09-10(401).pdf｜<HttpError 404 when requesting https://www.googleapis.com/drive/v3/files?fields=id&supportsAllDrives=true&alt=json returned "File not found: 1SZWR2d8XlpsF2_QkpYLmAY8Pur_cJLR0.". Details: "[{'message': 'File not found: 1SZWR2d8XlpsF2_QkpYLmAY8Pur_cJLR0.', 'domain': 'global', 'reason': 'notFound', 'location': 'fileId', 'locationType': 'parameter'}]">
[2026-06-12 02:31:38] ❌ 失敗：檸檬專業113.05-06(401).pdf｜<HttpError 404 when requesting https://www.googleapis.com/drive/v3/files?fields=id&supportsAllDrives=true&alt=json returned "File not found: 1SZWR2d8XlpsF2_QkpYLmAY8Pur_cJLR0.". Details: "[{'message': 'File not found: 1SZWR2d8XlpsF2_QkpYLmAY8Pur_cJLR0.', 'domain': 'global', 'reason': 'notFound', 'location': 'fileId', 'locationType': 'parameter'}]">
[2026-06-12 02:31:39] ❌ 失敗：檸檬專業113.03-04(401).pdf｜<HttpError 404 when requesting https://www.googleapis.com/drive/v3/files?fields=id&supportsAllDrives=true&alt=json returned "File not found: 1SZWR2d8XlpsF2_QkpYLmAY8Pur_cJLR0.". Details: "[{'message': 'File not found: 1SZWR2d8XlpsF2_QkpYLmAY8Pur_cJLR0.', 'domain': 'global', 'reason': 'notFound', 'location': 'fileId', 'locationType': 'parameter'}]">
[2026-06-12 02:31:39] ❌ 失敗：檸檬專業113.07-08(401).pdf｜<HttpError 404 when requesting https://www.googleapis.com/drive/v3/files?fields=id&supportsAllDrives=true&alt=json returned "File not found: 1SZWR2d8XlpsF2_QkpYLmAY8Pur_cJLR0.". Details: "[{'message': 'File not found: 1SZWR2d8XlpsF2_QkpYLmAY8Pur_cJLR0.', 'domain': 'global', 'reason': 'notFound', 'location': 'fileId', 'locationType': 'parameter'}]">
[2026-06-12 02:31:39] ❌ 失敗：檸檬專業113.11-12(401).pdf｜<HttpError 404 when requesting https://www.googleapis.com/drive/v3/files?fields=id&supportsAllDrives=true&alt=json returned "File not found: 1SZWR2d8XlpsF2_QkpYLmAY8Pur_cJLR0.". Details: "[{'message': 'File not found: 1SZWR2d8XlpsF2_QkpYLmAY8Pur_cJLR0.', 'domain': 'global', 'reason': 'notFound', 'location': 'fileId', 'locationType': 'parameter'}]">
[2026-06-12 02:31:42] ❌ 失敗：竹盟-113.01-02-401表.pdf｜<HttpError 404 when requesting https://www.googleapis.com/drive/v3/files?fields=id&supportsAllDrives=true&alt=json returned "File not found: 1adKOf8jtl_1xigKg6NSTsZEe7sckJXIP.". Details: "[{'message': 'File not found: 1adKOf8jtl_1xigKg6NSTsZEe7sckJXIP.', 'domain': 'global', 'reason': 'notFound', 'location': 'fileId', 'locationType': 'parameter'}]">
[2026-06-12 02:31:43] ❌ 失敗：竹盟-113.03-04-401表.pdf｜<HttpError 404 when requesting https://www.googleapis.com/drive/v3/files?fields=id&supportsAllDrives=true&alt=json returned "File not found: 1adKOf8jtl_1xigKg6NSTsZEe7sckJXIP.". Details: "[{'message': 'File not found: 1adKOf8jtl_1xigKg6NSTsZEe7sckJXIP.', 'domain': 'global', 'reason': 'notFound', 'location': 'fileId', 'locationType': 'parameter'}]">
[2026-06-12 02:31:43] ❌ 失敗：竹盟-113.05-06-401表.pdf｜<HttpError 404 when requesting https://www.googleapis.com/drive/v3/files?fields=id&supportsAllDrives=true&alt=json returned "File not found: 1adKOf8jtl_1xigKg6NSTsZEe7sckJXIP.". Details: "[{'message': 'File not found: 1adKOf8jtl_1xigKg6NSTsZEe7sckJXIP.', 'domain': 'global', 'reason': 'notFound', 'location': 'fileId', 'locationType': 'parameter'}]">
[2026-06-12 02:31:43] ❌ 失敗：竹盟-113.07-08-401表.pdf｜<HttpError 404 when requesting https://www.googleapis.com/drive/v3/files?fields=id&supportsAllDrives=true&alt=json returned "File not found: 1adKOf8jtl_1xigKg6NSTsZEe7sckJXIP.". Details: "[{'message': 'File not found: 1adKOf8jtl_1xigKg6NSTsZEe7sckJXIP.', 'domain': 'global', 'reason': 'notFound', 'location': 'fileId', 'locationType': 'parameter'}]">
[2026-06-12 02:31:43] ❌ 失敗：竹盟-113.09-10-401表.pdf｜<HttpError 404 when requesting https://www.googleapis.com/drive/v3/files?fields=id&supportsAllDrives=true&alt=json returned "File not found: 1adKOf8jtl_1xigKg6NSTsZEe7sckJXIP.". Details: "[{'message': 'File not found: 1adKOf8jtl_1xigKg6NSTsZEe7sckJXIP.', 'domain': 'global', 'reason': 'notFound', 'location': 'fileId', 'locationType': 'parameter'}]">
[2026-06-12 02:31:44] ❌ 失敗：竹盟-113.11-12-401表.pdf｜<HttpError 404 when requesting https://www.googleapis.com/drive/v3/files?fields=id&supportsAllDrives=true&alt=json returned "File not found: 1adKOf8jtl_1xigKg6NSTsZEe7sckJXIP.". Details: "[{'message': 'File not found: 1adKOf8jtl_1xigKg6NSTsZEe7sckJXIP.', 'domain': 'global', 'reason': 'notFound', 'location': 'fileId', 'locationType': 'parameter'}]">
[2026-06-12 02:31:54] ❌ 失敗：檸檬專業114.07-08 401.pdf｜<HttpError 403 when requesting https://www.googleapis.com/upload/drive/v3/files?fields=id&supportsAllDrives=true&alt=json&uploadType=multipart returned "Service Accounts do not have storage quota. Leverage shared drives (https://developers.google.com/workspace/drive/api/guides/about-shareddrives), or use OAuth delegation (http://support.google.com/a/answer/7281227) instead.". Details: "[{'message': 'Service Accounts do not have storage quota. Leverage shared drives (https://developers.google.com/workspace/drive/api/guides/about-shareddrives), or use OAuth delegation (http://support.google.com/a/answer/7281227) instead.', 'domain': 'usageLimits', 'reason': 'storageQuotaExceeded'}]">
[2026-06-12 02:31:59] ❌ 失敗：泳檬114.07-08 401.pdf｜<HttpError 403 when requesting https://www.googleapis.com/upload/drive/v3/files?fields=id&supportsAllDrives=true&alt=json&uploadType=multipart returned "Service Accounts do not have storage quota. Leverage shared drives (https://developers.google.com/workspace/drive/api/guides/about-shareddrives), or use OAuth delegation (http://support.google.com/a/answer/7281227) instead.". Details: "[{'message': 'Service Accounts do not have storage quota. Leverage shared drives (https://developers.google.com/workspace/drive/api/guides/about-shareddrives), or use OAuth delegation (http://support.google.com/a/answer/7281227) instead.', 'domain': 'usageLimits', 'reason': 'storageQuotaExceeded'}]">
[2026-06-12 02:32:02] ❌ 失敗：檸檬專業(檸檬台北)114.09-10 401.pdf｜<HttpError 403 when requesting https://www.googleapis.com/upload/drive/v3/files?fields=id&supportsAllDrives=true&alt=json&uploadType=multipart returned "Service Accounts do not have storage quota. Leverage shared drives (https://developers.google.com/workspace/drive/api/guides/about-shareddrives), or use OAuth delegation (http://support.google.com/a/answer/7281227) instead.". Details: "[{'message': 'Service Accounts do not have storage quota. Leverage shared drives (https://developers.google.com/workspace/drive/api/guides/about-shareddrives), or use OAuth delegation (http://support.google.com/a/answer/7281227) instead.', 'domain': 'usageLimits', 'reason': 'storageQuotaExceeded'}]">
[2026-06-12 02:32:06] ❌ 失敗：泳檬114.09-10 401.pdf｜<HttpError 403 when requesting https://www.googleapis.com/upload/drive/v3/files?fields=id&supportsAllDrives=true&alt=json&uploadType=multipart returned "Service Accounts do not have storage quota. Leverage shared drives (https://developers.google.com/workspace/drive/api/guides/about-shareddrives), or use OAuth delegation (http://support.google.com/a/answer/7281227) instead.". Details: "[{'message': 'Service Accounts do not have storage quota. Leverage shared drives (https://developers.google.com/workspace/drive/api/guides/about-shareddrives), or use OAuth delegation (http://support.google.com/a/answer/7281227) instead.', 'domain': 'usageLimits', 'reason': 'storageQuotaExceeded'}]">
[2026-06-12 02:32:13] ❌ 失敗：泳檬114.11-12 401.pdf｜<HttpError 403 when requesting https://www.googleapis.com/upload/drive/v3/files?fields=id&supportsAllDrives=true&alt=json&uploadType=multipart returned "Service Accounts do not have storage quota. Leverage shared drives (https://developers.google.com/workspace/drive/api/guides/about-shareddrives), or use OAuth delegation (http://support.google.com/a/answer/7281227) instead.". Details: "[{'message': 'Service Accounts do not have storage quota. Leverage shared drives (https://developers.google.com/workspace/drive/api/guides/about-shareddrives), or use OAuth delegation (http://support.google.com/a/answer/7281227) instead.', 'domain': 'usageLimits', 'reason': 'storageQuotaExceeded'}]">
[2026-06-12 02:32:17] ❌ 失敗：泳檬115.01-02 401.pdf｜<HttpError 403 when requesting https://www.googleapis.com/upload/drive/v3/files?fields=id&supportsAllDrives=true&alt=json&uploadType=multipart returned "Service Accounts do not have storage quota. Leverage shared drives (https://developers.google.com/workspace/drive/api/guides/about-shareddrives), or use OAuth delegation (http://support.google.com/a/answer/7281227) instead.". Details: "[{'message': 'Service Accounts do not have storage quota. Leverage shared drives (https://developers.google.com/workspace/drive/api/guides/about-shareddrives), or use OAuth delegation (http://support.google.com/a/answer/7281227) instead.', 'domain': 'usageLimits', 'reason': 'storageQuotaExceeded'}]">
[2026-06-12 02:32:21] ❌ 失敗：檸檬專業(檸檬台北)115.01-02 401營業稅繳款書.pdf｜<HttpError 403 when requesting https://www.googleapis.com/upload/drive/v3/files?fields=id&supportsAllDrives=true&alt=json&uploadType=multipart returned "Service Accounts do not have storage quota. Leverage shared drives (https://developers.google.com/workspace/drive/api/guides/about-shareddrives), or use OAuth delegation (http://support.google.com/a/answer/7281227) instead.". Details: "[{'message': 'Service Accounts do not have storage quota. Leverage shared drives (https://developers.google.com/workspace/drive/api/guides/about-shareddrives), or use OAuth delegation (http://support.google.com/a/answer/7281227) instead.', 'domain': 'usageLimits', 'reason': 'storageQuotaExceeded'}]">
[2026-06-12 02:32:23] ❌ 失敗：檸檬專業(檸檬台北)115.01-02 401.pdf｜<HttpError 403 when requesting https://www.googleapis.com/upload/drive/v3/files?fields=id&supportsAllDrives=true&alt=json&uploadType=multipart returned "Service Accounts do not have storage quota. Leverage shared drives (https://developers.google.com/workspace/drive/api/guides/about-shareddrives), or use OAuth delegation (http://support.google.com/a/answer/7281227) instead.". Details: "[{'message': 'Service Accounts do not have storage quota. Leverage shared drives (https://developers.google.com/workspace/drive/api/guides/about-shareddrives), or use OAuth delegation (http://support.google.com/a/answer/7281227) instead.', 'domain': 'usageLimits', 'reason': 'storageQuotaExceeded'}]">
[2026-06-12 02:32:27] ❌ 失敗：南檬115.03-04 401.pdf｜<HttpError 403 when requesting https://www.googleapis.com/upload/drive/v3/files?fields=id&supportsAllDrives=true&alt=json&uploadType=multipart returned "Service Accounts do not have storage quota. Leverage shared drives (https://developers.google.com/workspace/drive/api/guides/about-shareddrives), or use OAuth delegation (http://support.google.com/a/answer/7281227) instead.". Details: "[{'message': 'Service Accounts do not have storage quota. Leverage shared drives (https://developers.google.com/workspace/drive/api/guides/about-shareddrives), or use OAuth delegation (http://support.google.com/a/answer/7281227) instead.', 'domain': 'usageLimits', 'reason': 'storageQuotaExceeded'}]">
[2026-06-12 02:32:27] 完成｜成功 0，略過 48，失敗 86
[2026-06-12 02:32:28] 已寫入主控表 Log
