[2026-06-12 02:50:26] 🔥 開始業績報表
[2026-06-12 02:50:26] ===== 台北 =====
[2026-06-12 02:50:27] ✅ 登入成功：jenny@lemonclean.com.tw
[2026-06-12 02:50:27] 抓取：city=台北 month=本月 status=1 kw= url=https://backend.lemonclean.com.tw/purchase?keyword=&name=&phone=&orderNo=&date_s=&date_e=&clean_date_s=2026-06-01&clean_date_e=2026-06-30&paid_at_s=&paid_at_e=&refundDateS=&refundDateE=&buy=&area_id=&isCharge=&isRefund=&p_board=on&payway=&purchase_status=1&progress_status=&invoiceStatus=&otherFee=&orderBy=
[2026-06-12 02:50:28] ✅ parse_html rows = 22
[2026-06-12 02:50:28] 抓取：city=台北 month=本月 status=0 kw= url=https://backend.lemonclean.com.tw/purchase?keyword=&name=&phone=&orderNo=&date_s=&date_e=&clean_date_s=2026-06-01&clean_date_e=2026-06-30&paid_at_s=&paid_at_e=&refundDateS=&refundDateE=&buy=&area_id=&isCharge=&isRefund=&p_board=on&payway=&purchase_status=0&progress_status=&invoiceStatus=&otherFee=&orderBy=
[2026-06-12 02:50:29] ✅ parse_html rows = 22
[2026-06-12 02:50:29] 抓取：city=台北 month=下月 status=1 kw= url=https://backend.lemonclean.com.tw/purchase?keyword=&name=&phone=&orderNo=&date_s=&date_e=&clean_date_s=2026-07-01&clean_date_e=2026-07-31&paid_at_s=&paid_at_e=&refundDateS=&refundDateE=&buy=&area_id=&isCharge=&isRefund=&p_board=on&payway=&purchase_status=1&progress_status=&invoiceStatus=&otherFee=&orderBy=
[2026-06-12 02:50:29] ✅ parse_html rows = 22
[2026-06-12 02:50:29] 抓取：city=台北 month=下月 status=0 kw= url=https://backend.lemonclean.com.tw/purchase?keyword=&name=&phone=&orderNo=&date_s=&date_e=&clean_date_s=2026-07-01&clean_date_e=2026-07-31&paid_at_s=&paid_at_e=&refundDateS=&refundDateE=&buy=&area_id=&isCharge=&isRefund=&p_board=on&payway=&purchase_status=0&progress_status=&invoiceStatus=&otherFee=&orderBy=
[2026-06-12 02:50:30] ✅ parse_html rows = 22
[2026-06-12 02:50:30] ===== 台中 =====
[2026-06-12 02:50:31] ✅ 登入成功：jenny.tc@lemonclean.com.tw
[2026-06-12 02:50:31] 抓取：city=台中 month=本月 status=1 kw= url=https://backend.lemonclean.com.tw/purchase?keyword=&name=&phone=&orderNo=&date_s=&date_e=&clean_date_s=2026-06-01&clean_date_e=2026-06-30&paid_at_s=&paid_at_e=&refundDateS=&refundDateE=&buy=&area_id=&isCharge=&isRefund=&p_board=on&payway=&purchase_status=1&progress_status=&invoiceStatus=&otherFee=&orderBy=
[2026-06-12 02:50:32] ✅ parse_html rows = 22
[2026-06-12 02:50:32] 抓取：city=台中 month=本月 status=0 kw= url=https://backend.lemonclean.com.tw/purchase?keyword=&name=&phone=&orderNo=&date_s=&date_e=&clean_date_s=2026-06-01&clean_date_e=2026-06-30&paid_at_s=&paid_at_e=&refundDateS=&refundDateE=&buy=&area_id=&isCharge=&isRefund=&p_board=on&payway=&purchase_status=0&progress_status=&invoiceStatus=&otherFee=&orderBy=
[2026-06-12 02:50:32] ✅ parse_html rows = 22
[2026-06-12 02:50:32] 抓取：city=台中 month=下月 status=1 kw= url=https://backend.lemonclean.com.tw/purchase?keyword=&name=&phone=&orderNo=&date_s=&date_e=&clean_date_s=2026-07-01&clean_date_e=2026-07-31&paid_at_s=&paid_at_e=&refundDateS=&refundDateE=&buy=&area_id=&isCharge=&isRefund=&p_board=on&payway=&purchase_status=1&progress_status=&invoiceStatus=&otherFee=&orderBy=
[2026-06-12 02:50:32] ✅ parse_html rows = 22
[2026-06-12 02:50:32] 抓取：city=台中 month=下月 status=0 kw= url=https://backend.lemonclean.com.tw/purchase?keyword=&name=&phone=&orderNo=&date_s=&date_e=&clean_date_s=2026-07-01&clean_date_e=2026-07-31&paid_at_s=&paid_at_e=&refundDateS=&refundDateE=&buy=&area_id=&isCharge=&isRefund=&p_board=on&payway=&purchase_status=0&progress_status=&invoiceStatus=&otherFee=&orderBy=
[2026-06-12 02:50:33] ✅ parse_html rows = 22
[2026-06-12 02:50:33] ===== 桃園 =====
[2026-06-12 02:50:34] ✅ 登入成功：jenny.tyc@lemonclean.com.tw
[2026-06-12 02:50:34] 抓取：city=桃園 month=本月 status=1 kw= url=https://backend.lemonclean.com.tw/purchase?keyword=&name=&phone=&orderNo=&date_s=&date_e=&clean_date_s=2026-06-01&clean_date_e=2026-06-30&paid_at_s=&paid_at_e=&refundDateS=&refundDateE=&buy=&area_id=&isCharge=&isRefund=&p_board=on&payway=&purchase_status=1&progress_status=&invoiceStatus=&otherFee=&orderBy=
[2026-06-12 02:50:35] ✅ parse_html rows = 22
[2026-06-12 02:50:35] 抓取：city=桃園 month=本月 status=0 kw= url=https://backend.lemonclean.com.tw/purchase?keyword=&name=&phone=&orderNo=&date_s=&date_e=&clean_date_s=2026-06-01&clean_date_e=2026-06-30&paid_at_s=&paid_at_e=&refundDateS=&refundDateE=&buy=&area_id=&isCharge=&isRefund=&p_board=on&payway=&purchase_status=0&progress_status=&invoiceStatus=&otherFee=&orderBy=
[2026-06-12 02:50:35] ✅ parse_html rows = 22
[2026-06-12 02:50:35] 抓取：city=桃園 month=下月 status=1 kw= url=https://backend.lemonclean.com.tw/purchase?keyword=&name=&phone=&orderNo=&date_s=&date_e=&clean_date_s=2026-07-01&clean_date_e=2026-07-31&paid_at_s=&paid_at_e=&refundDateS=&refundDateE=&buy=&area_id=&isCharge=&isRefund=&p_board=on&payway=&purchase_status=1&progress_status=&invoiceStatus=&otherFee=&orderBy=
[2026-06-12 02:50:36] ✅ parse_html rows = 22
[2026-06-12 02:50:36] 抓取：city=桃園 month=下月 status=0 kw= url=https://backend.lemonclean.com.tw/purchase?keyword=&name=&phone=&orderNo=&date_s=&date_e=&clean_date_s=2026-07-01&clean_date_e=2026-07-31&paid_at_s=&paid_at_e=&refundDateS=&refundDateE=&buy=&area_id=&isCharge=&isRefund=&p_board=on&payway=&purchase_status=0&progress_status=&invoiceStatus=&otherFee=&orderBy=
[2026-06-12 02:50:36] ✅ parse_html rows = 22
[2026-06-12 02:50:36] ===== 新竹 =====
[2026-06-12 02:50:37] ✅ 登入成功：jenny.hc@lemonclean.com.tw
[2026-06-12 02:50:37] 抓取：city=新竹 month=本月 status=1 kw=新竹 url=https://backend.lemonclean.com.tw/purchase?keyword=%E6%96%B0%E7%AB%B9&name=&phone=&orderNo=&date_s=&date_e=&clean_date_s=2026-06-01&clean_date_e=2026-06-30&paid_at_s=&paid_at_e=&refundDateS=&refundDateE=&buy=&area_id=&isCharge=&isRefund=&p_board=on&payway=&purchase_status=1&progress_status=&invoiceStatus=&otherFee=&orderBy=
[2026-06-12 02:50:38] ✅ parse_html rows = 22
[2026-06-12 02:50:38] 抓取：city=新竹 month=本月 status=0 kw=新竹 url=https://backend.lemonclean.com.tw/purchase?keyword=%E6%96%B0%E7%AB%B9&name=&phone=&orderNo=&date_s=&date_e=&clean_date_s=2026-06-01&clean_date_e=2026-06-30&paid_at_s=&paid_at_e=&refundDateS=&refundDateE=&buy=&area_id=&isCharge=&isRefund=&p_board=on&payway=&purchase_status=0&progress_status=&invoiceStatus=&otherFee=&orderBy=
[2026-06-12 02:50:38] ✅ parse_html rows = 22
[2026-06-12 02:50:38] 抓取：city=新竹 month=下月 status=1 kw=新竹 url=https://backend.lemonclean.com.tw/purchase?keyword=%E6%96%B0%E7%AB%B9&name=&phone=&orderNo=&date_s=&date_e=&clean_date_s=2026-07-01&clean_date_e=2026-07-31&paid_at_s=&paid_at_e=&refundDateS=&refundDateE=&buy=&area_id=&isCharge=&isRefund=&p_board=on&payway=&purchase_status=1&progress_status=&invoiceStatus=&otherFee=&orderBy=
[2026-06-12 02:50:39] ✅ parse_html rows = 22
[2026-06-12 02:50:39] 抓取：city=新竹 month=下月 status=0 kw=新竹 url=https://backend.lemonclean.com.tw/purchase?keyword=%E6%96%B0%E7%AB%B9&name=&phone=&orderNo=&date_s=&date_e=&clean_date_s=2026-07-01&clean_date_e=2026-07-31&paid_at_s=&paid_at_e=&refundDateS=&refundDateE=&buy=&area_id=&isCharge=&isRefund=&p_board=on&payway=&purchase_status=0&progress_status=&invoiceStatus=&otherFee=&orderBy=
[2026-06-12 02:50:39] ✅ parse_html rows = 22
[2026-06-12 02:50:39] ===== 高雄 =====
[2026-06-12 02:50:40] ✅ 登入成功：jenny.hc@lemonclean.com.tw
[2026-06-12 02:50:40] 抓取：city=高雄 month=本月 status=1 kw=高雄 url=https://backend.lemonclean.com.tw/purchase?keyword=%E9%AB%98%E9%9B%84&name=&phone=&orderNo=&date_s=&date_e=&clean_date_s=2026-06-01&clean_date_e=2026-06-30&paid_at_s=&paid_at_e=&refundDateS=&refundDateE=&buy=&area_id=&isCharge=&isRefund=&p_board=on&payway=&purchase_status=1&progress_status=&invoiceStatus=&otherFee=&orderBy=
[2026-06-12 02:50:41] ✅ parse_html rows = 22
[2026-06-12 02:50:41] 抓取：city=高雄 month=本月 status=1 kw=台南 url=https://backend.lemonclean.com.tw/purchase?keyword=%E5%8F%B0%E5%8D%97&name=&phone=&orderNo=&date_s=&date_e=&clean_date_s=2026-06-01&clean_date_e=2026-06-30&paid_at_s=&paid_at_e=&refundDateS=&refundDateE=&buy=&area_id=&isCharge=&isRefund=&p_board=on&payway=&purchase_status=1&progress_status=&invoiceStatus=&otherFee=&orderBy=
[2026-06-12 02:50:41] ✅ parse_html rows = 22
[2026-06-12 02:50:41] 抓取：city=高雄 month=本月 status=0 kw=高雄 url=https://backend.lemonclean.com.tw/purchase?keyword=%E9%AB%98%E9%9B%84&name=&phone=&orderNo=&date_s=&date_e=&clean_date_s=2026-06-01&clean_date_e=2026-06-30&paid_at_s=&paid_at_e=&refundDateS=&refundDateE=&buy=&area_id=&isCharge=&isRefund=&p_board=on&payway=&purchase_status=0&progress_status=&invoiceStatus=&otherFee=&orderBy=
[2026-06-12 02:50:41] ✅ parse_html rows = 22
[2026-06-12 02:50:41] 抓取：city=高雄 month=本月 status=0 kw=台南 url=https://backend.lemonclean.com.tw/purchase?keyword=%E5%8F%B0%E5%8D%97&name=&phone=&orderNo=&date_s=&date_e=&clean_date_s=2026-06-01&clean_date_e=2026-06-30&paid_at_s=&paid_at_e=&refundDateS=&refundDateE=&buy=&area_id=&isCharge=&isRefund=&p_board=on&payway=&purchase_status=0&progress_status=&invoiceStatus=&otherFee=&orderBy=
[2026-06-12 02:50:41] ✅ parse_html rows = 22
[2026-06-12 02:50:41] 抓取：city=高雄 month=下月 status=1 kw=高雄 url=https://backend.lemonclean.com.tw/purchase?keyword=%E9%AB%98%E9%9B%84&name=&phone=&orderNo=&date_s=&date_e=&clean_date_s=2026-07-01&clean_date_e=2026-07-31&paid_at_s=&paid_at_e=&refundDateS=&refundDateE=&buy=&area_id=&isCharge=&isRefund=&p_board=on&payway=&purchase_status=1&progress_status=&invoiceStatus=&otherFee=&orderBy=
[2026-06-12 02:50:41] ✅ parse_html rows = 22
[2026-06-12 02:50:41] 抓取：city=高雄 month=下月 status=1 kw=台南 url=https://backend.lemonclean.com.tw/purchase?keyword=%E5%8F%B0%E5%8D%97&name=&phone=&orderNo=&date_s=&date_e=&clean_date_s=2026-07-01&clean_date_e=2026-07-31&paid_at_s=&paid_at_e=&refundDateS=&refundDateE=&buy=&area_id=&isCharge=&isRefund=&p_board=on&payway=&purchase_status=1&progress_status=&invoiceStatus=&otherFee=&orderBy=
[2026-06-12 02:50:42] ✅ parse_html rows = 22
[2026-06-12 02:50:42] 抓取：city=高雄 month=下月 status=0 kw=高雄 url=https://backend.lemonclean.com.tw/purchase?keyword=%E9%AB%98%E9%9B%84&name=&phone=&orderNo=&date_s=&date_e=&clean_date_s=2026-07-01&clean_date_e=2026-07-31&paid_at_s=&paid_at_e=&refundDateS=&refundDateE=&buy=&area_id=&isCharge=&isRefund=&p_board=on&payway=&purchase_status=0&progress_status=&invoiceStatus=&otherFee=&orderBy=
[2026-06-12 02:50:42] ✅ parse_html rows = 22
[2026-06-12 02:50:42] 抓取：city=高雄 month=下月 status=0 kw=台南 url=https://backend.lemonclean.com.tw/purchase?keyword=%E5%8F%B0%E5%8D%97&name=&phone=&orderNo=&date_s=&date_e=&clean_date_s=2026-07-01&clean_date_e=2026-07-31&paid_at_s=&paid_at_e=&refundDateS=&refundDateE=&buy=&area_id=&isCharge=&isRefund=&p_board=on&payway=&purchase_status=0&progress_status=&invoiceStatus=&otherFee=&orderBy=
[2026-06-12 02:50:42] ✅ parse_html rows = 22
[2026-06-12 02:50:42] ✅ 本月統計報表完成，筆數 = 92
[2026-06-12 02:50:42] ✅ 次月統計報表完成，筆數 = 92
[2026-06-12 02:50:42] raw_df columns = ['城市', '月份', '日期', '收入類型', '資料來源', '服務', '子項目', '已付款', '待付款']
[2026-06-12 02:50:42] raw_df 前5筆 = [{'城市': '台北', '月份': '本月', '日期': None, '收入類型': '現金收入', '資料來源': '主表', '服務': '居家清潔', '子項目': '', '已付款': 1200300, '待付款': 30000}, {'城市': '台北', '月份': '本月', '日期': None, '收入類型': '現金收入', '資料來源': '主表', '服務': '辦公室清潔', '子項目': '', '已付款': 66000, '待付款': 0}, {'城市': '台北', '月份': '本月', '日期': None, '收入類型': '現金收入', '資料來源': '主表', '服務': '裝修細清', '子項目': '', '已付款': 14400, '待付款': 0}, {'城市': '台北', '月份': '本月', '日期': None, '收入類型': '現金收入', '資料來源': '主表', '服務': '搬入清潔', '子項目': '', '已付款': 37400, '待付款': 0}, {'城市': '台北', '月份': '本月', '日期': None, '收入類型': '現金收入', '資料來源': '主表', '服務': '搬出清潔', '子項目': '', '已付款': 73800, '待付款': 6200}]
[2026-06-12 02:50:42] df1 rows = 90
[2026-06-12 02:50:42] df2 rows = 60
[2026-06-12 02:50:42] df3 rows = 85
[2026-06-12 02:50:42] df4 rows = 6
[2026-06-12 02:50:42] daily_df rows = 92
[2026-06-12 02:50:42] next_month_daily_df rows = 92
[2026-06-12 02:50:42] month_end_df rows = 0
[2026-06-12 02:50:42] ===== 寫入 dashboard 檔案 =====
[2026-06-12 02:50:42] LATEST_DIR = ./dashboard_data/latest
[2026-06-12 02:50:42] latest_df4 = ./dashboard_data/latest/df4.csv
[2026-06-12 02:50:42] latest_daily = ./dashboard_data/latest/daily_df.csv
[2026-06-12 02:50:42] latest_next_daily = ./dashboard_data/latest/next_month_daily_df.csv
[2026-06-12 02:50:42] latest_month_end = ./dashboard_data/latest/month_end_summary.csv
[2026-06-12 02:50:42] latest_html = ./dashboard_data/latest/email_preview.html
[2026-06-12 02:50:42] latest_meta = ./dashboard_data/latest/meta.json
[2026-06-12 02:50:42] df4 rows = 6
[2026-06-12 02:50:42] daily_df rows = 92
[2026-06-12 02:50:42] next_month_daily_df rows = 92
[2026-06-12 02:50:42] month_end_df rows = 0
[2026-06-12 02:50:44] ✅ 已寄出：jenny@hers.com.tw

