[config] spreadsheet_id='1nNAXy6rvBnGR8ACnqKKzKNA4-UwZtZp47i806EPmR_8'
2026-06-07 23:01:41 [INFO] 目標試算表 ID 來源：主控試算表系統設定
2026-06-07 23:01:41 [INFO] === 客服排程系統 run_id=519e4e7b step=1 台北時間=2026-06-08 07:01:40 ===
2026-06-07 23:01:41 [INFO] file_cache is only supported with oauth2client<4.0.0
2026-06-07 23:01:47 [INFO] --- Step1_更新排班統計表 ---
2026-06-07 23:01:50 [INFO] file_cache is only supported with oauth2client<4.0.0
2026-06-07 23:01:51 [INFO] Drive 資料夾找到 85 個檔案
2026-06-07 23:01:51 [INFO]   找到檔案：排班統計表20260708-台中.xlsx_temp_1780869388 (application/vnd.google-apps.spreadsheet)
2026-06-07 23:01:51 [INFO]   找到檔案：排班統計表20260608-台中.xlsx_temp_1780869381 (application/vnd.google-apps.spreadsheet)
2026-06-07 23:01:51 [INFO]   找到檔案：排班統計表20260708-台北.xlsx_temp_1780869375 (application/vnd.google-apps.spreadsheet)
2026-06-07 23:01:51 [INFO]   找到檔案：排班統計表20260608-台北.xlsx_temp_1780869357 (application/vnd.google-apps.spreadsheet)
2026-06-07 23:01:51 [INFO]   找到檔案：排班統計表20260708-台中.xlsx (application/vnd.openxmlformats-officedocument.spreadsheetml.sheet)
2026-06-07 23:01:51 [INFO]   找到檔案：排班統計表20260608-台中.xlsx (application/vnd.openxmlformats-officedocument.spreadsheetml.sheet)
2026-06-07 23:01:51 [INFO]   找到檔案：排班統計表20260708-台北.xlsx (application/vnd.openxmlformats-officedocument.spreadsheetml.sheet)
2026-06-07 23:01:51 [INFO]   找到檔案：排班統計表20260608-台北.xlsx (application/vnd.openxmlformats-officedocument.spreadsheetml.sheet)
2026-06-07 23:01:51 [INFO]   找到檔案：排班統計表20260707-台中 (application/vnd.google-apps.spreadsheet)
2026-06-07 23:01:51 [INFO]   找到檔案：排班統計表20260607-台中 (application/vnd.google-apps.spreadsheet)
2026-06-07 23:01:51 [INFO]   找到檔案：排班統計表20260707-台北 (application/vnd.google-apps.spreadsheet)
2026-06-07 23:01:51 [INFO]   找到檔案：排班統計表20260607-台北 (application/vnd.google-apps.spreadsheet)
2026-06-07 23:01:51 [INFO]   找到檔案：排班統計表20260707-台中.xlsx_temp_1780782815 (application/vnd.google-apps.spreadsheet)
2026-06-07 23:01:51 [INFO]   找到檔案：排班統計表20260607-台中.xlsx_temp_1780782807 (application/vnd.google-apps.spreadsheet)
2026-06-07 23:01:51 [INFO]   找到檔案：排班統計表20260707-台北.xlsx_temp_1780782801 (application/vnd.google-apps.spreadsheet)
2026-06-07 23:01:51 [INFO]   找到檔案：排班統計表20260607-台北.xlsx_temp_1780782783 (application/vnd.google-apps.spreadsheet)
2026-06-07 23:01:51 [INFO]   找到檔案：排班統計表20260707-台中.xlsx (application/vnd.openxmlformats-officedocument.spreadsheetml.sheet)
2026-06-07 23:01:51 [INFO]   找到檔案：排班統計表20260607-台中.xlsx (application/vnd.openxmlformats-officedocument.spreadsheetml.sheet)
2026-06-07 23:01:51 [INFO]   找到檔案：排班統計表20260707-台北.xlsx (application/vnd.openxmlformats-officedocument.spreadsheetml.sheet)
2026-06-07 23:01:51 [INFO]   找到檔案：排班統計表20260607-台北.xlsx (application/vnd.openxmlformats-officedocument.spreadsheetml.sheet)
2026-06-07 23:01:51 [INFO]   找到檔案：排班統計表20260706-台中 (application/vnd.google-apps.spreadsheet)
2026-06-07 23:01:51 [INFO]   找到檔案：排班統計表20260606-台中 (application/vnd.google-apps.spreadsheet)
2026-06-07 23:01:51 [INFO]   找到檔案：排班統計表20260706-台北 (application/vnd.google-apps.spreadsheet)
2026-06-07 23:01:51 [INFO]   找到檔案：排班統計表20260606-台北 (application/vnd.google-apps.spreadsheet)
2026-06-07 23:01:51 [INFO]   找到檔案：排班統計表20260706-台中.xlsx_temp_1780697302 (application/vnd.google-apps.spreadsheet)
2026-06-07 23:01:51 [INFO]   找到檔案：排班統計表20260606-台中.xlsx_temp_1780697295 (application/vnd.google-apps.spreadsheet)
2026-06-07 23:01:51 [INFO]   找到檔案：排班統計表20260706-台北.xlsx_temp_1780697286 (application/vnd.google-apps.spreadsheet)
2026-06-07 23:01:51 [INFO]   找到檔案：排班統計表20260606-台北.xlsx_temp_1780697267 (application/vnd.google-apps.spreadsheet)
2026-06-07 23:01:51 [INFO]   找到檔案：排班統計表20260706-台中.xlsx (application/vnd.openxmlformats-officedocument.spreadsheetml.sheet)
2026-06-07 23:01:51 [INFO]   找到檔案：排班統計表20260606-台中.xlsx (application/vnd.openxmlformats-officedocument.spreadsheetml.sheet)
2026-06-07 23:01:51 [INFO]   找到檔案：排班統計表20260706-台北.xlsx (application/vnd.openxmlformats-officedocument.spreadsheetml.sheet)
2026-06-07 23:01:51 [INFO]   找到檔案：排班統計表20260606-台北.xlsx (application/vnd.openxmlformats-officedocument.spreadsheetml.sheet)
2026-06-07 23:01:51 [INFO]   找到檔案：排班統計表20260705-台中 (application/vnd.google-apps.spreadsheet)
2026-06-07 23:01:51 [INFO]   找到檔案：排班統計表20260605-台中 (application/vnd.google-apps.spreadsheet)
2026-06-07 23:01:51 [INFO]   找到檔案：排班統計表20260705-台北 (application/vnd.google-apps.spreadsheet)
2026-06-07 23:01:51 [INFO]   找到檔案：排班統計表20260605-台北 (application/vnd.google-apps.spreadsheet)
2026-06-07 23:01:51 [INFO]   找到檔案：排班統計表20260705-台中.xlsx_temp_1780611368 (application/vnd.google-apps.spreadsheet)
2026-06-07 23:01:51 [INFO]   找到檔案：排班統計表20260605-台中.xlsx_temp_1780611359 (application/vnd.google-apps.spreadsheet)
2026-06-07 23:01:51 [INFO]   找到檔案：排班統計表20260705-台北.xlsx_temp_1780611350 (application/vnd.google-apps.spreadsheet)
2026-06-07 23:01:51 [INFO]   找到檔案：排班統計表20260605-台北.xlsx_temp_1780611340 (application/vnd.google-apps.spreadsheet)
2026-06-07 23:01:51 [INFO]   找到檔案：排班統計表20260705-台中.xlsx (application/vnd.openxmlformats-officedocument.spreadsheetml.sheet)
2026-06-07 23:01:51 [INFO]   找到檔案：排班統計表20260605-台中.xlsx (application/vnd.openxmlformats-officedocument.spreadsheetml.sheet)
2026-06-07 23:01:51 [INFO]   找到檔案：排班統計表20260705-台北.xlsx (application/vnd.openxmlformats-officedocument.spreadsheetml.sheet)
2026-06-07 23:01:51 [INFO]   找到檔案：排班統計表20260605-台北.xlsx (application/vnd.openxmlformats-officedocument.spreadsheetml.sheet)
2026-06-07 23:01:51 [INFO]   找到檔案：排班統計表20260704-台中 (application/vnd.google-apps.spreadsheet)
2026-06-07 23:01:51 [INFO]   找到檔案：排班統計表20260604-台中 (application/vnd.google-apps.spreadsheet)
2026-06-07 23:01:51 [INFO]   找到檔案：排班統計表20260704-台北 (application/vnd.google-apps.spreadsheet)
2026-06-07 23:01:51 [INFO]   找到檔案：排班統計表20260604-台北 (application/vnd.google-apps.spreadsheet)
2026-06-07 23:01:51 [INFO]   找到檔案：排班統計表20260704-台中.xlsx (application/vnd.openxmlformats-officedocument.spreadsheetml.sheet)
2026-06-07 23:01:51 [INFO]   找到檔案：排班統計表20260604-台中.xlsx (application/vnd.openxmlformats-officedocument.spreadsheetml.sheet)
2026-06-07 23:01:51 [INFO]   找到檔案：排班統計表20260704-台北.xlsx (application/vnd.openxmlformats-officedocument.spreadsheetml.sheet)
2026-06-07 23:01:51 [INFO]   找到檔案：排班統計表20260604-台北.xlsx (application/vnd.openxmlformats-officedocument.spreadsheetml.sheet)
2026-06-07 23:01:51 [INFO]   找到檔案：排班統計表20260703-台中 (application/vnd.google-apps.spreadsheet)
2026-06-07 23:01:51 [INFO]   找到檔案：排班統計表20260703-台中 (application/vnd.google-apps.spreadsheet)
2026-06-07 23:01:51 [INFO]   找到檔案：排班統計表20260603-台中 (application/vnd.google-apps.spreadsheet)
2026-06-07 23:01:51 [INFO]   找到檔案：排班統計表20260603-台中 (application/vnd.google-apps.spreadsheet)
2026-06-07 23:01:51 [INFO]   找到檔案：排班統計表20260703-台北 (application/vnd.google-apps.spreadsheet)
2026-06-07 23:01:51 [INFO]   找到檔案：排班統計表20260703-台北 (application/vnd.google-apps.spreadsheet)
2026-06-07 23:01:51 [INFO]   找到檔案：排班統計表20260603-台北 (application/vnd.google-apps.spreadsheet)
2026-06-07 23:01:51 [INFO]   找到檔案：排班統計表20260703-台中.xlsx (application/vnd.openxmlformats-officedocument.spreadsheetml.sheet)
2026-06-07 23:01:51 [INFO]   找到檔案：排班統計表20260603-台中.xlsx (application/vnd.openxmlformats-officedocument.spreadsheetml.sheet)
2026-06-07 23:01:51 [INFO]   找到檔案：排班統計表20260703-台北.xlsx (application/vnd.openxmlformats-officedocument.spreadsheetml.sheet)
2026-06-07 23:01:51 [INFO]   找到檔案：排班統計表20260603-台北.xlsx (application/vnd.openxmlformats-officedocument.spreadsheetml.sheet)
2026-06-07 23:01:51 [INFO]   找到檔案：排班統計表20260703-台中.xlsx_temp_1780440836 (application/vnd.google-apps.spreadsheet)
2026-06-07 23:01:51 [INFO]   找到檔案：排班統計表20260603-台中.xlsx_temp_1780440827 (application/vnd.google-apps.spreadsheet)
2026-06-07 23:01:51 [INFO]   找到檔案：排班統計表20260703-台北.xlsx_temp_1780440820 (application/vnd.google-apps.spreadsheet)
2026-06-07 23:01:51 [INFO]   找到檔案：排班統計表20260603-台北.xlsx_temp_1780440801 (application/vnd.google-apps.spreadsheet)
2026-06-07 23:01:51 [INFO]   找到檔案：排班統計表20260702-台中.xlsx_temp_1780354512 (application/vnd.google-apps.spreadsheet)
2026-06-07 23:01:51 [INFO]   找到檔案：排班統計表20260602-台中.xlsx_temp_1780354504 (application/vnd.google-apps.spreadsheet)
2026-06-07 23:01:51 [INFO]   找到檔案：排班統計表20260702-台北.xlsx_temp_1780354496 (application/vnd.google-apps.spreadsheet)
2026-06-07 23:01:51 [INFO]   找到檔案：排班統計表20260602-台北.xlsx_temp_1780354477 (application/vnd.google-apps.spreadsheet)
2026-06-07 23:01:51 [INFO]   找到檔案：排班統計表20260702-台中.xlsx (application/vnd.openxmlformats-officedocument.spreadsheetml.sheet)
2026-06-07 23:01:51 [INFO]   找到檔案：排班統計表20260602-台中.xlsx (application/vnd.openxmlformats-officedocument.spreadsheetml.sheet)
2026-06-07 23:01:51 [INFO]   找到檔案：排班統計表20260702-台北.xlsx (application/vnd.openxmlformats-officedocument.spreadsheetml.sheet)
2026-06-07 23:01:51 [INFO]   找到檔案：排班統計表20260602-台北.xlsx (application/vnd.openxmlformats-officedocument.spreadsheetml.sheet)
2026-06-07 23:01:51 [INFO]   找到檔案：排班統計表20260701-台中 (application/vnd.google-apps.spreadsheet)
2026-06-07 23:01:51 [INFO]   找到檔案：排班統計表20260601-台中 (application/vnd.google-apps.spreadsheet)
2026-06-07 23:01:51 [INFO]   找到檔案：排班統計表20260601-台北 (application/vnd.google-apps.spreadsheet)
2026-06-07 23:01:51 [INFO]   找到檔案：排班統計表20260701-台北 (application/vnd.google-apps.spreadsheet)
2026-06-07 23:01:51 [INFO]   找到檔案：排班統計表20260631-台中.xlsx (application/vnd.openxmlformats-officedocument.spreadsheetml.sheet)
2026-06-07 23:01:51 [INFO]   找到檔案：排班統計表20260531-台中.xlsx (application/vnd.openxmlformats-officedocument.spreadsheetml.sheet)
2026-06-07 23:01:51 [INFO]   找到檔案：排班統計表20260631-台北.xlsx (application/vnd.openxmlformats-officedocument.spreadsheetml.sheet)
2026-06-07 23:01:51 [INFO]   找到檔案：排班統計表20260531-台北.xlsx (application/vnd.openxmlformats-officedocument.spreadsheetml.sheet)
2026-06-07 23:01:51 [INFO]   找到檔案：排班統計表20260602-台中.xlsx (application/vnd.openxmlformats-officedocument.spreadsheetml.sheet)
2026-06-07 23:01:51 [INFO]   找到檔案：排班統計表20260602-台北.xlsx (application/vnd.openxmlformats-officedocument.spreadsheetml.sheet)
2026-06-07 23:01:51 [INFO] 排班檔確認 OK：{'taipei_current': '排班統計表20260608-台北.xlsx', 'taipei_next': '排班統計表20260708-台北.xlsx', 'taichung_current': '排班統計表20260608-台中.xlsx', 'taichung_next': '排班統計表20260708-台中.xlsx'}
2026-06-07 23:01:51 [INFO]   匯入：排班統計表20260608-台北.xlsx
2026-06-07 23:01:51 [INFO]   xlsx → Google Sheets：排班統計表20260608-台北
2026-06-07 23:01:52 [INFO] file_cache is only supported with oauth2client<4.0.0
2026-06-07 23:01:56 [INFO]   轉換完成，新 Google Sheets ID：1RFyVMkt9X4VNAj2FBCN3iOccne7PaqYP8E6IrjXl4ns
2026-06-07 23:01:58 [INFO]   → 寫入 79 列（起始 R3C7）
2026-06-07 23:01:58 [INFO]   匯入：排班統計表20260708-台北.xlsx
2026-06-07 23:01:58 [INFO]   xlsx → Google Sheets：排班統計表20260708-台北
2026-06-07 23:01:58 [INFO] file_cache is only supported with oauth2client<4.0.0
2026-06-07 23:02:03 [INFO]   轉換完成，新 Google Sheets ID：1tcNeQVAkjBQN2eEv-wydBgDc1JIEDMgLjmXYkzqIMpY
2026-06-07 23:02:04 [INFO]   → 寫入 56 列（起始 R3C22）
2026-06-07 23:02:04 [INFO]   匯入：排班統計表20260608-台中.xlsx
2026-06-07 23:02:04 [INFO]   xlsx → Google Sheets：排班統計表20260608-台中
2026-06-07 23:02:05 [INFO] file_cache is only supported with oauth2client<4.0.0
2026-06-07 23:02:08 [INFO]   轉換完成，新 Google Sheets ID：1UFERVZ6zUxC9ocOxU1KNCA8PaMBhngIUDM5R5t5qGZU
2026-06-07 23:02:10 [INFO]   → 寫入 17 列（起始 R3C82）
2026-06-07 23:02:10 [INFO]   匯入：排班統計表20260708-台中.xlsx
2026-06-07 23:02:10 [INFO]   xlsx → Google Sheets：排班統計表20260708-台中
2026-06-07 23:02:10 [INFO] file_cache is only supported with oauth2client<4.0.0
2026-06-07 23:02:14 [INFO]   轉換完成，新 Google Sheets ID：1UXhdm4Rg7Vp5OdqsgdxaCg0OAgSc56Ocxa9883klvhI
2026-06-07 23:02:16 [INFO]   → 寫入 9 列（起始 R3C97）
2026-06-07 23:02:16 [INFO] Step 1 完成（28.2s）
2026-06-07 23:02:17 [INFO] === 全部完成 run_id=519e4e7b（29.0s）===
