[config] spreadsheet_id='1nNAXy6rvBnGR8ACnqKKzKNA4-UwZtZp47i806EPmR_8'
2026-07-19 22:47:21 [INFO] 目標試算表 ID 來源：主控試算表系統設定
2026-07-19 22:47:21 [INFO] === 客服排程系統 run_id=c34207b3 step=1 台北時間=2026-07-20 06:47:19 ===
2026-07-19 22:47:21 [INFO] file_cache is only supported with oauth2client<4.0.0
2026-07-19 22:47:31 [INFO] --- Step1_更新排班統計表 ---
2026-07-19 22:47:32 [INFO] file_cache is only supported with oauth2client<4.0.0
2026-07-19 22:47:33 [INFO] Drive 資料夾找到 100 個檔案
2026-07-19 22:47:33 [INFO]   找到檔案：排班統計表20260820-台中.xlsx_temp_1784497206 (application/vnd.google-apps.spreadsheet)
2026-07-19 22:47:33 [INFO]   找到檔案：排班統計表20260720-台中.xlsx_temp_1784497198 (application/vnd.google-apps.spreadsheet)
2026-07-19 22:47:33 [INFO]   找到檔案：排班統計表20260820-台北.xlsx_temp_1784497189 (application/vnd.google-apps.spreadsheet)
2026-07-19 22:47:33 [INFO]   找到檔案：排班統計表20260720-台北.xlsx_temp_1784497178 (application/vnd.google-apps.spreadsheet)
2026-07-19 22:47:33 [INFO]   找到檔案：排班統計表20260820-台中.xlsx (application/vnd.openxmlformats-officedocument.spreadsheetml.sheet)
2026-07-19 22:47:33 [INFO]   找到檔案：排班統計表20260720-台中.xlsx (application/vnd.openxmlformats-officedocument.spreadsheetml.sheet)
2026-07-19 22:47:33 [INFO]   找到檔案：排班統計表20260820-台北.xlsx (application/vnd.openxmlformats-officedocument.spreadsheetml.sheet)
2026-07-19 22:47:33 [INFO]   找到檔案：排班統計表20260720-台北.xlsx (application/vnd.openxmlformats-officedocument.spreadsheetml.sheet)
2026-07-19 22:47:33 [INFO]   找到檔案：排班統計表20260819-台中 (application/vnd.google-apps.spreadsheet)
2026-07-19 22:47:33 [INFO]   找到檔案：排班統計表20260719-台中 (application/vnd.google-apps.spreadsheet)
2026-07-19 22:47:33 [INFO]   找到檔案：排班統計表20260819-台北 (application/vnd.google-apps.spreadsheet)
2026-07-19 22:47:33 [INFO]   找到檔案：排班統計表20260719-台北 (application/vnd.google-apps.spreadsheet)
2026-07-19 22:47:33 [INFO]   找到檔案：排班統計表20260819-台中.xlsx_temp_1784410691 (application/vnd.google-apps.spreadsheet)
2026-07-19 22:47:33 [INFO]   找到檔案：排班統計表20260719-台中.xlsx_temp_1784410682 (application/vnd.google-apps.spreadsheet)
2026-07-19 22:47:33 [INFO]   找到檔案：排班統計表20260819-台北.xlsx_temp_1784410673 (application/vnd.google-apps.spreadsheet)
2026-07-19 22:47:33 [INFO]   找到檔案：排班統計表20260719-台北.xlsx_temp_1784410660 (application/vnd.google-apps.spreadsheet)
2026-07-19 22:47:33 [INFO]   找到檔案：排班統計表20260819-台中.xlsx (application/vnd.openxmlformats-officedocument.spreadsheetml.sheet)
2026-07-19 22:47:33 [INFO]   找到檔案：排班統計表20260719-台中.xlsx (application/vnd.openxmlformats-officedocument.spreadsheetml.sheet)
2026-07-19 22:47:33 [INFO]   找到檔案：排班統計表20260819-台北.xlsx (application/vnd.openxmlformats-officedocument.spreadsheetml.sheet)
2026-07-19 22:47:33 [INFO]   找到檔案：排班統計表20260719-台北.xlsx (application/vnd.openxmlformats-officedocument.spreadsheetml.sheet)
2026-07-19 22:47:33 [INFO]   找到檔案：排班統計表20260818-台中 (application/vnd.google-apps.spreadsheet)
2026-07-19 22:47:33 [INFO]   找到檔案：排班統計表20260718-台中 (application/vnd.google-apps.spreadsheet)
2026-07-19 22:47:33 [INFO]   找到檔案：排班統計表20260818-台北 (application/vnd.google-apps.spreadsheet)
2026-07-19 22:47:33 [INFO]   找到檔案：排班統計表20260718-台北 (application/vnd.google-apps.spreadsheet)
2026-07-19 22:47:33 [INFO]   找到檔案：排班統計表20260818-台中.xlsx_temp_1784324369 (application/vnd.google-apps.spreadsheet)
2026-07-19 22:47:33 [INFO]   找到檔案：排班統計表20260718-台中.xlsx_temp_1784324359 (application/vnd.google-apps.spreadsheet)
2026-07-19 22:47:33 [INFO]   找到檔案：排班統計表20260818-台北.xlsx_temp_1784324352 (application/vnd.google-apps.spreadsheet)
2026-07-19 22:47:33 [INFO]   找到檔案：排班統計表20260718-台北.xlsx_temp_1784324340 (application/vnd.google-apps.spreadsheet)
2026-07-19 22:47:33 [INFO]   找到檔案：排班統計表20260818-台中.xlsx (application/vnd.openxmlformats-officedocument.spreadsheetml.sheet)
2026-07-19 22:47:33 [INFO]   找到檔案：排班統計表20260718-台中.xlsx (application/vnd.openxmlformats-officedocument.spreadsheetml.sheet)
2026-07-19 22:47:33 [INFO]   找到檔案：排班統計表20260818-台北.xlsx (application/vnd.openxmlformats-officedocument.spreadsheetml.sheet)
2026-07-19 22:47:33 [INFO]   找到檔案：排班統計表20260718-台北.xlsx (application/vnd.openxmlformats-officedocument.spreadsheetml.sheet)
2026-07-19 22:47:33 [INFO]   找到檔案：排班統計表20260817-台中 (application/vnd.google-apps.spreadsheet)
2026-07-19 22:47:33 [INFO]   找到檔案：排班統計表20260717-台中 (application/vnd.google-apps.spreadsheet)
2026-07-19 22:47:33 [INFO]   找到檔案：排班統計表20260817-台北 (application/vnd.google-apps.spreadsheet)
2026-07-19 22:47:33 [INFO]   找到檔案：排班統計表20260717-台北 (application/vnd.google-apps.spreadsheet)
2026-07-19 22:47:33 [INFO]   找到檔案：排班統計表20260817-台中.xlsx_temp_1784238772 (application/vnd.google-apps.spreadsheet)
2026-07-19 22:47:33 [INFO]   找到檔案：排班統計表20260717-台中.xlsx_temp_1784238752 (application/vnd.google-apps.spreadsheet)
2026-07-19 22:47:33 [INFO]   找到檔案：排班統計表20260817-台北.xlsx_temp_1784238742 (application/vnd.google-apps.spreadsheet)
2026-07-19 22:47:33 [INFO]   找到檔案：排班統計表20260717-台北.xlsx_temp_1784238730 (application/vnd.google-apps.spreadsheet)
2026-07-19 22:47:33 [INFO]   找到檔案：排班統計表20260817-台中.xlsx (application/vnd.openxmlformats-officedocument.spreadsheetml.sheet)
2026-07-19 22:47:33 [INFO]   找到檔案：排班統計表20260717-台中.xlsx (application/vnd.openxmlformats-officedocument.spreadsheetml.sheet)
2026-07-19 22:47:33 [INFO]   找到檔案：排班統計表20260817-台北.xlsx (application/vnd.openxmlformats-officedocument.spreadsheetml.sheet)
2026-07-19 22:47:33 [INFO]   找到檔案：排班統計表20260717-台北.xlsx (application/vnd.openxmlformats-officedocument.spreadsheetml.sheet)
2026-07-19 22:47:33 [INFO]   找到檔案：排班統計表20260816-台中 (application/vnd.google-apps.spreadsheet)
2026-07-19 22:47:33 [INFO]   找到檔案：排班統計表20260716-台中 (application/vnd.google-apps.spreadsheet)
2026-07-19 22:47:33 [INFO]   找到檔案：排班統計表20260816-台北 (application/vnd.google-apps.spreadsheet)
2026-07-19 22:47:33 [INFO]   找到檔案：排班統計表20260716-台北 (application/vnd.google-apps.spreadsheet)
2026-07-19 22:47:33 [INFO]   找到檔案：排班統計表20260816-台中.xlsx_temp_1784151919 (application/vnd.google-apps.spreadsheet)
2026-07-19 22:47:33 [INFO]   找到檔案：排班統計表20260716-台中.xlsx_temp_1784151900 (application/vnd.google-apps.spreadsheet)
2026-07-19 22:47:33 [INFO]   找到檔案：排班統計表20260816-台北.xlsx_temp_1784151892 (application/vnd.google-apps.spreadsheet)
2026-07-19 22:47:33 [INFO]   找到檔案：排班統計表20260716-台北.xlsx_temp_1784151881 (application/vnd.google-apps.spreadsheet)
2026-07-19 22:47:33 [INFO]   找到檔案：排班統計表20260816-台中.xlsx (application/vnd.openxmlformats-officedocument.spreadsheetml.sheet)
2026-07-19 22:47:33 [INFO]   找到檔案：排班統計表20260716-台中.xlsx (application/vnd.openxmlformats-officedocument.spreadsheetml.sheet)
2026-07-19 22:47:33 [INFO]   找到檔案：排班統計表20260816-台北.xlsx (application/vnd.openxmlformats-officedocument.spreadsheetml.sheet)
2026-07-19 22:47:33 [INFO]   找到檔案：排班統計表20260716-台北.xlsx (application/vnd.openxmlformats-officedocument.spreadsheetml.sheet)
2026-07-19 22:47:33 [INFO]   找到檔案：排班統計表20260815-台中 (application/vnd.google-apps.spreadsheet)
2026-07-19 22:47:33 [INFO]   找到檔案：排班統計表20260715-台中 (application/vnd.google-apps.spreadsheet)
2026-07-19 22:47:33 [INFO]   找到檔案：排班統計表20260815-台北 (application/vnd.google-apps.spreadsheet)
2026-07-19 22:47:33 [INFO]   找到檔案：排班統計表20260715-台北 (application/vnd.google-apps.spreadsheet)
2026-07-19 22:47:33 [INFO]   找到檔案：排班統計表20260815-台中.xlsx_temp_1784065462 (application/vnd.google-apps.spreadsheet)
2026-07-19 22:47:33 [INFO]   找到檔案：排班統計表20260715-台中.xlsx_temp_1784065444 (application/vnd.google-apps.spreadsheet)
2026-07-19 22:47:33 [INFO]   找到檔案：排班統計表20260815-台北.xlsx_temp_1784065435 (application/vnd.google-apps.spreadsheet)
2026-07-19 22:47:33 [INFO]   找到檔案：排班統計表20260715-台北.xlsx_temp_1784065423 (application/vnd.google-apps.spreadsheet)
2026-07-19 22:47:33 [INFO]   找到檔案：排班統計表20260815-台中.xlsx (application/vnd.openxmlformats-officedocument.spreadsheetml.sheet)
2026-07-19 22:47:33 [INFO]   找到檔案：排班統計表20260715-台中.xlsx (application/vnd.openxmlformats-officedocument.spreadsheetml.sheet)
2026-07-19 22:47:33 [INFO]   找到檔案：排班統計表20260815-台北.xlsx (application/vnd.openxmlformats-officedocument.spreadsheetml.sheet)
2026-07-19 22:47:33 [INFO]   找到檔案：排班統計表20260715-台北.xlsx (application/vnd.openxmlformats-officedocument.spreadsheetml.sheet)
2026-07-19 22:47:33 [INFO]   找到檔案：排班統計表20260814-台中 (application/vnd.google-apps.spreadsheet)
2026-07-19 22:47:33 [INFO]   找到檔案：排班統計表20260714-台中 (application/vnd.google-apps.spreadsheet)
2026-07-19 22:47:33 [INFO]   找到檔案：排班統計表20260814-台北 (application/vnd.google-apps.spreadsheet)
2026-07-19 22:47:33 [INFO]   找到檔案：排班統計表20260714-台北 (application/vnd.google-apps.spreadsheet)
2026-07-19 22:47:33 [INFO]   找到檔案：排班統計表20260814-台中.xlsx_temp_1783978900 (application/vnd.google-apps.spreadsheet)
2026-07-19 22:47:33 [INFO]   找到檔案：排班統計表20260714-台中.xlsx_temp_1783978893 (application/vnd.google-apps.spreadsheet)
2026-07-19 22:47:33 [INFO]   找到檔案：排班統計表20260814-台北.xlsx_temp_1783978885 (application/vnd.google-apps.spreadsheet)
2026-07-19 22:47:33 [INFO]   找到檔案：排班統計表20260714-台北.xlsx_temp_1783978874 (application/vnd.google-apps.spreadsheet)
2026-07-19 22:47:33 [INFO]   找到檔案：排班統計表20260814-台中.xlsx (application/vnd.openxmlformats-officedocument.spreadsheetml.sheet)
2026-07-19 22:47:33 [INFO]   找到檔案：排班統計表20260714-台中.xlsx (application/vnd.openxmlformats-officedocument.spreadsheetml.sheet)
2026-07-19 22:47:33 [INFO]   找到檔案：排班統計表20260814-台北.xlsx (application/vnd.openxmlformats-officedocument.spreadsheetml.sheet)
2026-07-19 22:47:33 [INFO]   找到檔案：排班統計表20260714-台北.xlsx (application/vnd.openxmlformats-officedocument.spreadsheetml.sheet)
2026-07-19 22:47:33 [INFO]   找到檔案：排班統計表20260813-台中 (application/vnd.google-apps.spreadsheet)
2026-07-19 22:47:33 [INFO]   找到檔案：排班統計表20260713-台中 (application/vnd.google-apps.spreadsheet)
2026-07-19 22:47:33 [INFO]   找到檔案：排班統計表20260813-台北 (application/vnd.google-apps.spreadsheet)
2026-07-19 22:47:33 [INFO]   找到檔案：排班統計表20260713-台北 (application/vnd.google-apps.spreadsheet)
2026-07-19 22:47:33 [INFO]   找到檔案：排班統計表20260813-台中.xlsx_temp_1783892241 (application/vnd.google-apps.spreadsheet)
2026-07-19 22:47:33 [INFO]   找到檔案：排班統計表20260713-台中.xlsx_temp_1783892231 (application/vnd.google-apps.spreadsheet)
2026-07-19 22:47:33 [INFO]   找到檔案：排班統計表20260813-台北.xlsx_temp_1783892221 (application/vnd.google-apps.spreadsheet)
2026-07-19 22:47:33 [INFO]   找到檔案：排班統計表20260713-台北.xlsx_temp_1783892210 (application/vnd.google-apps.spreadsheet)
2026-07-19 22:47:33 [INFO]   找到檔案：排班統計表20260813-台中.xlsx (application/vnd.openxmlformats-officedocument.spreadsheetml.sheet)
2026-07-19 22:47:33 [INFO]   找到檔案：排班統計表20260713-台中.xlsx (application/vnd.openxmlformats-officedocument.spreadsheetml.sheet)
2026-07-19 22:47:33 [INFO]   找到檔案：排班統計表20260813-台北.xlsx (application/vnd.openxmlformats-officedocument.spreadsheetml.sheet)
2026-07-19 22:47:33 [INFO]   找到檔案：排班統計表20260713-台北.xlsx (application/vnd.openxmlformats-officedocument.spreadsheetml.sheet)
2026-07-19 22:47:33 [INFO]   找到檔案：排班統計表20260712-台北 (application/vnd.google-apps.spreadsheet)
2026-07-19 22:47:33 [INFO]   找到檔案：排班統計表20260812-台中.xlsx_temp_1783805889 (application/vnd.google-apps.spreadsheet)
2026-07-19 22:47:33 [INFO]   找到檔案：排班統計表20260712-台中.xlsx_temp_1783805881 (application/vnd.google-apps.spreadsheet)
2026-07-19 22:47:33 [INFO]   找到檔案：排班統計表20260812-台北.xlsx_temp_1783805872 (application/vnd.google-apps.spreadsheet)
2026-07-19 22:47:33 [INFO]   找到檔案：排班統計表20260712-台北.xlsx_temp_1783805863 (application/vnd.google-apps.spreadsheet)
2026-07-19 22:47:33 [INFO]   找到檔案：排班統計表20260812-台中.xlsx (application/vnd.openxmlformats-officedocument.spreadsheetml.sheet)
2026-07-19 22:47:33 [INFO]   找到檔案：排班統計表20260712-台中.xlsx (application/vnd.openxmlformats-officedocument.spreadsheetml.sheet)
2026-07-19 22:47:33 [INFO]   找到檔案：排班統計表20260812-台北.xlsx (application/vnd.openxmlformats-officedocument.spreadsheetml.sheet)
2026-07-19 22:47:33 [INFO] 排班檔確認 OK：{'taipei_current': '排班統計表20260720-台北.xlsx', 'taipei_next': '排班統計表20260820-台北.xlsx', 'taichung_current': '排班統計表20260720-台中.xlsx', 'taichung_next': '排班統計表20260820-台中.xlsx'}
2026-07-19 22:47:33 [INFO]   匯入：排班統計表20260720-台北.xlsx
2026-07-19 22:47:33 [INFO]   xlsx → Google Sheets：排班統計表20260720-台北
2026-07-19 22:47:34 [INFO] file_cache is only supported with oauth2client<4.0.0
2026-07-19 22:47:38 [INFO]   轉換完成，新 Google Sheets ID：1wgasVKXT2WVl0V_PYsDvjSFEGsvU9AdC_3T0k9QK9QQ
2026-07-19 22:47:40 [INFO]   → 寫入 93 列（起始 R3C7）
2026-07-19 22:47:40 [INFO]   匯入：排班統計表20260820-台北.xlsx
2026-07-19 22:47:40 [INFO]   xlsx → Google Sheets：排班統計表20260820-台北
2026-07-19 22:47:41 [INFO] file_cache is only supported with oauth2client<4.0.0
2026-07-19 22:47:45 [INFO]   轉換完成，新 Google Sheets ID：1wZyUNfc4DFWC--GtLI-BSD19_4KCVahNWfn1UTAJFbw
2026-07-19 22:47:46 [INFO]   → 寫入 57 列（起始 R3C22）
2026-07-19 22:47:46 [INFO]   匯入：排班統計表20260720-台中.xlsx
2026-07-19 22:47:46 [INFO]   xlsx → Google Sheets：排班統計表20260720-台中
2026-07-19 22:47:47 [INFO] file_cache is only supported with oauth2client<4.0.0
2026-07-19 22:47:53 [INFO]   轉換完成，新 Google Sheets ID：1mCJk-Xoy_4tYSOy1iAwAZjm4ScjOWeYgsNINMpXxiRQ
2026-07-19 22:47:54 [INFO]   → 寫入 19 列（起始 R3C82）
2026-07-19 22:47:54 [INFO]   匯入：排班統計表20260820-台中.xlsx
2026-07-19 22:47:54 [INFO]   xlsx → Google Sheets：排班統計表20260820-台中
2026-07-19 22:47:54 [INFO] file_cache is only supported with oauth2client<4.0.0
2026-07-19 22:47:59 [INFO]   轉換完成，新 Google Sheets ID：1wrrpxtodzBK1n0mMnnzdTPSzplX3Z9_a1RIQ5ddh08M
2026-07-19 22:48:01 [INFO]   → 寫入 8 列（起始 R3C97）
2026-07-19 22:48:02 [INFO] Step 1 完成（30.0s）
2026-07-19 22:48:03 [INFO] === 全部完成 run_id=c34207b3（31.0s）===
