📋 log_spreadsheet_id 已從設定檔載入
📝 外場排程打卡：外場訂單 / running
Command: /opt/hostedtoolcache/Python/3.11.15/x64/bin/python -u -m tools.field_management.orders --date 20260707 --system-name 外場排程系統 --run-type 排程
[2026-07-07 06:05:44] 開始處理訂單資料：20260707訂單-台北
[2026-07-07 06:05:45] 失敗：20260707訂單-台北 / 找不到來源檔案：20260707訂單-台北 / 20260707訂單-台北.xlsx / 20260707訂單-台北.xls / 20260707訂單-台北.csv；資料夾內目前檔案：20260706訂單-台中.xls_temp_1783288123、20260706訂單-台北.xls_temp_1783288106、20260706訂單-台中.xls_temp_1783288073、20260706訂單-台北.xls_temp_1783288061、20260706訂單-台中.xls、20260706訂單-台北.xls、20260705訂單-台中.xls_temp_1783201589、20260705訂單-台北.xls_temp_1783201573、20260705訂單-台中.xls_temp_1783201550、20260705訂單-台北.xls_temp_1783201538、20260705訂單-台中.xls、20260705訂單-台北.xls、20260704訂單-台中.xls_temp_1783149314、20260704訂單-台中.xls_temp_1783149315、20260704訂單-台北.xls_temp_1783149298、20260704訂單-台北.xls_temp_1783149299、20260704訂單-台中.xls_temp_1783149274、20260704訂單-台中.xls_temp_1783149270、20260704訂單-台北.xls_temp_1783149263、20260704訂單-台北.xls_temp_1783149261、20260704訂單-台北.xls_temp_1783115689、20260704訂單-台中.xls_temp_1783115659、20260704訂單-台北.xls_temp_1783115649、20260704訂單-台中.xls、20260704訂單-台北.xls、20260703訂單-台中.xls_temp_1783029473、20260703訂單-台北.xls_temp_1783029460、20260703訂單-台中.xls_temp_1783029429、20260703訂單-台北.xls_temp_1783029420、20260703訂單-台中.xls、20260703訂單-台北.xls、20260702訂單-台中.xls、20260702訂單-台北.xls、20260702訂單-台中.xls_temp_1782943984、20260702訂單-台北.xls_temp_1782943967、20260702訂單-台中.xls_temp_1782943931、20260702訂單-台北.xls_temp_1782943917、20260701訂單-台中.xls_temp_1782857324、20260701訂單-台北.xls_temp_1782857305、20260701訂單-台中.xls_temp_1782857268、20260701訂單-台北.xls_temp_1782857257、20260701訂單-台中.xls、20260701訂單-台北.xls、20260630訂單-台中.xls_temp_1782770690、20260630訂單-台北.xls_temp_1782770674、20260630訂單-台中.xls_temp_1782770642、20260630訂單-台北.xls_temp_1782770604、20260630訂單-台中.xls、20260630訂單-台北.xls、20260629訂單-台中.xls、20260629訂單-台北.xls、20260628訂單-台中.xls_temp_1782597173、20260628訂單-台北.xls_temp_1782597157、20260628訂單-台中.xls_temp_1782597123、20260628訂單-台北.xls_temp_1782597111、20260628訂單-台中.xls、20260628訂單-台北.xls、20260627訂單-台中.xls_temp_1782511287、20260627訂單-台北.xls_temp_1782511269、20260627訂單-台中.xls_temp_1782511235、20260627訂單-台北.xls_temp_1782511221、20260627訂單-台中.xls、20260627訂單-台北.xls、20260626訂單-台中.xls_temp_1782425765、20260626訂單-台北.xls_temp_1782425747、20260626訂單-台中.xls_temp_1782425711、20260626訂單-台北.xls_temp_1782425701、20260626訂單-台中.xls、20260626訂單-台北.xls、20260625訂單-台中.xls_temp_1782338847、20260625訂單-台北.xls_temp_1782338830、20260625訂單-台中.xls_temp_1782338797、20260625訂單-台北.xls_temp_1782338785、20260625訂單-台中.xls、20260625訂單-台北.xls、20260624訂單-台中.xls_temp_1782252538、20260624訂單-台北.xls_temp_1782252519、20260624訂單-台中.xls_temp_1782252487、20260624訂單-台北.xls_temp_1782252471、20260624訂單-台中.xls

Traceback (most recent call last):
  File "<frozen runpy>", line 198, in _run_module_as_main
  File "<frozen runpy>", line 88, in _run_code
  File "/home/runner/work/tool-system/tool-system/tools/field_management/orders.py", line 426, in <module>
    main(
  File "/home/runner/work/tool-system/tool-system/tools/field_management/orders.py", line 412, in main
    run_orders_for_area(cfg, current_area, date_key, run_type)  # ★
    ^^^^^^^^^^^^^^^^^^^^^^^^^^^^^^^^^^^^^^^^^^^^^^^^^^^^^^^^^^
  File "/home/runner/work/tool-system/tool-system/tools/field_management/orders.py", line 348, in run_orders_for_area
    file = find_file_by_possible_names(
           ^^^^^^^^^^^^^^^^^^^^^^^^^^^^
  File "/home/runner/work/tool-system/tool-system/tools/field_management/orders.py", line 212, in find_file_by_possible_names
    raise RuntimeError(
RuntimeError: 找不到來源檔案：20260707訂單-台北 / 20260707訂單-台北.xlsx / 20260707訂單-台北.xls / 20260707訂單-台北.csv；資料夾內目前檔案：20260706訂單-台中.xls_temp_1783288123、20260706訂單-台北.xls_temp_1783288106、20260706訂單-台中.xls_temp_1783288073、20260706訂單-台北.xls_temp_1783288061、20260706訂單-台中.xls、20260706訂單-台北.xls、20260705訂單-台中.xls_temp_1783201589、20260705訂單-台北.xls_temp_1783201573、20260705訂單-台中.xls_temp_1783201550、20260705訂單-台北.xls_temp_1783201538、20260705訂單-台中.xls、20260705訂單-台北.xls、20260704訂單-台中.xls_temp_1783149314、20260704訂單-台中.xls_temp_1783149315、20260704訂單-台北.xls_temp_1783149298、20260704訂單-台北.xls_temp_1783149299、20260704訂單-台中.xls_temp_1783149274、20260704訂單-台中.xls_temp_1783149270、20260704訂單-台北.xls_temp_1783149263、20260704訂單-台北.xls_temp_1783149261、20260704訂單-台北.xls_temp_1783115689、20260704訂單-台中.xls_temp_1783115659、20260704訂單-台北.xls_temp_1783115649、20260704訂單-台中.xls、20260704訂單-台北.xls、20260703訂單-台中.xls_temp_1783029473、20260703訂單-台北.xls_temp_1783029460、20260703訂單-台中.xls_temp_1783029429、20260703訂單-台北.xls_temp_1783029420、20260703訂單-台中.xls、20260703訂單-台北.xls、20260702訂單-台中.xls、20260702訂單-台北.xls、20260702訂單-台中.xls_temp_1782943984、20260702訂單-台北.xls_temp_1782943967、20260702訂單-台中.xls_temp_1782943931、20260702訂單-台北.xls_temp_1782943917、20260701訂單-台中.xls_temp_1782857324、20260701訂單-台北.xls_temp_1782857305、20260701訂單-台中.xls_temp_1782857268、20260701訂單-台北.xls_temp_1782857257、20260701訂單-台中.xls、20260701訂單-台北.xls、20260630訂單-台中.xls_temp_1782770690、20260630訂單-台北.xls_temp_1782770674、20260630訂單-台中.xls_temp_1782770642、20260630訂單-台北.xls_temp_1782770604、20260630訂單-台中.xls、20260630訂單-台北.xls、20260629訂單-台中.xls、20260629訂單-台北.xls、20260628訂單-台中.xls_temp_1782597173、20260628訂單-台北.xls_temp_1782597157、20260628訂單-台中.xls_temp_1782597123、20260628訂單-台北.xls_temp_1782597111、20260628訂單-台中.xls、20260628訂單-台北.xls、20260627訂單-台中.xls_temp_1782511287、20260627訂單-台北.xls_temp_1782511269、20260627訂單-台中.xls_temp_1782511235、20260627訂單-台北.xls_temp_1782511221、20260627訂單-台中.xls、20260627訂單-台北.xls、20260626訂單-台中.xls_temp_1782425765、20260626訂單-台北.xls_temp_1782425747、20260626訂單-台中.xls_temp_1782425711、20260626訂單-台北.xls_temp_1782425701、20260626訂單-台中.xls、20260626訂單-台北.xls、20260625訂單-台中.xls_temp_1782338847、20260625訂單-台北.xls_temp_1782338830、20260625訂單-台中.xls_temp_1782338797、20260625訂單-台北.xls_temp_1782338785、20260625訂單-台中.xls、20260625訂單-台北.xls、20260624訂單-台中.xls_temp_1782252538、20260624訂單-台北.xls_temp_1782252519、20260624訂單-台中.xls_temp_1782252487、20260624訂單-台北.xls_temp_1782252471、20260624訂單-台中.xls

📝 外場排程打卡：外場訂單 / failed
Traceback (most recent call last):
  File "<frozen runpy>", line 198, in _run_module_as_main
  File "<frozen runpy>", line 88, in _run_code
  File "/home/runner/work/tool-system/tool-system/tools/field_management/scheduler.py", line 179, in <module>
    main(target=args.target, date_key=args.date, area=args.area or None, system_name=args.system_name)
  File "/home/runner/work/tool-system/tool-system/tools/field_management/scheduler.py", line 158, in main
    results.append(run_job(job_name, date_key, area, system_name))
                   ^^^^^^^^^^^^^^^^^^^^^^^^^^^^^^^^^^^^^^^^^^^^^^
  File "/home/runner/work/tool-system/tool-system/tools/field_management/scheduler.py", line 134, in run_job
    raise RuntimeError(message)
RuntimeError: 外場訂單 執行失敗，exit=1
STDOUT:
[2026-07-07 06:05:44] 開始處理訂單資料：20260707訂單-台北
[2026-07-07 06:05:45] 失敗：20260707訂單-台北 / 找不到來源檔案：20260707訂單-台北 / 20260707訂單-台北.xlsx / 20260707訂單-台北.xls / 20260707訂單-台北.csv；資料夾內目前檔案：20260706訂單-台中.xls_temp_1783288123、20260706訂單-台北.xls_temp_1783288106、20260706訂單-台中.xls_temp_1783288073、20260706訂單-台北.xls_temp_1783288061、20260706訂單-台中.xls、20260706訂單-台北.xls、20260705訂單-台中.xls_temp_1783201589、20260705訂單-台北.xls_temp_1783201573、20260705訂單-台中.xls_temp_1783201550、20260705訂單-台北.xls_temp_1783201538、20260705訂單-台中.xls、20260705訂單-台北.xls、20260704訂單-台中.xls_temp_1783149314、20260704訂單-台中.xls_temp_1783149315、20260704訂單-台北.xls_temp_1783149298、20260704訂單-台北.xls_temp_1783149299、20260704訂單-台中.xls_temp_1783149274、20260704訂單-台中.xls_temp_1783149270、20260704訂單-台北.xls_temp_1783149263、20260704訂單-台北.xls_temp_1783149261、20260704訂單-台北.xls_temp_1783115689、20260704訂單-台中.xls_temp_1783115659、20260704訂單-台北.xls_temp_1783115649、20260704訂單-台中.xls、20260704訂單-台北.xls、20260703訂單-台中.xls_temp_1783029473、20260703訂單-台北.xls_temp_1783029460、20260703訂單-台中.xls_temp_1783029429、20260703訂單-台北.xls_temp_1783029420、20260703訂單-台中.xls、20260703訂單-台北.xls、20260702訂單-台中.xls、20260702訂單-台北.xls、20260702訂單-台中.xls_temp_1782943984、20260702訂單-台北.xls_temp_1782943967、20260702訂單-台中.xls_temp_1782943931、20260702訂單-台北.xls_temp_1782943917、20260701訂單-台中.xls_temp_1782857324、20260701訂單-台北.xls_temp_1782857305、20260701訂單-台中.xls_temp_1782857268、20260701訂單-台北.xls_temp_1782857257、20260701訂單-台中.xls、20260701訂單-台北.xls、20260630訂單-台中.xls_temp_1782770690、20260630訂單-台北.xls_temp_1782770674、20260630訂單-台中.xls_temp_1782770642、20260630訂單-台北.xls_temp_1782770604、20260630訂單-台中.xls、20260630訂單-台北.xls、20260629訂單-台中.xls、20260629訂單-台北.xls、20260628訂單-台中.xls_temp_1782597173、20260628訂單-台北.xls_temp_1782597157、20260628訂單-台中.xls_temp_1782597123、20260628訂單-台北.xls_temp_1782597111、20260628訂單-台中.xls、20260628訂單-台北.xls、20260627訂單-台中.xls_temp_1782511287、20260627訂單-台北.xls_temp_1782511269、20260627訂單-台中.xls_temp_1782511235、20260627訂單-台北.xls_temp_1782511221、20260627訂單-台中.xls、20260627訂單-台北.xls、20260626訂單-台中.xls_temp_1782425765、20260626訂單-台北.xls_temp_1782425747、20260626訂單-台中.xls_temp_1782425711、20260626訂單-台北.xls_temp_1782425701、20260626訂單-台中.xls、20260626訂單-台北.xls、20260625訂單-台中.xls_temp_1782338847、20260625訂單-台北.xls_temp_1782338830、20260625訂單-台中.xls_temp_1782338797、20260625訂單-台北.xls_temp_1782338785、20260625訂單-台中.xls、20260625訂單-台北.xls、20260624訂單-台中.xls_temp_1782252538、20260624訂單-台北.xls_temp_1782252519、20260624訂單-台中.xls_temp_1782252487、20260624訂單-台北.xls_temp_1782252471、20260624訂單-台中.xls

STDERR:
Traceback (most recent call last):
  File "<frozen runpy>", line 198, in _run_module_as_main
  File "<frozen runpy>", line 88, in _run_code
  File "/home/runner/work/tool-system/tool-system/tools/field_management/orders.py", line 426, in <module>
    main(
  File "/home/runner/work/tool-system/tool-system/tools/field_management/orders.py", line 412, in main
    run_orders_for_area(cfg, current_area, date_key, run_type)  # ★
    ^^^^^^^^^^^^^^^^^^^^^^^^^^^^^^^^^^^^^^^^^^^^^^^^^^^^^^^^^^
  File "/home/runner/work/tool-system/tool-system/tools/field_management/orders.py", line 348, in run_orders_for_area
    file = find_file_by_possible_names(
           ^^^^^^^^^^^^^^^^^^^^^^^^^^^^
  File "/home/runner/work/tool-system/tool-system/tools/field_management/orders.py", line 212, in find_file_by_possible_names
    raise RuntimeError(
RuntimeError: 找不到來源檔案：20260707訂單-台北 / 20260707訂單-台北.xlsx / 20260707訂單-台北.xls / 20260707訂單-台北.csv；資料夾內目前檔案：20260706訂單-台中.xls_temp_1783288123、20260706訂單-台北.xls_temp_1783288106、20260706訂單-台中.xls_temp_1783288073、20260706訂單-台北.xls_temp_1783288061、20260706訂單-台中.xls、20260706訂單-台北.xls、20260705訂單-台中.xls_temp_1783201589、20260705訂單-台北.xls_temp_1783201573、20260705訂單-台中.xls_temp_1783201550、20260705訂單-台北.xls_temp_1783201538、20260705訂單-台中.xls、20260705訂單-台北.xls、20260704訂單-台中.xls_temp_1783149314、20260704訂單-台中.xls_temp_1783149315、20260704訂單-台北.xls_temp_1783149298、20260704訂單-台北.xls_temp_1783149299、20260704訂單-台中.xls_temp_1783149274、20260704訂單-台中.xls_temp_1783149270、20260704訂單-台北.xls_temp_1783149263、20260704訂單-台北.xls_temp_1783149261、20260704訂單-台北.xls_temp_1783115689、20260704訂單-台中.xls_temp_1783115659、20260704訂單-台北.xls_temp_1783115649、20260704訂單-台中.xls、20260704訂單-台北.xls、20260703訂單-台中.xls_temp_1783029473、20260703訂單-台北.xls_temp_1783029460、20260703訂單-台中.xls_temp_1783029429、20260703訂單-台北.xls_temp_1783029420、20260703訂單-台中.xls、20260703訂單-台北.xls、20260702訂單-台中.xls、20260702訂單-台北.xls、20260702訂單-台中.xls_temp_1782943984、20260702訂單-台北.xls_temp_1782943967、20260702訂單-台中.xls_temp_1782943931、20260702訂單-台北.xls_temp_1782943917、20260701訂單-台中.xls_temp_1782857324、20260701訂單-台北.xls_temp_1782857305、20260701訂單-台中.xls_temp_1782857268、20260701訂單-台北.xls_temp_1782857257、20260701訂單-台中.xls、20260701訂單-台北.xls、20260630訂單-台中.xls_temp_1782770690、20260630訂單-台北.xls_temp_1782770674、20260630訂單-台中.xls_temp_1782770642、20260630訂單-台北.xls_temp_1782770604、20260630訂單-台中.xls、20260630訂單-台北.xls、20260629訂單-台中.xls、20260629訂單-台北.xls、20260628訂單-台中.xls_temp_1782597173、20260628訂單-台北.xls_temp_1782597157、20260628訂單-台中.xls_temp_1782597123、20260628訂單-台北.xls_temp_1782597111、20260628訂單-台中.xls、20260628訂單-台北.xls、20260627訂單-台中.xls_temp_1782511287、20260627訂單-台北.xls_temp_1782511269、20260627訂單-台中.xls_temp_1782511235、20260627訂單-台北.xls_temp_1782511221、20260627訂單-台中.xls、20260627訂單-台北.xls、20260626訂單-台中.xls_temp_1782425765、20260626訂單-台北.xls_temp_1782425747、20260626訂單-台中.xls_temp_1782425711、20260626訂單-台北.xls_temp_1782425701、20260626訂單-台中.xls、20260626訂單-台北.xls、20260625訂單-台中.xls_temp_1782338847、20260625訂單-台北.xls_temp_1782338830、20260625訂單-台中.xls_temp_1782338797、20260625訂單-台北.xls_temp_1782338785、20260625訂單-台中.xls、20260625訂單-台北.xls、20260624訂單-台中.xls_temp_1782252538、20260624訂單-台北.xls_temp_1782252519、20260624訂單-台中.xls_temp_1782252487、20260624訂單-台北.xls_temp_1782252471、20260624訂單-台中.xls

