📋 log_spreadsheet_id 已從設定檔載入
📝 外場排程打卡：外場專員個資 / running
Command: /opt/hostedtoolcache/Python/3.11.15/x64/bin/python -u -m tools.field_management.staff_profile --date 20260707 --system-name 外場排程系統 --run-type 排程
[2026-07-07 06:05:55] 開始處理專員個資：20260707專員個資-台北
[2026-07-07 06:05:56] 失敗：20260707專員個資-台北 / 找不到來源檔案：20260707專員個資-台北 / 20260707專員個資-台北.xlsx / 20260707專員個資-台北.xls / 20260707專員系統個資-台北 / 20260707專員系統個資-台北.xlsx / 20260707專員系統個資-台北.xls；資料夾內目前檔案：20260706專員系統個資-台中.xlsx_temp_1783288116、20260706專員系統個資-台北.xlsx_temp_1783288098、20260706專員系統個資-台中.xlsx、20260706專員系統個資-台北.xlsx、20260705專員系統個資-台中.xlsx_temp_1783201582、20260705專員系統個資-台北.xlsx_temp_1783201566、20260705專員系統個資-台中.xlsx、20260705專員系統個資-台北.xlsx、20260704專員系統個資-台中.xlsx_temp_1783149308、20260704專員系統個資-台中.xlsx_temp_1783149307、20260704專員系統個資-台北.xlsx_temp_1783149291、20260704專員系統個資-台北.xlsx_temp_1783149291、20260704專員系統個資-台北.xlsx_temp_1783115682、20260704專員系統個資-台中.xlsx、20260704專員系統個資-台北.xlsx、20260703專員系統個資-台中.xlsx_temp_1783029468、20260703專員系統個資-台北.xlsx_temp_1783029454、20260703專員系統個資-台中.xlsx、20260703專員系統個資-台北.xlsx、20260702專員個資-台中.xlsx、20260702專員個資-台北.xlsx、20260702專員系統個資-台中.xlsx_temp_1782943975、20260702專員系統個資-台北.xlsx_temp_1782943958、20260702專員系統個資-台中.xlsx、20260702專員系統個資-台北.xlsx、20260701專員系統個資-台中.xlsx_temp_1782857314、20260701專員系統個資-台北.xlsx_temp_1782857296、20260701專員系統個資-台中.xlsx、20260701專員系統個資-台北.xlsx、20260630專員系統個資-台中.xlsx_temp_1782770682、20260630專員系統個資-台北.xlsx_temp_1782770666、20260630專員系統個資-台中.xlsx、20260630專員系統個資-台北.xlsx、20260629專員系統個資-台中.xlsx、20260629專員系統個資-台北.xlsx、20260628專員系統個資-台中.xlsx_temp_1782597166、20260628專員系統個資-台北.xlsx_temp_1782597148、20260628專員系統個資-台中.xlsx、20260628專員系統個資-台北.xlsx、20260627專員系統個資-台中.xlsx_temp_1782511279、20260627專員系統個資-台北.xlsx_temp_1782511261、20260627專員系統個資-台中.xlsx、20260627專員系統個資-台北.xlsx、20260626專員系統個資-台中.xlsx_temp_1782425757、20260626專員系統個資-台北.xlsx_temp_1782425738、20260626專員系統個資-台中.xlsx、20260626專員系統個資-台北.xlsx、20260625專員系統個資-台中.xlsx_temp_1782338838、20260625專員系統個資-台北.xlsx_temp_1782338822、20260625專員系統個資-台中.xlsx、20260625專員系統個資-台北.xlsx、20260624專員系統個資-台中.xlsx_temp_1782252530、20260624專員系統個資-台北.xlsx_temp_1782252509、20260624專員系統個資-台中.xlsx、20260624專員系統個資-台北.xlsx、20260623專員系統個資-台中.xlsx_temp_1782167471、20260623專員系統個資-台北.xlsx_temp_1782167454、20260623專員系統個資-台中.xlsx、20260623專員系統個資-台北.xlsx、20260622專員系統個資-台中.xlsx_temp_1782079712、20260622專員系統個資-台北.xlsx_temp_1782079689、20260622專員系統個資-台中.xlsx、20260622專員系統個資-台北.xlsx、20260621專員系統個資-台中.xlsx_temp_1781992830、20260621專員系統個資-台北.xlsx_temp_1781992811、20260621專員系統個資-台中.xlsx、20260621專員系統個資-台北.xlsx、20260620專員系統個資-台中.xlsx_temp_1781906362、20260620專員系統個資-台北.xlsx_temp_1781906342、20260620專員系統個資-台中.xlsx、20260620專員系統個資-台北.xlsx、20260619專員系統個資-台中.xlsx_temp_1781823074、20260619專員系統個資-台北.xlsx_temp_1781823056、20260619專員系統個資-台中.xlsx、20260619專員系統個資-台北.xlsx、20260618專員系統個資-台中.xlsx_temp_1781735444、20260618專員系統個資-台北.xlsx_temp_1781735424、20260618專員系統個資-台中.xlsx、20260618專員系統個資-台北.xlsx、20260617專員系統個資-台中.xlsx_temp_1781650106

Traceback (most recent call last):
  File "<frozen runpy>", line 198, in _run_module_as_main
  File "<frozen runpy>", line 88, in _run_code
  File "/home/runner/work/tool-system/tool-system/tools/field_management/staff_profile.py", line 499, in <module>
    main(
  File "/home/runner/work/tool-system/tool-system/tools/field_management/staff_profile.py", line 485, in main
    run_staff_profile_for_area(cfg, current_area, date_key, run_type)  # ★
    ^^^^^^^^^^^^^^^^^^^^^^^^^^^^^^^^^^^^^^^^^^^^^^^^^^^^^^^^^^^^^^^^^
  File "/home/runner/work/tool-system/tool-system/tools/field_management/staff_profile.py", line 469, in run_staff_profile_for_area
    run_staff_profile_only(cfg, area, date_key, run_type)           # ★
    ^^^^^^^^^^^^^^^^^^^^^^^^^^^^^^^^^^^^^^^^^^^^^^^^^^^^^
  File "/home/runner/work/tool-system/tool-system/tools/field_management/staff_profile.py", line 312, in run_staff_profile_only
    file = find_file_by_possible_names(
           ^^^^^^^^^^^^^^^^^^^^^^^^^^^^
  File "/home/runner/work/tool-system/tool-system/tools/field_management/staff_profile.py", line 217, in find_file_by_possible_names
    raise RuntimeError(
RuntimeError: 找不到來源檔案：20260707專員個資-台北 / 20260707專員個資-台北.xlsx / 20260707專員個資-台北.xls / 20260707專員系統個資-台北 / 20260707專員系統個資-台北.xlsx / 20260707專員系統個資-台北.xls；資料夾內目前檔案：20260706專員系統個資-台中.xlsx_temp_1783288116、20260706專員系統個資-台北.xlsx_temp_1783288098、20260706專員系統個資-台中.xlsx、20260706專員系統個資-台北.xlsx、20260705專員系統個資-台中.xlsx_temp_1783201582、20260705專員系統個資-台北.xlsx_temp_1783201566、20260705專員系統個資-台中.xlsx、20260705專員系統個資-台北.xlsx、20260704專員系統個資-台中.xlsx_temp_1783149308、20260704專員系統個資-台中.xlsx_temp_1783149307、20260704專員系統個資-台北.xlsx_temp_1783149291、20260704專員系統個資-台北.xlsx_temp_1783149291、20260704專員系統個資-台北.xlsx_temp_1783115682、20260704專員系統個資-台中.xlsx、20260704專員系統個資-台北.xlsx、20260703專員系統個資-台中.xlsx_temp_1783029468、20260703專員系統個資-台北.xlsx_temp_1783029454、20260703專員系統個資-台中.xlsx、20260703專員系統個資-台北.xlsx、20260702專員個資-台中.xlsx、20260702專員個資-台北.xlsx、20260702專員系統個資-台中.xlsx_temp_1782943975、20260702專員系統個資-台北.xlsx_temp_1782943958、20260702專員系統個資-台中.xlsx、20260702專員系統個資-台北.xlsx、20260701專員系統個資-台中.xlsx_temp_1782857314、20260701專員系統個資-台北.xlsx_temp_1782857296、20260701專員系統個資-台中.xlsx、20260701專員系統個資-台北.xlsx、20260630專員系統個資-台中.xlsx_temp_1782770682、20260630專員系統個資-台北.xlsx_temp_1782770666、20260630專員系統個資-台中.xlsx、20260630專員系統個資-台北.xlsx、20260629專員系統個資-台中.xlsx、20260629專員系統個資-台北.xlsx、20260628專員系統個資-台中.xlsx_temp_1782597166、20260628專員系統個資-台北.xlsx_temp_1782597148、20260628專員系統個資-台中.xlsx、20260628專員系統個資-台北.xlsx、20260627專員系統個資-台中.xlsx_temp_1782511279、20260627專員系統個資-台北.xlsx_temp_1782511261、20260627專員系統個資-台中.xlsx、20260627專員系統個資-台北.xlsx、20260626專員系統個資-台中.xlsx_temp_1782425757、20260626專員系統個資-台北.xlsx_temp_1782425738、20260626專員系統個資-台中.xlsx、20260626專員系統個資-台北.xlsx、20260625專員系統個資-台中.xlsx_temp_1782338838、20260625專員系統個資-台北.xlsx_temp_1782338822、20260625專員系統個資-台中.xlsx、20260625專員系統個資-台北.xlsx、20260624專員系統個資-台中.xlsx_temp_1782252530、20260624專員系統個資-台北.xlsx_temp_1782252509、20260624專員系統個資-台中.xlsx、20260624專員系統個資-台北.xlsx、20260623專員系統個資-台中.xlsx_temp_1782167471、20260623專員系統個資-台北.xlsx_temp_1782167454、20260623專員系統個資-台中.xlsx、20260623專員系統個資-台北.xlsx、20260622專員系統個資-台中.xlsx_temp_1782079712、20260622專員系統個資-台北.xlsx_temp_1782079689、20260622專員系統個資-台中.xlsx、20260622專員系統個資-台北.xlsx、20260621專員系統個資-台中.xlsx_temp_1781992830、20260621專員系統個資-台北.xlsx_temp_1781992811、20260621專員系統個資-台中.xlsx、20260621專員系統個資-台北.xlsx、20260620專員系統個資-台中.xlsx_temp_1781906362、20260620專員系統個資-台北.xlsx_temp_1781906342、20260620專員系統個資-台中.xlsx、20260620專員系統個資-台北.xlsx、20260619專員系統個資-台中.xlsx_temp_1781823074、20260619專員系統個資-台北.xlsx_temp_1781823056、20260619專員系統個資-台中.xlsx、20260619專員系統個資-台北.xlsx、20260618專員系統個資-台中.xlsx_temp_1781735444、20260618專員系統個資-台北.xlsx_temp_1781735424、20260618專員系統個資-台中.xlsx、20260618專員系統個資-台北.xlsx、20260617專員系統個資-台中.xlsx_temp_1781650106

📝 外場排程打卡：外場專員個資 / failed
Traceback (most recent call last):
  File "<frozen runpy>", line 198, in _run_module_as_main
  File "<frozen runpy>", line 88, in _run_code
  File "/home/runner/work/tool-system/tool-system/tools/field_management/scheduler.py", line 179, in <module>
    main(target=args.target, date_key=args.date, area=args.area or None, system_name=args.system_name)
  File "/home/runner/work/tool-system/tool-system/tools/field_management/scheduler.py", line 158, in main
    results.append(run_job(job_name, date_key, area, system_name))
                   ^^^^^^^^^^^^^^^^^^^^^^^^^^^^^^^^^^^^^^^^^^^^^^
  File "/home/runner/work/tool-system/tool-system/tools/field_management/scheduler.py", line 134, in run_job
    raise RuntimeError(message)
RuntimeError: 外場專員個資 執行失敗，exit=1
STDOUT:
[2026-07-07 06:05:55] 開始處理專員個資：20260707專員個資-台北
[2026-07-07 06:05:56] 失敗：20260707專員個資-台北 / 找不到來源檔案：20260707專員個資-台北 / 20260707專員個資-台北.xlsx / 20260707專員個資-台北.xls / 20260707專員系統個資-台北 / 20260707專員系統個資-台北.xlsx / 20260707專員系統個資-台北.xls；資料夾內目前檔案：20260706專員系統個資-台中.xlsx_temp_1783288116、20260706專員系統個資-台北.xlsx_temp_1783288098、20260706專員系統個資-台中.xlsx、20260706專員系統個資-台北.xlsx、20260705專員系統個資-台中.xlsx_temp_1783201582、20260705專員系統個資-台北.xlsx_temp_1783201566、20260705專員系統個資-台中.xlsx、20260705專員系統個資-台北.xlsx、20260704專員系統個資-台中.xlsx_temp_1783149308、20260704專員系統個資-台中.xlsx_temp_1783149307、20260704專員系統個資-台北.xlsx_temp_1783149291、20260704專員系統個資-台北.xlsx_temp_1783149291、20260704專員系統個資-台北.xlsx_temp_1783115682、20260704專員系統個資-台中.xlsx、20260704專員系統個資-台北.xlsx、20260703專員系統個資-台中.xlsx_temp_1783029468、20260703專員系統個資-台北.xlsx_temp_1783029454、20260703專員系統個資-台中.xlsx、20260703專員系統個資-台北.xlsx、20260702專員個資-台中.xlsx、20260702專員個資-台北.xlsx、20260702專員系統個資-台中.xlsx_temp_1782943975、20260702專員系統個資-台北.xlsx_temp_1782943958、20260702專員系統個資-台中.xlsx、20260702專員系統個資-台北.xlsx、20260701專員系統個資-台中.xlsx_temp_1782857314、20260701專員系統個資-台北.xlsx_temp_1782857296、20260701專員系統個資-台中.xlsx、20260701專員系統個資-台北.xlsx、20260630專員系統個資-台中.xlsx_temp_1782770682、20260630專員系統個資-台北.xlsx_temp_1782770666、20260630專員系統個資-台中.xlsx、20260630專員系統個資-台北.xlsx、20260629專員系統個資-台中.xlsx、20260629專員系統個資-台北.xlsx、20260628專員系統個資-台中.xlsx_temp_1782597166、20260628專員系統個資-台北.xlsx_temp_1782597148、20260628專員系統個資-台中.xlsx、20260628專員系統個資-台北.xlsx、20260627專員系統個資-台中.xlsx_temp_1782511279、20260627專員系統個資-台北.xlsx_temp_1782511261、20260627專員系統個資-台中.xlsx、20260627專員系統個資-台北.xlsx、20260626專員系統個資-台中.xlsx_temp_1782425757、20260626專員系統個資-台北.xlsx_temp_1782425738、20260626專員系統個資-台中.xlsx、20260626專員系統個資-台北.xlsx、20260625專員系統個資-台中.xlsx_temp_1782338838、20260625專員系統個資-台北.xlsx_temp_1782338822、20260625專員系統個資-台中.xlsx、20260625專員系統個資-台北.xlsx、20260624專員系統個資-台中.xlsx_temp_1782252530、20260624專員系統個資-台北.xlsx_temp_1782252509、20260624專員系統個資-台中.xlsx、20260624專員系統個資-台北.xlsx、20260623專員系統個資-台中.xlsx_temp_1782167471、20260623專員系統個資-台北.xlsx_temp_1782167454、20260623專員系統個資-台中.xlsx、20260623專員系統個資-台北.xlsx、20260622專員系統個資-台中.xlsx_temp_1782079712、20260622專員系統個資-台北.xlsx_temp_1782079689、20260622專員系統個資-台中.xlsx、20260622專員系統個資-台北.xlsx、20260621專員系統個資-台中.xlsx_temp_1781992830、20260621專員系統個資-台北.xlsx_temp_1781992811、20260621專員系統個資-台中.xlsx、20260621專員系統個資-台北.xlsx、20260620專員系統個資-台中.xlsx_temp_1781906362、20260620專員系統個資-台北.xlsx_temp_1781906342、20260620專員系統個資-台中.xlsx、20260620專員系統個資-台北.xlsx、20260619專員系統個資-台中.xlsx_temp_1781823074、20260619專員系統個資-台北.xlsx_temp_1781823056、20260619專員系統個資-台中.xlsx、20260619專員系統個資-台北.xlsx、20260618專員系統個資-台中.xlsx_temp_1781735444、20260618專員系統個資-台北.xlsx_temp_1781735424、20260618專員系統個資-台中.xlsx、20260618專員系統個資-台北.xlsx、20260617專員系統個資-台中.xlsx_temp_1781650106

STDERR:
Traceback (most recent call last):
  File "<frozen runpy>", line 198, in _run_module_as_main
  File "<frozen runpy>", line 88, in _run_code
  File "/home/runner/work/tool-system/tool-system/tools/field_management/staff_profile.py", line 499, in <module>
    main(
  File "/home/runner/work/tool-system/tool-system/tools/field_management/staff_profile.py", line 485, in main
    run_staff_profile_for_area(cfg, current_area, date_key, run_type)  # ★
    ^^^^^^^^^^^^^^^^^^^^^^^^^^^^^^^^^^^^^^^^^^^^^^^^^^^^^^^^^^^^^^^^^
  File "/home/runner/work/tool-system/tool-system/tools/field_management/staff_profile.py", line 469, in run_staff_profile_for_area
    run_staff_profile_only(cfg, area, date_key, run_type)           # ★
    ^^^^^^^^^^^^^^^^^^^^^^^^^^^^^^^^^^^^^^^^^^^^^^^^^^^^^
  File "/home/runner/work/tool-system/tool-system/tools/field_management/staff_profile.py", line 312, in run_staff_profile_only
    file = find_file_by_possible_names(
           ^^^^^^^^^^^^^^^^^^^^^^^^^^^^
  File "/home/runner/work/tool-system/tool-system/tools/field_management/staff_profile.py", line 217, in find_file_by_possible_names
    raise RuntimeError(
RuntimeError: 找不到來源檔案：20260707專員個資-台北 / 20260707專員個資-台北.xlsx / 20260707專員個資-台北.xls / 20260707專員系統個資-台北 / 20260707專員系統個資-台北.xlsx / 20260707專員系統個資-台北.xls；資料夾內目前檔案：20260706專員系統個資-台中.xlsx_temp_1783288116、20260706專員系統個資-台北.xlsx_temp_1783288098、20260706專員系統個資-台中.xlsx、20260706專員系統個資-台北.xlsx、20260705專員系統個資-台中.xlsx_temp_1783201582、20260705專員系統個資-台北.xlsx_temp_1783201566、20260705專員系統個資-台中.xlsx、20260705專員系統個資-台北.xlsx、20260704專員系統個資-台中.xlsx_temp_1783149308、20260704專員系統個資-台中.xlsx_temp_1783149307、20260704專員系統個資-台北.xlsx_temp_1783149291、20260704專員系統個資-台北.xlsx_temp_1783149291、20260704專員系統個資-台北.xlsx_temp_1783115682、20260704專員系統個資-台中.xlsx、20260704專員系統個資-台北.xlsx、20260703專員系統個資-台中.xlsx_temp_1783029468、20260703專員系統個資-台北.xlsx_temp_1783029454、20260703專員系統個資-台中.xlsx、20260703專員系統個資-台北.xlsx、20260702專員個資-台中.xlsx、20260702專員個資-台北.xlsx、20260702專員系統個資-台中.xlsx_temp_1782943975、20260702專員系統個資-台北.xlsx_temp_1782943958、20260702專員系統個資-台中.xlsx、20260702專員系統個資-台北.xlsx、20260701專員系統個資-台中.xlsx_temp_1782857314、20260701專員系統個資-台北.xlsx_temp_1782857296、20260701專員系統個資-台中.xlsx、20260701專員系統個資-台北.xlsx、20260630專員系統個資-台中.xlsx_temp_1782770682、20260630專員系統個資-台北.xlsx_temp_1782770666、20260630專員系統個資-台中.xlsx、20260630專員系統個資-台北.xlsx、20260629專員系統個資-台中.xlsx、20260629專員系統個資-台北.xlsx、20260628專員系統個資-台中.xlsx_temp_1782597166、20260628專員系統個資-台北.xlsx_temp_1782597148、20260628專員系統個資-台中.xlsx、20260628專員系統個資-台北.xlsx、20260627專員系統個資-台中.xlsx_temp_1782511279、20260627專員系統個資-台北.xlsx_temp_1782511261、20260627專員系統個資-台中.xlsx、20260627專員系統個資-台北.xlsx、20260626專員系統個資-台中.xlsx_temp_1782425757、20260626專員系統個資-台北.xlsx_temp_1782425738、20260626專員系統個資-台中.xlsx、20260626專員系統個資-台北.xlsx、20260625專員系統個資-台中.xlsx_temp_1782338838、20260625專員系統個資-台北.xlsx_temp_1782338822、20260625專員系統個資-台中.xlsx、20260625專員系統個資-台北.xlsx、20260624專員系統個資-台中.xlsx_temp_1782252530、20260624專員系統個資-台北.xlsx_temp_1782252509、20260624專員系統個資-台中.xlsx、20260624專員系統個資-台北.xlsx、20260623專員系統個資-台中.xlsx_temp_1782167471、20260623專員系統個資-台北.xlsx_temp_1782167454、20260623專員系統個資-台中.xlsx、20260623專員系統個資-台北.xlsx、20260622專員系統個資-台中.xlsx_temp_1782079712、20260622專員系統個資-台北.xlsx_temp_1782079689、20260622專員系統個資-台中.xlsx、20260622專員系統個資-台北.xlsx、20260621專員系統個資-台中.xlsx_temp_1781992830、20260621專員系統個資-台北.xlsx_temp_1781992811、20260621專員系統個資-台中.xlsx、20260621專員系統個資-台北.xlsx、20260620專員系統個資-台中.xlsx_temp_1781906362、20260620專員系統個資-台北.xlsx_temp_1781906342、20260620專員系統個資-台中.xlsx、20260620專員系統個資-台北.xlsx、20260619專員系統個資-台中.xlsx_temp_1781823074、20260619專員系統個資-台北.xlsx_temp_1781823056、20260619專員系統個資-台中.xlsx、20260619專員系統個資-台北.xlsx、20260618專員系統個資-台中.xlsx_temp_1781735444、20260618專員系統個資-台北.xlsx_temp_1781735424、20260618專員系統個資-台中.xlsx、20260618專員系統個資-台北.xlsx、20260617專員系統個資-台中.xlsx_temp_1781650106

