📋 log_spreadsheet_id 已從設定檔載入
📝 外場排程打卡：外場專員班表 / running
Command: /opt/hostedtoolcache/Python/3.11.15/x64/bin/python -u -m tools.field_management.staff_schedule --date 20260707 --system-name 外場排程系統 --run-type 排程
[2026-07-07 06:05:24] 開始處理專員班表：20260707專員班表-台北
[2026-07-07 06:05:32] 完成：20260707專員班表-台北.xls → 專員班表查詢本月_0707!A:G / rows=1577
[2026-07-07 06:05:34] 開始處理專員班表：20260807專員班表-台北
[2026-07-07 06:05:34] 失敗：20260807專員班表-台北 / 找不到來源檔案：20260807專員班表-台北 / 20260807專員班表-台北.xlsx / 20260807專員班表-台北.xls / 20260807專員班表-台北.csv；資料夾內目前檔案：20260707專員班表-台北.xls_temp_1783375525、20260707專員班表-台北.xls、20260806專員班表-台中.xls_temp_1783288046、20260706專員班表-台中.xls_temp_1783288038、20260806專員班表-台北.xls_temp_1783288031、20260706專員班表-台北.xls_temp_1783288022、20260806專員班表-台中.xls、20260706專員班表-台中.xls、20260806專員班表-台北.xls、20260706專員班表-台北.xls、20260805專員班表-台中.xls_temp_1783201522、20260705專員班表-台中.xls_temp_1783201514、20260805專員班表-台北.xls_temp_1783201506、20260705專員班表-台北.xls_temp_1783201496、20260805專員班表-台中.xls、20260705專員班表-台中.xls、20260805專員班表-台北.xls、20260705專員班表-台北.xls、20260804專員班表-台中.xls_temp_1783149251、20260804專員班表-台中.xls_temp_1783149252、20260704專員班表-台中.xls_temp_1783149243、20260704專員班表-台中.xls_temp_1783149242、20260804專員班表-台北.xls_temp_1783149235、20260804專員班表-台北.xls_temp_1783149235、20260704專員班表-台北.xls_temp_1783149225、20260704專員班表-台北.xls_temp_1783149225、20260804專員班表-台中.xls_temp_1783115634、20260704專員班表-台中.xls_temp_1783115626、20260804專員班表-台北.xls_temp_1783115619、20260704專員班表-台北.xls_temp_1783115609、20260804專員班表-台中.xls、20260704專員班表-台中.xls、20260804專員班表-台北.xls、20260704專員班表-台北.xls、20260803專員班表-台中.xls_temp_1783029407、20260703專員班表-台中.xls_temp_1783029400、20260803專員班表-台北.xls_temp_1783029393、20260703專員班表-台北.xls_temp_1783029385、20260803專員班表-台中.xls、20260703專員班表-台中.xls、20260803專員班表-台北.xls、20260703專員班表-台北.xls、20260802專員班表-台中.xls、20260702專員班表-台中.xls、20260802專員班表-台北.xls、20260702專員班表-台北.xls、20260802專員班表-台中.xls_temp_1782943901、20260702專員班表-台中.xls_temp_1782943893、20260802專員班表-台北.xls_temp_1782943884、20260702專員班表-台北.xls_temp_1782943874、20260801專員班表-台中.xls_temp_1782857241、20260701專員班表-台中.xls_temp_1782857232、20260801專員班表-台北.xls_temp_1782857223、20260701專員班表-台北.xls_temp_1782857213、20260801專員班表-台中.xls、20260701專員班表-台中.xls、20260801專員班表-台北.xls、20260701專員班表-台北.xls、20260730專員班表-台中.xls_temp_1782770586、20260630專員班表-台中.xls_temp_1782770579、20260730專員班表-台北.xls_temp_1782770570、20260630專員班表-台北.xls_temp_1782770562、20260730專員班表-台中.xls、20260630專員班表-台中.xls、20260730專員班表-台北.xls、20260630專員班表-台北.xls、20260729專員班表-台中.xls、20260629專員班表-台中.xls、20260729專員班表-台北.xls、20260629專員班表-台北.xls、20260728專員班表-台中.xls_temp_1782597098、20260628專員班表-台中.xls_temp_1782597089、20260728專員班表-台北.xls_temp_1782597081、20260628專員班表-台北.xls_temp_1782597074、20260728專員班表-台中.xls、20260628專員班表-台中.xls、20260728專員班表-台北.xls、20260628專員班表-台北.xls、20260727專員班表-台中.xls_temp_1782511206、20260627專員班表-台中.xls_temp_1782511197

Traceback (most recent call last):
  File "<frozen runpy>", line 198, in _run_module_as_main
  File "<frozen runpy>", line 88, in _run_code
  File "/home/runner/work/tool-system/tool-system/tools/field_management/staff_schedule.py", line 401, in <module>
    main(
  File "/home/runner/work/tool-system/tool-system/tools/field_management/staff_schedule.py", line 387, in main
    run_staff_schedule_for_area(cfg, current_area, date_key, run_type)  # ★
    ^^^^^^^^^^^^^^^^^^^^^^^^^^^^^^^^^^^^^^^^^^^^^^^^^^^^^^^^^^^^^^^^^^
  File "/home/runner/work/tool-system/tool-system/tools/field_management/staff_schedule.py", line 320, in run_staff_schedule_for_area
    file = find_file_by_possible_names(
           ^^^^^^^^^^^^^^^^^^^^^^^^^^^^
  File "/home/runner/work/tool-system/tool-system/tools/field_management/staff_schedule.py", line 212, in find_file_by_possible_names
    raise RuntimeError(
RuntimeError: 找不到來源檔案：20260807專員班表-台北 / 20260807專員班表-台北.xlsx / 20260807專員班表-台北.xls / 20260807專員班表-台北.csv；資料夾內目前檔案：20260707專員班表-台北.xls_temp_1783375525、20260707專員班表-台北.xls、20260806專員班表-台中.xls_temp_1783288046、20260706專員班表-台中.xls_temp_1783288038、20260806專員班表-台北.xls_temp_1783288031、20260706專員班表-台北.xls_temp_1783288022、20260806專員班表-台中.xls、20260706專員班表-台中.xls、20260806專員班表-台北.xls、20260706專員班表-台北.xls、20260805專員班表-台中.xls_temp_1783201522、20260705專員班表-台中.xls_temp_1783201514、20260805專員班表-台北.xls_temp_1783201506、20260705專員班表-台北.xls_temp_1783201496、20260805專員班表-台中.xls、20260705專員班表-台中.xls、20260805專員班表-台北.xls、20260705專員班表-台北.xls、20260804專員班表-台中.xls_temp_1783149251、20260804專員班表-台中.xls_temp_1783149252、20260704專員班表-台中.xls_temp_1783149243、20260704專員班表-台中.xls_temp_1783149242、20260804專員班表-台北.xls_temp_1783149235、20260804專員班表-台北.xls_temp_1783149235、20260704專員班表-台北.xls_temp_1783149225、20260704專員班表-台北.xls_temp_1783149225、20260804專員班表-台中.xls_temp_1783115634、20260704專員班表-台中.xls_temp_1783115626、20260804專員班表-台北.xls_temp_1783115619、20260704專員班表-台北.xls_temp_1783115609、20260804專員班表-台中.xls、20260704專員班表-台中.xls、20260804專員班表-台北.xls、20260704專員班表-台北.xls、20260803專員班表-台中.xls_temp_1783029407、20260703專員班表-台中.xls_temp_1783029400、20260803專員班表-台北.xls_temp_1783029393、20260703專員班表-台北.xls_temp_1783029385、20260803專員班表-台中.xls、20260703專員班表-台中.xls、20260803專員班表-台北.xls、20260703專員班表-台北.xls、20260802專員班表-台中.xls、20260702專員班表-台中.xls、20260802專員班表-台北.xls、20260702專員班表-台北.xls、20260802專員班表-台中.xls_temp_1782943901、20260702專員班表-台中.xls_temp_1782943893、20260802專員班表-台北.xls_temp_1782943884、20260702專員班表-台北.xls_temp_1782943874、20260801專員班表-台中.xls_temp_1782857241、20260701專員班表-台中.xls_temp_1782857232、20260801專員班表-台北.xls_temp_1782857223、20260701專員班表-台北.xls_temp_1782857213、20260801專員班表-台中.xls、20260701專員班表-台中.xls、20260801專員班表-台北.xls、20260701專員班表-台北.xls、20260730專員班表-台中.xls_temp_1782770586、20260630專員班表-台中.xls_temp_1782770579、20260730專員班表-台北.xls_temp_1782770570、20260630專員班表-台北.xls_temp_1782770562、20260730專員班表-台中.xls、20260630專員班表-台中.xls、20260730專員班表-台北.xls、20260630專員班表-台北.xls、20260729專員班表-台中.xls、20260629專員班表-台中.xls、20260729專員班表-台北.xls、20260629專員班表-台北.xls、20260728專員班表-台中.xls_temp_1782597098、20260628專員班表-台中.xls_temp_1782597089、20260728專員班表-台北.xls_temp_1782597081、20260628專員班表-台北.xls_temp_1782597074、20260728專員班表-台中.xls、20260628專員班表-台中.xls、20260728專員班表-台北.xls、20260628專員班表-台北.xls、20260727專員班表-台中.xls_temp_1782511206、20260627專員班表-台中.xls_temp_1782511197

📝 外場排程打卡：外場專員班表 / failed
Traceback (most recent call last):
  File "<frozen runpy>", line 198, in _run_module_as_main
  File "<frozen runpy>", line 88, in _run_code
  File "/home/runner/work/tool-system/tool-system/tools/field_management/scheduler.py", line 179, in <module>
    main(target=args.target, date_key=args.date, area=args.area or None, system_name=args.system_name)
  File "/home/runner/work/tool-system/tool-system/tools/field_management/scheduler.py", line 158, in main
    results.append(run_job(job_name, date_key, area, system_name))
                   ^^^^^^^^^^^^^^^^^^^^^^^^^^^^^^^^^^^^^^^^^^^^^^
  File "/home/runner/work/tool-system/tool-system/tools/field_management/scheduler.py", line 134, in run_job
    raise RuntimeError(message)
RuntimeError: 外場專員班表 執行失敗，exit=1
STDOUT:
[2026-07-07 06:05:24] 開始處理專員班表：20260707專員班表-台北
[2026-07-07 06:05:32] 完成：20260707專員班表-台北.xls → 專員班表查詢本月_0707!A:G / rows=1577
[2026-07-07 06:05:34] 開始處理專員班表：20260807專員班表-台北
[2026-07-07 06:05:34] 失敗：20260807專員班表-台北 / 找不到來源檔案：20260807專員班表-台北 / 20260807專員班表-台北.xlsx / 20260807專員班表-台北.xls / 20260807專員班表-台北.csv；資料夾內目前檔案：20260707專員班表-台北.xls_temp_1783375525、20260707專員班表-台北.xls、20260806專員班表-台中.xls_temp_1783288046、20260706專員班表-台中.xls_temp_1783288038、20260806專員班表-台北.xls_temp_1783288031、20260706專員班表-台北.xls_temp_1783288022、20260806專員班表-台中.xls、20260706專員班表-台中.xls、20260806專員班表-台北.xls、20260706專員班表-台北.xls、20260805專員班表-台中.xls_temp_1783201522、20260705專員班表-台中.xls_temp_1783201514、20260805專員班表-台北.xls_temp_1783201506、20260705專員班表-台北.xls_temp_1783201496、20260805專員班表-台中.xls、20260705專員班表-台中.xls、20260805專員班表-台北.xls、20260705專員班表-台北.xls、20260804專員班表-台中.xls_temp_1783149251、20260804專員班表-台中.xls_temp_1783149252、20260704專員班表-台中.xls_temp_1783149243、20260704專員班表-台中.xls_temp_1783149242、20260804專員班表-台北.xls_temp_1783149235、20260804專員班表-台北.xls_temp_1783149235、20260704專員班表-台北.xls_temp_1783149225、20260704專員班表-台北.xls_temp_1783149225、20260804專員班表-台中.xls_temp_1783115634、20260704專員班表-台中.xls_temp_1783115626、20260804專員班表-台北.xls_temp_1783115619、20260704專員班表-台北.xls_temp_1783115609、20260804專員班表-台中.xls、20260704專員班表-台中.xls、20260804專員班表-台北.xls、20260704專員班表-台北.xls、20260803專員班表-台中.xls_temp_1783029407、20260703專員班表-台中.xls_temp_1783029400、20260803專員班表-台北.xls_temp_1783029393、20260703專員班表-台北.xls_temp_1783029385、20260803專員班表-台中.xls、20260703專員班表-台中.xls、20260803專員班表-台北.xls、20260703專員班表-台北.xls、20260802專員班表-台中.xls、20260702專員班表-台中.xls、20260802專員班表-台北.xls、20260702專員班表-台北.xls、20260802專員班表-台中.xls_temp_1782943901、20260702專員班表-台中.xls_temp_1782943893、20260802專員班表-台北.xls_temp_1782943884、20260702專員班表-台北.xls_temp_1782943874、20260801專員班表-台中.xls_temp_1782857241、20260701專員班表-台中.xls_temp_1782857232、20260801專員班表-台北.xls_temp_1782857223、20260701專員班表-台北.xls_temp_1782857213、20260801專員班表-台中.xls、20260701專員班表-台中.xls、20260801專員班表-台北.xls、20260701專員班表-台北.xls、20260730專員班表-台中.xls_temp_1782770586、20260630專員班表-台中.xls_temp_1782770579、20260730專員班表-台北.xls_temp_1782770570、20260630專員班表-台北.xls_temp_1782770562、20260730專員班表-台中.xls、20260630專員班表-台中.xls、20260730專員班表-台北.xls、20260630專員班表-台北.xls、20260729專員班表-台中.xls、20260629專員班表-台中.xls、20260729專員班表-台北.xls、20260629專員班表-台北.xls、20260728專員班表-台中.xls_temp_1782597098、20260628專員班表-台中.xls_temp_1782597089、20260728專員班表-台北.xls_temp_1782597081、20260628專員班表-台北.xls_temp_1782597074、20260728專員班表-台中.xls、20260628專員班表-台中.xls、20260728專員班表-台北.xls、20260628專員班表-台北.xls、20260727專員班表-台中.xls_temp_1782511206、20260627專員班表-台中.xls_temp_1782511197

STDERR:
Traceback (most recent call last):
  File "<frozen runpy>", line 198, in _run_module_as_main
  File "<frozen runpy>", line 88, in _run_code
  File "/home/runner/work/tool-system/tool-system/tools/field_management/staff_schedule.py", line 401, in <module>
    main(
  File "/home/runner/work/tool-system/tool-system/tools/field_management/staff_schedule.py", line 387, in main
    run_staff_schedule_for_area(cfg, current_area, date_key, run_type)  # ★
    ^^^^^^^^^^^^^^^^^^^^^^^^^^^^^^^^^^^^^^^^^^^^^^^^^^^^^^^^^^^^^^^^^^
  File "/home/runner/work/tool-system/tool-system/tools/field_management/staff_schedule.py", line 320, in run_staff_schedule_for_area
    file = find_file_by_possible_names(
           ^^^^^^^^^^^^^^^^^^^^^^^^^^^^
  File "/home/runner/work/tool-system/tool-system/tools/field_management/staff_schedule.py", line 212, in find_file_by_possible_names
    raise RuntimeError(
RuntimeError: 找不到來源檔案：20260807專員班表-台北 / 20260807專員班表-台北.xlsx / 20260807專員班表-台北.xls / 20260807專員班表-台北.csv；資料夾內目前檔案：20260707專員班表-台北.xls_temp_1783375525、20260707專員班表-台北.xls、20260806專員班表-台中.xls_temp_1783288046、20260706專員班表-台中.xls_temp_1783288038、20260806專員班表-台北.xls_temp_1783288031、20260706專員班表-台北.xls_temp_1783288022、20260806專員班表-台中.xls、20260706專員班表-台中.xls、20260806專員班表-台北.xls、20260706專員班表-台北.xls、20260805專員班表-台中.xls_temp_1783201522、20260705專員班表-台中.xls_temp_1783201514、20260805專員班表-台北.xls_temp_1783201506、20260705專員班表-台北.xls_temp_1783201496、20260805專員班表-台中.xls、20260705專員班表-台中.xls、20260805專員班表-台北.xls、20260705專員班表-台北.xls、20260804專員班表-台中.xls_temp_1783149251、20260804專員班表-台中.xls_temp_1783149252、20260704專員班表-台中.xls_temp_1783149243、20260704專員班表-台中.xls_temp_1783149242、20260804專員班表-台北.xls_temp_1783149235、20260804專員班表-台北.xls_temp_1783149235、20260704專員班表-台北.xls_temp_1783149225、20260704專員班表-台北.xls_temp_1783149225、20260804專員班表-台中.xls_temp_1783115634、20260704專員班表-台中.xls_temp_1783115626、20260804專員班表-台北.xls_temp_1783115619、20260704專員班表-台北.xls_temp_1783115609、20260804專員班表-台中.xls、20260704專員班表-台中.xls、20260804專員班表-台北.xls、20260704專員班表-台北.xls、20260803專員班表-台中.xls_temp_1783029407、20260703專員班表-台中.xls_temp_1783029400、20260803專員班表-台北.xls_temp_1783029393、20260703專員班表-台北.xls_temp_1783029385、20260803專員班表-台中.xls、20260703專員班表-台中.xls、20260803專員班表-台北.xls、20260703專員班表-台北.xls、20260802專員班表-台中.xls、20260702專員班表-台中.xls、20260802專員班表-台北.xls、20260702專員班表-台北.xls、20260802專員班表-台中.xls_temp_1782943901、20260702專員班表-台中.xls_temp_1782943893、20260802專員班表-台北.xls_temp_1782943884、20260702專員班表-台北.xls_temp_1782943874、20260801專員班表-台中.xls_temp_1782857241、20260701專員班表-台中.xls_temp_1782857232、20260801專員班表-台北.xls_temp_1782857223、20260701專員班表-台北.xls_temp_1782857213、20260801專員班表-台中.xls、20260701專員班表-台中.xls、20260801專員班表-台北.xls、20260701專員班表-台北.xls、20260730專員班表-台中.xls_temp_1782770586、20260630專員班表-台中.xls_temp_1782770579、20260730專員班表-台北.xls_temp_1782770570、20260630專員班表-台北.xls_temp_1782770562、20260730專員班表-台中.xls、20260630專員班表-台中.xls、20260730專員班表-台北.xls、20260630專員班表-台北.xls、20260729專員班表-台中.xls、20260629專員班表-台中.xls、20260729專員班表-台北.xls、20260629專員班表-台北.xls、20260728專員班表-台中.xls_temp_1782597098、20260628專員班表-台中.xls_temp_1782597089、20260728專員班表-台北.xls_temp_1782597081、20260628專員班表-台北.xls_temp_1782597074、20260728專員班表-台中.xls、20260628專員班表-台中.xls、20260728專員班表-台北.xls、20260628專員班表-台北.xls、20260727專員班表-台中.xls_temp_1782511206、20260627專員班表-台中.xls_temp_1782511197

