[config] spreadsheet_id='1nNAXy6rvBnGR8ACnqKKzKNA4-UwZtZp47i806EPmR_8'
2026-07-06 23:03:41 [INFO] 目標試算表 ID 來源：主控試算表系統設定
2026-07-06 23:03:41 [INFO] === 客服排程系統 run_id=c8ea6f43 step=1 台北時間=2026-07-07 07:03:40 ===
2026-07-06 23:03:41 [INFO] file_cache is only supported with oauth2client<4.0.0
2026-07-06 23:03:49 [INFO] --- Step1_更新排班統計表 ---
2026-07-06 23:03:49 [INFO] file_cache is only supported with oauth2client<4.0.0
2026-07-06 23:03:50 [INFO] Drive 資料夾找到 76 個檔案
2026-07-06 23:03:50 [INFO]   找到檔案：排班統計表20260807-台中.xlsx_temp_1783375508 (application/vnd.google-apps.spreadsheet)
2026-07-06 23:03:50 [INFO]   找到檔案：排班統計表20260707-台中.xlsx_temp_1783375499 (application/vnd.google-apps.spreadsheet)
2026-07-06 23:03:50 [INFO]   找到檔案：排班統計表20260807-台北.xlsx_temp_1783375490 (application/vnd.google-apps.spreadsheet)
2026-07-06 23:03:50 [INFO]   找到檔案：排班統計表20260707-台北.xlsx_temp_1783375480 (application/vnd.google-apps.spreadsheet)
2026-07-06 23:03:50 [INFO]   找到檔案：排班統計表20260807-台中.xlsx (application/vnd.openxmlformats-officedocument.spreadsheetml.sheet)
2026-07-06 23:03:50 [INFO]   找到檔案：排班統計表20260707-台中.xlsx (application/vnd.openxmlformats-officedocument.spreadsheetml.sheet)
2026-07-06 23:03:50 [INFO]   找到檔案：排班統計表20260807-台北.xlsx (application/vnd.openxmlformats-officedocument.spreadsheetml.sheet)
2026-07-06 23:03:50 [INFO]   找到檔案：排班統計表20260707-台北.xlsx (application/vnd.openxmlformats-officedocument.spreadsheetml.sheet)
2026-07-06 23:03:50 [INFO]   找到檔案：排班統計表20260806-台中 (application/vnd.google-apps.spreadsheet)
2026-07-06 23:03:50 [INFO]   找到檔案：排班統計表20260706-台中 (application/vnd.google-apps.spreadsheet)
2026-07-06 23:03:50 [INFO]   找到檔案：排班統計表20260806-台北 (application/vnd.google-apps.spreadsheet)
2026-07-06 23:03:50 [INFO]   找到檔案：排班統計表20260706-台北 (application/vnd.google-apps.spreadsheet)
2026-07-06 23:03:50 [INFO]   找到檔案：排班統計表20260806-台中.xlsx_temp_1783288007 (application/vnd.google-apps.spreadsheet)
2026-07-06 23:03:50 [INFO]   找到檔案：排班統計表20260706-台中.xlsx_temp_1783287999 (application/vnd.google-apps.spreadsheet)
2026-07-06 23:03:50 [INFO]   找到檔案：排班統計表20260806-台北.xlsx_temp_1783287991 (application/vnd.google-apps.spreadsheet)
2026-07-06 23:03:50 [INFO]   找到檔案：排班統計表20260706-台北.xlsx_temp_1783287972 (application/vnd.google-apps.spreadsheet)
2026-07-06 23:03:50 [INFO]   找到檔案：排班統計表20260806-台中.xlsx (application/vnd.openxmlformats-officedocument.spreadsheetml.sheet)
2026-07-06 23:03:50 [INFO]   找到檔案：排班統計表20260706-台中.xlsx (application/vnd.openxmlformats-officedocument.spreadsheetml.sheet)
2026-07-06 23:03:50 [INFO]   找到檔案：排班統計表20260806-台北.xlsx (application/vnd.openxmlformats-officedocument.spreadsheetml.sheet)
2026-07-06 23:03:50 [INFO]   找到檔案：排班統計表20260706-台北.xlsx (application/vnd.openxmlformats-officedocument.spreadsheetml.sheet)
2026-07-06 23:03:50 [INFO]   找到檔案：排班統計表20260805-台中 (application/vnd.google-apps.spreadsheet)
2026-07-06 23:03:50 [INFO]   找到檔案：排班統計表20260705-台中 (application/vnd.google-apps.spreadsheet)
2026-07-06 23:03:50 [INFO]   找到檔案：排班統計表20260805-台北 (application/vnd.google-apps.spreadsheet)
2026-07-06 23:03:50 [INFO]   找到檔案：排班統計表20260705-台北 (application/vnd.google-apps.spreadsheet)
2026-07-06 23:03:50 [INFO]   找到檔案：排班統計表20260805-台中.xlsx_temp_1783201482 (application/vnd.google-apps.spreadsheet)
2026-07-06 23:03:50 [INFO]   找到檔案：排班統計表20260705-台中.xlsx_temp_1783201464 (application/vnd.google-apps.spreadsheet)
2026-07-06 23:03:50 [INFO]   找到檔案：排班統計表20260805-台北.xlsx_temp_1783201456 (application/vnd.google-apps.spreadsheet)
2026-07-06 23:03:50 [INFO]   找到檔案：排班統計表20260705-台北.xlsx_temp_1783201446 (application/vnd.google-apps.spreadsheet)
2026-07-06 23:03:50 [INFO]   找到檔案：排班統計表20260805-台中.xlsx (application/vnd.openxmlformats-officedocument.spreadsheetml.sheet)
2026-07-06 23:03:50 [INFO]   找到檔案：排班統計表20260705-台中.xlsx (application/vnd.openxmlformats-officedocument.spreadsheetml.sheet)
2026-07-06 23:03:50 [INFO]   找到檔案：排班統計表20260805-台北.xlsx (application/vnd.openxmlformats-officedocument.spreadsheetml.sheet)
2026-07-06 23:03:50 [INFO]   找到檔案：排班統計表20260705-台北.xlsx (application/vnd.openxmlformats-officedocument.spreadsheetml.sheet)
2026-07-06 23:03:50 [INFO]   找到檔案：排班統計表20260804-台中 (application/vnd.google-apps.spreadsheet)
2026-07-06 23:03:50 [INFO]   找到檔案：排班統計表20260704-台中 (application/vnd.google-apps.spreadsheet)
2026-07-06 23:03:50 [INFO]   找到檔案：排班統計表20260804-台北 (application/vnd.google-apps.spreadsheet)
2026-07-06 23:03:50 [INFO]   找到檔案：排班統計表20260704-台北 (application/vnd.google-apps.spreadsheet)
2026-07-06 23:03:50 [INFO]   找到檔案：排班統計表20260804-台中.xlsx_temp_1783115594 (application/vnd.google-apps.spreadsheet)
2026-07-06 23:03:50 [INFO]   找到檔案：排班統計表20260704-台中.xlsx_temp_1783115587 (application/vnd.google-apps.spreadsheet)
2026-07-06 23:03:50 [INFO]   找到檔案：排班統計表20260804-台北.xlsx_temp_1783115582 (application/vnd.google-apps.spreadsheet)
2026-07-06 23:03:50 [INFO]   找到檔案：排班統計表20260704-台北.xlsx_temp_1783115564 (application/vnd.google-apps.spreadsheet)
2026-07-06 23:03:50 [INFO]   找到檔案：排班統計表20260804-台中.xlsx (application/vnd.openxmlformats-officedocument.spreadsheetml.sheet)
2026-07-06 23:03:50 [INFO]   找到檔案：排班統計表20260704-台中.xlsx (application/vnd.openxmlformats-officedocument.spreadsheetml.sheet)
2026-07-06 23:03:50 [INFO]   找到檔案：排班統計表20260804-台北.xlsx (application/vnd.openxmlformats-officedocument.spreadsheetml.sheet)
2026-07-06 23:03:50 [INFO]   找到檔案：排班統計表20260704-台北.xlsx (application/vnd.openxmlformats-officedocument.spreadsheetml.sheet)
2026-07-06 23:03:50 [INFO]   找到檔案：排班統計表20260803-台中 (application/vnd.google-apps.spreadsheet)
2026-07-06 23:03:50 [INFO]   找到檔案：排班統計表20260703-台中 (application/vnd.google-apps.spreadsheet)
2026-07-06 23:03:50 [INFO]   找到檔案：排班統計表20260803-台北 (application/vnd.google-apps.spreadsheet)
2026-07-06 23:03:50 [INFO]   找到檔案：排班統計表20260703-台北 (application/vnd.google-apps.spreadsheet)
2026-07-06 23:03:50 [INFO]   找到檔案：排班統計表20260803-台中.xlsx_temp_1783029371 (application/vnd.google-apps.spreadsheet)
2026-07-06 23:03:50 [INFO]   找到檔案：排班統計表20260703-台中.xlsx_temp_1783029362 (application/vnd.google-apps.spreadsheet)
2026-07-06 23:03:50 [INFO]   找到檔案：排班統計表20260803-台北.xlsx_temp_1783029355 (application/vnd.google-apps.spreadsheet)
2026-07-06 23:03:50 [INFO]   找到檔案：排班統計表20260703-台北.xlsx_temp_1783029337 (application/vnd.google-apps.spreadsheet)
2026-07-06 23:03:50 [INFO]   找到檔案：排班統計表20260803-台中.xlsx (application/vnd.openxmlformats-officedocument.spreadsheetml.sheet)
2026-07-06 23:03:50 [INFO]   找到檔案：排班統計表20260703-台中.xlsx (application/vnd.openxmlformats-officedocument.spreadsheetml.sheet)
2026-07-06 23:03:50 [INFO]   找到檔案：排班統計表20260803-台北.xlsx (application/vnd.openxmlformats-officedocument.spreadsheetml.sheet)
2026-07-06 23:03:50 [INFO]   找到檔案：排班統計表20260703-台北.xlsx (application/vnd.openxmlformats-officedocument.spreadsheetml.sheet)
2026-07-06 23:03:50 [INFO]   找到檔案：排班統計表20260802-台中.xlsx (application/vnd.openxmlformats-officedocument.spreadsheetml.sheet)
2026-07-06 23:03:50 [INFO]   找到檔案：排班統計表20260702-台中.xlsx (application/vnd.openxmlformats-officedocument.spreadsheetml.sheet)
2026-07-06 23:03:50 [INFO]   找到檔案：排班統計表20260802-台北.xlsx (application/vnd.openxmlformats-officedocument.spreadsheetml.sheet)
2026-07-06 23:03:50 [INFO]   找到檔案：排班統計表20260702-台北.xlsx (application/vnd.openxmlformats-officedocument.spreadsheetml.sheet)
2026-07-06 23:03:50 [INFO]   找到檔案：排班統計表20260802-台中 (application/vnd.google-apps.spreadsheet)
2026-07-06 23:03:50 [INFO]   找到檔案：排班統計表20260702-台中 (application/vnd.google-apps.spreadsheet)
2026-07-06 23:03:50 [INFO]   找到檔案：排班統計表20260802-台北 (application/vnd.google-apps.spreadsheet)
2026-07-06 23:03:50 [INFO]   找到檔案：排班統計表20260702-台北 (application/vnd.google-apps.spreadsheet)
2026-07-06 23:03:50 [INFO]   找到檔案：排班統計表20260802-台中.xlsx_temp_1782943857 (application/vnd.google-apps.spreadsheet)
2026-07-06 23:03:50 [INFO]   找到檔案：排班統計表20260702-台中.xlsx_temp_1782943849 (application/vnd.google-apps.spreadsheet)
2026-07-06 23:03:50 [INFO]   找到檔案：排班統計表20260802-台北.xlsx_temp_1782943842 (application/vnd.google-apps.spreadsheet)
2026-07-06 23:03:50 [INFO]   找到檔案：排班統計表20260702-台北.xlsx_temp_1782943823 (application/vnd.google-apps.spreadsheet)
2026-07-06 23:03:50 [INFO]   找到檔案：排班統計表20260801-台中.xlsx_temp_1782857199 (application/vnd.google-apps.spreadsheet)
2026-07-06 23:03:50 [INFO]   找到檔案：排班統計表20260701-台中.xlsx_temp_1782857192 (application/vnd.google-apps.spreadsheet)
2026-07-06 23:03:50 [INFO]   找到檔案：排班統計表20260801-台北.xlsx_temp_1782857183 (application/vnd.google-apps.spreadsheet)
2026-07-06 23:03:50 [INFO]   找到檔案：排班統計表20260701-台北.xlsx_temp_1782857164 (application/vnd.google-apps.spreadsheet)
2026-07-06 23:03:50 [INFO]   找到檔案：排班統計表20260801-台中.xlsx (application/vnd.openxmlformats-officedocument.spreadsheetml.sheet)
2026-07-06 23:03:50 [INFO]   找到檔案：排班統計表20260701-台中.xlsx (application/vnd.openxmlformats-officedocument.spreadsheetml.sheet)
2026-07-06 23:03:50 [INFO]   找到檔案：排班統計表20260801-台北.xlsx (application/vnd.openxmlformats-officedocument.spreadsheetml.sheet)
2026-07-06 23:03:50 [INFO]   找到檔案：排班統計表20260701-台北.xlsx (application/vnd.openxmlformats-officedocument.spreadsheetml.sheet)
2026-07-06 23:03:50 [INFO] 排班檔確認 OK：{'taipei_current': '排班統計表20260707-台北.xlsx', 'taipei_next': '排班統計表20260807-台北.xlsx', 'taichung_current': '排班統計表20260707-台中.xlsx', 'taichung_next': '排班統計表20260807-台中.xlsx'}
2026-07-06 23:03:51 [INFO]   匯入：排班統計表20260707-台北.xlsx
2026-07-06 23:03:51 [INFO]   xlsx → Google Sheets：排班統計表20260707-台北
2026-07-06 23:03:51 [INFO] file_cache is only supported with oauth2client<4.0.0
2026-07-06 23:03:57 [INFO]   轉換完成，新 Google Sheets ID：1oNzaWsloVCrRmVsqlyUwQPtHNJFiBjnbIuWFnJBWoKs
2026-07-06 23:03:58 [INFO]   → 寫入 87 列（起始 R3C7）
2026-07-06 23:03:58 [INFO]   匯入：排班統計表20260807-台北.xlsx
2026-07-06 23:03:58 [INFO]   xlsx → Google Sheets：排班統計表20260807-台北
2026-07-06 23:03:59 [INFO] file_cache is only supported with oauth2client<4.0.0
2026-07-06 23:04:03 [INFO]   轉換完成，新 Google Sheets ID：14iHjcGnWq55qf26GD8Y5O7avts7bc7-GoYmWteklHE4
2026-07-06 23:04:04 [INFO]   → 寫入 51 列（起始 R3C22）
2026-07-06 23:04:04 [INFO]   匯入：排班統計表20260707-台中.xlsx
2026-07-06 23:04:04 [INFO]   xlsx → Google Sheets：排班統計表20260707-台中
2026-07-06 23:04:05 [INFO] file_cache is only supported with oauth2client<4.0.0
2026-07-06 23:04:09 [INFO]   轉換完成，新 Google Sheets ID：1L1QCmsfC3iyVXHMdsEgtDAgwLWfb0affn8Z4GE0u0K4
2026-07-06 23:04:10 [INFO]   → 寫入 17 列（起始 R3C82）
2026-07-06 23:04:10 [INFO]   匯入：排班統計表20260807-台中.xlsx
2026-07-06 23:04:10 [INFO]   xlsx → Google Sheets：排班統計表20260807-台中
2026-07-06 23:04:10 [INFO] file_cache is only supported with oauth2client<4.0.0
2026-07-06 23:04:15 [INFO]   轉換完成，新 Google Sheets ID：1oJDVrG1vxEZNKPy8yncIv_y-VN90_o3ucCQhGRoIzh8
2026-07-06 23:04:16 [INFO]   → 寫入 8 列（起始 R3C97）
2026-07-06 23:04:17 [INFO] Step 1 完成（27.6s）
2026-07-06 23:04:18 [INFO] === 全部完成 run_id=c8ea6f43（28.8s）===
