[2026-05-12 20:00:04] 🔥 開始業績報表
[2026-05-12 20:00:04] ⚠️ ACCOUNTS 缺少城市設定，已略過：桃園, 新竹, 高雄
[2026-05-12 20:00:04] ===== 台北 =====
[2026-05-12 20:00:07] ✅ 登入成功：jenny@lemonclean.com.tw
[2026-05-12 20:00:07] 抓取：city=台北 month=本月 status=1 kw= url=https://backend.lemonclean.com.tw/purchase?keyword=&name=&phone=&orderNo=&date_s=&date_e=&clean_date_s=2026-05-01&clean_date_e=2026-05-31&paid_at_s=&paid_at_e=&refundDateS=&refundDateE=&buy=&area_id=&isCharge=&isRefund=&p_board=on&payway=&purchase_status=1&progress_status=&invoiceStatus=&otherFee=&orderBy=
[2026-05-12 20:00:11] ✅ parse_html rows = 22
[2026-05-12 20:00:11] 抓取：city=台北 month=本月 status=0 kw= url=https://backend.lemonclean.com.tw/purchase?keyword=&name=&phone=&orderNo=&date_s=&date_e=&clean_date_s=2026-05-01&clean_date_e=2026-05-31&paid_at_s=&paid_at_e=&refundDateS=&refundDateE=&buy=&area_id=&isCharge=&isRefund=&p_board=on&payway=&purchase_status=0&progress_status=&invoiceStatus=&otherFee=&orderBy=
[2026-05-12 20:00:11] ✅ parse_html rows = 22
[2026-05-12 20:00:11] 抓取：city=台北 month=下月 status=1 kw= url=https://backend.lemonclean.com.tw/purchase?keyword=&name=&phone=&orderNo=&date_s=&date_e=&clean_date_s=2026-06-01&clean_date_e=2026-06-30&paid_at_s=&paid_at_e=&refundDateS=&refundDateE=&buy=&area_id=&isCharge=&isRefund=&p_board=on&payway=&purchase_status=1&progress_status=&invoiceStatus=&otherFee=&orderBy=
[2026-05-12 20:00:15] ✅ parse_html rows = 22
[2026-05-12 20:00:15] 抓取：city=台北 month=下月 status=0 kw= url=https://backend.lemonclean.com.tw/purchase?keyword=&name=&phone=&orderNo=&date_s=&date_e=&clean_date_s=2026-06-01&clean_date_e=2026-06-30&paid_at_s=&paid_at_e=&refundDateS=&refundDateE=&buy=&area_id=&isCharge=&isRefund=&p_board=on&payway=&purchase_status=0&progress_status=&invoiceStatus=&otherFee=&orderBy=
[2026-05-12 20:00:15] ✅ parse_html rows = 22
[2026-05-12 20:00:15] ===== 台中 =====
[2026-05-12 20:00:16] ✅ 登入成功：jenny.tc@lemonclean.com.tw
[2026-05-12 20:00:16] 抓取：city=台中 month=本月 status=1 kw= url=https://backend.lemonclean.com.tw/purchase?keyword=&name=&phone=&orderNo=&date_s=&date_e=&clean_date_s=2026-05-01&clean_date_e=2026-05-31&paid_at_s=&paid_at_e=&refundDateS=&refundDateE=&buy=&area_id=&isCharge=&isRefund=&p_board=on&payway=&purchase_status=1&progress_status=&invoiceStatus=&otherFee=&orderBy=
[2026-05-12 20:00:17] ✅ parse_html rows = 22
[2026-05-12 20:00:17] 抓取：city=台中 month=本月 status=0 kw= url=https://backend.lemonclean.com.tw/purchase?keyword=&name=&phone=&orderNo=&date_s=&date_e=&clean_date_s=2026-05-01&clean_date_e=2026-05-31&paid_at_s=&paid_at_e=&refundDateS=&refundDateE=&buy=&area_id=&isCharge=&isRefund=&p_board=on&payway=&purchase_status=0&progress_status=&invoiceStatus=&otherFee=&orderBy=
[2026-05-12 20:00:18] ✅ parse_html rows = 22
[2026-05-12 20:00:18] 抓取：city=台中 month=下月 status=1 kw= url=https://backend.lemonclean.com.tw/purchase?keyword=&name=&phone=&orderNo=&date_s=&date_e=&clean_date_s=2026-06-01&clean_date_e=2026-06-30&paid_at_s=&paid_at_e=&refundDateS=&refundDateE=&buy=&area_id=&isCharge=&isRefund=&p_board=on&payway=&purchase_status=1&progress_status=&invoiceStatus=&otherFee=&orderBy=
[2026-05-12 20:00:19] ✅ parse_html rows = 22
[2026-05-12 20:00:19] 抓取：city=台中 month=下月 status=0 kw= url=https://backend.lemonclean.com.tw/purchase?keyword=&name=&phone=&orderNo=&date_s=&date_e=&clean_date_s=2026-06-01&clean_date_e=2026-06-30&paid_at_s=&paid_at_e=&refundDateS=&refundDateE=&buy=&area_id=&isCharge=&isRefund=&p_board=on&payway=&purchase_status=0&progress_status=&invoiceStatus=&otherFee=&orderBy=
[2026-05-12 20:00:19] ✅ parse_html rows = 22
[2026-05-12 20:00:19] ✅ 本月統計報表完成，筆數 = 1
[2026-05-12 20:00:19] ✅ 次月統計報表完成，筆數 = 1
[2026-05-12 20:00:19] raw_df columns = ['城市', '月份', '日期', '收入類型', '資料來源', '服務', '子項目', '已付款', '待付款']
[2026-05-12 20:00:19] raw_df 前5筆 = [{'城市': '台北', '月份': '本月', '日期': None, '收入類型': '現金收入', '資料來源': '主表', '服務': '居家清潔', '子項目': '', '已付款': 1249200, '待付款': 17400}, {'城市': '台北', '月份': '本月', '日期': None, '收入類型': '現金收入', '資料來源': '主表', '服務': '辦公室清潔', '子項目': '', '已付款': 87150, '待付款': 0}, {'城市': '台北', '月份': '本月', '日期': None, '收入類型': '現金收入', '資料來源': '主表', '服務': '裝修細清', '子項目': '', '已付款': 76600, '待付款': 0}, {'城市': '台北', '月份': '本月', '日期': None, '收入類型': '現金收入', '資料來源': '主表', '服務': '搬入清潔', '子項目': '', '已付款': 73400, '待付款': 0}, {'城市': '台北', '月份': '本月', '日期': None, '收入類型': '現金收入', '資料來源': '主表', '服務': '搬出清潔', '子項目': '', '已付款': 141600, '待付款': 8600}]
[2026-05-12 20:00:19] df1 rows = 36
[2026-05-12 20:00:19] df2 rows = 60
[2026-05-12 20:00:19] df3 rows = 85
[2026-05-12 20:00:19] df4 rows = 6
[2026-05-12 20:00:19] daily_df rows = 1
[2026-05-12 20:00:19] next_month_daily_df rows = 1
[2026-05-12 20:00:19] month_end_df rows = 0
[2026-05-12 20:00:19] ===== 寫入 dashboard 檔案 =====
[2026-05-12 20:00:19] LATEST_DIR = ./dashboard_data/latest
[2026-05-12 20:00:19] latest_df4 = ./dashboard_data/latest/df4.csv
[2026-05-12 20:00:19] latest_daily = ./dashboard_data/latest/daily_df.csv
[2026-05-12 20:00:19] latest_next_daily = ./dashboard_data/latest/next_month_daily_df.csv
[2026-05-12 20:00:19] latest_month_end = ./dashboard_data/latest/month_end_summary.csv
[2026-05-12 20:00:19] latest_html = ./dashboard_data/latest/email_preview.html
[2026-05-12 20:00:19] latest_meta = ./dashboard_data/latest/meta.json
[2026-05-12 20:00:19] df4 rows = 6
[2026-05-12 20:00:19] daily_df rows = 1
[2026-05-12 20:00:19] next_month_daily_df rows = 1
[2026-05-12 20:00:19] month_end_df rows = 0
[2026-05-12 20:00:19] ⚠️ 未設定 email.sender / email.app_password / email.recipient，略過寄信
