[config] spreadsheet_id='1nNAXy6rvBnGR8ACnqKKzKNA4-UwZtZp47i806EPmR_8'
2026-06-20 23:04:08 [INFO] 目標試算表 ID 來源：主控試算表系統設定
2026-06-20 23:04:08 [INFO] === 客服排程系統 run_id=686f3eae step=1 台北時間=2026-06-21 07:04:06 ===
2026-06-20 23:04:08 [INFO] file_cache is only supported with oauth2client<4.0.0
2026-06-20 23:04:16 [INFO] --- Step1_更新排班統計表 ---
2026-06-20 23:04:17 [INFO] file_cache is only supported with oauth2client<4.0.0
2026-06-20 23:04:18 [INFO] Drive 資料夾找到 100 個檔案
2026-06-20 23:04:18 [INFO]   找到檔案：排班統計表20260721-台中.xlsx_temp_1781992709 (application/vnd.google-apps.spreadsheet)
2026-06-20 23:04:18 [INFO]   找到檔案：排班統計表20260621-台中.xlsx_temp_1781992698 (application/vnd.google-apps.spreadsheet)
2026-06-20 23:04:18 [INFO]   找到檔案：排班統計表20260721-台北.xlsx_temp_1781992690 (application/vnd.google-apps.spreadsheet)
2026-06-20 23:04:18 [INFO]   找到檔案：排班統計表20260621-台北.xlsx_temp_1781992681 (application/vnd.google-apps.spreadsheet)
2026-06-20 23:04:18 [INFO]   找到檔案：排班統計表20260721-台中.xlsx (application/vnd.openxmlformats-officedocument.spreadsheetml.sheet)
2026-06-20 23:04:18 [INFO]   找到檔案：排班統計表20260621-台中.xlsx (application/vnd.openxmlformats-officedocument.spreadsheetml.sheet)
2026-06-20 23:04:18 [INFO]   找到檔案：排班統計表20260721-台北.xlsx (application/vnd.openxmlformats-officedocument.spreadsheetml.sheet)
2026-06-20 23:04:18 [INFO]   找到檔案：排班統計表20260621-台北.xlsx (application/vnd.openxmlformats-officedocument.spreadsheetml.sheet)
2026-06-20 23:04:18 [INFO]   找到檔案：排班統計表20260720-台中 (application/vnd.google-apps.spreadsheet)
2026-06-20 23:04:18 [INFO]   找到檔案：排班統計表20260620-台中 (application/vnd.google-apps.spreadsheet)
2026-06-20 23:04:18 [INFO]   找到檔案：排班統計表20260720-台北 (application/vnd.google-apps.spreadsheet)
2026-06-20 23:04:18 [INFO]   找到檔案：排班統計表20260620-台北 (application/vnd.google-apps.spreadsheet)
2026-06-20 23:04:18 [INFO]   找到檔案：排班統計表20260720-台中.xlsx_temp_1781906235 (application/vnd.google-apps.spreadsheet)
2026-06-20 23:04:18 [INFO]   找到檔案：排班統計表20260620-台中.xlsx_temp_1781906226 (application/vnd.google-apps.spreadsheet)
2026-06-20 23:04:18 [INFO]   找到檔案：排班統計表20260720-台北.xlsx_temp_1781906217 (application/vnd.google-apps.spreadsheet)
2026-06-20 23:04:18 [INFO]   找到檔案：排班統計表20260620-台北.xlsx_temp_1781906205 (application/vnd.google-apps.spreadsheet)
2026-06-20 23:04:18 [INFO]   找到檔案：排班統計表20260720-台中.xlsx (application/vnd.openxmlformats-officedocument.spreadsheetml.sheet)
2026-06-20 23:04:18 [INFO]   找到檔案：排班統計表20260620-台中.xlsx (application/vnd.openxmlformats-officedocument.spreadsheetml.sheet)
2026-06-20 23:04:18 [INFO]   找到檔案：排班統計表20260720-台北.xlsx (application/vnd.openxmlformats-officedocument.spreadsheetml.sheet)
2026-06-20 23:04:18 [INFO]   找到檔案：排班統計表20260620-台北.xlsx (application/vnd.openxmlformats-officedocument.spreadsheetml.sheet)
2026-06-20 23:04:18 [INFO]   找到檔案：排班統計表20260719-台中 (application/vnd.google-apps.spreadsheet)
2026-06-20 23:04:18 [INFO]   找到檔案：排班統計表20260619-台中 (application/vnd.google-apps.spreadsheet)
2026-06-20 23:04:18 [INFO]   找到檔案：排班統計表20260719-台北 (application/vnd.google-apps.spreadsheet)
2026-06-20 23:04:18 [INFO]   找到檔案：排班統計表20260619-台北 (application/vnd.google-apps.spreadsheet)
2026-06-20 23:04:18 [INFO]   找到檔案：排班統計表20260719-台中.xlsx_temp_1781822966 (application/vnd.google-apps.spreadsheet)
2026-06-20 23:04:18 [INFO]   找到檔案：排班統計表20260619-台中.xlsx_temp_1781822959 (application/vnd.google-apps.spreadsheet)
2026-06-20 23:04:18 [INFO]   找到檔案：排班統計表20260719-台北.xlsx_temp_1781822951 (application/vnd.google-apps.spreadsheet)
2026-06-20 23:04:18 [INFO]   找到檔案：排班統計表20260619-台北.xlsx_temp_1781822931 (application/vnd.google-apps.spreadsheet)
2026-06-20 23:04:18 [INFO]   找到檔案：排班統計表20260719-台中.xlsx (application/vnd.openxmlformats-officedocument.spreadsheetml.sheet)
2026-06-20 23:04:18 [INFO]   找到檔案：排班統計表20260619-台中.xlsx (application/vnd.openxmlformats-officedocument.spreadsheetml.sheet)
2026-06-20 23:04:18 [INFO]   找到檔案：排班統計表20260719-台北.xlsx (application/vnd.openxmlformats-officedocument.spreadsheetml.sheet)
2026-06-20 23:04:18 [INFO]   找到檔案：排班統計表20260619-台北.xlsx (application/vnd.openxmlformats-officedocument.spreadsheetml.sheet)
2026-06-20 23:04:18 [INFO]   找到檔案：排班統計表20260718-台中 (application/vnd.google-apps.spreadsheet)
2026-06-20 23:04:18 [INFO]   找到檔案：排班統計表20260618-台中 (application/vnd.google-apps.spreadsheet)
2026-06-20 23:04:18 [INFO]   找到檔案：排班統計表20260718-台北 (application/vnd.google-apps.spreadsheet)
2026-06-20 23:04:18 [INFO]   找到檔案：排班統計表20260618-台北 (application/vnd.google-apps.spreadsheet)
2026-06-20 23:04:18 [INFO]   找到檔案：排班統計表20260718-台中.xlsx_temp_1781735335 (application/vnd.google-apps.spreadsheet)
2026-06-20 23:04:18 [INFO]   找到檔案：排班統計表20260618-台中.xlsx_temp_1781735316 (application/vnd.google-apps.spreadsheet)
2026-06-20 23:04:18 [INFO]   找到檔案：排班統計表20260718-台北.xlsx_temp_1781735308 (application/vnd.google-apps.spreadsheet)
2026-06-20 23:04:18 [INFO]   找到檔案：排班統計表20260618-台北.xlsx_temp_1781735297 (application/vnd.google-apps.spreadsheet)
2026-06-20 23:04:18 [INFO]   找到檔案：排班統計表20260718-台中.xlsx (application/vnd.openxmlformats-officedocument.spreadsheetml.sheet)
2026-06-20 23:04:18 [INFO]   找到檔案：排班統計表20260618-台中.xlsx (application/vnd.openxmlformats-officedocument.spreadsheetml.sheet)
2026-06-20 23:04:18 [INFO]   找到檔案：排班統計表20260718-台北.xlsx (application/vnd.openxmlformats-officedocument.spreadsheetml.sheet)
2026-06-20 23:04:18 [INFO]   找到檔案：排班統計表20260618-台北.xlsx (application/vnd.openxmlformats-officedocument.spreadsheetml.sheet)
2026-06-20 23:04:18 [INFO]   找到檔案：排班統計表20260717-台中 (application/vnd.google-apps.spreadsheet)
2026-06-20 23:04:18 [INFO]   找到檔案：排班統計表20260617-台中 (application/vnd.google-apps.spreadsheet)
2026-06-20 23:04:18 [INFO]   找到檔案：排班統計表20260717-台北 (application/vnd.google-apps.spreadsheet)
2026-06-20 23:04:18 [INFO]   找到檔案：排班統計表20260617-台北 (application/vnd.google-apps.spreadsheet)
2026-06-20 23:04:18 [INFO]   找到檔案：排班統計表20260717-台中.xlsx_temp_1781650002 (application/vnd.google-apps.spreadsheet)
2026-06-20 23:04:18 [INFO]   找到檔案：排班統計表20260617-台中.xlsx_temp_1781649995 (application/vnd.google-apps.spreadsheet)
2026-06-20 23:04:18 [INFO]   找到檔案：排班統計表20260717-台北.xlsx_temp_1781649987 (application/vnd.google-apps.spreadsheet)
2026-06-20 23:04:18 [INFO]   找到檔案：排班統計表20260617-台北.xlsx_temp_1781649969 (application/vnd.google-apps.spreadsheet)
2026-06-20 23:04:18 [INFO]   找到檔案：排班統計表20260717-台中.xlsx (application/vnd.openxmlformats-officedocument.spreadsheetml.sheet)
2026-06-20 23:04:18 [INFO]   找到檔案：排班統計表20260617-台中.xlsx (application/vnd.openxmlformats-officedocument.spreadsheetml.sheet)
2026-06-20 23:04:18 [INFO]   找到檔案：排班統計表20260717-台北.xlsx (application/vnd.openxmlformats-officedocument.spreadsheetml.sheet)
2026-06-20 23:04:18 [INFO]   找到檔案：排班統計表20260617-台北.xlsx (application/vnd.openxmlformats-officedocument.spreadsheetml.sheet)
2026-06-20 23:04:18 [INFO]   找到檔案：排班統計表20260716-台中 (application/vnd.google-apps.spreadsheet)
2026-06-20 23:04:18 [INFO]   找到檔案：排班統計表20260616-台中 (application/vnd.google-apps.spreadsheet)
2026-06-20 23:04:18 [INFO]   找到檔案：排班統計表20260716-台北 (application/vnd.google-apps.spreadsheet)
2026-06-20 23:04:18 [INFO]   找到檔案：排班統計表20260616-台北 (application/vnd.google-apps.spreadsheet)
2026-06-20 23:04:18 [INFO]   找到檔案：排班統計表20260716-台中.xlsx_temp_1781564032 (application/vnd.google-apps.spreadsheet)
2026-06-20 23:04:18 [INFO]   找到檔案：排班統計表20260616-台中.xlsx_temp_1781564023 (application/vnd.google-apps.spreadsheet)
2026-06-20 23:04:18 [INFO]   找到檔案：排班統計表20260716-台北.xlsx_temp_1781564016 (application/vnd.google-apps.spreadsheet)
2026-06-20 23:04:18 [INFO]   找到檔案：排班統計表20260616-台北.xlsx_temp_1781563997 (application/vnd.google-apps.spreadsheet)
2026-06-20 23:04:18 [INFO]   找到檔案：排班統計表20260716-台中.xlsx (application/vnd.openxmlformats-officedocument.spreadsheetml.sheet)
2026-06-20 23:04:18 [INFO]   找到檔案：排班統計表20260616-台中.xlsx (application/vnd.openxmlformats-officedocument.spreadsheetml.sheet)
2026-06-20 23:04:18 [INFO]   找到檔案：排班統計表20260716-台北.xlsx (application/vnd.openxmlformats-officedocument.spreadsheetml.sheet)
2026-06-20 23:04:18 [INFO]   找到檔案：排班統計表20260616-台北.xlsx (application/vnd.openxmlformats-officedocument.spreadsheetml.sheet)
2026-06-20 23:04:18 [INFO]   找到檔案：排班統計表20260715-台中 (application/vnd.google-apps.spreadsheet)
2026-06-20 23:04:18 [INFO]   找到檔案：排班統計表20260615-台中 (application/vnd.google-apps.spreadsheet)
2026-06-20 23:04:18 [INFO]   找到檔案：排班統計表20260715-台北 (application/vnd.google-apps.spreadsheet)
2026-06-20 23:04:18 [INFO]   找到檔案：排班統計表20260615-台北 (application/vnd.google-apps.spreadsheet)
2026-06-20 23:04:18 [INFO]   找到檔案：排班統計表20260715-台中.xlsx_temp_1781474519 (application/vnd.google-apps.spreadsheet)
2026-06-20 23:04:18 [INFO]   找到檔案：排班統計表20260615-台中.xlsx_temp_1781474511 (application/vnd.google-apps.spreadsheet)
2026-06-20 23:04:18 [INFO]   找到檔案：排班統計表20260715-台北.xlsx_temp_1781474504 (application/vnd.google-apps.spreadsheet)
2026-06-20 23:04:18 [INFO]   找到檔案：排班統計表20260615-台北.xlsx_temp_1781474487 (application/vnd.google-apps.spreadsheet)
2026-06-20 23:04:18 [INFO]   找到檔案：排班統計表20260715-台中.xlsx (application/vnd.openxmlformats-officedocument.spreadsheetml.sheet)
2026-06-20 23:04:18 [INFO]   找到檔案：排班統計表20260615-台中.xlsx (application/vnd.openxmlformats-officedocument.spreadsheetml.sheet)
2026-06-20 23:04:18 [INFO]   找到檔案：排班統計表20260715-台北.xlsx (application/vnd.openxmlformats-officedocument.spreadsheetml.sheet)
2026-06-20 23:04:18 [INFO]   找到檔案：排班統計表20260615-台北.xlsx (application/vnd.openxmlformats-officedocument.spreadsheetml.sheet)
2026-06-20 23:04:18 [INFO]   找到檔案：排班統計表20260714-台中 (application/vnd.google-apps.spreadsheet)
2026-06-20 23:04:18 [INFO]   找到檔案：排班統計表20260614-台中 (application/vnd.google-apps.spreadsheet)
2026-06-20 23:04:18 [INFO]   找到檔案：排班統計表20260714-台北 (application/vnd.google-apps.spreadsheet)
2026-06-20 23:04:18 [INFO]   找到檔案：排班統計表20260614-台北 (application/vnd.google-apps.spreadsheet)
2026-06-20 23:04:18 [INFO]   找到檔案：排班統計表20260714-台中.xlsx_temp_1781387766 (application/vnd.google-apps.spreadsheet)
2026-06-20 23:04:18 [INFO]   找到檔案：排班統計表20260614-台中.xlsx_temp_1781387759 (application/vnd.google-apps.spreadsheet)
2026-06-20 23:04:18 [INFO]   找到檔案：排班統計表20260714-台北.xlsx_temp_1781387752 (application/vnd.google-apps.spreadsheet)
2026-06-20 23:04:18 [INFO]   找到檔案：排班統計表20260614-台北.xlsx_temp_1781387734 (application/vnd.google-apps.spreadsheet)
2026-06-20 23:04:18 [INFO]   找到檔案：排班統計表20260714-台中.xlsx (application/vnd.openxmlformats-officedocument.spreadsheetml.sheet)
2026-06-20 23:04:18 [INFO]   找到檔案：排班統計表20260614-台中.xlsx (application/vnd.openxmlformats-officedocument.spreadsheetml.sheet)
2026-06-20 23:04:18 [INFO]   找到檔案：排班統計表20260714-台北.xlsx (application/vnd.openxmlformats-officedocument.spreadsheetml.sheet)
2026-06-20 23:04:18 [INFO]   找到檔案：排班統計表20260614-台北.xlsx (application/vnd.openxmlformats-officedocument.spreadsheetml.sheet)
2026-06-20 23:04:18 [INFO]   找到檔案：排班統計表20260713-台中 (application/vnd.google-apps.spreadsheet)
2026-06-20 23:04:18 [INFO]   找到檔案：排班統計表20260613-台中 (application/vnd.google-apps.spreadsheet)
2026-06-20 23:04:18 [INFO]   找到檔案：排班統計表20260713-台北 (application/vnd.google-apps.spreadsheet)
2026-06-20 23:04:18 [INFO]   找到檔案：排班統計表20260613-台北 (application/vnd.google-apps.spreadsheet)
2026-06-20 23:04:18 [INFO]   找到檔案：排班統計表20260713-台中.xlsx_temp_1781302667 (application/vnd.google-apps.spreadsheet)
2026-06-20 23:04:18 [INFO]   找到檔案：排班統計表20260613-台中.xlsx_temp_1781302658 (application/vnd.google-apps.spreadsheet)
2026-06-20 23:04:18 [INFO]   找到檔案：排班統計表20260713-台北.xlsx_temp_1781302651 (application/vnd.google-apps.spreadsheet)
2026-06-20 23:04:18 [INFO]   找到檔案：排班統計表20260613-台北.xlsx_temp_1781302633 (application/vnd.google-apps.spreadsheet)
2026-06-20 23:04:18 [INFO] 排班檔確認 OK：{'taipei_current': '排班統計表20260621-台北.xlsx', 'taipei_next': '排班統計表20260721-台北.xlsx', 'taichung_current': '排班統計表20260621-台中.xlsx', 'taichung_next': '排班統計表20260721-台中.xlsx'}
2026-06-20 23:04:18 [INFO]   匯入：排班統計表20260621-台北.xlsx
2026-06-20 23:04:18 [INFO]   xlsx → Google Sheets：排班統計表20260621-台北
2026-06-20 23:04:19 [INFO] file_cache is only supported with oauth2client<4.0.0
2026-06-20 23:04:23 [INFO]   轉換完成，新 Google Sheets ID：197ME1yRU2TW15cFA2zHeFzf8IDnN2gPk4tWxRIeVYHY
2026-06-20 23:04:24 [INFO]   → 寫入 84 列（起始 R3C7）
2026-06-20 23:04:24 [INFO]   匯入：排班統計表20260721-台北.xlsx
2026-06-20 23:04:24 [INFO]   xlsx → Google Sheets：排班統計表20260721-台北
2026-06-20 23:04:24 [INFO] file_cache is only supported with oauth2client<4.0.0
2026-06-20 23:04:28 [INFO]   轉換完成，新 Google Sheets ID：1c5x6ud86eJpJVkFSRsT6ySJpkg1EEWo7hLxA8a7DQQk
2026-06-20 23:04:30 [INFO]   → 寫入 68 列（起始 R3C22）
2026-06-20 23:04:30 [INFO]   匯入：排班統計表20260621-台中.xlsx
2026-06-20 23:04:30 [INFO]   xlsx → Google Sheets：排班統計表20260621-台中
2026-06-20 23:04:30 [INFO] file_cache is only supported with oauth2client<4.0.0
2026-06-20 23:04:34 [INFO]   轉換完成，新 Google Sheets ID：1Xo317vki17-fWqbcAqvDgOBcqFv83ADROKfZvxZzbbA
2026-06-20 23:04:35 [INFO]   → 寫入 19 列（起始 R3C82）
2026-06-20 23:04:35 [INFO]   匯入：排班統計表20260721-台中.xlsx
2026-06-20 23:04:35 [INFO]   xlsx → Google Sheets：排班統計表20260721-台中
2026-06-20 23:04:36 [INFO] file_cache is only supported with oauth2client<4.0.0
2026-06-20 23:04:40 [INFO]   轉換完成，新 Google Sheets ID：1C0F-WnoD1ctMzQ_PXYgP0VWkRmY4hO4CqKPOyNUFOTs
2026-06-20 23:04:41 [INFO]   → 寫入 10 列（起始 R3C97）
2026-06-20 23:04:42 [INFO] Step 1 完成（25.0s）
2026-06-20 23:04:43 [INFO] === 全部完成 run_id=686f3eae（25.9s）===
