[config] spreadsheet_id='1nNAXy6rvBnGR8ACnqKKzKNA4-UwZtZp47i806EPmR_8'
2026-06-28 22:59:15 [INFO] 目標試算表 ID 來源：主控試算表系統設定
2026-06-28 22:59:15 [INFO] === 客服排程系統 run_id=2f13c07f step=1 台北時間=2026-06-29 06:59:13 ===
2026-06-28 22:59:15 [INFO] file_cache is only supported with oauth2client<4.0.0
2026-06-28 22:59:22 [INFO] --- Step1_更新排班統計表 ---
2026-06-28 22:59:23 [INFO] file_cache is only supported with oauth2client<4.0.0
2026-06-28 22:59:24 [INFO] Drive 資料夾找到 100 個檔案
2026-06-28 22:59:24 [INFO]   找到檔案：排班統計表20260729-台中.xlsx (application/vnd.openxmlformats-officedocument.spreadsheetml.sheet)
2026-06-28 22:59:24 [INFO]   找到檔案：排班統計表20260629-台中.xlsx (application/vnd.openxmlformats-officedocument.spreadsheetml.sheet)
2026-06-28 22:59:24 [INFO]   找到檔案：排班統計表20260729-台北.xlsx (application/vnd.openxmlformats-officedocument.spreadsheetml.sheet)
2026-06-28 22:59:24 [INFO]   找到檔案：排班統計表20260629-台北.xlsx (application/vnd.openxmlformats-officedocument.spreadsheetml.sheet)
2026-06-28 22:59:24 [INFO]   找到檔案：排班統計表20260728-台中 (application/vnd.google-apps.spreadsheet)
2026-06-28 22:59:24 [INFO]   找到檔案：排班統計表20260628-台中 (application/vnd.google-apps.spreadsheet)
2026-06-28 22:59:24 [INFO]   找到檔案：排班統計表20260728-台北 (application/vnd.google-apps.spreadsheet)
2026-06-28 22:59:24 [INFO]   找到檔案：排班統計表20260628-台北 (application/vnd.google-apps.spreadsheet)
2026-06-28 22:59:24 [INFO]   找到檔案：排班統計表20260728-台中.xlsx_temp_1782597060 (application/vnd.google-apps.spreadsheet)
2026-06-28 22:59:24 [INFO]   找到檔案：排班統計表20260628-台中.xlsx_temp_1782597052 (application/vnd.google-apps.spreadsheet)
2026-06-28 22:59:24 [INFO]   找到檔案：排班統計表20260728-台北.xlsx_temp_1782597045 (application/vnd.google-apps.spreadsheet)
2026-06-28 22:59:24 [INFO]   找到檔案：排班統計表20260628-台北.xlsx_temp_1782597026 (application/vnd.google-apps.spreadsheet)
2026-06-28 22:59:24 [INFO]   找到檔案：排班統計表20260728-台中.xlsx (application/vnd.openxmlformats-officedocument.spreadsheetml.sheet)
2026-06-28 22:59:24 [INFO]   找到檔案：排班統計表20260628-台中.xlsx (application/vnd.openxmlformats-officedocument.spreadsheetml.sheet)
2026-06-28 22:59:24 [INFO]   找到檔案：排班統計表20260728-台北.xlsx (application/vnd.openxmlformats-officedocument.spreadsheetml.sheet)
2026-06-28 22:59:24 [INFO]   找到檔案：排班統計表20260628-台北.xlsx (application/vnd.openxmlformats-officedocument.spreadsheetml.sheet)
2026-06-28 22:59:24 [INFO]   找到檔案：排班統計表20260727-台中 (application/vnd.google-apps.spreadsheet)
2026-06-28 22:59:24 [INFO]   找到檔案：排班統計表20260627-台中 (application/vnd.google-apps.spreadsheet)
2026-06-28 22:59:24 [INFO]   找到檔案：排班統計表20260727-台北 (application/vnd.google-apps.spreadsheet)
2026-06-28 22:59:24 [INFO]   找到檔案：排班統計表20260627-台北 (application/vnd.google-apps.spreadsheet)
2026-06-28 22:59:24 [INFO]   找到檔案：排班統計表20260727-台中.xlsx_temp_1782511167 (application/vnd.google-apps.spreadsheet)
2026-06-28 22:59:24 [INFO]   找到檔案：排班統計表20260627-台中.xlsx_temp_1782511158 (application/vnd.google-apps.spreadsheet)
2026-06-28 22:59:24 [INFO]   找到檔案：排班統計表20260727-台北.xlsx_temp_1782511149 (application/vnd.google-apps.spreadsheet)
2026-06-28 22:59:24 [INFO]   找到檔案：排班統計表20260627-台北.xlsx_temp_1782511140 (application/vnd.google-apps.spreadsheet)
2026-06-28 22:59:24 [INFO]   找到檔案：排班統計表20260727-台中.xlsx (application/vnd.openxmlformats-officedocument.spreadsheetml.sheet)
2026-06-28 22:59:24 [INFO]   找到檔案：排班統計表20260627-台中.xlsx (application/vnd.openxmlformats-officedocument.spreadsheetml.sheet)
2026-06-28 22:59:24 [INFO]   找到檔案：排班統計表20260727-台北.xlsx (application/vnd.openxmlformats-officedocument.spreadsheetml.sheet)
2026-06-28 22:59:24 [INFO]   找到檔案：排班統計表20260627-台北.xlsx (application/vnd.openxmlformats-officedocument.spreadsheetml.sheet)
2026-06-28 22:59:24 [INFO]   找到檔案：排班統計表20260726-台中 (application/vnd.google-apps.spreadsheet)
2026-06-28 22:59:24 [INFO]   找到檔案：排班統計表20260626-台中 (application/vnd.google-apps.spreadsheet)
2026-06-28 22:59:24 [INFO]   找到檔案：排班統計表20260726-台北 (application/vnd.google-apps.spreadsheet)
2026-06-28 22:59:24 [INFO]   找到檔案：排班統計表20260626-台北 (application/vnd.google-apps.spreadsheet)
2026-06-28 22:59:24 [INFO]   找到檔案：排班統計表20260726-台中.xlsx_temp_1782425638 (application/vnd.google-apps.spreadsheet)
2026-06-28 22:59:24 [INFO]   找到檔案：排班統計表20260626-台中.xlsx_temp_1782425630 (application/vnd.google-apps.spreadsheet)
2026-06-28 22:59:24 [INFO]   找到檔案：排班統計表20260726-台北.xlsx_temp_1782425623 (application/vnd.google-apps.spreadsheet)
2026-06-28 22:59:24 [INFO]   找到檔案：排班統計表20260626-台北.xlsx_temp_1782425615 (application/vnd.google-apps.spreadsheet)
2026-06-28 22:59:24 [INFO]   找到檔案：排班統計表20260726-台中.xlsx (application/vnd.openxmlformats-officedocument.spreadsheetml.sheet)
2026-06-28 22:59:24 [INFO]   找到檔案：排班統計表20260626-台中.xlsx (application/vnd.openxmlformats-officedocument.spreadsheetml.sheet)
2026-06-28 22:59:24 [INFO]   找到檔案：排班統計表20260726-台北.xlsx (application/vnd.openxmlformats-officedocument.spreadsheetml.sheet)
2026-06-28 22:59:24 [INFO]   找到檔案：排班統計表20260626-台北.xlsx (application/vnd.openxmlformats-officedocument.spreadsheetml.sheet)
2026-06-28 22:59:24 [INFO]   找到檔案：排班統計表20260725-台中 (application/vnd.google-apps.spreadsheet)
2026-06-28 22:59:24 [INFO]   找到檔案：排班統計表20260625-台中 (application/vnd.google-apps.spreadsheet)
2026-06-28 22:59:24 [INFO]   找到檔案：排班統計表20260725-台北 (application/vnd.google-apps.spreadsheet)
2026-06-28 22:59:24 [INFO]   找到檔案：排班統計表20260625-台北 (application/vnd.google-apps.spreadsheet)
2026-06-28 22:59:24 [INFO]   找到檔案：排班統計表20260725-台中.xlsx_temp_1782338729 (application/vnd.google-apps.spreadsheet)
2026-06-28 22:59:24 [INFO]   找到檔案：排班統計表20260625-台中.xlsx_temp_1782338711 (application/vnd.google-apps.spreadsheet)
2026-06-28 22:59:24 [INFO]   找到檔案：排班統計表20260725-台北.xlsx_temp_1782338704 (application/vnd.google-apps.spreadsheet)
2026-06-28 22:59:24 [INFO]   找到檔案：排班統計表20260625-台北.xlsx_temp_1782338687 (application/vnd.google-apps.spreadsheet)
2026-06-28 22:59:24 [INFO]   找到檔案：排班統計表20260725-台中.xlsx (application/vnd.openxmlformats-officedocument.spreadsheetml.sheet)
2026-06-28 22:59:24 [INFO]   找到檔案：排班統計表20260625-台中.xlsx (application/vnd.openxmlformats-officedocument.spreadsheetml.sheet)
2026-06-28 22:59:24 [INFO]   找到檔案：排班統計表20260725-台北.xlsx (application/vnd.openxmlformats-officedocument.spreadsheetml.sheet)
2026-06-28 22:59:24 [INFO]   找到檔案：排班統計表20260625-台北.xlsx (application/vnd.openxmlformats-officedocument.spreadsheetml.sheet)
2026-06-28 22:59:24 [INFO]   找到檔案：排班統計表20260724-台中 (application/vnd.google-apps.spreadsheet)
2026-06-28 22:59:24 [INFO]   找到檔案：排班統計表20260624-台中 (application/vnd.google-apps.spreadsheet)
2026-06-28 22:59:24 [INFO]   找到檔案：排班統計表20260724-台北 (application/vnd.google-apps.spreadsheet)
2026-06-28 22:59:24 [INFO]   找到檔案：排班統計表20260624-台北 (application/vnd.google-apps.spreadsheet)
2026-06-28 22:59:24 [INFO]   找到檔案：排班統計表20260724-台中.xlsx_temp_1782252415 (application/vnd.google-apps.spreadsheet)
2026-06-28 22:59:24 [INFO]   找到檔案：排班統計表20260624-台中.xlsx_temp_1782252407 (application/vnd.google-apps.spreadsheet)
2026-06-28 22:59:24 [INFO]   找到檔案：排班統計表20260724-台北.xlsx_temp_1782252397 (application/vnd.google-apps.spreadsheet)
2026-06-28 22:59:24 [INFO]   找到檔案：排班統計表20260624-台北.xlsx_temp_1782252386 (application/vnd.google-apps.spreadsheet)
2026-06-28 22:59:24 [INFO]   找到檔案：排班統計表20260724-台中.xlsx (application/vnd.openxmlformats-officedocument.spreadsheetml.sheet)
2026-06-28 22:59:24 [INFO]   找到檔案：排班統計表20260624-台中.xlsx (application/vnd.openxmlformats-officedocument.spreadsheetml.sheet)
2026-06-28 22:59:24 [INFO]   找到檔案：排班統計表20260724-台北.xlsx (application/vnd.openxmlformats-officedocument.spreadsheetml.sheet)
2026-06-28 22:59:24 [INFO]   找到檔案：排班統計表20260624-台北.xlsx (application/vnd.openxmlformats-officedocument.spreadsheetml.sheet)
2026-06-28 22:59:24 [INFO]   找到檔案：排班統計表20260723-台中 (application/vnd.google-apps.spreadsheet)
2026-06-28 22:59:24 [INFO]   找到檔案：排班統計表20260623-台中 (application/vnd.google-apps.spreadsheet)
2026-06-28 22:59:24 [INFO]   找到檔案：排班統計表20260723-台北 (application/vnd.google-apps.spreadsheet)
2026-06-28 22:59:24 [INFO]   找到檔案：排班統計表20260623-台北 (application/vnd.google-apps.spreadsheet)
2026-06-28 22:59:24 [INFO]   找到檔案：排班統計表20260723-台中.xlsx_temp_1782167357 (application/vnd.google-apps.spreadsheet)
2026-06-28 22:59:24 [INFO]   找到檔案：排班統計表20260623-台中.xlsx_temp_1782167350 (application/vnd.google-apps.spreadsheet)
2026-06-28 22:59:24 [INFO]   找到檔案：排班統計表20260723-台北.xlsx_temp_1782167342 (application/vnd.google-apps.spreadsheet)
2026-06-28 22:59:24 [INFO]   找到檔案：排班統計表20260623-台北.xlsx_temp_1782167323 (application/vnd.google-apps.spreadsheet)
2026-06-28 22:59:24 [INFO]   找到檔案：排班統計表20260723-台中.xlsx (application/vnd.openxmlformats-officedocument.spreadsheetml.sheet)
2026-06-28 22:59:24 [INFO]   找到檔案：排班統計表20260623-台中.xlsx (application/vnd.openxmlformats-officedocument.spreadsheetml.sheet)
2026-06-28 22:59:24 [INFO]   找到檔案：排班統計表20260723-台北.xlsx (application/vnd.openxmlformats-officedocument.spreadsheetml.sheet)
2026-06-28 22:59:24 [INFO]   找到檔案：排班統計表20260623-台北.xlsx (application/vnd.openxmlformats-officedocument.spreadsheetml.sheet)
2026-06-28 22:59:24 [INFO]   找到檔案：排班統計表20260722-台中 (application/vnd.google-apps.spreadsheet)
2026-06-28 22:59:24 [INFO]   找到檔案：排班統計表20260622-台中 (application/vnd.google-apps.spreadsheet)
2026-06-28 22:59:24 [INFO]   找到檔案：排班統計表20260722-台北 (application/vnd.google-apps.spreadsheet)
2026-06-28 22:59:24 [INFO]   找到檔案：排班統計表20260622-台北 (application/vnd.google-apps.spreadsheet)
2026-06-28 22:59:24 [INFO]   找到檔案：排班統計表20260722-台中.xlsx_temp_1782079603 (application/vnd.google-apps.spreadsheet)
2026-06-28 22:59:24 [INFO]   找到檔案：排班統計表20260622-台中.xlsx_temp_1782079592 (application/vnd.google-apps.spreadsheet)
2026-06-28 22:59:24 [INFO]   找到檔案：排班統計表20260722-台北.xlsx_temp_1782079585 (application/vnd.google-apps.spreadsheet)
2026-06-28 22:59:24 [INFO]   找到檔案：排班統計表20260622-台北.xlsx_temp_1782079576 (application/vnd.google-apps.spreadsheet)
2026-06-28 22:59:24 [INFO]   找到檔案：排班統計表20260722-台中.xlsx (application/vnd.openxmlformats-officedocument.spreadsheetml.sheet)
2026-06-28 22:59:24 [INFO]   找到檔案：排班統計表20260622-台中.xlsx (application/vnd.openxmlformats-officedocument.spreadsheetml.sheet)
2026-06-28 22:59:24 [INFO]   找到檔案：排班統計表20260722-台北.xlsx (application/vnd.openxmlformats-officedocument.spreadsheetml.sheet)
2026-06-28 22:59:24 [INFO]   找到檔案：排班統計表20260622-台北.xlsx (application/vnd.openxmlformats-officedocument.spreadsheetml.sheet)
2026-06-28 22:59:24 [INFO]   找到檔案：排班統計表20260721-台中 (application/vnd.google-apps.spreadsheet)
2026-06-28 22:59:24 [INFO]   找到檔案：排班統計表20260621-台中 (application/vnd.google-apps.spreadsheet)
2026-06-28 22:59:24 [INFO]   找到檔案：排班統計表20260721-台北 (application/vnd.google-apps.spreadsheet)
2026-06-28 22:59:24 [INFO]   找到檔案：排班統計表20260621-台北 (application/vnd.google-apps.spreadsheet)
2026-06-28 22:59:24 [INFO]   找到檔案：排班統計表20260721-台中.xlsx_temp_1781992709 (application/vnd.google-apps.spreadsheet)
2026-06-28 22:59:24 [INFO]   找到檔案：排班統計表20260621-台中.xlsx_temp_1781992698 (application/vnd.google-apps.spreadsheet)
2026-06-28 22:59:24 [INFO]   找到檔案：排班統計表20260721-台北.xlsx_temp_1781992690 (application/vnd.google-apps.spreadsheet)
2026-06-28 22:59:24 [INFO]   找到檔案：排班統計表20260621-台北.xlsx_temp_1781992681 (application/vnd.google-apps.spreadsheet)
2026-06-28 22:59:24 [INFO]   找到檔案：排班統計表20260721-台中.xlsx (application/vnd.openxmlformats-officedocument.spreadsheetml.sheet)
2026-06-28 22:59:24 [INFO]   找到檔案：排班統計表20260621-台中.xlsx (application/vnd.openxmlformats-officedocument.spreadsheetml.sheet)
2026-06-28 22:59:24 [INFO]   找到檔案：排班統計表20260721-台北.xlsx (application/vnd.openxmlformats-officedocument.spreadsheetml.sheet)
2026-06-28 22:59:24 [INFO]   找到檔案：排班統計表20260621-台北.xlsx (application/vnd.openxmlformats-officedocument.spreadsheetml.sheet)
2026-06-28 22:59:24 [INFO] 排班檔確認 OK：{'taipei_current': '排班統計表20260629-台北.xlsx', 'taipei_next': '排班統計表20260729-台北.xlsx', 'taichung_current': '排班統計表20260629-台中.xlsx', 'taichung_next': '排班統計表20260729-台中.xlsx'}
2026-06-28 22:59:24 [INFO]   匯入：排班統計表20260629-台北.xlsx
2026-06-28 22:59:24 [INFO]   xlsx → Google Sheets：排班統計表20260629-台北
2026-06-28 22:59:25 [INFO] file_cache is only supported with oauth2client<4.0.0
2026-06-28 22:59:27 [ERROR] Step 1 失敗：<HttpError 400 when requesting https://www.googleapis.com/drive/v2/files/12-FKMANm74e26d0iPHytr3RCMnwNqNzi/copy?supportsAllDrives=true&alt=json returned "Conversion of the uploaded content to the requested output type is not supported.". Details: "[{'message': 'Conversion of the uploaded content to the requested output type is not supported.', 'domain': 'global', 'reason': 'conversionUnsupportedConversionPath'}]">
2026-06-28 22:59:28 [ERROR] 執行結束（有失敗）：['Step 1: <HttpError 400 when requesting https://www.googleapis.com/drive/v2/files/12-FKMANm74e26d0iPHytr3RCMnwNqNzi/copy?supportsAllDrives=true&alt=json returned "Conversion of the uploaded content to the requested output type is not supported.". Details: "[{\'message\': \'Conversion of the uploaded content to the requested output type is not supported.\', \'domain\': \'global\', \'reason\': \'conversionUnsupportedConversionPath\'}]">']
