[config] spreadsheet_id='1nNAXy6rvBnGR8ACnqKKzKNA4-UwZtZp47i806EPmR_8'
2026-06-28 22:59:40 [INFO] 目標試算表 ID 來源：主控試算表系統設定
2026-06-28 22:59:40 [INFO] === 客服排程系統 run_id=46e6b37e step=3 台北時間=2026-06-29 06:59:40 ===
2026-06-28 22:59:40 [INFO] file_cache is only supported with oauth2client<4.0.0
2026-06-28 22:59:46 [INFO] --- Step3_更新前一天營業分數及營業額 ---
2026-06-28 22:59:58 [INFO]   [mail] text/plain 為空，fallback 到 text/html（3474 字元）
2026-06-28 23:00:03 [INFO]   近三日營業額-台北 → 選中 17:25:04（與17:25差4s）
2026-06-28 23:00:03 [INFO]   [debug] 行62 repr='2026-06-26：62分'
2026-06-28 23:00:03 [INFO]   [debug] 行63 repr='2026-06-27：18分'
2026-06-28 23:00:03 [INFO]   [debug] 行64 repr='2026-06-28：8分'
2026-06-28 23:00:03 [INFO]   [debug] 行65 repr='【家電清潔】日營業額'
2026-06-28 23:00:03 [INFO]   [debug] 行66 repr='2026-06-26：0分'
2026-06-28 23:00:03 [INFO]   [debug] 行67 repr='2026-06-27：0分'
2026-06-28 23:00:03 [INFO]   [debug] 行68 repr='2026-06-28：0分'
2026-06-28 23:00:03 [INFO]   [debug] 行69 repr='【儲值金】日營業額'
2026-06-28 23:00:09 [INFO]   [mail] text/plain 為空，fallback 到 text/html（877 字元）
2026-06-28 23:00:11 [INFO]   近三日營業額-台中 → 選中 17:25:08（與17:25差8s）
2026-06-28 23:00:11 [INFO]   [debug] 行21 repr='2026-06-26：0分'
2026-06-28 23:00:11 [INFO]   [debug] 行22 repr='2026-06-27：0分'
2026-06-28 23:00:11 [INFO]   [debug] 行23 repr='2026-06-28：0分'
2026-06-28 23:00:11 [INFO]   [debug] 行24 repr='【家電清潔】日營業額'
2026-06-28 23:00:11 [INFO]   [debug] 行25 repr='2026-06-26：0分'
2026-06-28 23:00:11 [INFO]   [debug] 行26 repr='2026-06-27：0分'
2026-06-28 23:00:11 [INFO]   [debug] 行27 repr='2026-06-28：0分'
2026-06-28 23:00:11 [INFO]   [debug] 行28 repr='【儲值金】日營業額'
2026-06-28 23:00:11 [INFO]   台北：{'daily_value': 8, 'total_count': 1654, 'total_amount': 3307520}
2026-06-28 23:00:11 [INFO]   台中：{'daily_value': 0, 'total_count': 165, 'total_amount': 329800}
2026-06-28 23:00:12 [WARNING] [執行檔打卡失敗（非致命）] APIError: [429]: Quota exceeded for quota metric 'Read requests' and limit 'Read requests per minute per user' of service 'sheets.googleapis.com' for consumer 'project_number:1042663213860'.
2026-06-28 23:00:12 [INFO] Step 3 完成，row=2325（25.4s）
2026-06-28 23:00:12 [WARNING] [執行檔打卡失敗（非致命）] APIError: [429]: Quota exceeded for quota metric 'Read requests' and limit 'Read requests per minute per user' of service 'sheets.googleapis.com' for consumer 'project_number:1042663213860'.
2026-06-28 23:00:12 [INFO] === 全部完成 run_id=46e6b37e（25.9s）===
