[config] spreadsheet_id='1nNAXy6rvBnGR8ACnqKKzKNA4-UwZtZp47i806EPmR_8'
2026-06-18 23:43:32 [INFO] 目標試算表 ID 來源：主控試算表系統設定
2026-06-18 23:43:32 [INFO] === 客服排程系統 run_id=e98e243d step=3 台北時間=2026-06-19 07:43:32 ===
2026-06-18 23:43:32 [INFO] file_cache is only supported with oauth2client<4.0.0
2026-06-18 23:43:33 [WARNING] [主控表打卡失敗（非致命）] <HttpError 429 when requesting https://sheets.googleapis.com/v4/spreadsheets/1nNAXy6rvBnGR8ACnqKKzKNA4-UwZtZp47i806EPmR_8/values/%E5%A4%96%E5%A0%B4%E6%8E%92%E7%A8%8B%E5%9F%B7%E8%A1%8CLog%21A1%3AZ1?alt=json returned "Quota exceeded for quota metric 'Read requests' and limit 'Read requests per minute per user' of service 'sheets.googleapis.com' for consumer 'project_number:1042663213860'.". Details: "[{'@type': 'type.googleapis.com/google.rpc.ErrorInfo', 'reason': 'RATE_LIMIT_EXCEEDED', 'domain': 'googleapis.com', 'metadata': {'quota_unit': '1/min/{project}/{user}', 'service': 'sheets.googleapis.com', 'quota_metric': 'sheets.googleapis.com/read_requests', 'quota_location': 'global', 'quota_limit': 'ReadRequestsPerMinutePerUser', 'quota_limit_value': '60', 'consumer': 'projects/1042663213860'}}, {'@type': 'type.googleapis.com/google.rpc.Help', 'links': [{'description': 'Request a higher quota limit.', 'url': 'https://cloud.google.com/docs/quotas/help/request_increase'}]}]">
2026-06-18 23:43:34 [INFO] --- Step3_更新前一天營業分數及營業額 ---
2026-06-18 23:43:53 [INFO]   [mail] text/plain 為空，fallback 到 text/html（5527 字元）
2026-06-18 23:43:58 [INFO]   近三日營業額-台北 → 選中 17:25:04（與17:25差4s）
2026-06-18 23:43:58 [INFO]   [debug] 行94 repr='2026-06-16：112分'
2026-06-18 23:43:58 [INFO]   [debug] 行95 repr='2026-06-17：39分'
2026-06-18 23:43:58 [INFO]   [debug] 行96 repr='2026-06-18：35分'
2026-06-18 23:43:58 [INFO]   [debug] 行97 repr='【家電清潔】日營業額'
2026-06-18 23:43:58 [INFO]   [debug] 行98 repr='2026-06-16：0分'
2026-06-18 23:43:58 [INFO]   [debug] 行99 repr='2026-06-17：0分'
2026-06-18 23:43:58 [INFO]   [debug] 行100 repr='2026-06-18：0分'
2026-06-18 23:43:58 [INFO]   [debug] 行101 repr='【儲值金】日營業額'
2026-06-18 23:44:06 [INFO]   [mail] text/plain 為空，fallback 到 text/html（1073 字元）
2026-06-18 23:44:07 [INFO]   近三日營業額-台中 → 選中 17:25:07（與17:25差7s）
2026-06-18 23:44:07 [INFO]   [debug] 行24 repr='2026-06-16：4分'
2026-06-18 23:44:07 [INFO]   [debug] 行25 repr='2026-06-17：0分'
2026-06-18 23:44:07 [INFO]   [debug] 行26 repr='2026-06-18：9分'
2026-06-18 23:44:07 [INFO]   [debug] 行27 repr='【家電清潔】日營業額'
2026-06-18 23:44:07 [INFO]   [debug] 行28 repr='2026-06-16：0分'
2026-06-18 23:44:07 [INFO]   [debug] 行29 repr='2026-06-17：0分'
2026-06-18 23:44:07 [INFO]   [debug] 行30 repr='2026-06-18：0分'
2026-06-18 23:44:07 [INFO]   [debug] 行31 repr='【儲值金】日營業額'
2026-06-18 23:44:07 [INFO]   台北：{'daily_value': 35, 'total_count': 1328, 'total_amount': 2656000}
2026-06-18 23:44:07 [INFO]   台中：{'daily_value': 9, 'total_count': 148, 'total_amount': 296800}
2026-06-18 23:44:08 [WARNING] [執行檔打卡失敗（非致命）] APIError: [429]: Quota exceeded for quota metric 'Read requests' and limit 'Read requests per minute per user' of service 'sheets.googleapis.com' for consumer 'project_number:1042663213860'.
2026-06-18 23:44:08 [INFO] Step 3 完成，row=2315（33.6s）
2026-06-18 23:44:09 [INFO] === 全部完成 run_id=e98e243d（34.2s）===
