📋 log_spreadsheet_id 已從設定檔載入
📝 外場排程打卡：外場專員個資 / running
Command: /opt/hostedtoolcache/Python/3.11.15/x64/bin/python -u -m tools.field_management.staff_profile --date 20260704 --system-name 外場排程系統 --run-type 排程
[2026-07-04 05:54:42] 開始處理專員個資：20260704專員個資-台北
[2026-07-04 05:54:46] 完成專員個資：20260704專員系統個資-台北.xlsx → 專員個人資料!A4:C / rows=92
[2026-07-04 05:54:48] 開始處理訂單截取：20260704訂單-台北
[2026-07-04 05:54:55] 完成訂單截取：20260704訂單-台北.xls → 專員個人資料!G1:N / rows=598
[2026-07-04 05:54:57] 開始處理專員個資：20260704專員個資-台中
[2026-07-04 05:54:58] 失敗：20260704專員個資-台中 / <HttpError 403 when requesting https://www.googleapis.com/drive/v3/files/10ftFavgh3DMUsfhTLtQKIHhGk2vtGk-l/copy?fields=id%2Cname%2CmimeType&supportsAllDrives=true&alt=json returned "User rate limit exceeded.". Details: "[{'message': 'User rate limit exceeded.', 'domain': 'usageLimits', 'reason': 'userRateLimitExceeded'}]">

Traceback (most recent call last):
  File "<frozen runpy>", line 198, in _run_module_as_main
  File "<frozen runpy>", line 88, in _run_code
  File "/home/runner/work/tool-system/tool-system/tools/field_management/staff_profile.py", line 499, in <module>
    main(
  File "/home/runner/work/tool-system/tool-system/tools/field_management/staff_profile.py", line 485, in main
    run_staff_profile_for_area(cfg, current_area, date_key, run_type)  # ★
    ^^^^^^^^^^^^^^^^^^^^^^^^^^^^^^^^^^^^^^^^^^^^^^^^^^^^^^^^^^^^^^^^^
  File "/home/runner/work/tool-system/tool-system/tools/field_management/staff_profile.py", line 469, in run_staff_profile_for_area
    run_staff_profile_only(cfg, area, date_key, run_type)           # ★
    ^^^^^^^^^^^^^^^^^^^^^^^^^^^^^^^^^^^^^^^^^^^^^^^^^^^^^
  File "/home/runner/work/tool-system/tool-system/tools/field_management/staff_profile.py", line 326, in run_staff_profile_only
    values = read_file_values(drive, sheets, file)
             ^^^^^^^^^^^^^^^^^^^^^^^^^^^^^^^^^^^^^
  File "/home/runner/work/tool-system/tool-system/tools/field_management/staff_profile.py", line 245, in read_file_values
    return read_drive_spreadsheet_values(drive, sheets, file)
           ^^^^^^^^^^^^^^^^^^^^^^^^^^^^^^^^^^^^^^^^^^^^^^^^^^
  File "/home/runner/work/tool-system/tool-system/tools/field_management/google_sheet_reader.py", line 109, in read_drive_spreadsheet_values
    temp_file_id = convert_excel_to_google_sheet(
                   ^^^^^^^^^^^^^^^^^^^^^^^^^^^^^^
  File "/home/runner/work/tool-system/tool-system/tools/field_management/google_sheet_reader.py", line 33, in convert_excel_to_google_sheet
    copied = execute_with_retry(
             ^^^^^^^^^^^^^^^^^^^
  File "/home/runner/work/tool-system/tool-system/tools/field_management/google_sheet_reader.py", line 13, in execute_with_retry
    return request.execute()
           ^^^^^^^^^^^^^^^^^
  File "/opt/hostedtoolcache/Python/3.11.15/x64/lib/python3.11/site-packages/googleapiclient/_helpers.py", line 130, in positional_wrapper
    return wrapped(*args, **kwargs)
           ^^^^^^^^^^^^^^^^^^^^^^^^
  File "/opt/hostedtoolcache/Python/3.11.15/x64/lib/python3.11/site-packages/googleapiclient/http.py", line 938, in execute
    raise HttpError(resp, content, uri=self.uri)
googleapiclient.errors.HttpError: <HttpError 403 when requesting https://www.googleapis.com/drive/v3/files/10ftFavgh3DMUsfhTLtQKIHhGk2vtGk-l/copy?fields=id%2Cname%2CmimeType&supportsAllDrives=true&alt=json returned "User rate limit exceeded.". Details: "[{'message': 'User rate limit exceeded.', 'domain': 'usageLimits', 'reason': 'userRateLimitExceeded'}]">

📝 外場排程打卡：外場專員個資 / failed
Traceback (most recent call last):
  File "<frozen runpy>", line 198, in _run_module_as_main
  File "<frozen runpy>", line 88, in _run_code
  File "/home/runner/work/tool-system/tool-system/tools/field_management/scheduler.py", line 179, in <module>
    main(target=args.target, date_key=args.date, area=args.area or None, system_name=args.system_name)
  File "/home/runner/work/tool-system/tool-system/tools/field_management/scheduler.py", line 158, in main
    results.append(run_job(job_name, date_key, area, system_name))
                   ^^^^^^^^^^^^^^^^^^^^^^^^^^^^^^^^^^^^^^^^^^^^^^
  File "/home/runner/work/tool-system/tool-system/tools/field_management/scheduler.py", line 134, in run_job
    raise RuntimeError(message)
RuntimeError: 外場專員個資 執行失敗，exit=1
STDOUT:
[2026-07-04 05:54:42] 開始處理專員個資：20260704專員個資-台北
[2026-07-04 05:54:46] 完成專員個資：20260704專員系統個資-台北.xlsx → 專員個人資料!A4:C / rows=92
[2026-07-04 05:54:48] 開始處理訂單截取：20260704訂單-台北
[2026-07-04 05:54:55] 完成訂單截取：20260704訂單-台北.xls → 專員個人資料!G1:N / rows=598
[2026-07-04 05:54:57] 開始處理專員個資：20260704專員個資-台中
[2026-07-04 05:54:58] 失敗：20260704專員個資-台中 / <HttpError 403 when requesting https://www.googleapis.com/drive/v3/files/10ftFavgh3DMUsfhTLtQKIHhGk2vtGk-l/copy?fields=id%2Cname%2CmimeType&supportsAllDrives=true&alt=json returned "User rate limit exceeded.". Details: "[{'message': 'User rate limit exceeded.', 'domain': 'usageLimits', 'reason': 'userRateLimitExceeded'}]">

STDERR:
Traceback (most recent call last):
  File "<frozen runpy>", line 198, in _run_module_as_main
  File "<frozen runpy>", line 88, in _run_code
  File "/home/runner/work/tool-system/tool-system/tools/field_management/staff_profile.py", line 499, in <module>
    main(
  File "/home/runner/work/tool-system/tool-system/tools/field_management/staff_profile.py", line 485, in main
    run_staff_profile_for_area(cfg, current_area, date_key, run_type)  # ★
    ^^^^^^^^^^^^^^^^^^^^^^^^^^^^^^^^^^^^^^^^^^^^^^^^^^^^^^^^^^^^^^^^^
  File "/home/runner/work/tool-system/tool-system/tools/field_management/staff_profile.py", line 469, in run_staff_profile_for_area
    run_staff_profile_only(cfg, area, date_key, run_type)           # ★
    ^^^^^^^^^^^^^^^^^^^^^^^^^^^^^^^^^^^^^^^^^^^^^^^^^^^^^
  File "/home/runner/work/tool-system/tool-system/tools/field_management/staff_profile.py", line 326, in run_staff_profile_only
    values = read_file_values(drive, sheets, file)
             ^^^^^^^^^^^^^^^^^^^^^^^^^^^^^^^^^^^^^
  File "/home/runner/work/tool-system/tool-system/tools/field_management/staff_profile.py", line 245, in read_file_values
    return read_drive_spreadsheet_values(drive, sheets, file)
           ^^^^^^^^^^^^^^^^^^^^^^^^^^^^^^^^^^^^^^^^^^^^^^^^^^
  File "/home/runner/work/tool-system/tool-system/tools/field_management/google_sheet_reader.py", line 109, in read_drive_spreadsheet_values
    temp_file_id = convert_excel_to_google_sheet(
                   ^^^^^^^^^^^^^^^^^^^^^^^^^^^^^^
  File "/home/runner/work/tool-system/tool-system/tools/field_management/google_sheet_reader.py", line 33, in convert_excel_to_google_sheet
    copied = execute_with_retry(
             ^^^^^^^^^^^^^^^^^^^
  File "/home/runner/work/tool-system/tool-system/tools/field_management/google_sheet_reader.py", line 13, in execute_with_retry
    return request.execute()
           ^^^^^^^^^^^^^^^^^
  File "/opt/hostedtoolcache/Python/3.11.15/x64/lib/python3.11/site-packages/googleapiclient/_helpers.py", line 130, in positional_wrapper
    return wrapped(*args, **kwargs)
           ^^^^^^^^^^^^^^^^^^^^^^^^
  File "/opt/hostedtoolcache/Python/3.11.15/x64/lib/python3.11/site-packages/googleapiclient/http.py", line 938, in execute
    raise HttpError(resp, content, uri=self.uri)
googleapiclient.errors.HttpError: <HttpError 403 when requesting https://www.googleapis.com/drive/v3/files/10ftFavgh3DMUsfhTLtQKIHhGk2vtGk-l/copy?fields=id%2Cname%2CmimeType&supportsAllDrives=true&alt=json returned "User rate limit exceeded.". Details: "[{'message': 'User rate limit exceeded.', 'domain': 'usageLimits', 'reason': 'userRateLimitExceeded'}]">

