[config] spreadsheet_id='1nNAXy6rvBnGR8ACnqKKzKNA4-UwZtZp47i806EPmR_8'
2026-07-03 22:58:22 [INFO] 目標試算表 ID 來源：主控試算表系統設定
2026-07-03 22:58:22 [INFO] === 客服排程系統 run_id=3a909457 step=1 台北時間=2026-07-04 06:58:20 ===
2026-07-03 22:58:22 [INFO] file_cache is only supported with oauth2client<4.0.0
2026-07-03 22:58:30 [INFO] --- Step1_更新排班統計表 ---
2026-07-03 22:58:32 [INFO] file_cache is only supported with oauth2client<4.0.0
2026-07-03 22:58:33 [INFO] Drive 資料夾找到 40 個檔案
2026-07-03 22:58:33 [INFO]   找到檔案：排班統計表20260804-台中.xlsx_temp_1783115594 (application/vnd.google-apps.spreadsheet)
2026-07-03 22:58:33 [INFO]   找到檔案：排班統計表20260704-台中.xlsx_temp_1783115587 (application/vnd.google-apps.spreadsheet)
2026-07-03 22:58:33 [INFO]   找到檔案：排班統計表20260804-台北.xlsx_temp_1783115582 (application/vnd.google-apps.spreadsheet)
2026-07-03 22:58:33 [INFO]   找到檔案：排班統計表20260704-台北.xlsx_temp_1783115564 (application/vnd.google-apps.spreadsheet)
2026-07-03 22:58:33 [INFO]   找到檔案：排班統計表20260804-台中.xlsx (application/vnd.openxmlformats-officedocument.spreadsheetml.sheet)
2026-07-03 22:58:33 [INFO]   找到檔案：排班統計表20260704-台中.xlsx (application/vnd.openxmlformats-officedocument.spreadsheetml.sheet)
2026-07-03 22:58:33 [INFO]   找到檔案：排班統計表20260804-台北.xlsx (application/vnd.openxmlformats-officedocument.spreadsheetml.sheet)
2026-07-03 22:58:33 [INFO]   找到檔案：排班統計表20260704-台北.xlsx (application/vnd.openxmlformats-officedocument.spreadsheetml.sheet)
2026-07-03 22:58:33 [INFO]   找到檔案：排班統計表20260803-台中 (application/vnd.google-apps.spreadsheet)
2026-07-03 22:58:33 [INFO]   找到檔案：排班統計表20260703-台中 (application/vnd.google-apps.spreadsheet)
2026-07-03 22:58:33 [INFO]   找到檔案：排班統計表20260803-台北 (application/vnd.google-apps.spreadsheet)
2026-07-03 22:58:33 [INFO]   找到檔案：排班統計表20260703-台北 (application/vnd.google-apps.spreadsheet)
2026-07-03 22:58:33 [INFO]   找到檔案：排班統計表20260803-台中.xlsx_temp_1783029371 (application/vnd.google-apps.spreadsheet)
2026-07-03 22:58:33 [INFO]   找到檔案：排班統計表20260703-台中.xlsx_temp_1783029362 (application/vnd.google-apps.spreadsheet)
2026-07-03 22:58:33 [INFO]   找到檔案：排班統計表20260803-台北.xlsx_temp_1783029355 (application/vnd.google-apps.spreadsheet)
2026-07-03 22:58:33 [INFO]   找到檔案：排班統計表20260703-台北.xlsx_temp_1783029337 (application/vnd.google-apps.spreadsheet)
2026-07-03 22:58:33 [INFO]   找到檔案：排班統計表20260803-台中.xlsx (application/vnd.openxmlformats-officedocument.spreadsheetml.sheet)
2026-07-03 22:58:33 [INFO]   找到檔案：排班統計表20260703-台中.xlsx (application/vnd.openxmlformats-officedocument.spreadsheetml.sheet)
2026-07-03 22:58:33 [INFO]   找到檔案：排班統計表20260803-台北.xlsx (application/vnd.openxmlformats-officedocument.spreadsheetml.sheet)
2026-07-03 22:58:33 [INFO]   找到檔案：排班統計表20260703-台北.xlsx (application/vnd.openxmlformats-officedocument.spreadsheetml.sheet)
2026-07-03 22:58:33 [INFO]   找到檔案：排班統計表20260802-台中.xlsx (application/vnd.openxmlformats-officedocument.spreadsheetml.sheet)
2026-07-03 22:58:33 [INFO]   找到檔案：排班統計表20260702-台中.xlsx (application/vnd.openxmlformats-officedocument.spreadsheetml.sheet)
2026-07-03 22:58:33 [INFO]   找到檔案：排班統計表20260802-台北.xlsx (application/vnd.openxmlformats-officedocument.spreadsheetml.sheet)
2026-07-03 22:58:33 [INFO]   找到檔案：排班統計表20260702-台北.xlsx (application/vnd.openxmlformats-officedocument.spreadsheetml.sheet)
2026-07-03 22:58:33 [INFO]   找到檔案：排班統計表20260802-台中 (application/vnd.google-apps.spreadsheet)
2026-07-03 22:58:33 [INFO]   找到檔案：排班統計表20260702-台中 (application/vnd.google-apps.spreadsheet)
2026-07-03 22:58:33 [INFO]   找到檔案：排班統計表20260802-台北 (application/vnd.google-apps.spreadsheet)
2026-07-03 22:58:33 [INFO]   找到檔案：排班統計表20260702-台北 (application/vnd.google-apps.spreadsheet)
2026-07-03 22:58:33 [INFO]   找到檔案：排班統計表20260802-台中.xlsx_temp_1782943857 (application/vnd.google-apps.spreadsheet)
2026-07-03 22:58:33 [INFO]   找到檔案：排班統計表20260702-台中.xlsx_temp_1782943849 (application/vnd.google-apps.spreadsheet)
2026-07-03 22:58:33 [INFO]   找到檔案：排班統計表20260802-台北.xlsx_temp_1782943842 (application/vnd.google-apps.spreadsheet)
2026-07-03 22:58:33 [INFO]   找到檔案：排班統計表20260702-台北.xlsx_temp_1782943823 (application/vnd.google-apps.spreadsheet)
2026-07-03 22:58:33 [INFO]   找到檔案：排班統計表20260801-台中.xlsx_temp_1782857199 (application/vnd.google-apps.spreadsheet)
2026-07-03 22:58:33 [INFO]   找到檔案：排班統計表20260701-台中.xlsx_temp_1782857192 (application/vnd.google-apps.spreadsheet)
2026-07-03 22:58:33 [INFO]   找到檔案：排班統計表20260801-台北.xlsx_temp_1782857183 (application/vnd.google-apps.spreadsheet)
2026-07-03 22:58:33 [INFO]   找到檔案：排班統計表20260701-台北.xlsx_temp_1782857164 (application/vnd.google-apps.spreadsheet)
2026-07-03 22:58:33 [INFO]   找到檔案：排班統計表20260801-台中.xlsx (application/vnd.openxmlformats-officedocument.spreadsheetml.sheet)
2026-07-03 22:58:33 [INFO]   找到檔案：排班統計表20260701-台中.xlsx (application/vnd.openxmlformats-officedocument.spreadsheetml.sheet)
2026-07-03 22:58:33 [INFO]   找到檔案：排班統計表20260801-台北.xlsx (application/vnd.openxmlformats-officedocument.spreadsheetml.sheet)
2026-07-03 22:58:33 [INFO]   找到檔案：排班統計表20260701-台北.xlsx (application/vnd.openxmlformats-officedocument.spreadsheetml.sheet)
2026-07-03 22:58:33 [INFO] 排班檔確認 OK：{'taipei_current': '排班統計表20260704-台北.xlsx', 'taipei_next': '排班統計表20260804-台北.xlsx', 'taichung_current': '排班統計表20260704-台中.xlsx', 'taichung_next': '排班統計表20260804-台中.xlsx'}
2026-07-03 22:58:33 [INFO]   匯入：排班統計表20260704-台北.xlsx
2026-07-03 22:58:33 [INFO]   xlsx → Google Sheets：排班統計表20260704-台北
2026-07-03 22:58:34 [INFO] file_cache is only supported with oauth2client<4.0.0
2026-07-03 22:58:39 [INFO]   轉換完成，新 Google Sheets ID：1ZQAqXgJtBDKwtlmsvlc8tpjr9hiyXJ8-pDXAe1-weyE
2026-07-03 22:58:40 [INFO]   → 寫入 85 列（起始 R3C7）
2026-07-03 22:58:40 [INFO]   匯入：排班統計表20260804-台北.xlsx
2026-07-03 22:58:40 [INFO]   xlsx → Google Sheets：排班統計表20260804-台北
2026-07-03 22:58:40 [INFO] file_cache is only supported with oauth2client<4.0.0
2026-07-03 22:58:44 [INFO]   轉換完成，新 Google Sheets ID：1N_ZoEBv_MYFhXY1ukZQxJe7wFYLrcdQ17gYk8TEVpvs
2026-07-03 22:58:46 [INFO]   → 寫入 38 列（起始 R3C22）
2026-07-03 22:58:46 [INFO]   匯入：排班統計表20260704-台中.xlsx
2026-07-03 22:58:46 [INFO]   xlsx → Google Sheets：排班統計表20260704-台中
2026-07-03 22:58:46 [INFO] file_cache is only supported with oauth2client<4.0.0
2026-07-03 22:58:50 [INFO]   轉換完成，新 Google Sheets ID：1W991q2XXH5kznblspLny-cyxUzR_dcnlgraLmy48vz8
2026-07-03 22:58:51 [INFO]   → 寫入 16 列（起始 R3C82）
2026-07-03 22:58:51 [INFO]   匯入：排班統計表20260804-台中.xlsx
2026-07-03 22:58:51 [INFO]   xlsx → Google Sheets：排班統計表20260804-台中
2026-07-03 22:58:52 [INFO] file_cache is only supported with oauth2client<4.0.0
2026-07-03 22:58:56 [INFO]   轉換完成，新 Google Sheets ID：1WylFVaRcdVstaRaso8VFask7yQ8yXNXxNzvpAp2rYNw
2026-07-03 22:58:58 [INFO]   → 寫入 7 列（起始 R3C97）
2026-07-03 22:58:58 [INFO] Step 1 完成（27.6s）
2026-07-03 22:59:00 [INFO] === 全部完成 run_id=3a909457（28.5s）===
