[2026-05-11 04:24:27] ====================================================
[2026-05-11 04:24:27] schedule_report.py 開始執行
[2026-05-11 04:24:27] GITHUB_ACTIONS = true
[2026-05-11 04:24:27] PWD = /home/runner/work/tool-system/tool-system
[2026-05-11 04:24:27] LOCAL_OUTPUT_DIR = /Users/jenny/Library/CloudStorage/GoogleDrive-jenny@lemonclean.com.tw/.shortcut-targets-by-id/1zbu45AG1adMzz24HPdi_tLfh2Tncw_Br/排班統計表
[2026-05-11 04:24:27] LOCAL_OUTPUT_DIR exists = False
[2026-05-11 04:24:27] can_use_local_output_dir = False
[2026-05-11 04:24:27] root folder_id = 0AK9RcXu_35GZUk9PVA
[2026-05-11 04:24:27] ====================================================
[2026-05-11 04:24:27] Google Drive 初始化成功
[2026-05-11 04:24:27] 📁 使用既有資料夾：排班統計表
[2026-05-11 04:24:27] this_month = 2026-05
[2026-05-11 04:24:27] next_month = 2026-06
[2026-05-11 04:24:27] today_stamp = 20260511
[2026-05-11 04:24:27] next_month_stamp = 20260611
[2026-05-11 04:24:27] 排班統計表 folder_id = 1V0IjoJqHlnkGb3Oq70Cil63pQ9j8r2Xv
[2026-05-11 04:24:27] 帳號數量 = 2
[2026-05-11 04:24:27] 
[2026-05-11 04:24:27] === 開始處理 台北 ===
[2026-05-11 04:24:27] 開始登入：jenny@lemonclean.com.tw
[2026-05-11 04:24:29] 登入成功：jenny@lemonclean.com.tw
[2026-05-11 04:24:29] 開始下載：month=2026-05 / filename=排班統計表20260511-台北.xlsx
[2026-05-11 04:24:30] ✅ 已下載到暫存：/tmp/tmpaewmf4gq/排班統計表20260511-台北.xlsx
[2026-05-11 04:24:30] 📦 檔案大小：17408 bytes
[2026-05-11 04:24:30] 📂 暫存目錄存在：True
[2026-05-11 04:24:30] 📄 暫存檔案存在：True
[2026-05-11 04:24:30] 目前不是 Jenny 本機環境，略過本機存檔
[2026-05-11 04:24:30] Google Drive 初始化成功
[2026-05-11 04:24:30] 準備上傳到 Google Drive：排班統計表20260511-台北.xlsx
[2026-05-11 04:24:32] ☁️ 已上傳到 Google Drive：排班統計表20260511-台北.xlsx (file_id=1ateowazyAzk_XW13nu0j_gRuAsGtDmdd)
[2026-05-11 04:24:32] ✅ 完成處理：排班統計表20260511-台北.xlsx
[2026-05-11 04:24:32] 開始下載：month=2026-06 / filename=排班統計表20260611-台北.xlsx
[2026-05-11 04:24:32] ✅ 已下載到暫存：/tmp/tmpsssq5m9d/排班統計表20260611-台北.xlsx
[2026-05-11 04:24:32] 📦 檔案大小：11264 bytes
[2026-05-11 04:24:32] 📂 暫存目錄存在：True
[2026-05-11 04:24:32] 📄 暫存檔案存在：True
[2026-05-11 04:24:32] 目前不是 Jenny 本機環境，略過本機存檔
[2026-05-11 04:24:32] Google Drive 初始化成功
[2026-05-11 04:24:32] 準備上傳到 Google Drive：排班統計表20260611-台北.xlsx
[2026-05-11 04:24:34] ☁️ 已上傳到 Google Drive：排班統計表20260611-台北.xlsx (file_id=11vCrg45iBK-_LM4xUE0XBKsgxQ7Wb0Qp)
[2026-05-11 04:24:34] ✅ 完成處理：排班統計表20260611-台北.xlsx
[2026-05-11 04:24:34] ✅ 台北 全部完成
[2026-05-11 04:24:34] 
[2026-05-11 04:24:34] === 開始處理 台中 ===
[2026-05-11 04:24:34] 開始登入：jenny.tc@lemonclean.com.tw
[2026-05-11 04:24:35] 登入成功：jenny.tc@lemonclean.com.tw
[2026-05-11 04:24:35] 開始下載：month=2026-05 / filename=排班統計表20260511-台中.xlsx
[2026-05-11 04:24:36] ✅ 已下載到暫存：/tmp/tmpd8roqnzm/排班統計表20260511-台中.xlsx
[2026-05-11 04:24:36] 📦 檔案大小：7168 bytes
[2026-05-11 04:24:36] 📂 暫存目錄存在：True
[2026-05-11 04:24:36] 📄 暫存檔案存在：True
[2026-05-11 04:24:36] 目前不是 Jenny 本機環境，略過本機存檔
[2026-05-11 04:24:36] Google Drive 初始化成功
[2026-05-11 04:24:36] 準備上傳到 Google Drive：排班統計表20260511-台中.xlsx
[2026-05-11 04:24:38] ☁️ 已上傳到 Google Drive：排班統計表20260511-台中.xlsx (file_id=1880zcwb3YYsrfT8PRa1j3Riy8rR0XsNA)
[2026-05-11 04:24:38] ✅ 完成處理：排班統計表20260511-台中.xlsx
[2026-05-11 04:24:38] 開始下載：month=2026-06 / filename=排班統計表20260611-台中.xlsx
[2026-05-11 04:24:38] ✅ 已下載到暫存：/tmp/tmpg3s0du_9/排班統計表20260611-台中.xlsx
[2026-05-11 04:24:38] 📦 檔案大小：5632 bytes
[2026-05-11 04:24:38] 📂 暫存目錄存在：True
[2026-05-11 04:24:38] 📄 暫存檔案存在：True
[2026-05-11 04:24:38] 目前不是 Jenny 本機環境，略過本機存檔
[2026-05-11 04:24:38] Google Drive 初始化成功
[2026-05-11 04:24:38] 準備上傳到 Google Drive：排班統計表20260611-台中.xlsx
[2026-05-11 04:24:40] ☁️ 已上傳到 Google Drive：排班統計表20260611-台中.xlsx (file_id=1SKvVnCnWCo125xSQy6PNbOPyAuKNWVCC)
[2026-05-11 04:24:40] ✅ 完成處理：排班統計表20260611-台中.xlsx
[2026-05-11 04:24:40] ✅ 台中 全部完成
[2026-05-11 04:24:40] 🎉 schedule_report.py 全部完成
