[2026-05-11 12:55:26] ====================================================
[2026-05-11 12:55:26] staff_info.py 開始執行
[2026-05-11 12:55:26] GITHUB_ACTIONS = true
[2026-05-11 12:55:26] PWD = /home/runner/work/tool-system/tool-system
[2026-05-11 12:55:26] LOCAL_OUTPUT_DIR = /Users/jenny/Library/CloudStorage/GoogleDrive-jenny@lemonclean.com.tw/我的雲端硬碟/lemon_Jenny/Jenny@lemon程式/專員個資
[2026-05-11 12:55:26] LOCAL_OUTPUT_DIR exists = False
[2026-05-11 12:55:26] can_use_local_output_dir = False
[2026-05-11 12:55:26] root folder_id = 0AK9RcXu_35GZUk9PVA
[2026-05-11 12:55:26] ====================================================
[2026-05-11 12:55:26] Google Drive 初始化成功
[2026-05-11 12:55:26] 📁 使用既有資料夾：專員個資
[2026-05-11 12:55:26] today_stamp = 20260511
[2026-05-11 12:55:26] 專員個資 folder_id = 199wJef-ISEP5bsSWaSseCAHynoVRE26e
[2026-05-11 12:55:26] 帳號數量 = 2
[2026-05-11 12:55:26] 
[2026-05-11 12:55:26] === 開始處理 台北 ===
[2026-05-11 12:55:26] 開始登入：jenny@lemonclean.com.tw
[2026-05-11 12:55:27] 登入成功：jenny@lemonclean.com.tw
[2026-05-11 12:55:27] 開始下載：city=台北 / filename=20260511專員個資-台北.xlsx
[2026-05-11 12:55:31] ✅ 已下載到暫存：/tmp/tmpxtboovc9/20260511專員個資-台北.xlsx
[2026-05-11 12:55:31] 📦 檔案大小：219648 bytes
[2026-05-11 12:55:31] 📂 暫存目錄存在：True
[2026-05-11 12:55:31] 📄 暫存檔案存在：True
[2026-05-11 12:55:31] 目前不是 Jenny 本機環境，略過本機存檔
[2026-05-11 12:55:31] Google Drive 初始化成功
[2026-05-11 12:55:31] 準備上傳到 Google Drive：20260511專員個資-台北.xlsx
[2026-05-11 12:55:33] ☁️ 已上傳：20260511專員個資-台北.xlsx (file_id=1mrPLZcLqaCG1Avo3iRKzW5CniNyZwH3N)
[2026-05-11 12:55:33] ✅ 完成處理：20260511專員個資-台北.xlsx
[2026-05-11 12:55:33] ✅ 台北 全部完成
[2026-05-11 12:55:33] 
[2026-05-11 12:55:33] === 開始處理 台中 ===
[2026-05-11 12:55:33] 開始登入：jenny.tc@lemonclean.com.tw
[2026-05-11 12:55:34] 登入成功：jenny.tc@lemonclean.com.tw
[2026-05-11 12:55:34] 開始下載：city=台中 / filename=20260511專員個資-台中.xlsx
[2026-05-11 12:55:34] ✅ 已下載到暫存：/tmp/tmp0ipx6xxd/20260511專員個資-台中.xlsx
[2026-05-11 12:55:34] 📦 檔案大小：58880 bytes
[2026-05-11 12:55:34] 📂 暫存目錄存在：True
[2026-05-11 12:55:34] 📄 暫存檔案存在：True
[2026-05-11 12:55:34] 目前不是 Jenny 本機環境，略過本機存檔
[2026-05-11 12:55:34] Google Drive 初始化成功
[2026-05-11 12:55:34] 準備上傳到 Google Drive：20260511專員個資-台中.xlsx
[2026-05-11 12:55:36] ☁️ 已上傳：20260511專員個資-台中.xlsx (file_id=1je_pJDJ8so2OyG7PvVKPk7J2sIcoVwdt)
[2026-05-11 12:55:36] ✅ 完成處理：20260511專員個資-台中.xlsx
[2026-05-11 12:55:36] ✅ 台中 全部完成
[2026-05-11 12:55:36] 🎉 staff_info.py 全部完成
