[2026-05-11 04:24:40] ====================================================
[2026-05-11 04:24:40] staff_schedule.py 開始執行
[2026-05-11 04:24:40] GITHUB_ACTIONS = true
[2026-05-11 04:24:40] PWD = /home/runner/work/tool-system/tool-system
[2026-05-11 04:24:40] LOCAL_OUTPUT_DIR = /Users/jenny/Library/CloudStorage/GoogleDrive-jenny@lemonclean.com.tw/我的雲端硬碟/lemon_Jenny/Jenny@lemon程式/專員班表
[2026-05-11 04:24:40] LOCAL_OUTPUT_DIR exists = False
[2026-05-11 04:24:40] can_use_local_output_dir = False
[2026-05-11 04:24:40] root folder_id = 0AK9RcXu_35GZUk9PVA
[2026-05-11 04:24:40] ====================================================
[2026-05-11 04:24:40] Google Drive 初始化成功
[2026-05-11 04:24:41] 📁 使用既有資料夾：專員班表
[2026-05-11 04:24:41] this_month = 2026-05
[2026-05-11 04:24:41] next_month = 2026-06
[2026-05-11 04:24:41] this_date = 20260511
[2026-05-11 04:24:41] next_date = 20260611
[2026-05-11 04:24:41] 專員班表 folder_id = 10__ajnbpu2oabAVUG_u3RAHK2a2vcgj2
[2026-05-11 04:24:41] 帳號數量 = 2
[2026-05-11 04:24:41] 
[2026-05-11 04:24:41] === 開始處理 台北 ===
[2026-05-11 04:24:41] 開始登入：jenny@lemonclean.com.tw
[2026-05-11 04:24:42] 登入成功：jenny@lemonclean.com.tw
[2026-05-11 04:24:42] 開始下載：city=台北 / month=2026-05 / filename=20260511專員班表-台北.xls
[2026-05-11 04:24:47] ✅ 已下載到暫存：/tmp/tmp9j9nsytd/20260511專員班表-台北.xls
[2026-05-11 04:24:47] 📦 檔案大小：136192 bytes
[2026-05-11 04:24:47] 📂 暫存目錄存在：True
[2026-05-11 04:24:47] 📄 暫存檔案存在：True
[2026-05-11 04:24:47] 目前不是 Jenny 本機環境，略過本機存檔
[2026-05-11 04:24:47] Google Drive 初始化成功
[2026-05-11 04:24:47] 準備上傳到 Google Drive：20260511專員班表-台北.xls
[2026-05-11 04:24:49] ☁️ 已上傳：20260511專員班表-台北.xls (file_id=1JrQWopfS-iMnZAQJ6GQlhJUU9Rry7T5n)
[2026-05-11 04:24:49] ✅ 完成處理：20260511專員班表-台北.xls
[2026-05-11 04:24:49] 開始下載：city=台北 / month=2026-06 / filename=20260611專員班表-台北.xls
[2026-05-11 04:24:53] ✅ 已下載到暫存：/tmp/tmp6n5ywmze/20260611專員班表-台北.xls
[2026-05-11 04:24:53] 📦 檔案大小：74240 bytes
[2026-05-11 04:24:53] 📂 暫存目錄存在：True
[2026-05-11 04:24:53] 📄 暫存檔案存在：True
[2026-05-11 04:24:53] 目前不是 Jenny 本機環境，略過本機存檔
[2026-05-11 04:24:53] Google Drive 初始化成功
[2026-05-11 04:24:53] 準備上傳到 Google Drive：20260611專員班表-台北.xls
[2026-05-11 04:24:54] ☁️ 已上傳：20260611專員班表-台北.xls (file_id=1kwwQkD2HAsz_SWouW_OaBMAmFJDcgS47)
[2026-05-11 04:24:54] ✅ 完成處理：20260611專員班表-台北.xls
[2026-05-11 04:24:54] ✅ 台北 全部完成
[2026-05-11 04:24:54] 
[2026-05-11 04:24:54] === 開始處理 台中 ===
[2026-05-11 04:24:54] 開始登入：jenny.tc@lemonclean.com.tw
[2026-05-11 04:24:56] 登入成功：jenny.tc@lemonclean.com.tw
[2026-05-11 04:24:56] 開始下載：city=台中 / month=2026-05 / filename=20260511專員班表-台中.xls
[2026-05-11 04:24:57] ✅ 已下載到暫存：/tmp/tmp1m2eztoa/20260511專員班表-台中.xls
[2026-05-11 04:24:57] 📦 檔案大小：19968 bytes
[2026-05-11 04:24:57] 📂 暫存目錄存在：True
[2026-05-11 04:24:57] 📄 暫存檔案存在：True
[2026-05-11 04:24:57] 目前不是 Jenny 本機環境，略過本機存檔
[2026-05-11 04:24:57] Google Drive 初始化成功
[2026-05-11 04:24:57] 準備上傳到 Google Drive：20260511專員班表-台中.xls
[2026-05-11 04:24:58] ☁️ 已上傳：20260511專員班表-台中.xls (file_id=1lYBjtWdv5mMBPaSbAVR_aahdkvLq_VjD)
[2026-05-11 04:24:58] ✅ 完成處理：20260511專員班表-台中.xls
[2026-05-11 04:24:58] 開始下載：city=台中 / month=2026-06 / filename=20260611專員班表-台中.xls
[2026-05-11 04:24:59] ✅ 已下載到暫存：/tmp/tmp5dxiyuwa/20260611專員班表-台中.xls
[2026-05-11 04:24:59] 📦 檔案大小：17920 bytes
[2026-05-11 04:24:59] 📂 暫存目錄存在：True
[2026-05-11 04:24:59] 📄 暫存檔案存在：True
[2026-05-11 04:24:59] 目前不是 Jenny 本機環境，略過本機存檔
[2026-05-11 04:24:59] Google Drive 初始化成功
[2026-05-11 04:24:59] 準備上傳到 Google Drive：20260611專員班表-台中.xls
[2026-05-11 04:25:01] ☁️ 已上傳：20260611專員班表-台中.xls (file_id=1heQmcMJIYDa-09KsioJ_9dA1z6JjjKsA)
[2026-05-11 04:25:01] ✅ 完成處理：20260611專員班表-台中.xls
[2026-05-11 04:25:01] ✅ 台中 全部完成
[2026-05-11 04:25:01] 🎉 staff_schedule.py 全部完成
