[config] spreadsheet_id='1nNAXy6rvBnGR8ACnqKKzKNA4-UwZtZp47i806EPmR_8'
2026-07-07 22:57:26 [INFO] 目標試算表 ID 來源：主控試算表系統設定
2026-07-07 22:57:26 [INFO] === 客服排程系統 run_id=cdb89359 step=1 台北時間=2026-07-08 06:57:24 ===
2026-07-07 22:57:26 [INFO] file_cache is only supported with oauth2client<4.0.0
2026-07-07 22:57:34 [INFO] --- Step1_更新排班統計表 ---
2026-07-07 22:57:35 [INFO] file_cache is only supported with oauth2client<4.0.0
2026-07-07 22:57:35 [INFO] Drive 資料夾找到 88 個檔案
2026-07-07 22:57:35 [INFO]   找到檔案：排班統計表20260808-台中.xlsx_temp_1783461796 (application/vnd.google-apps.spreadsheet)
2026-07-07 22:57:35 [INFO]   找到檔案：排班統計表20260708-台中.xlsx_temp_1783461788 (application/vnd.google-apps.spreadsheet)
2026-07-07 22:57:35 [INFO]   找到檔案：排班統計表20260808-台北.xlsx_temp_1783461780 (application/vnd.google-apps.spreadsheet)
2026-07-07 22:57:35 [INFO]   找到檔案：排班統計表20260708-台北.xlsx_temp_1783461761 (application/vnd.google-apps.spreadsheet)
2026-07-07 22:57:35 [INFO]   找到檔案：排班統計表20260808-台中.xlsx (application/vnd.openxmlformats-officedocument.spreadsheetml.sheet)
2026-07-07 22:57:35 [INFO]   找到檔案：排班統計表20260708-台中.xlsx (application/vnd.openxmlformats-officedocument.spreadsheetml.sheet)
2026-07-07 22:57:35 [INFO]   找到檔案：排班統計表20260808-台北.xlsx (application/vnd.openxmlformats-officedocument.spreadsheetml.sheet)
2026-07-07 22:57:35 [INFO]   找到檔案：排班統計表20260708-台北.xlsx (application/vnd.openxmlformats-officedocument.spreadsheetml.sheet)
2026-07-07 22:57:35 [INFO]   找到檔案：排班統計表20260807-台中 (application/vnd.google-apps.spreadsheet)
2026-07-07 22:57:35 [INFO]   找到檔案：排班統計表20260707-台中 (application/vnd.google-apps.spreadsheet)
2026-07-07 22:57:35 [INFO]   找到檔案：排班統計表20260807-台北 (application/vnd.google-apps.spreadsheet)
2026-07-07 22:57:35 [INFO]   找到檔案：排班統計表20260707-台北 (application/vnd.google-apps.spreadsheet)
2026-07-07 22:57:35 [INFO]   找到檔案：排班統計表20260807-台中.xlsx_temp_1783375508 (application/vnd.google-apps.spreadsheet)
2026-07-07 22:57:35 [INFO]   找到檔案：排班統計表20260707-台中.xlsx_temp_1783375499 (application/vnd.google-apps.spreadsheet)
2026-07-07 22:57:35 [INFO]   找到檔案：排班統計表20260807-台北.xlsx_temp_1783375490 (application/vnd.google-apps.spreadsheet)
2026-07-07 22:57:35 [INFO]   找到檔案：排班統計表20260707-台北.xlsx_temp_1783375480 (application/vnd.google-apps.spreadsheet)
2026-07-07 22:57:35 [INFO]   找到檔案：排班統計表20260807-台中.xlsx (application/vnd.openxmlformats-officedocument.spreadsheetml.sheet)
2026-07-07 22:57:35 [INFO]   找到檔案：排班統計表20260707-台中.xlsx (application/vnd.openxmlformats-officedocument.spreadsheetml.sheet)
2026-07-07 22:57:35 [INFO]   找到檔案：排班統計表20260807-台北.xlsx (application/vnd.openxmlformats-officedocument.spreadsheetml.sheet)
2026-07-07 22:57:35 [INFO]   找到檔案：排班統計表20260707-台北.xlsx (application/vnd.openxmlformats-officedocument.spreadsheetml.sheet)
2026-07-07 22:57:35 [INFO]   找到檔案：排班統計表20260806-台中 (application/vnd.google-apps.spreadsheet)
2026-07-07 22:57:35 [INFO]   找到檔案：排班統計表20260706-台中 (application/vnd.google-apps.spreadsheet)
2026-07-07 22:57:35 [INFO]   找到檔案：排班統計表20260806-台北 (application/vnd.google-apps.spreadsheet)
2026-07-07 22:57:35 [INFO]   找到檔案：排班統計表20260706-台北 (application/vnd.google-apps.spreadsheet)
2026-07-07 22:57:35 [INFO]   找到檔案：排班統計表20260806-台中.xlsx_temp_1783288007 (application/vnd.google-apps.spreadsheet)
2026-07-07 22:57:35 [INFO]   找到檔案：排班統計表20260706-台中.xlsx_temp_1783287999 (application/vnd.google-apps.spreadsheet)
2026-07-07 22:57:35 [INFO]   找到檔案：排班統計表20260806-台北.xlsx_temp_1783287991 (application/vnd.google-apps.spreadsheet)
2026-07-07 22:57:35 [INFO]   找到檔案：排班統計表20260706-台北.xlsx_temp_1783287972 (application/vnd.google-apps.spreadsheet)
2026-07-07 22:57:35 [INFO]   找到檔案：排班統計表20260806-台中.xlsx (application/vnd.openxmlformats-officedocument.spreadsheetml.sheet)
2026-07-07 22:57:35 [INFO]   找到檔案：排班統計表20260706-台中.xlsx (application/vnd.openxmlformats-officedocument.spreadsheetml.sheet)
2026-07-07 22:57:35 [INFO]   找到檔案：排班統計表20260806-台北.xlsx (application/vnd.openxmlformats-officedocument.spreadsheetml.sheet)
2026-07-07 22:57:35 [INFO]   找到檔案：排班統計表20260706-台北.xlsx (application/vnd.openxmlformats-officedocument.spreadsheetml.sheet)
2026-07-07 22:57:35 [INFO]   找到檔案：排班統計表20260805-台中 (application/vnd.google-apps.spreadsheet)
2026-07-07 22:57:35 [INFO]   找到檔案：排班統計表20260705-台中 (application/vnd.google-apps.spreadsheet)
2026-07-07 22:57:35 [INFO]   找到檔案：排班統計表20260805-台北 (application/vnd.google-apps.spreadsheet)
2026-07-07 22:57:35 [INFO]   找到檔案：排班統計表20260705-台北 (application/vnd.google-apps.spreadsheet)
2026-07-07 22:57:35 [INFO]   找到檔案：排班統計表20260805-台中.xlsx_temp_1783201482 (application/vnd.google-apps.spreadsheet)
2026-07-07 22:57:35 [INFO]   找到檔案：排班統計表20260705-台中.xlsx_temp_1783201464 (application/vnd.google-apps.spreadsheet)
2026-07-07 22:57:35 [INFO]   找到檔案：排班統計表20260805-台北.xlsx_temp_1783201456 (application/vnd.google-apps.spreadsheet)
2026-07-07 22:57:35 [INFO]   找到檔案：排班統計表20260705-台北.xlsx_temp_1783201446 (application/vnd.google-apps.spreadsheet)
2026-07-07 22:57:35 [INFO]   找到檔案：排班統計表20260805-台中.xlsx (application/vnd.openxmlformats-officedocument.spreadsheetml.sheet)
2026-07-07 22:57:35 [INFO]   找到檔案：排班統計表20260705-台中.xlsx (application/vnd.openxmlformats-officedocument.spreadsheetml.sheet)
2026-07-07 22:57:35 [INFO]   找到檔案：排班統計表20260805-台北.xlsx (application/vnd.openxmlformats-officedocument.spreadsheetml.sheet)
2026-07-07 22:57:35 [INFO]   找到檔案：排班統計表20260705-台北.xlsx (application/vnd.openxmlformats-officedocument.spreadsheetml.sheet)
2026-07-07 22:57:35 [INFO]   找到檔案：排班統計表20260804-台中 (application/vnd.google-apps.spreadsheet)
2026-07-07 22:57:35 [INFO]   找到檔案：排班統計表20260704-台中 (application/vnd.google-apps.spreadsheet)
2026-07-07 22:57:35 [INFO]   找到檔案：排班統計表20260804-台北 (application/vnd.google-apps.spreadsheet)
2026-07-07 22:57:35 [INFO]   找到檔案：排班統計表20260704-台北 (application/vnd.google-apps.spreadsheet)
2026-07-07 22:57:35 [INFO]   找到檔案：排班統計表20260804-台中.xlsx_temp_1783115594 (application/vnd.google-apps.spreadsheet)
2026-07-07 22:57:35 [INFO]   找到檔案：排班統計表20260704-台中.xlsx_temp_1783115587 (application/vnd.google-apps.spreadsheet)
2026-07-07 22:57:35 [INFO]   找到檔案：排班統計表20260804-台北.xlsx_temp_1783115582 (application/vnd.google-apps.spreadsheet)
2026-07-07 22:57:35 [INFO]   找到檔案：排班統計表20260704-台北.xlsx_temp_1783115564 (application/vnd.google-apps.spreadsheet)
2026-07-07 22:57:35 [INFO]   找到檔案：排班統計表20260804-台中.xlsx (application/vnd.openxmlformats-officedocument.spreadsheetml.sheet)
2026-07-07 22:57:35 [INFO]   找到檔案：排班統計表20260704-台中.xlsx (application/vnd.openxmlformats-officedocument.spreadsheetml.sheet)
2026-07-07 22:57:35 [INFO]   找到檔案：排班統計表20260804-台北.xlsx (application/vnd.openxmlformats-officedocument.spreadsheetml.sheet)
2026-07-07 22:57:35 [INFO]   找到檔案：排班統計表20260704-台北.xlsx (application/vnd.openxmlformats-officedocument.spreadsheetml.sheet)
2026-07-07 22:57:35 [INFO]   找到檔案：排班統計表20260803-台中 (application/vnd.google-apps.spreadsheet)
2026-07-07 22:57:35 [INFO]   找到檔案：排班統計表20260703-台中 (application/vnd.google-apps.spreadsheet)
2026-07-07 22:57:35 [INFO]   找到檔案：排班統計表20260803-台北 (application/vnd.google-apps.spreadsheet)
2026-07-07 22:57:35 [INFO]   找到檔案：排班統計表20260703-台北 (application/vnd.google-apps.spreadsheet)
2026-07-07 22:57:35 [INFO]   找到檔案：排班統計表20260803-台中.xlsx_temp_1783029371 (application/vnd.google-apps.spreadsheet)
2026-07-07 22:57:35 [INFO]   找到檔案：排班統計表20260703-台中.xlsx_temp_1783029362 (application/vnd.google-apps.spreadsheet)
2026-07-07 22:57:35 [INFO]   找到檔案：排班統計表20260803-台北.xlsx_temp_1783029355 (application/vnd.google-apps.spreadsheet)
2026-07-07 22:57:35 [INFO]   找到檔案：排班統計表20260703-台北.xlsx_temp_1783029337 (application/vnd.google-apps.spreadsheet)
2026-07-07 22:57:35 [INFO]   找到檔案：排班統計表20260803-台中.xlsx (application/vnd.openxmlformats-officedocument.spreadsheetml.sheet)
2026-07-07 22:57:35 [INFO]   找到檔案：排班統計表20260703-台中.xlsx (application/vnd.openxmlformats-officedocument.spreadsheetml.sheet)
2026-07-07 22:57:35 [INFO]   找到檔案：排班統計表20260803-台北.xlsx (application/vnd.openxmlformats-officedocument.spreadsheetml.sheet)
2026-07-07 22:57:35 [INFO]   找到檔案：排班統計表20260703-台北.xlsx (application/vnd.openxmlformats-officedocument.spreadsheetml.sheet)
2026-07-07 22:57:35 [INFO]   找到檔案：排班統計表20260802-台中.xlsx (application/vnd.openxmlformats-officedocument.spreadsheetml.sheet)
2026-07-07 22:57:35 [INFO]   找到檔案：排班統計表20260702-台中.xlsx (application/vnd.openxmlformats-officedocument.spreadsheetml.sheet)
2026-07-07 22:57:35 [INFO]   找到檔案：排班統計表20260802-台北.xlsx (application/vnd.openxmlformats-officedocument.spreadsheetml.sheet)
2026-07-07 22:57:35 [INFO]   找到檔案：排班統計表20260702-台北.xlsx (application/vnd.openxmlformats-officedocument.spreadsheetml.sheet)
2026-07-07 22:57:35 [INFO]   找到檔案：排班統計表20260802-台中 (application/vnd.google-apps.spreadsheet)
2026-07-07 22:57:35 [INFO]   找到檔案：排班統計表20260702-台中 (application/vnd.google-apps.spreadsheet)
2026-07-07 22:57:35 [INFO]   找到檔案：排班統計表20260802-台北 (application/vnd.google-apps.spreadsheet)
2026-07-07 22:57:35 [INFO]   找到檔案：排班統計表20260702-台北 (application/vnd.google-apps.spreadsheet)
2026-07-07 22:57:35 [INFO]   找到檔案：排班統計表20260802-台中.xlsx_temp_1782943857 (application/vnd.google-apps.spreadsheet)
2026-07-07 22:57:35 [INFO]   找到檔案：排班統計表20260702-台中.xlsx_temp_1782943849 (application/vnd.google-apps.spreadsheet)
2026-07-07 22:57:35 [INFO]   找到檔案：排班統計表20260802-台北.xlsx_temp_1782943842 (application/vnd.google-apps.spreadsheet)
2026-07-07 22:57:35 [INFO]   找到檔案：排班統計表20260702-台北.xlsx_temp_1782943823 (application/vnd.google-apps.spreadsheet)
2026-07-07 22:57:35 [INFO]   找到檔案：排班統計表20260801-台中.xlsx_temp_1782857199 (application/vnd.google-apps.spreadsheet)
2026-07-07 22:57:35 [INFO]   找到檔案：排班統計表20260701-台中.xlsx_temp_1782857192 (application/vnd.google-apps.spreadsheet)
2026-07-07 22:57:35 [INFO]   找到檔案：排班統計表20260801-台北.xlsx_temp_1782857183 (application/vnd.google-apps.spreadsheet)
2026-07-07 22:57:35 [INFO]   找到檔案：排班統計表20260701-台北.xlsx_temp_1782857164 (application/vnd.google-apps.spreadsheet)
2026-07-07 22:57:35 [INFO]   找到檔案：排班統計表20260801-台中.xlsx (application/vnd.openxmlformats-officedocument.spreadsheetml.sheet)
2026-07-07 22:57:35 [INFO]   找到檔案：排班統計表20260701-台中.xlsx (application/vnd.openxmlformats-officedocument.spreadsheetml.sheet)
2026-07-07 22:57:35 [INFO]   找到檔案：排班統計表20260801-台北.xlsx (application/vnd.openxmlformats-officedocument.spreadsheetml.sheet)
2026-07-07 22:57:35 [INFO]   找到檔案：排班統計表20260701-台北.xlsx (application/vnd.openxmlformats-officedocument.spreadsheetml.sheet)
2026-07-07 22:57:35 [INFO] 排班檔確認 OK：{'taipei_current': '排班統計表20260708-台北.xlsx', 'taipei_next': '排班統計表20260808-台北.xlsx', 'taichung_current': '排班統計表20260708-台中.xlsx', 'taichung_next': '排班統計表20260808-台中.xlsx'}
2026-07-07 22:57:36 [INFO]   匯入：排班統計表20260708-台北.xlsx
2026-07-07 22:57:36 [INFO]   xlsx → Google Sheets：排班統計表20260708-台北
2026-07-07 22:57:36 [INFO] file_cache is only supported with oauth2client<4.0.0
2026-07-07 22:57:41 [INFO]   轉換完成，新 Google Sheets ID：1Xwnzce6DhnoV5KUagNjD4K3zWIW5tsAx1ag1lzNKrZs
2026-07-07 22:57:42 [INFO]   → 寫入 87 列（起始 R3C7）
2026-07-07 22:57:42 [INFO]   匯入：排班統計表20260808-台北.xlsx
2026-07-07 22:57:42 [INFO]   xlsx → Google Sheets：排班統計表20260808-台北
2026-07-07 22:57:43 [INFO] file_cache is only supported with oauth2client<4.0.0
2026-07-07 22:57:47 [INFO]   轉換完成，新 Google Sheets ID：1pN5Lni4RD3mP90fkQRAgc9zx6yASX_brfw6qrmgG7Eg
2026-07-07 22:57:49 [INFO]   → 寫入 52 列（起始 R3C22）
2026-07-07 22:57:49 [INFO]   匯入：排班統計表20260708-台中.xlsx
2026-07-07 22:57:49 [INFO]   xlsx → Google Sheets：排班統計表20260708-台中
2026-07-07 22:57:49 [INFO] file_cache is only supported with oauth2client<4.0.0
2026-07-07 22:57:54 [INFO]   轉換完成，新 Google Sheets ID：1Qumj0JHANRRpuuG9OeFDTnED8X8wY8Q9hMPK27l1FAk
2026-07-07 22:57:55 [INFO]   → 寫入 17 列（起始 R3C82）
2026-07-07 22:57:55 [INFO]   匯入：排班統計表20260808-台中.xlsx
2026-07-07 22:57:55 [INFO]   xlsx → Google Sheets：排班統計表20260808-台中
2026-07-07 22:57:55 [INFO] file_cache is only supported with oauth2client<4.0.0
2026-07-07 22:57:59 [INFO]   轉換完成，新 Google Sheets ID：1qD-tT9UId8NuZboU61u0Hp81huewGPZPDgCw2LIiAPM
2026-07-07 22:58:01 [INFO]   → 寫入 8 列（起始 R3C97）
2026-07-07 22:58:02 [INFO] Step 1 完成（26.8s）
2026-07-07 22:58:02 [INFO] === 全部完成 run_id=cdb89359（27.7s）===
